T1AF0 489:157 SEGGER J-Link V4.98e Log File (0000ms, 5385ms total)
T1AF0 489:157 DLL Compiled: May  5 2015 11:00:52 (0000ms, 5385ms total)
T1AF0 489:157 Logging started @ 2016-05-11 18:14 (0000ms, 5385ms total)
T1AF0 489:166 JLINK_ExecCommand("Device = AT91SAM4SD32C", ...)Device "ATSAM4SD32C" selected.  returns 0x00 (0000ms, 5385ms total)
T1AF0 489:192 JLINK_ExecCommand("ProjectFile = T:\1101298-6\Entregas\13 - LCD\ILI93XX_EXAMPLE1\ILI93XX_EXAMPLE1\jlink.config", ...)  returns 0x00 (0000ms, 5385ms total)
T1AF0 489:203 JLINK_ExecCommand("Device = AT91SAM4SD32C", ...)Device "ATSAM4SD32C" selected.  returns 0x00 (0000ms, 5385ms total)
T1AF0 489:203 JLINK_TIF_Select(JLINKARM_TIF_JTAG)  returns 0x00 (0006ms, 5391ms total)
T1AF0 489:209 JLINK_GetIdData(...) >0x2F8 JTAG>TotalIRLen = 4, IRPrint = 0x01 >0x30 JTAG> >0x210 JTAG> >0x70 JTAG> >0x40 JTAG> >0x40 JTAG> >0x40 JTAG> >0x48 JTAG> >0x78 JTAG> >0x40 JTAG> >0x30 JTAG> >0x40 JTAG> >0x40 JTAG> >0x30 JTAG> >0x40 JTAG> >0x48 JTAG>Found Cortex-M4 r0p1, Little endian. -- CPU_WriteMem(4 bytes @ 0xE0002000) -- CPU_ReadMem(4 bytes @ 0xE000EDF0) -- CPU_ReadMem(4 bytes @ 0xE0002000)FPUnit: 6 code (BP) slots and 2 literal slots -- CPU_ReadMem(4 bytes @ 0xE000EDFC)
 -- CPU_ReadMem(4 bytes @ 0xE0001000) -- CPU_WriteMem(4 bytes @ 0xE0001000) -- CPU_ReadMem(4 bytes @ 0xE000ED88) -- CPU_WriteMem(4 bytes @ 0xE000ED88) -- CPU_ReadMem(4 bytes @ 0xE000ED88) -- CPU_WriteMem(4 bytes @ 0xE000ED88)CoreSight components:ROMTbl 0 @ E00FF000 -- CPU_ReadMem(16 bytes @ 0xE00FF000) -- CPU_ReadMem(16 bytes @ 0xE000EFF0) -- CPU_ReadMem(16 bytes @ 0xE000EFE0)ROMTbl 0 [0]: FFF0F000, CID: B105E00D, PID: 000BB000 SCS -- CPU_ReadMem(16 bytes @ 0xE0001FF0)
 -- CPU_ReadMem(16 bytes @ 0xE0001FE0)ROMTbl 0 [1]: FFF02000, CID: B105E00D, PID: 003BB002 DWT -- CPU_ReadMem(16 bytes @ 0xE0002FF0) -- CPU_ReadMem(16 bytes @ 0xE0002FE0)ROMTbl 0 [2]: FFF03000, CID: B105E00D, PID: 002BB003 FPB -- CPU_ReadMem(16 bytes @ 0xE0000FF0) -- CPU_ReadMem(16 bytes @ 0xE0000FE0)ROMTbl 0 [3]: FFF01000, CID: B105E00D, PID: 003BB001 ITM -- CPU_ReadMem(16 bytes @ 0xE00FF010) -- CPU_ReadMem(16 bytes @ 0xE0040FF0) -- CPU_ReadMem(16 bytes @ 0xE0040FE0)
ROMTbl 0 [4]: FFF41000, CID: B105900D, PID: 000BB9A1 TPIU ScanLen=4 NumDevices=1 aId[0]=0x4BA00477 aIrRead[0]=0 aScanLen[0]=0 aScanRead[0]=0 (0048ms, 5439ms total)
T1AF0 489:257 JLINK_ConfigJTAG(IRPre = 0, DRPre = 0) (0000ms, 5439ms total)
T1AF0 489:257 JLINK_SetSpeed(1000) (0001ms, 5440ms total)
T1AF0 489:258 JLINK_ResetPullsRESET(OFF) (0000ms, 5440ms total)
T1AF0 489:258 JLINK_Connect() >0x2F8 JTAG>TotalIRLen = 4, IRPrint = 0x01 >0x30 JTAG> >0x210 JTAG> >0x70 JTAG> >0x40 JTAG> >0x40 JTAG> >0x40 JTAG> >0x48 JTAG> >0x78 JTAG> >0x40 JTAG> >0x30 JTAG> >0x40 JTAG> >0x40 JTAG> >0x30 JTAG> >0x40 JTAG> >0x48 JTAG>Found Cortex-M4 r0p1, Little endian. -- CPU_WriteMem(4 bytes @ 0xE0002000) -- CPU_ReadMem(4 bytes @ 0xE000EDF0) -- CPU_ReadMem(4 bytes @ 0xE0002000)FPUnit: 6 code (BP) slots and 2 literal slots -- CPU_ReadMem(4 bytes @ 0xE000EDFC)
 -- CPU_ReadMem(4 bytes @ 0xE0001000) -- CPU_WriteMem(4 bytes @ 0xE0001000) -- CPU_ReadMem(4 bytes @ 0xE000ED88) -- CPU_WriteMem(4 bytes @ 0xE000ED88) -- CPU_ReadMem(4 bytes @ 0xE000ED88) -- CPU_WriteMem(4 bytes @ 0xE000ED88)CoreSight components:ROMTbl 0 @ E00FF000 -- CPU_ReadMem(16 bytes @ 0xE00FF000) -- CPU_ReadMem(16 bytes @ 0xE000EFF0) -- CPU_ReadMem(16 bytes @ 0xE000EFE0)ROMTbl 0 [0]: FFF0F000, CID: B105E00D, PID: 000BB000 SCS -- CPU_ReadMem(16 bytes @ 0xE0001FF0)
 -- CPU_ReadMem(16 bytes @ 0xE0001FE0)ROMTbl 0 [1]: FFF02000, CID: B105E00D, PID: 003BB002 DWT -- CPU_ReadMem(16 bytes @ 0xE0002FF0) -- CPU_ReadMem(16 bytes @ 0xE0002FE0)ROMTbl 0 [2]: FFF03000, CID: B105E00D, PID: 002BB003 FPB -- CPU_ReadMem(16 bytes @ 0xE0000FF0) -- CPU_ReadMem(16 bytes @ 0xE0000FE0)ROMTbl 0 [3]: FFF01000, CID: B105E00D, PID: 003BB001 ITM -- CPU_ReadMem(16 bytes @ 0xE00FF010) -- CPU_ReadMem(16 bytes @ 0xE0040FF0) -- CPU_ReadMem(16 bytes @ 0xE0040FE0)
ROMTbl 0 [4]: FFF41000, CID: B105900D, PID: 000BB9A1 TPIU  returns 0x00 (0053ms, 5493ms total)
T1AF0 489:311 JLINK_GetDebugInfo(0x100) -- Value=0xE00FF003  returns 0x00 (0001ms, 5494ms total)
T1AF0 489:312 JLINK_ReadMem (0xE00FFFF0, 0x0010 Bytes, ...) -- CPU is running -- CPU_ReadMem(16 bytes @ 0xE00FFFF0) - Data: 0D 00 00 00 10 00 00 00 05 00 00 00 B1 00 00 00  returns 0x00 (0002ms, 5496ms total)
T1AF0 489:314 JLINK_ReadMem (0xE00FFFD0, 0x0020 Bytes, ...) -- CPU is running -- CPU_ReadMem(32 bytes @ 0xE00FFFD0) - Data: 04 00 00 00 00 00 00 00 00 00 00 00 00 00 00 00 ...  returns 0x00 (0002ms, 5498ms total)
T1AF0 489:316 JLINK_ReadMemU32(0xE00FF000, 0x0001 Items, ...) -- CPU is running -- CPU_ReadMem(4 bytes @ 0xE00FF000) - Data: 03 F0 F0 FF  returns 0x01 (0001ms, 5499ms total)
T1AF0 489:317 JLINK_ReadMem (0xE000EFF0, 0x0010 Bytes, ...) -- CPU is running -- CPU_ReadMem(16 bytes @ 0xE000EFF0) - Data: 0D 00 00 00 E0 00 00 00 05 00 00 00 B1 00 00 00  returns 0x00 (0001ms, 5500ms total)
T1AF0 489:318 JLINK_ReadMem (0xE000EFD0, 0x0020 Bytes, ...) -- CPU is running -- CPU_ReadMem(32 bytes @ 0xE000EFD0) - Data: 04 00 00 00 00 00 00 00 00 00 00 00 00 00 00 00 ...  returns 0x00 (0002ms, 5502ms total)
T1AF0 489:320 JLINK_ReadMemU32(0xE00FF004, 0x0001 Items, ...) -- CPU is running -- CPU_ReadMem(4 bytes @ 0xE00FF004) - Data: 03 20 F0 FF  returns 0x01 (0001ms, 5503ms total)
T1AF0 489:321 JLINK_ReadMem (0xE0001FF0, 0x0010 Bytes, ...) -- CPU is running -- CPU_ReadMem(16 bytes @ 0xE0001FF0) - Data: 0D 00 00 00 E0 00 00 00 05 00 00 00 B1 00 00 00  returns 0x00 (0001ms, 5504ms total)
T1AF0 489:322 JLINK_ReadMem (0xE0001FD0, 0x0020 Bytes, ...) -- CPU is running -- CPU_ReadMem(32 bytes @ 0xE0001FD0) - Data: 04 00 00 00 00 00 00 00 00 00 00 00 00 00 00 00 ...  returns 0x00 (0002ms, 5506ms total)
T1AF0 489:324 JLINK_ReadMemU32(0xE00FF008, 0x0001 Items, ...) -- CPU is running -- CPU_ReadMem(4 bytes @ 0xE00FF008) - Data: 03 30 F0 FF  returns 0x01 (0001ms, 5507ms total)
T1AF0 489:325 JLINK_ReadMem (0xE0002FF0, 0x0010 Bytes, ...) -- CPU is running -- CPU_ReadMem(16 bytes @ 0xE0002FF0) - Data: 0D 00 00 00 E0 00 00 00 05 00 00 00 B1 00 00 00  returns 0x00 (0003ms, 5510ms total)
T1AF0 489:328 JLINK_ReadMem (0xE0002FD0, 0x0020 Bytes, ...) -- CPU is running -- CPU_ReadMem(32 bytes @ 0xE0002FD0) - Data: 04 00 00 00 00 00 00 00 00 00 00 00 00 00 00 00 ...  returns 0x00 (0001ms, 5511ms total)
T1AF0 489:329 JLINK_ReadMemU32(0xE00FF00C, 0x0001 Items, ...) -- CPU is running -- CPU_ReadMem(4 bytes @ 0xE00FF00C) - Data: 03 10 F0 FF  returns 0x01 (0001ms, 5512ms total)
T1AF0 489:330 JLINK_ReadMem (0xE0000FF0, 0x0010 Bytes, ...) -- CPU is running -- CPU_ReadMem(16 bytes @ 0xE0000FF0) - Data: 0D 00 00 00 E0 00 00 00 05 00 00 00 B1 00 00 00  returns 0x00 (0001ms, 5513ms total)
T1AF0 489:331 JLINK_ReadMem (0xE0000FD0, 0x0020 Bytes, ...) -- CPU is running -- CPU_ReadMem(32 bytes @ 0xE0000FD0) - Data: 04 00 00 00 00 00 00 00 00 00 00 00 00 00 00 00 ...  returns 0x00 (0002ms, 5515ms total)
T1AF0 489:333 JLINK_ReadMemU32(0xE00FF010, 0x0001 Items, ...) -- CPU is running -- CPU_ReadMem(4 bytes @ 0xE00FF010) - Data: 03 10 F4 FF  returns 0x01 (0001ms, 5516ms total)
T1AF0 489:334 JLINK_ReadMem (0xE0040FF0, 0x0010 Bytes, ...) -- CPU is running -- CPU_ReadMem(16 bytes @ 0xE0040FF0) - Data: 0D 00 00 00 90 00 00 00 05 00 00 00 B1 00 00 00  returns 0x00 (0001ms, 5517ms total)
T1AF0 489:335 JLINK_ReadMem (0xE0040FD0, 0x0020 Bytes, ...) -- CPU is running -- CPU_ReadMem(32 bytes @ 0xE0040FD0) - Data: 04 00 00 00 00 00 00 00 00 00 00 00 00 00 00 00 ...  returns 0x00 (0002ms, 5519ms total)
T1AF0 489:337 JLINK_ReadMemU32(0xE00FF014, 0x0001 Items, ...) -- CPU is running -- CPU_ReadMem(4 bytes @ 0xE00FF014) - Data: 02 20 F4 FF  returns 0x01 (0001ms, 5520ms total)
T1AF0 489:338 JLINK_ReadMemU32(0xE00FF018, 0x0001 Items, ...) -- CPU is running -- CPU_ReadMem(4 bytes @ 0xE00FF018) - Data: 00 00 00 00  returns 0x01 (0002ms, 5522ms total)
T1AF0 489:340 JLINK_ReadMem (0xE0001000, 0x0004 Bytes, ...) -- CPU is running -- CPU_ReadMem(4 bytes @ 0xE0001000) - Data: 01 00 00 40  returns 0x00 (0001ms, 5523ms total)
T1AF0 489:341 JLINK_ReadMem (0xE0001000, 0x0004 Bytes, ...) -- CPU is running -- CPU_ReadMem(4 bytes @ 0xE0001000) - Data: 01 00 00 40  returns 0x00 (0001ms, 5524ms total)
T1AF0 489:342 JLINK_ReadMem (0xE0001028, 0x0004 Bytes, ...) -- CPU is running -- CPU_ReadMem(4 bytes @ 0xE0001028) - Data: 00 00 00 00  returns 0x00 (0001ms, 5525ms total)
T1AF0 489:343 JLINK_WriteMem(0xE0001028, 0x0004 Bytes, ...) - Data: 00 01 00 00 -- CPU is running -- CPU_WriteMem(4 bytes @ 0xE0001028)  returns 0x04 (0001ms, 5526ms total)
T1AF0 489:344 JLINK_ReadMem (0xE0001028, 0x0004 Bytes, ...) -- CPU is running -- CPU_ReadMem(4 bytes @ 0xE0001028) - Data: 00 00 00 00  returns 0x00 (0001ms, 5527ms total)
T1AF0 489:345 JLINK_ReadMem (0xE0001038, 0x0004 Bytes, ...) -- CPU is running -- CPU_ReadMem(4 bytes @ 0xE0001038) - Data: 00 02 00 00  returns 0x00 (0001ms, 5528ms total)
T1AF0 489:346 JLINK_WriteMem(0xE0001038, 0x0004 Bytes, ...) - Data: 00 03 00 00 -- CPU is running -- CPU_WriteMem(4 bytes @ 0xE0001038)  returns 0x04 (0001ms, 5529ms total)
T1AF0 489:347 JLINK_ReadMem (0xE0001038, 0x0004 Bytes, ...) -- CPU is running -- CPU_ReadMem(4 bytes @ 0xE0001038) - Data: 00 03 00 00  returns 0x00 (0001ms, 5530ms total)
T1AF0 489:348 JLINK_ReadMem (0xE0001048, 0x0004 Bytes, ...) -- CPU is running -- CPU_ReadMem(4 bytes @ 0xE0001048) - Data: 00 00 00 00  returns 0x00 (0001ms, 5531ms total)
T1AF0 489:349 JLINK_WriteMem(0xE0001048, 0x0004 Bytes, ...) - Data: 00 01 00 00 -- CPU is running -- CPU_WriteMem(4 bytes @ 0xE0001048)  returns 0x04 (0001ms, 5532ms total)
T1AF0 489:350 JLINK_ReadMem (0xE0001048, 0x0004 Bytes, ...) -- CPU is running -- CPU_ReadMem(4 bytes @ 0xE0001048) - Data: 00 00 00 00  returns 0x00 (0001ms, 5533ms total)
T1AF0 489:351 JLINK_ReadMem (0xE0001058, 0x0004 Bytes, ...) -- CPU is running -- CPU_ReadMem(4 bytes @ 0xE0001058) - Data: 00 00 00 00  returns 0x00 (0001ms, 5534ms total)
T1AF0 489:352 JLINK_WriteMem(0xE0001058, 0x0004 Bytes, ...) - Data: 00 01 00 00 -- CPU is running -- CPU_WriteMem(4 bytes @ 0xE0001058)  returns 0x04 (0001ms, 5535ms total)
T1AF0 489:353 JLINK_ReadMem (0xE0001058, 0x0004 Bytes, ...) -- CPU is running -- CPU_ReadMem(4 bytes @ 0xE0001058) - Data: 00 00 00 00  returns 0x00 (0001ms, 5536ms total)
T1AF0 489:354 JLINK_ReadMem (0xE0001024, 0x0004 Bytes, ...) -- CPU is running -- CPU_ReadMem(4 bytes @ 0xE0001024) - Data: 00 00 00 00  returns 0x00 (0001ms, 5537ms total)
T1AF0 489:355 JLINK_WriteMem(0xE0001024, 0x0004 Bytes, ...) - Data: 1F 00 00 00 -- CPU is running -- CPU_WriteMem(4 bytes @ 0xE0001024)  returns 0x04 (0001ms, 5538ms total)
T1AF0 489:356 JLINK_ReadMem (0xE0001024, 0x0004 Bytes, ...) -- CPU is running -- CPU_ReadMem(4 bytes @ 0xE0001024) - Data: 0F 00 00 00  returns 0x00 (0001ms, 5539ms total)
T1AF0 489:357 JLINK_ReadMem (0xE0001034, 0x0004 Bytes, ...) -- CPU is running -- CPU_ReadMem(4 bytes @ 0xE0001034) - Data: 00 00 00 00  returns 0x00 (0001ms, 5540ms total)
T1AF0 489:358 JLINK_WriteMem(0xE0001034, 0x0004 Bytes, ...) - Data: 1F 00 00 00 -- CPU is running -- CPU_WriteMem(4 bytes @ 0xE0001034)  returns 0x04 (0001ms, 5541ms total)
T1AF0 489:359 JLINK_ReadMem (0xE0001034, 0x0004 Bytes, ...) -- CPU is running -- CPU_ReadMem(4 bytes @ 0xE0001034) - Data: 0F 00 00 00  returns 0x00 (0001ms, 5542ms total)
T1AF0 489:360 JLINK_ReadMem (0xE0001044, 0x0004 Bytes, ...) -- CPU is running -- CPU_ReadMem(4 bytes @ 0xE0001044) - Data: 00 00 00 00  returns 0x00 (0001ms, 5543ms total)
T1AF0 489:361 JLINK_WriteMem(0xE0001044, 0x0004 Bytes, ...) - Data: 1F 00 00 00 -- CPU is running -- CPU_WriteMem(4 bytes @ 0xE0001044)  returns 0x04 (0001ms, 5544ms total)
T1AF0 489:362 JLINK_ReadMem (0xE0001044, 0x0004 Bytes, ...) -- CPU is running -- CPU_ReadMem(4 bytes @ 0xE0001044) - Data: 0F 00 00 00  returns 0x00 (0001ms, 5545ms total)
T1AF0 489:363 JLINK_ReadMem (0xE0001054, 0x0004 Bytes, ...) -- CPU is running -- CPU_ReadMem(4 bytes @ 0xE0001054) - Data: 00 00 00 00  returns 0x00 (0001ms, 5546ms total)
T1AF0 489:364 JLINK_WriteMem(0xE0001054, 0x0004 Bytes, ...) - Data: 1F 00 00 00 -- CPU is running -- CPU_WriteMem(4 bytes @ 0xE0001054)  returns 0x04 (0001ms, 5547ms total)
T1AF0 489:365 JLINK_ReadMem (0xE0001054, 0x0004 Bytes, ...) -- CPU is running -- CPU_ReadMem(4 bytes @ 0xE0001054) - Data: 0F 00 00 00  returns 0x00 (0001ms, 5548ms total)
T1AF0 489:366 JLINK_ReadMem (0xE0001028, 0x0004 Bytes, ...) -- CPU is running -- CPU_ReadMem(4 bytes @ 0xE0001028) - Data: 00 00 00 00  returns 0x00 (0001ms, 5549ms total)
T1AF0 489:367 JLINK_ReadMem (0xE0001038, 0x0004 Bytes, ...) -- CPU is running -- CPU_ReadMem(4 bytes @ 0xE0001038) - Data: 00 03 00 00  returns 0x00 (0001ms, 5550ms total)
T1AF0 489:368 JLINK_ReadMem (0xE0001048, 0x0004 Bytes, ...) -- CPU is running -- CPU_ReadMem(4 bytes @ 0xE0001048) - Data: 00 00 00 00  returns 0x00 (0001ms, 5551ms total)
T1AF0 489:369 JLINK_ReadMem (0xE0001058, 0x0004 Bytes, ...) -- CPU is running -- CPU_ReadMem(4 bytes @ 0xE0001058) - Data: 00 00 00 00  returns 0x00 (0001ms, 5552ms total)
T1AF0 489:370 JLINK_WriteMem(0xE0001020, 0x0004 Bytes, ...) - Data: 00 00 00 00 -- CPU is running -- CPU_WriteMem(4 bytes @ 0xE0001020)  returns 0x04 (0001ms, 5553ms total)
T1AF0 489:371 JLINK_WriteMem(0xE0001024, 0x0004 Bytes, ...) - Data: 00 00 00 00 -- CPU is running -- CPU_WriteMem(4 bytes @ 0xE0001024)  returns 0x04 (0001ms, 5554ms total)
T1AF0 489:372 JLINK_WriteMem(0xE0001028, 0x0004 Bytes, ...) - Data: 00 00 00 00 -- CPU is running -- CPU_WriteMem(4 bytes @ 0xE0001028)  returns 0x04 (0001ms, 5555ms total)
T1AF0 489:373 JLINK_WriteMem(0xE0001030, 0x0004 Bytes, ...) - Data: 00 00 00 00 -- CPU is running -- CPU_WriteMem(4 bytes @ 0xE0001030)  returns 0x04 (0001ms, 5556ms total)
T1AF0 489:374 JLINK_WriteMem(0xE0001034, 0x0004 Bytes, ...) - Data: 00 00 00 00 -- CPU is running -- CPU_WriteMem(4 bytes @ 0xE0001034)  returns 0x04 (0001ms, 5557ms total)
T1AF0 489:375 JLINK_WriteMem(0xE0001038, 0x0004 Bytes, ...) - Data: 00 00 00 00 -- CPU is running -- CPU_WriteMem(4 bytes @ 0xE0001038)  returns 0x04 (0001ms, 5558ms total)
T1AF0 489:376 JLINK_WriteMem(0xE0001040, 0x0004 Bytes, ...) - Data: 00 00 00 00 -- CPU is running -- CPU_WriteMem(4 bytes @ 0xE0001040)  returns 0x04 (0001ms, 5559ms total)
T1AF0 489:377 JLINK_WriteMem(0xE0001044, 0x0004 Bytes, ...) - Data: 00 00 00 00 -- CPU is running -- CPU_WriteMem(4 bytes @ 0xE0001044)  returns 0x04 (0001ms, 5560ms total)
T1AF0 489:378 JLINK_WriteMem(0xE0001048, 0x0004 Bytes, ...) - Data: 00 00 00 00 -- CPU is running -- CPU_WriteMem(4 bytes @ 0xE0001048)  returns 0x04 (0001ms, 5561ms total)
T1AF0 489:379 JLINK_WriteMem(0xE0001050, 0x0004 Bytes, ...) - Data: 00 00 00 00 -- CPU is running -- CPU_WriteMem(4 bytes @ 0xE0001050)  returns 0x04 (0001ms, 5562ms total)
T1AF0 489:380 JLINK_WriteMem(0xE0001054, 0x0004 Bytes, ...) - Data: 00 00 00 00 -- CPU is running -- CPU_WriteMem(4 bytes @ 0xE0001054)  returns 0x04 (0001ms, 5563ms total)
T1AF0 489:381 JLINK_WriteMem(0xE0001058, 0x0004 Bytes, ...) - Data: 00 00 00 00 -- CPU is running -- CPU_WriteMem(4 bytes @ 0xE0001058)  returns 0x04 (0001ms, 5564ms total)
T1AF0 489:382 JLINK_Halt()  returns 0x00 (0007ms, 5571ms total)
T1AF0 489:389 JLINK_WriteMem(0x400E0A04, 0x0004 Bytes, ...) - Data: 0B 01 00 5A -- CPU_WriteMem(4 bytes @ 0x400E0A04)  returns 0x04 (0001ms, 5572ms total)
T1AF0 489:390 JLINK_ReadMem (0x400E0A08, 0x0004 Bytes, ...) -- CPU_ReadMem(4 bytes @ 0x400E0A08) - Data: 01 00 00 00  returns 0x00 (0001ms, 5573ms total)
T1AF0 489:391 JLINK_WriteMem(0x400E0A04, 0x0004 Bytes, ...) - Data: 0C 02 00 5A -- CPU_WriteMem(4 bytes @ 0x400E0A04)  returns 0x04 (0001ms, 5574ms total)
T1AF0 489:392 JLINK_ReadMem (0x400E0A08, 0x0004 Bytes, ...) -- CPU_ReadMem(4 bytes @ 0x400E0A08) - Data: 01 00 00 00  returns 0x00 (0001ms, 5575ms total)
T1AF0 489:393 JLINK_Reset() -- CPU_ReadMem(16 bytes @ 0x20000000) -- CPU_WriteMem(16 bytes @ 0x20000000) -- CPU_ReadMem(4 bytes @ 0xE000EDFC) -- CPU_WriteMem(4 bytes @ 0xE000EDFC) -- CPU_ReadMem(4 bytes @ 0xE0001000) -- CPU_WriteMem(4 bytes @ 0xE000EDFC) -- CPU_WriteMem(16 bytes @ 0x20000000) -- CPU_WriteMem(4 bytes @ 0xE0002000) -- CPU_ReadMem(4 bytes @ 0xE000EDFC) -- CPU_ReadMem(4 bytes @ 0xE0001000) (0039ms, 5614ms total)
T1AF0 489:433 JLINK_JTAG_GetDeviceID(DeviceIndex = 0)  returns 0x4BA00477 (0000ms, 5614ms total)
T1AF0 489:433 JLINK_ReadMemU32(0x400E0740, 0x0001 Items, ...) -- CPU_ReadMem(4 bytes @ 0x400E0740) - Data: E0 0E A7 29  returns 0x01 (0001ms, 5615ms total)
T1AF0 489:434 JLINK_ReadMemU32(0x400E0744, 0x0001 Items, ...) -- CPU_ReadMem(4 bytes @ 0x400E0744) - Data: 00 00 00 00  returns 0x01 (0001ms, 5616ms total)
T1AF0 489:435 JLINK_WriteMem(0x400E0A04, 0x0004 Bytes, ...) - Data: 05 00 00 5A -- CPU_WriteMem(4 bytes @ 0x400E0A04)  returns 0x04 (0001ms, 5617ms total)
T1AF0 489:436 JLINK_WriteMem(0x400E0C04, 0x0004 Bytes, ...) - Data: 05 00 00 5A -- CPU_WriteMem(4 bytes @ 0x400E0C04)  returns 0x04 (0001ms, 5618ms total)
T1AF0 489:437 JLINK_ReadMem (0x400E0A08, 0x0004 Bytes, ...) -- CPU_ReadMem(4 bytes @ 0x400E0A08) - Data: 00 00 00 00  returns 0x00 (0001ms, 5619ms total)
T1AF0 489:439 JLINK_ReadMem (0x400E0A08, 0x0004 Bytes, ...) -- CPU_ReadMem(4 bytes @ 0x400E0A08) - Data: 00 00 00 00  returns 0x00 (0001ms, 5620ms total)
T1C78 489:443 JLINK_IsHalted()  returns TRUE (0000ms, 5620ms total)
T1C78 489:443 JLINK_GetMOEs(...) -- CPU_ReadMem(4 bytes @ 0xE000ED30) -- CPU_WriteMem(4 bytes @ 0xE000ED30)  returns 0x01 (0002ms, 5622ms total)
T1AF0 489:445 JLINK_ReadMem (0x400E0A08, 0x0004 Bytes, ...) -- CPU_ReadMem(4 bytes @ 0x400E0A08) - Data: 00 00 00 00  returns 0x00 (0001ms, 5623ms total)
T1C78 489:446 JLINK_ReadReg(R15 (PC))  returns 0x004014A0 (0000ms, 5623ms total)
T1AF0 489:462 JLINK_ReadMem (0x400E0A08, 0x0004 Bytes, ...) -- CPU_ReadMem(4 bytes @ 0x400E0A08) - Data: 00 00 00 00  returns 0x00 (0001ms, 5624ms total)
T1AF0 489:527 JLINK_ReadMem (0x400E0A08, 0x0004 Bytes, ...) -- CPU_ReadMem(4 bytes @ 0x400E0A08) - Data: 00 00 00 00  returns 0x00 (0001ms, 5625ms total)
T1C78 489:646 JLINK_IsHalted()  returns TRUE (0000ms, 5625ms total)
T1AF0 489:784 JLINK_ReadMem (0x400E0A08, 0x0004 Bytes, ...) -- CPU_ReadMem(4 bytes @ 0x400E0A08) - Data: 00 00 00 00  returns 0x00 (0001ms, 5626ms total)
T1C78 489:846 JLINK_IsHalted()  returns TRUE (0000ms, 5626ms total)
T1C78 490:046 JLINK_IsHalted()  returns TRUE (0001ms, 5627ms total)
T1C78 490:247 JLINK_IsHalted()  returns TRUE (0000ms, 5626ms total)
T1C78 490:447 JLINK_IsHalted()  returns TRUE (0001ms, 5627ms total)
T1C78 490:648 JLINK_IsHalted()  returns TRUE (0001ms, 5627ms total)
T1AF0 490:785 JLINK_ReadMem (0x400E0A08, 0x0004 Bytes, ...) -- CPU_ReadMem(4 bytes @ 0x400E0A08) - Data: 00 00 00 00  returns 0x00 (0001ms, 5627ms total)
T1AF0 490:786 JLINK_ReadMem (0x400E0C08, 0x0004 Bytes, ...) -- CPU_ReadMem(4 bytes @ 0x400E0C08) - Data: 00 00 00 00  returns 0x00 (0001ms, 5628ms total)
T1AF0 490:788 JLINK_ReadMem (0x400E0C08, 0x0004 Bytes, ...) -- CPU_ReadMem(4 bytes @ 0x400E0C08) - Data: 00 00 00 00  returns 0x00 (0001ms, 5629ms total)
T1AF0 490:793 JLINK_ReadMem (0x400E0C08, 0x0004 Bytes, ...) -- CPU_ReadMem(4 bytes @ 0x400E0C08) - Data: 00 00 00 00  returns 0x00 (0001ms, 5630ms total)
T1AF0 490:810 JLINK_ReadMem (0x400E0C08, 0x0004 Bytes, ...) -- CPU_ReadMem(4 bytes @ 0x400E0C08) - Data: 00 00 00 00  returns 0x00 (0001ms, 5631ms total)
T1C78 490:849 JLINK_IsHalted()  returns TRUE (0000ms, 5631ms total)
T1AF0 490:875 JLINK_ReadMem (0x400E0C08, 0x0004 Bytes, ...) -- CPU_ReadMem(4 bytes @ 0x400E0C08) - Data: 00 00 00 00  returns 0x00 (0001ms, 5632ms total)
T1C78 491:049 JLINK_IsHalted()  returns TRUE (0000ms, 5632ms total)
T1AF0 491:132 JLINK_ReadMem (0x400E0C08, 0x0004 Bytes, ...) -- CPU_ReadMem(4 bytes @ 0x400E0C08) - Data: 00 00 00 00  returns 0x00 (0001ms, 5633ms total)
T1C78 491:249 JLINK_IsHalted()  returns TRUE (0001ms, 5634ms total)
T1C78 491:450 JLINK_IsHalted()  returns TRUE (0001ms, 5634ms total)
T1C78 491:651 JLINK_IsHalted()  returns TRUE (0000ms, 5633ms total)
T1C78 491:851 JLINK_IsHalted()  returns TRUE (0001ms, 5634ms total)
T1C78 492:052 JLINK_IsHalted()  returns TRUE (0000ms, 5633ms total)
T1AF0 492:133 JLINK_ReadMem (0x400E0C08, 0x0004 Bytes, ...) -- CPU_ReadMem(4 bytes @ 0x400E0C08) - Data: 00 00 00 00  returns 0x00 (0001ms, 5634ms total)
T1AF0 492:134 JLINK_ReadMem (0x400E0A08, 0x0004 Bytes, ...) -- CPU_ReadMem(4 bytes @ 0x400E0A08) - Data: 00 00 00 00  returns 0x00 (0001ms, 5635ms total)
T1AF0 492:136 JLINK_ReadMem (0x400E0A08, 0x0004 Bytes, ...) -- CPU_ReadMem(4 bytes @ 0x400E0A08) - Data: 00 00 00 00  returns 0x00 (0001ms, 5636ms total)
T1AF0 492:141 JLINK_ReadMem (0x400E0A08, 0x0004 Bytes, ...) -- CPU_ReadMem(4 bytes @ 0x400E0A08) - Data: 00 00 00 00  returns 0x00 (0001ms, 5637ms total)
T1AF0 492:158 JLINK_ReadMem (0x400E0A08, 0x0004 Bytes, ...) -- CPU_ReadMem(4 bytes @ 0x400E0A08) - Data: 00 00 00 00  returns 0x00 (0001ms, 5638ms total)
T1AF0 492:223 JLINK_ReadMem (0x400E0A08, 0x0004 Bytes, ...) -- CPU_ReadMem(4 bytes @ 0x400E0A08) - Data: 00 00 00 00  returns 0x00 (0001ms, 5639ms total)
T1C78 492:252 JLINK_IsHalted()  returns TRUE (0000ms, 5639ms total)
T1C78 492:452 JLINK_IsHalted()  returns TRUE (0002ms, 5641ms total)
T1AF0 492:480 JLINK_ReadMem (0x400E0A08, 0x0004 Bytes, ...) -- CPU_ReadMem(4 bytes @ 0x400E0A08) - Data: 00 00 00 00  returns 0x00 (0001ms, 5640ms total)
T1C78 492:654 JLINK_IsHalted()  returns TRUE (0000ms, 5640ms total)
T1C78 492:854 JLINK_IsHalted()  returns TRUE (0000ms, 5640ms total)
T1C78 493:054 JLINK_IsHalted()  returns TRUE (0001ms, 5641ms total)
T1C78 493:255 JLINK_IsHalted()  returns TRUE (0000ms, 5640ms total)
T1C78 493:455 JLINK_IsHalted()  returns TRUE (0001ms, 5641ms total)
T1AF0 493:481 JLINK_ReadMem (0x400E0A08, 0x0004 Bytes, ...) -- CPU_ReadMem(4 bytes @ 0x400E0A08) - Data: 00 00 00 00  returns 0x00 (0001ms, 5641ms total)
T1AF0 493:482 JLINK_ReadMem (0x400E0C08, 0x0004 Bytes, ...) -- CPU_ReadMem(4 bytes @ 0x400E0C08) - Data: 00 00 00 00  returns 0x00 (0001ms, 5642ms total)
T1AF0 493:484 JLINK_ReadMem (0x400E0C08, 0x0004 Bytes, ...) -- CPU_ReadMem(4 bytes @ 0x400E0C08) - Data: 00 00 00 00  returns 0x00 (0001ms, 5643ms total)
T1AF0 493:489 JLINK_ReadMem (0x400E0C08, 0x0004 Bytes, ...) -- CPU_ReadMem(4 bytes @ 0x400E0C08) - Data: 00 00 00 00  returns 0x00 (0001ms, 5644ms total)
T1AF0 493:506 JLINK_ReadMem (0x400E0C08, 0x0004 Bytes, ...) -- CPU_ReadMem(4 bytes @ 0x400E0C08) - Data: 00 00 00 00  returns 0x00 (0001ms, 5645ms total)
T1AF0 493:571 JLINK_ReadMem (0x400E0C08, 0x0004 Bytes, ...) -- CPU_ReadMem(4 bytes @ 0x400E0C08) - Data: 00 00 00 00  returns 0x00 (0001ms, 5646ms total)
T1C78 493:656 JLINK_IsHalted()  returns TRUE (0001ms, 5647ms total)
T1AF0 493:828 JLINK_ReadMem (0x400E0C08, 0x0004 Bytes, ...) -- CPU_ReadMem(4 bytes @ 0x400E0C08) - Data: 00 00 00 00  returns 0x00 (0001ms, 5647ms total)
T1C78 493:857 JLINK_IsHalted()  returns TRUE (0000ms, 5647ms total)
T1C78 494:057 JLINK_IsHalted()  returns TRUE (0000ms, 5647ms total)
T1C78 494:257 JLINK_IsHalted()  returns TRUE (0001ms, 5648ms total)
T1C78 494:458 JLINK_IsHalted()  returns TRUE (0001ms, 5648ms total)
T1C78 494:659 JLINK_IsHalted()  returns TRUE (0000ms, 5647ms total)
T1AF0 494:829 JLINK_ReadMem (0x400E0C08, 0x0004 Bytes, ...) -- CPU_ReadMem(4 bytes @ 0x400E0C08) - Data: 01 00 00 00  returns 0x00 (0001ms, 5648ms total)
T1AF0 494:830 JLINK_ReadMem (0x400E0A08, 0x0004 Bytes, ...) -- CPU_ReadMem(4 bytes @ 0x400E0A08) - Data: 01 00 00 00  returns 0x00 (0001ms, 5649ms total)
T1C78 494:859 JLINK_IsHalted()  returns TRUE (0001ms, 5650ms total)
T1AF0 494:860 JLINK_ResetPullsRESET(ON) (0000ms, 5649ms total)
T1AF0 494:860 JLINK_ResetNoHalt() >0x2F8 JTAG>TotalIRLen = 4, IRPrint = 0x01 >0x30 JTAG> >0x210 JTAG> >0x70 JTAG> >0x40 JTAG> >0x40 JTAG> >0x40 JTAG> >0x48 JTAG> >0x78 JTAG> >0x40 JTAG> >0x30 JTAG> >0x40 JTAG> >0x40 JTAG> >0x30 JTAG> >0x40 JTAG> >0x48 JTAG>Found Cortex-M4 r0p1, Little endian. -- CPU_WriteMem(4 bytes @ 0xE0002000) -- CPU_ReadMem(4 bytes @ 0xE000EDF0) -- CPU_ReadMem(4 bytes @ 0xE0002000)FPUnit: 6 code (BP) slots and 2 literal slots -- CPU_ReadMem(4 bytes @ 0xE000EDFC)
 -- CPU_ReadMem(4 bytes @ 0xE0001000) -- CPU_ReadMem(4 bytes @ 0xE000ED88) -- CPU_WriteMem(4 bytes @ 0xE000ED88) -- CPU_ReadMem(4 bytes @ 0xE000ED88) -- CPU_WriteMem(4 bytes @ 0xE000ED88)CoreSight components:ROMTbl 0 @ E00FF000 -- CPU_ReadMem(16 bytes @ 0xE00FF000) -- CPU_ReadMem(16 bytes @ 0xE000EFF0) -- CPU_ReadMem(16 bytes @ 0xE000EFE0)ROMTbl 0 [0]: FFF0F000, CID: B105E00D, PID: 000BB000 SCS -- CPU_WriteMem(4 bytes @ 0xE0001000) -- CPU_ReadMem(16 bytes @ 0xE0001FF0)
 -- CPU_ReadMem(16 bytes @ 0xE0001FE0)ROMTbl 0 [1]: FFF02000, CID: B105E00D, PID: 003BB002 DWT -- CPU_ReadMem(16 bytes @ 0xE0002FF0) -- CPU_ReadMem(16 bytes @ 0xE0002FE0)ROMTbl 0 [2]: FFF03000, CID: B105E00D, PID: 002BB003 FPB -- CPU_ReadMem(16 bytes @ 0xE0000FF0) -- CPU_ReadMem(16 bytes @ 0xE0000FE0)ROMTbl 0 [3]: FFF01000, CID: B105E00D, PID: 003BB001 ITM -- CPU_ReadMem(16 bytes @ 0xE00FF010) -- CPU_ReadMem(16 bytes @ 0xE0040FF0) -- CPU_ReadMem(16 bytes @ 0xE0040FE0)
ROMTbl 0 [4]: FFF41000, CID: B105900D, PID: 000BB9A1 TPIU
                JLINK_Reset() -- CPU_ReadMem(16 bytes @ 0x20000000) -- CPU_WriteMem(16 bytes @ 0x20000000) -- CPU_ReadMem(4 bytes @ 0xE000EDFC) -- CPU_WriteMem(4 bytes @ 0xE000EDFC) -- CPU_ReadMem(4 bytes @ 0xE0001000) -- CPU_WriteMem(4 bytes @ 0xE0001004) -- CPU_WriteMem(4 bytes @ 0xE000EDFC) -- CPU_WriteMem(16 bytes @ 0x20000000) -- CPU_WriteMem(4 bytes @ 0xE0002000) -- CPU_ReadMem(4 bytes @ 0xE000EDFC) -- CPU_ReadMem(4 bytes @ 0xE0001000) (0039ms, 0039ms total)
                JLINK_Go() -- CPU_ReadMem(4 bytes @ 0xE0001000) -- CPU_WriteMem(4 bytes @ 0xE0001004) (0003ms, 0042ms total)
               (0085ms, 5734ms total)
T1AF0 494:945 JLINK_ExecCommand("ProjectFile = T:\1101298-6\Entregas\13 - LCD\ILI93XX_EXAMPLE1\ILI93XX_EXAMPLE1\jlink.config", ...)  returns 0x00 (0000ms, 5734ms total)
T1AF0 494:953 JLINK_ExecCommand("Device = AT91SAM4SD32C", ...)Device "ATSAM4SD32C" selected.  returns 0x00 (0001ms, 5735ms total)
T1AF0 494:954 JLINK_TIF_Select(JLINKARM_TIF_JTAG)  returns 0x00 (0000ms, 5735ms total)
T1AF0 494:954 JLINK_GetIdData(...) ScanLen=4 NumDevices=1 aId[0]=0x4BA00477 aIrRead[0]=0 aScanLen[0]=0 aScanRead[0]=0 (0000ms, 5735ms total)
T1AF0 494:954 JLINK_ConfigJTAG(IRPre = 0, DRPre = 0) (0000ms, 5735ms total)
T1AF0 494:954 JLINK_SetSpeed(4000) (0000ms, 5735ms total)
T1AF0 494:954 JLINK_ResetPullsRESET(OFF) (0000ms, 5735ms total)
T1AF0 494:954 JLINK_Connect() >0x2F8 JTAG>TotalIRLen = 4, IRPrint = 0x01 >0x30 JTAG> >0x210 JTAG> >0x70 JTAG> >0x40 JTAG> >0x40 JTAG> >0x40 JTAG> >0x48 JTAG> >0x78 JTAG> >0x40 JTAG> >0x30 JTAG> >0x40 JTAG> >0x40 JTAG> >0x30 JTAG> >0x40 JTAG> >0x48 JTAG>Found Cortex-M4 r0p1, Little endian. -- CPU_WriteMem(4 bytes @ 0xE0002000) -- CPU_ReadMem(4 bytes @ 0xE000EDF0) -- CPU_ReadMem(4 bytes @ 0xE0002000)FPUnit: 6 code (BP) slots and 2 literal slots -- CPU_ReadMem(4 bytes @ 0xE000EDFC)
 -- CPU_ReadMem(4 bytes @ 0xE0001000) -- CPU_WriteMem(4 bytes @ 0xE0001000) -- CPU_ReadMem(4 bytes @ 0xE000ED88) -- CPU_WriteMem(4 bytes @ 0xE000ED88) -- CPU_ReadMem(4 bytes @ 0xE000ED88) -- CPU_WriteMem(4 bytes @ 0xE000ED88)CoreSight components:ROMTbl 0 @ E00FF000 -- CPU_ReadMem(16 bytes @ 0xE00FF000) -- CPU_ReadMem(16 bytes @ 0xE000EFF0) -- CPU_ReadMem(16 bytes @ 0xE000EFE0)ROMTbl 0 [0]: FFF0F000, CID: B105E00D, PID: 000BB000 SCS -- CPU_ReadMem(16 bytes @ 0xE0001FF0)
 -- CPU_ReadMem(16 bytes @ 0xE0001FE0)ROMTbl 0 [1]: FFF02000, CID: B105E00D, PID: 003BB002 DWT -- CPU_ReadMem(16 bytes @ 0xE0002FF0) -- CPU_ReadMem(16 bytes @ 0xE0002FE0)ROMTbl 0 [2]: FFF03000, CID: B105E00D, PID: 002BB003 FPB -- CPU_ReadMem(16 bytes @ 0xE0000FF0) -- CPU_ReadMem(16 bytes @ 0xE0000FE0)ROMTbl 0 [3]: FFF01000, CID: B105E00D, PID: 003BB001 ITM -- CPU_ReadMem(16 bytes @ 0xE00FF010) -- CPU_ReadMem(16 bytes @ 0xE0040FF0) -- CPU_ReadMem(16 bytes @ 0xE0040FE0)
ROMTbl 0 [4]: FFF41000, CID: B105900D, PID: 000BB9A1 TPIU  returns 0x00 (0041ms, 5776ms total)
T1AF0 494:996 JLINK_WriteMem(0xE0001020, 0x0004 Bytes, ...) - Data: 00 00 00 00 -- CPU is running -- CPU_WriteMem(4 bytes @ 0xE0001020)  returns 0x04 (0002ms, 5778ms total)
T1AF0 494:998 JLINK_WriteMem(0xE0001024, 0x0004 Bytes, ...) - Data: 00 00 00 00 -- CPU is running -- CPU_WriteMem(4 bytes @ 0xE0001024)  returns 0x04 (0001ms, 5779ms total)
T1AF0 494:999 JLINK_WriteMem(0xE0001028, 0x0004 Bytes, ...) - Data: 00 00 00 00 -- CPU is running -- CPU_WriteMem(4 bytes @ 0xE0001028)  returns 0x04 (0001ms, 5780ms total)
T1AF0 495:000 JLINK_WriteMem(0xE0001030, 0x0004 Bytes, ...) - Data: 00 00 00 00 -- CPU is running -- CPU_WriteMem(4 bytes @ 0xE0001030)  returns 0x04 (0001ms, 5781ms total)
T1AF0 495:001 JLINK_WriteMem(0xE0001034, 0x0004 Bytes, ...) - Data: 00 00 00 00 -- CPU is running -- CPU_WriteMem(4 bytes @ 0xE0001034)  returns 0x04 (0001ms, 5782ms total)
T1AF0 495:002 JLINK_WriteMem(0xE0001038, 0x0004 Bytes, ...) - Data: 00 00 00 00 -- CPU is running -- CPU_WriteMem(4 bytes @ 0xE0001038)  returns 0x04 (0001ms, 5783ms total)
T1AF0 495:003 JLINK_WriteMem(0xE0001040, 0x0004 Bytes, ...) - Data: 00 00 00 00 -- CPU is running -- CPU_WriteMem(4 bytes @ 0xE0001040)  returns 0x04 (0001ms, 5784ms total)
T1AF0 495:004 JLINK_WriteMem(0xE0001044, 0x0004 Bytes, ...) - Data: 00 00 00 00 -- CPU is running -- CPU_WriteMem(4 bytes @ 0xE0001044)  returns 0x04 (0001ms, 5785ms total)
T1AF0 495:005 JLINK_WriteMem(0xE0001048, 0x0004 Bytes, ...) - Data: 00 00 00 00 -- CPU is running -- CPU_WriteMem(4 bytes @ 0xE0001048)  returns 0x04 (0001ms, 5786ms total)
T1AF0 495:006 JLINK_WriteMem(0xE0001050, 0x0004 Bytes, ...) - Data: 00 00 00 00 -- CPU is running -- CPU_WriteMem(4 bytes @ 0xE0001050)  returns 0x04 (0001ms, 5787ms total)
T1AF0 495:007 JLINK_WriteMem(0xE0001054, 0x0004 Bytes, ...) - Data: 00 00 00 00 -- CPU is running -- CPU_WriteMem(4 bytes @ 0xE0001054)  returns 0x04 (0001ms, 5788ms total)
T1AF0 495:008 JLINK_WriteMem(0xE0001058, 0x0004 Bytes, ...) - Data: 00 00 00 00 -- CPU is running -- CPU_WriteMem(4 bytes @ 0xE0001058)  returns 0x04 (0001ms, 5789ms total)
T1AF0 495:009 JLINK_Halt()  returns 0x00 (0004ms, 5793ms total)
T1AF0 495:013 JLINK_WriteMem(0x400E0A04, 0x0004 Bytes, ...) - Data: 0B 01 00 5A -- CPU_WriteMem(4 bytes @ 0x400E0A04)  returns 0x04 (0001ms, 5794ms total)
T1AF0 495:014 JLINK_ReadMem (0x400E0A08, 0x0004 Bytes, ...) -- CPU_ReadMem(4 bytes @ 0x400E0A08) - Data: 01 00 00 00  returns 0x00 (0001ms, 5795ms total)
T1AF0 495:015 JLINK_WriteMem(0x400E0A04, 0x0004 Bytes, ...) - Data: 0C 02 00 5A -- CPU_WriteMem(4 bytes @ 0x400E0A04)  returns 0x04 (0001ms, 5796ms total)
T1AF0 495:016 JLINK_ReadMem (0x400E0A08, 0x0004 Bytes, ...) -- CPU_ReadMem(4 bytes @ 0x400E0A08) - Data: 01 00 00 00  returns 0x00 (0001ms, 5797ms total)
T1AF0 495:017 JLINK_Reset() -- CPU_ReadMem(16 bytes @ 0x20000000) -- CPU_WriteMem(16 bytes @ 0x20000000) -- CPU_ReadMem(4 bytes @ 0xE000EDFC) -- CPU_WriteMem(4 bytes @ 0xE000EDFC) -- CPU_ReadMem(4 bytes @ 0xE0001000) -- CPU_WriteMem(4 bytes @ 0xE000EDFC) -- CPU_WriteMem(16 bytes @ 0x20000000) -- CPU_WriteMem(4 bytes @ 0xE0002000) -- CPU_ReadMem(4 bytes @ 0xE000EDFC) -- CPU_ReadMem(4 bytes @ 0xE0001000) (0029ms, 5826ms total)
T1AF0 495:047 JLINK_JTAG_GetDeviceID(DeviceIndex = 0)  returns 0x4BA00477 (0000ms, 5826ms total)
T1AF0 495:047 JLINK_ReadMemU32(0x400E0740, 0x0001 Items, ...) -- CPU_ReadMem(4 bytes @ 0x400E0740) - Data: E0 0E A7 29  returns 0x01 (0001ms, 5827ms total)
T1AF0 495:048 JLINK_ReadMemU32(0x400E0744, 0x0001 Items, ...) -- CPU_ReadMem(4 bytes @ 0x400E0744) - Data: 00 00 00 00  returns 0x01 (0001ms, 5828ms total)
T1AF0 495:052 JLINK_BeginDownload(Flags = 0x00) (0000ms, 5828ms total)
T1AF0 495:052 JLINK_WriteMem(0x00400000, 0x4000 Bytes, ...) - Data: 60 3D 00 20 A1 14 40 00 9D 14 40 00 9D 14 40 00 ...  returns 0x4000 (0001ms, 5829ms total)
T1AF0 495:053 JLINK_WriteMem(0x00404000, 0x35F4 Bytes, ...) - Data: CD FF 33 69 9A 1C 05 46 92 00 06 F1 0C 01 0C 30 ...  returns 0x35F4 (0000ms, 5829ms total)
T1AF0 495:053 JLINK_WriteMem(0x004075F4, 0x0008 Bytes, ...) - Data: 88 F1 FF 7F 01 00 00 00  returns 0x08 (0000ms, 5829ms total)
T1AF0 495:053 JLINK_WriteMem(0x004075FC, 0x088C Bytes, ...) - Data: 01 00 00 00 F0 00 00 00 40 01 00 00 00 00 20 00 ...  returns 0x88C (0000ms, 5829ms total)
T26F4 495:057 JLINK_IsHalted()  returns TRUE (0000ms, 5829ms total)
T26F4 495:057 JLINK_GetMOEs(...) -- CPU_ReadMem(4 bytes @ 0xE000ED30) -- CPU_WriteMem(4 bytes @ 0xE000ED30)  returns 0x01 (0002ms, 5831ms total)
T26F4 495:059 JLINK_ReadReg(R15 (PC)) -- -------------------------------------- -- Start of determining dirty areas in flash cache -- End of determining dirty areas -- Start of preparing flash programming -- Calculating RAM usage -- RAM usage = 3908 Bytes -- Preserving registers -- Preparing memory -- Determining CPU clock frequency -- CPU clock frequency: 4163 kHz -- CPU frequency = 4163 kHz -- Preparing target -- Downloading RAMCode -- Using alternate TurboMode RAMCode -- Checking target RAM
 -- Preparing RAMCode -- End of preparing flash programmingCPU is running at low speed (4163 kHz). -- CPU is running at 4163 kHz. -- Start of comparing flash -- Read back was estimated as fastest method -- Comparing range 0x400000 - 0x403FFF (32 Sectors, 16 KB), using multi-block CRC calculation -- CPU is running -- CPU_ReadMem(512 bytes @ 0x00400000) -- CPU is running -- CPU_ReadMem(512 bytes @ 0x00400200) -- CPU is running -- CPU_ReadMem(512 bytes @ 0x00400400) -- CPU is running
 -- CPU_ReadMem(512 bytes @ 0x00400600) -- CPU is running -- CPU_ReadMem(512 bytes @ 0x00400800) -- CPU is running -- CPU_ReadMem(512 bytes @ 0x00400A00) -- CPU is running -- CPU_ReadMem(512 bytes @ 0x00400C00) -- CPU is running -- CPU_ReadMem(512 bytes @ 0x00400E00) -- CPU is running -- CPU_ReadMem(512 bytes @ 0x00401000) -- CPU is running -- CPU_ReadMem(512 bytes @ 0x00401200) -- CPU is running -- CPU_ReadMem(512 bytes @ 0x00401400) -- CPU is running -- CPU_ReadMem(512 bytes @ 0x00401600)
 -- CPU is running -- CPU_ReadMem(512 bytes @ 0x00401800) -- CPU is running -- CPU_ReadMem(512 bytes @ 0x00401A00) -- CPU is running -- CPU_ReadMem(512 bytes @ 0x00401C00) -- CPU is running -- CPU_ReadMem(512 bytes @ 0x00401E00) -- CPU is running -- CPU_ReadMem(512 bytes @ 0x00402000) -- CPU is running -- CPU_ReadMem(512 bytes @ 0x00402200) -- CPU is running -- CPU_ReadMem(512 bytes @ 0x00402400) -- CPU is running -- CPU_ReadMem(512 bytes @ 0x00402600) -- CPU is running
 -- CPU_ReadMem(512 bytes @ 0x00402800) -- CPU is running -- CPU_ReadMem(512 bytes @ 0x00402A00) -- CPU is running -- CPU_ReadMem(512 bytes @ 0x00402C00) -- CPU is running -- CPU_ReadMem(512 bytes @ 0x00402E00) -- CPU is running -- CPU_ReadMem(512 bytes @ 0x00403000) -- CPU is running -- CPU_ReadMem(512 bytes @ 0x00403200) -- CPU is running -- CPU_ReadMem(512 bytes @ 0x00403400) -- CPU is running -- CPU_ReadMem(512 bytes @ 0x00403600) -- CPU is running -- CPU_ReadMem(512 bytes @ 0x00403800)
 -- CPU is running -- CPU_ReadMem(512 bytes @ 0x00403A00) -- CPU is running -- CPU_ReadMem(512 bytes @ 0x00403C00) -- CPU is running -- CPU_ReadMem(512 bytes @ 0x00403E00) -- CRC does not match for sectors 0-31 -- Comparing range 0x404000 - 0x407FFF (4 Sectors, 16 KB), using multi-block CRC calculation -- CPU is running -- CPU_ReadMem(4096 bytes @ 0x00404000) -- CPU is running -- CPU_ReadMem(4096 bytes @ 0x00405000) -- CPU is running -- CPU_ReadMem(4096 bytes @ 0x00406000) -- CPU is running
 -- CPU_ReadMem(4096 bytes @ 0x00407000) -- CRC does not match for sectors 0-3 -- End of comparing flash -- Start of erasing sectors -- End of erasing sectors -- Start of flash programming -- Programming range 0x00400000 - 0x00403FFF (032 Sectors, 16 KB) -- Programming range 0x00404000 - 0x00407FFF (004 Sectors, 16 KB) -- End of flash programming -- Flash programming performed for 2 ranges (32768 bytes) -- 0x400000 - 0x403FFF (032 Sectors, 16 KB) -- 0x404000 - 0x407FFF (004 Sectors, 16 KB)
 -- Start of verifying flash -- Checksum calculation was estimated as fastest method -- Checksum calculation was estimated as fastest method -- End of verifying flash -- Start of restoring -- Restore RAMCode -- Restore content of target memory -- Restore target -- Restore memory -- Restore content of registers -- End of restoring -- Total time needed: 0.716s (Prepare: 0.091s, Compare: 0.238s, Erase: 0.000s, Program: 0.359s, Verify: 0.020s, Restore: 0.007s)  returns 0xFFFFFFFE (0719ms, 6550ms total)
T24F0 495:882 JLINK_Halt()  returns 0x00 (0001ms, 6551ms total)
T24F0 495:883 JLINK_ReadReg(R15 (PC))  returns 0xFFFFFFFE (0000ms, 6551ms total)
T24F0 495:883 JLINK_ReadReg(R13 (SP))  returns 0xFFFFFFFC (0000ms, 6551ms total)
T26F4 495:978 JLINK_IsHalted()  returns TRUE (0000ms, 6551ms total)
T24F0 495:988 JLINK_ReadReg(R0)  returns 0x400E1400 (0000ms, 6551ms total)
T24F0 495:988 JLINK_ReadReg(R1)  returns 0x40C00000 (0000ms, 6551ms total)
T24F0 495:988 JLINK_ReadReg(R2)  returns 0xA5000005 (0000ms, 6551ms total)
T24F0 495:988 JLINK_ReadReg(R3)  returns 0x20000000 (0000ms, 6551ms total)
T24F0 495:988 JLINK_ReadReg(R4)  returns 0x00401161 (0000ms, 6551ms total)
T24F0 495:988 JLINK_ReadReg(R5)  returns 0x00000002 (0000ms, 6551ms total)
T24F0 495:988 JLINK_ReadReg(R6)  returns 0x00401D9D (0000ms, 6551ms total)
T24F0 495:988 JLINK_ReadReg(R7)  returns 0x004009F1 (0000ms, 6551ms total)
T24F0 495:988 JLINK_ReadReg(R8)  returns 0x00000140 (0000ms, 6551ms total)
T24F0 495:988 JLINK_ReadReg(R9)  returns 0x00400B55 (0000ms, 6551ms total)
T24F0 495:988 JLINK_ReadReg(R10)  returns 0xBE9CB28E (0000ms, 6551ms total)
T24F0 495:988 JLINK_ReadReg(R11)  returns 0x9050A742 (0000ms, 6551ms total)
T24F0 495:988 JLINK_ReadReg(R12)  returns 0x00000000 (0000ms, 6551ms total)
T24F0 495:988 JLINK_ReadReg(R13 (SP))  returns 0xFFFFFFFC (0000ms, 6551ms total)
T24F0 495:988 JLINK_ReadReg(R14)  returns 0xFFFFFFFF (0000ms, 6551ms total)
T24F0 495:988 JLINK_ReadReg(R15 (PC))  returns 0xFFFFFFFE (0000ms, 6551ms total)
T24F0 495:988 JLINK_ReadReg(XPSR)  returns 0x01000000 (0000ms, 6551ms total)
T24F0 495:988 JLINK_ReadReg(MSP)  returns 0xFFFFFFFC (0000ms, 6551ms total)
T24F0 495:988 JLINK_ReadReg(PSP)  returns 0x51F3D124 (0000ms, 6551ms total)
T24F0 495:988 JLINK_ReadReg(PRIMASK)  returns 0x00000000 (0000ms, 6551ms total)
T24F0 495:988 JLINK_ReadReg(BASEPRI)  returns 0x00000000 (0000ms, 6551ms total)
T24F0 495:988 JLINK_ReadReg(FAULTMASK)  returns 0x00000000 (0000ms, 6551ms total)
T24F0 495:988 JLINK_ReadReg(CONTROL)  returns 0x00000000 (0000ms, 6551ms total)
T24F0 495:999 JLINK_EndDownload()  returns 0x00 (0000ms, 6551ms total)
T24F0 495:999 JLINK_Reset() -- CPU_ReadMem(16 bytes @ 0x20000000) -- CPU_WriteMem(16 bytes @ 0x20000000) -- CPU_ReadMem(4 bytes @ 0xE000EDFC) -- CPU_WriteMem(4 bytes @ 0xE000EDFC) -- CPU_ReadMem(4 bytes @ 0xE0001000) -- CPU_WriteMem(4 bytes @ 0xE000EDFC) -- CPU_WriteMem(16 bytes @ 0x20000000) -- CPU_WriteMem(4 bytes @ 0xE0002000) -- CPU_ReadMem(4 bytes @ 0xE000EDFC) -- CPU_ReadMem(4 bytes @ 0xE0001000) (0030ms, 6581ms total)
T26F4 496:029 JLINK_IsHalted()  returns TRUE (0000ms, 6581ms total)
T26F4 496:029 JLINK_GetMOEs(...) -- CPU_ReadMem(4 bytes @ 0xE000ED30) -- CPU_WriteMem(4 bytes @ 0xE000ED30)  returns 0x01 (0002ms, 6583ms total)
T26F4 496:031 JLINK_ReadReg(R15 (PC))  returns 0x004014A0 (0000ms, 6583ms total)
T24F0 496:039 JLINK_ReadReg(R15 (PC))  returns 0x004014A0 (0000ms, 6583ms total)
T24F0 496:039 JLINK_ReadReg(R13 (SP))  returns 0x20003D60 (0000ms, 6583ms total)
T24F0 496:101 JLINK_ReadMemHW(0x004014A0, 0x0004 Bytes, ...) -- CPU_ReadMem(4 bytes @ 0x004014A0) - Data: 08 B5 20 4B  returns 0x00 (0001ms, 6584ms total)
T24F0 496:133 JLINK_ReadMemHW(0x004018F0, 0x0001 Bytes, ...) -- CPU_ReadMem(1 bytes @ 0x004018F0) - Data: 80  returns 0x00 (0001ms, 6585ms total)
T24F0 496:164 JLINK_ReadReg(R15 (PC))  returns 0x004014A0 (0000ms, 6585ms total)
T24F0 496:164 JLINK_GetNumBPUnits(Type = 0xFFFFFF02)  returns 0x06 (0000ms, 6585ms total)
T24F0 496:164 JLINK_SetBPEx(Addr = 0x004018F0, Type = 0xFFFFFF02)  returns 0x00000001 (0000ms, 6585ms total)
T24F0 496:164 JLINK_GetBPInfo(BPHandle = 1)  returns 0x00 (0000ms, 6585ms total)
T24F0 496:164 JLINK_Go() -- CPU_ReadMem(4 bytes @ 0xE0001000) -- CPU_WriteMem(4 bytes @ 0xE0002008) -- CPU_WriteMem(4 bytes @ 0xE000200C) -- CPU_WriteMem(4 bytes @ 0xE0002010) -- CPU_WriteMem(4 bytes @ 0xE0002014) -- CPU_WriteMem(4 bytes @ 0xE0002018) -- CPU_WriteMem(4 bytes @ 0xE000201C) -- CPU_WriteMem(4 bytes @ 0xE0001004) (0009ms, 6594ms total)
T26F4 496:173 JLINK_IsHalted()  returns FALSE (0001ms, 6595ms total)
T26F4 496:194 JLINK_IsHalted()  returns TRUE (0003ms, 6597ms total)
T26F4 496:197 JLINK_GetMOEs(...) -- CPU_ReadMem(4 bytes @ 0xE000ED30) -- CPU_WriteMem(4 bytes @ 0xE000ED30)  returns 0x01 (0002ms, 6596ms total)
T26F4 496:199 JLINK_ReadReg(R15 (PC))  returns 0x004018F0 (0000ms, 6596ms total)
T26F4 496:199 JLINK_GetBPInfo(BPHandle = 1)  returns 0x00 (0000ms, 6596ms total)
T26F4 496:199 JLINK_ClrBPEx(BPHandle = 0x00000001)  returns 0x00 (0000ms, 6596ms total)
T24F0 496:203 JLINK_ReadReg(R15 (PC))  returns 0x004018F0 (0000ms, 6596ms total)
T24F0 496:203 JLINK_ReadReg(R13 (SP))  returns 0x20003D58 (0000ms, 6596ms total)
T24F0 496:203 JLINK_ReadMemHW(0x004018F0, 0x0004 Bytes, ...) -- CPU_ReadMem(4 bytes @ 0x004018F0) - Data: 80 B5 86 B0  returns 0x00 (0001ms, 6597ms total)
T24F0 496:216 JLINK_ReadReg(R15 (PC))  returns 0x004018F0 (0000ms, 6597ms total)
T24F0 496:216 JLINK_Go() -- CPU_ReadMem(4 bytes @ 0xE0001000) -- CPU_WriteMem(4 bytes @ 0xE0002008) (0003ms, 6600ms total)
T26F4 496:219 JLINK_IsHalted()  returns FALSE (0001ms, 6601ms total)
T26F4 496:260 JLINK_IsHalted()  returns FALSE (0001ms, 6601ms total)
T26F4 496:421 JLINK_IsHalted()  returns FALSE (0001ms, 6601ms total)
T26F4 497:062 JLINK_IsHalted()  returns FALSE (0002ms, 6602ms total)
T26F4 497:704 JLINK_IsHalted()  returns FALSE (0001ms, 6601ms total)
T26F4 498:345 JLINK_IsHalted()  returns FALSE (0002ms, 6602ms total)
T26F4 498:987 JLINK_IsHalted()  returns FALSE (0001ms, 6601ms total)
T26F4 499:628 JLINK_IsHalted()  returns FALSE (0002ms, 6602ms total)
T26F4 500:270 JLINK_IsHalted()  returns FALSE (0001ms, 6601ms total)
T26F4 500:912 JLINK_IsHalted()  returns FALSE (0002ms, 6602ms total)
T26F4 501:554 JLINK_IsHalted()  returns FALSE (0001ms, 6601ms total)
T26F4 502:195 JLINK_IsHalted()  returns FALSE (0002ms, 6602ms total)
T26F4 502:837 JLINK_IsHalted()  returns FALSE (0001ms, 6601ms total)
T26F4 503:478 JLINK_IsHalted()  returns FALSE (0002ms, 6602ms total)
T26F4 504:120 JLINK_IsHalted()  returns FALSE (0001ms, 6601ms total)
T26F4 504:761 JLINK_IsHalted()  returns FALSE (0002ms, 6602ms total)
T26F4 505:403 JLINK_IsHalted()  returns FALSE (0001ms, 6601ms total)
T26F4 506:044 JLINK_IsHalted()  returns FALSE (0002ms, 6602ms total)
T26F4 506:686 JLINK_IsHalted()  returns FALSE (0001ms, 6601ms total)
T26F4 507:327 JLINK_IsHalted()  returns FALSE (0002ms, 6602ms total)
T26F4 507:969 JLINK_IsHalted()  returns FALSE (0001ms, 6601ms total)
T26F4 508:610 JLINK_IsHalted()  returns FALSE (0002ms, 6602ms total)
T26F4 509:252 JLINK_IsHalted()  returns FALSE (0001ms, 6601ms total)
T26F4 509:893 JLINK_IsHalted()  returns FALSE (0002ms, 6602ms total)
T26F4 510:535 JLINK_IsHalted()  returns FALSE (0001ms, 6601ms total)
T26F4 511:176 JLINK_IsHalted()  returns FALSE (0002ms, 6602ms total)
T26F4 511:818 JLINK_IsHalted()  returns ERROR (0002ms, 6602ms total)
T26F4 511:820 JLINK_ExecCommand("ProjectFile = T:\1101298-6\Entregas\13 - LCD\ILI93XX_EXAMPLE1\ILI93XX_EXAMPLE1\jlink.config", ...)  returns 0x00 (0000ms, 6600ms total)
T26F4 511:828 JLINK_ExecCommand("Device = AT91SAM4SD32C", ...)Device "ATSAM4SD32C" selected.  returns 0x00 (0001ms, 6601ms total)
T26F4 511:829 JLINK_TIF_Select(JLINKARM_TIF_JTAG)  returns 0x00 (0000ms, 6601ms total)
T26F4 511:829 JLINK_GetIdData(...) ScanLen=4 NumDevices=1 aId[0]=0x4BA00477 aIrRead[0]=0 aScanLen[0]=0 aScanRead[0]=0 (0000ms, 6601ms total)
T26F4 511:829 JLINK_ConfigJTAG(IRPre = 0, DRPre = 0) (0000ms, 6601ms total)
T26F4 511:829 JLINK_SetSpeed(4000) (0000ms, 6601ms total)
T26F4 511:829 JLINK_ResetPullsRESET(OFF) (0000ms, 6601ms total)
T26F4 511:829 JLINK_Connect() >0x2F8 JTAG>TotalIRLen = 4, IRPrint = 0x01 >0x30 JTAG> >0x210 JTAG> >0x70 JTAG> >0x30 JTAG> >0x30 JTAG> >0x30 JTAG> >0x30 JTAG> >0x30 JTAG> >0x30 JTAG> >0x30 JTAG> >0x30 JTAG> >0x30 JTAG> >0x30 JTAG> >0x30 JTAG> >0x30 JTAG> >0x30 JTAG> >0x30 JTAG> >0x30 JTAG> >0x30 JTAG> >0x30 JTAG> >0x30 JTAG> >0x30 JTAG> >0x30 JTAG> >0x30 JTAG> >0x30 JTAG> >0x30 JTAG> >0x30 JTAG> >0x30 JTAG> >0x30 JTAG> >0x30 JTAG> >0x30 JTAG> >0x30 JTAG> >0x30 JTAG> >0x30 JTAG> >0x30 JTAG> >0x30 JTAG>
 >0x30 JTAG> >0x30 JTAG> >0x30 JTAG> >0x30 JTAG> >0x30 JTAG> >0x30 JTAG> >0x30 JTAG> >0x30 JTAG> >0x30 JTAG> >0x30 JTAG> >0x30 JTAG> >0x30 JTAG> >0x30 JTAG> >0x30 JTAG> >0x30 JTAG> >0x30 JTAG> >0x30 JTAG> >0x30 JTAG> >0x30 JTAG> >0x30 JTAG> >0x30 JTAG> >0x30 JTAG> >0x30 JTAG> >0x30 JTAG> >0x30 JTAG> >0x30 JTAG> >0x30 JTAG> >0x30 JTAG> >0x30 JTAG> >0x30 JTAG> >0x30 JTAG> >0x30 JTAG> >0x30 JTAG> >0x30 JTAG> >0x30 JTAG> >0x30 JTAG> >0x30 JTAG> >0x30 JTAG> >0x30 JTAG> >0x30 JTAG> >0x30 JTAG> >0x30 JTAG>
 >0x30 JTAG> >0x30 JTAG> >0x30 JTAG> >0x30 JTAG> >0x30 JTAG> >0x30 JTAG> >0x30 JTAG> >0x30 JTAG> >0x30 JTAG> >0x40 JTAG> >0x40 JTAG> >0x40 JTAG> >0x48 JTAG> >0x78 JTAG> >0x40 JTAG> >0x30 JTAG> >0x40 JTAG> >0x40 JTAG> >0x30 JTAG> >0x40 JTAG> >0x48 JTAG>Found Cortex-M4 r0p1, Little endian. -- CPU_WriteMem(4 bytes @ 0xE0002000) -- CPU_ReadMem(4 bytes @ 0xE000EDF0) -- CPU_ReadMem(4 bytes @ 0xE0002000)FPUnit: 6 code (BP) slots and 2 literal slots -- CPU_ReadMem(4 bytes @ 0xE000EDFC)
 -- CPU_ReadMem(4 bytes @ 0xE0001000) -- CPU_WriteMem(4 bytes @ 0xE0001000) -- CPU_ReadMem(4 bytes @ 0xE000ED88) -- CPU_WriteMem(4 bytes @ 0xE000ED88) -- CPU_ReadMem(4 bytes @ 0xE000ED88) -- CPU_WriteMem(4 bytes @ 0xE000ED88)CoreSight components:ROMTbl 0 @ E00FF000 -- CPU_ReadMem(16 bytes @ 0xE00FF000) -- CPU_ReadMem(16 bytes @ 0xE000EFF0) -- CPU_ReadMem(16 bytes @ 0xE000EFE0)ROMTbl 0 [0]: FFF0F000, CID: B105E00D, PID: 000BB000 SCS -- CPU_ReadMem(16 bytes @ 0xE0001FF0)
 -- CPU_ReadMem(16 bytes @ 0xE0001FE0)ROMTbl 0 [1]: FFF02000, CID: B105E00D, PID: 003BB002 DWT -- CPU_ReadMem(16 bytes @ 0xE0002FF0) -- CPU_ReadMem(16 bytes @ 0xE0002FE0)ROMTbl 0 [2]: FFF03000, CID: B105E00D, PID: 002BB003 FPB -- CPU_ReadMem(16 bytes @ 0xE0000FF0) -- CPU_ReadMem(16 bytes @ 0xE0000FE0)ROMTbl 0 [3]: FFF01000, CID: B105E00D, PID: 003BB001 ITM -- CPU_ReadMem(16 bytes @ 0xE00FF010) -- CPU_ReadMem(16 bytes @ 0xE0040FF0) -- CPU_ReadMem(16 bytes @ 0xE0040FE0)
ROMTbl 0 [4]: FFF41000, CID: B105900D, PID: 000BB9A1 TPIU  returns 0x00 (0125ms, 6726ms total)
T26F4 511:954 JLINK_WriteMem(0xE0001020, 0x0004 Bytes, ...) - Data: 00 00 00 00 -- CPU is running -- CPU_WriteMem(4 bytes @ 0xE0001020)  returns 0x04 (0002ms, 6728ms total)
T26F4 511:956 JLINK_WriteMem(0xE0001024, 0x0004 Bytes, ...) - Data: 00 00 00 00 -- CPU is running -- CPU_WriteMem(4 bytes @ 0xE0001024)  returns 0x04 (0001ms, 6729ms total)
T26F4 511:957 JLINK_WriteMem(0xE0001028, 0x0004 Bytes, ...) - Data: 00 00 00 00 -- CPU is running -- CPU_WriteMem(4 bytes @ 0xE0001028)  returns 0x04 (0001ms, 6730ms total)
T26F4 511:958 JLINK_WriteMem(0xE0001030, 0x0004 Bytes, ...) - Data: 00 00 00 00 -- CPU is running -- CPU_WriteMem(4 bytes @ 0xE0001030)  returns 0x04 (0001ms, 6731ms total)
T26F4 511:959 JLINK_WriteMem(0xE0001034, 0x0004 Bytes, ...) - Data: 00 00 00 00 -- CPU is running -- CPU_WriteMem(4 bytes @ 0xE0001034)  returns 0x04 (0001ms, 6732ms total)
T26F4 511:960 JLINK_WriteMem(0xE0001038, 0x0004 Bytes, ...) - Data: 00 00 00 00 -- CPU is running -- CPU_WriteMem(4 bytes @ 0xE0001038)  returns 0x04 (0001ms, 6733ms total)
T26F4 511:961 JLINK_WriteMem(0xE0001040, 0x0004 Bytes, ...) - Data: 00 00 00 00 -- CPU is running -- CPU_WriteMem(4 bytes @ 0xE0001040)  returns 0x04 (0001ms, 6734ms total)
T26F4 511:962 JLINK_WriteMem(0xE0001044, 0x0004 Bytes, ...) - Data: 00 00 00 00 -- CPU is running -- CPU_WriteMem(4 bytes @ 0xE0001044)  returns 0x04 (0001ms, 6735ms total)
T26F4 511:963 JLINK_WriteMem(0xE0001048, 0x0004 Bytes, ...) - Data: 00 00 00 00 -- CPU is running -- CPU_WriteMem(4 bytes @ 0xE0001048)  returns 0x04 (0001ms, 6736ms total)
T26F4 511:964 JLINK_WriteMem(0xE0001050, 0x0004 Bytes, ...) - Data: 00 00 00 00 -- CPU is running -- CPU_WriteMem(4 bytes @ 0xE0001050)  returns 0x04 (0001ms, 6737ms total)
T26F4 511:965 JLINK_WriteMem(0xE0001054, 0x0004 Bytes, ...) - Data: 00 00 00 00 -- CPU is running -- CPU_WriteMem(4 bytes @ 0xE0001054)  returns 0x04 (0001ms, 6738ms total)
T26F4 511:966 JLINK_WriteMem(0xE0001058, 0x0004 Bytes, ...) - Data: 00 00 00 00 -- CPU is running -- CPU_WriteMem(4 bytes @ 0xE0001058)  returns 0x04 (0001ms, 6739ms total)
T26F4 511:967 JLINK_Go()
  ***** Error: CPU is not halted (0001ms, 6740ms total)
T26F4 512:608 JLINK_IsHalted()  returns FALSE (0002ms, 6742ms total)
T26F4 513:250 JLINK_IsHalted()  returns FALSE (0001ms, 6741ms total)
T26F4 513:891 JLINK_IsHalted()  returns FALSE (0002ms, 6742ms total)
T26F4 514:533 JLINK_IsHalted()  returns FALSE (0001ms, 6741ms total)
T26F4 515:174 JLINK_IsHalted()  returns FALSE (0002ms, 6742ms total)
T26F4 515:816 JLINK_IsHalted()  returns FALSE (0001ms, 6741ms total)
T26F4 516:457 JLINK_IsHalted()  returns FALSE (0002ms, 6742ms total)
T26F4 517:099 JLINK_IsHalted()  returns FALSE (0001ms, 6741ms total)
T26F4 517:740 JLINK_IsHalted()  returns FALSE (0002ms, 6742ms total)
T26F4 518:383 JLINK_IsHalted()  returns FALSE (0001ms, 6741ms total)
T26F4 519:024 JLINK_IsHalted()  returns FALSE (0002ms, 6742ms total)
T26F4 519:666 JLINK_IsHalted()  returns FALSE (0001ms, 6741ms total)
T26F4 520:307 JLINK_IsHalted()  returns FALSE (0002ms, 6742ms total)
T26F4 520:949 JLINK_IsHalted()  returns FALSE (0001ms, 6741ms total)
T26F4 521:590 JLINK_IsHalted()  returns FALSE (0002ms, 6742ms total)
T26F4 522:232 JLINK_IsHalted()  returns FALSE (0001ms, 6741ms total)
T26F4 522:873 JLINK_IsHalted()  returns FALSE (0002ms, 6742ms total)
T26F4 523:515 JLINK_IsHalted()  returns FALSE (0001ms, 6741ms total)
T26F4 524:156 JLINK_IsHalted()  returns FALSE (0002ms, 6742ms total)
T26F4 524:798 JLINK_IsHalted()  returns FALSE (0001ms, 6741ms total)
T26F4 525:439 JLINK_IsHalted()  returns FALSE (0002ms, 6742ms total)
T26F4 526:081 JLINK_IsHalted()  returns FALSE (0001ms, 6741ms total)
T26F4 526:722 JLINK_IsHalted()  returns FALSE (0002ms, 6742ms total)
T26F4 527:364 JLINK_IsHalted()  returns FALSE (0001ms, 6741ms total)
T26F4 528:005 JLINK_IsHalted()  returns FALSE (0002ms, 6742ms total)
T26F4 528:647 JLINK_IsHalted()  returns FALSE (0001ms, 6741ms total)
T26F4 529:288 JLINK_IsHalted()  returns FALSE (0002ms, 6742ms total)
T26F4 529:930 JLINK_IsHalted()  returns FALSE (0001ms, 6741ms total)
T26F4 530:571 JLINK_IsHalted()  returns FALSE (0002ms, 6742ms total)
T26F4 531:213 JLINK_IsHalted()  returns FALSE (0001ms, 6741ms total)
T26F4 531:854 JLINK_IsHalted()  returns FALSE (0002ms, 6742ms total)
T26F4 532:496 JLINK_IsHalted()  returns FALSE (0001ms, 6741ms total)
T26F4 533:137 JLINK_IsHalted()  returns FALSE (0002ms, 6742ms total)
T26F4 533:779 JLINK_IsHalted()  returns FALSE (0001ms, 6741ms total)
T26F4 534:420 JLINK_IsHalted()  returns FALSE (0002ms, 6742ms total)
T26F4 535:062 JLINK_IsHalted()  returns FALSE (0001ms, 6741ms total)
T26F4 535:704 JLINK_IsHalted()  returns FALSE (0002ms, 6742ms total)
T26F4 536:346 JLINK_IsHalted()  returns FALSE (0001ms, 6741ms total)
T26F4 536:987 JLINK_IsHalted()  returns FALSE (0002ms, 6742ms total)
T26F4 537:629 JLINK_IsHalted()  returns FALSE (0001ms, 6741ms total)
T26F4 538:270 JLINK_IsHalted()  returns FALSE (0002ms, 6742ms total)
T26F4 538:912 JLINK_IsHalted()  returns FALSE (0001ms, 6741ms total)
T26F4 539:553 JLINK_IsHalted()  returns FALSE (0002ms, 6742ms total)
T26F4 540:195 JLINK_IsHalted()  returns FALSE (0001ms, 6741ms total)
T26F4 540:836 JLINK_IsHalted()  returns FALSE (0002ms, 6742ms total)
T26F4 541:478 JLINK_IsHalted()  returns FALSE (0001ms, 6741ms total)
T26F4 542:119 JLINK_IsHalted()  returns FALSE (0002ms, 6742ms total)
T26F4 542:761 JLINK_IsHalted()  returns FALSE (0001ms, 6741ms total)
T26F4 543:402 JLINK_IsHalted()  returns FALSE (0002ms, 6742ms total)
T26F4 544:044 JLINK_IsHalted()  returns FALSE (0001ms, 6741ms total)
T24F0 544:379 JLINK_Halt()  returns 0x00 (0004ms, 6744ms total)
T26F4 544:685 JLINK_IsHalted()  returns TRUE (0001ms, 6745ms total)
T26F4 544:686 JLINK_GetMOEs(...) -- CPU_ReadMem(4 bytes @ 0xE000ED30) -- CPU_WriteMem(4 bytes @ 0xE000ED30)  returns 0x01 (0002ms, 6746ms total)
T26F4 544:688 JLINK_ReadReg(R15 (PC))  returns 0x00401192 (0000ms, 6746ms total)
T1AF0 544:689 JLINK_ResetPullsRESET(ON) (0000ms, 6746ms total)
T1AF0 544:689 JLINK_ResetNoHalt() >0x2F8 JTAG>TotalIRLen = 4, IRPrint = 0x01 >0x30 JTAG> >0x210 JTAG> >0x70 JTAG> >0x40 JTAG> >0x40 JTAG> >0x40 JTAG> >0x48 JTAG> >0x78 JTAG> >0x40 JTAG> >0x30 JTAG> >0x40 JTAG> >0x40 JTAG> >0x30 JTAG> >0x40 JTAG> >0x48 JTAG>Found Cortex-M4 r0p1, Little endian. -- CPU_WriteMem(4 bytes @ 0xE0002000) -- CPU_ReadMem(4 bytes @ 0xE000EDF0) -- CPU_ReadMem(4 bytes @ 0xE0002000)FPUnit: 6 code (BP) slots and 2 literal slots -- CPU_ReadMem(4 bytes @ 0xE000EDFC)
 -- CPU_ReadMem(4 bytes @ 0xE0001000) -- CPU_ReadMem(4 bytes @ 0xE000ED88) -- CPU_WriteMem(4 bytes @ 0xE000ED88) -- CPU_ReadMem(4 bytes @ 0xE000ED88) -- CPU_WriteMem(4 bytes @ 0xE000ED88)CoreSight components:ROMTbl 0 @ E00FF000 -- CPU_ReadMem(16 bytes @ 0xE00FF000) -- CPU_ReadMem(16 bytes @ 0xE000EFF0) -- CPU_ReadMem(16 bytes @ 0xE000EFE0)ROMTbl 0 [0]: FFF0F000, CID: B105E00D, PID: 000BB000 SCS -- CPU_WriteMem(4 bytes @ 0xE0001000) -- CPU_ReadMem(16 bytes @ 0xE0001FF0)
 -- CPU_ReadMem(16 bytes @ 0xE0001FE0)ROMTbl 0 [1]: FFF02000, CID: B105E00D, PID: 003BB002 DWT -- CPU_ReadMem(16 bytes @ 0xE0002FF0) -- CPU_ReadMem(16 bytes @ 0xE0002FE0)ROMTbl 0 [2]: FFF03000, CID: B105E00D, PID: 002BB003 FPB -- CPU_ReadMem(16 bytes @ 0xE0000FF0) -- CPU_ReadMem(16 bytes @ 0xE0000FE0)ROMTbl 0 [3]: FFF01000, CID: B105E00D, PID: 003BB001 ITM -- CPU_ReadMem(16 bytes @ 0xE00FF010) -- CPU_ReadMem(16 bytes @ 0xE0040FF0) -- CPU_ReadMem(16 bytes @ 0xE0040FE0)
ROMTbl 0 [4]: FFF41000, CID: B105900D, PID: 000BB9A1 TPIU
                JLINK_Reset() -- CPU_ReadMem(16 bytes @ 0x20000000) -- CPU_WriteMem(16 bytes @ 0x20000000) -- CPU_ReadMem(4 bytes @ 0xE000EDFC) -- CPU_WriteMem(4 bytes @ 0xE000EDFC) -- CPU_ReadMem(4 bytes @ 0xE0001000) -- CPU_WriteMem(4 bytes @ 0xE000EDFC) -- CPU_WriteMem(16 bytes @ 0x20000000) -- CPU_WriteMem(4 bytes @ 0xE0002000) -- CPU_ReadMem(4 bytes @ 0xE000EDFC) -- CPU_ReadMem(4 bytes @ 0xE0001000) (0030ms, 0030ms total)
                JLINK_Go() -- CPU_ReadMem(4 bytes @ 0xE0001000) -- CPU_WriteMem(4 bytes @ 0xE0002008) -- CPU_WriteMem(4 bytes @ 0xE000200C) -- CPU_WriteMem(4 bytes @ 0xE0002010) -- CPU_WriteMem(4 bytes @ 0xE0002014) -- CPU_WriteMem(4 bytes @ 0xE0002018) -- CPU_WriteMem(4 bytes @ 0xE000201C) -- CPU_WriteMem(4 bytes @ 0xE0001004) (0009ms, 0039ms total)
               (0079ms, 6825ms total)
T1AF0 544:772 JLINK_Close() -- CPU is running -- CPU_WriteMem(4 bytes @ 0xE0002008) -- CPU is running -- CPU_WriteMem(4 bytes @ 0xE000200C) -- CPU is running -- CPU_WriteMem(4 bytes @ 0xE0002010) -- CPU is running -- CPU_WriteMem(4 bytes @ 0xE0002014) -- CPU is running -- CPU_WriteMem(4 bytes @ 0xE0002018) -- CPU is running -- CPU_WriteMem(4 bytes @ 0xE000201C) >0x78 JTAG> >0x08 JTAG> (0012ms, 6837ms total)
T1AF0 544:772  (0012ms, 6837ms total)
T1AF0 544:772 Closed (0012ms, 6837ms total)
