T16FC 5168:112 SEGGER J-Link V4.98e Log File (0002ms, 54202ms total)
T16FC 5168:112 DLL Compiled: May  5 2015 11:00:52 (0002ms, 54202ms total)
T16FC 5168:112 Logging started @ 2016-03-23 16:56 (0002ms, 54202ms total)
T16FC 5168:145 JLINK_ExecCommand("Device = AT91SAM4SD32C", ...)Device "ATSAM4SD32C" selected.  returns 0x00 (0001ms, 54203ms total)
T16FC 5170:473 JLINK_ExecCommand("ProjectFile = C:\Users\Lucas\Desktop\Microcontroladores\GPIO_REGISTRADORES_LED\IOPORT_EXAMPLE31\jlink.config", ...)  returns 0x00 (0001ms, 54204ms total)
T16FC 5170:517 JLINK_ExecCommand("Device = AT91SAM4SD32C", ...)Device "ATSAM4SD32C" selected.  returns 0x00 (0001ms, 54205ms total)
T16FC 5170:518 JLINK_TIF_Select(JLINKARM_TIF_JTAG)  returns 0x00 (0005ms, 54210ms total)
T16FC 5170:523 JLINK_GetIdData(...) >0x2F8 JTAG>TotalIRLen = 4, IRPrint = 0x01 >0x30 JTAG> >0x210 JTAG> >0x70 JTAG> >0x40 JTAG> >0x40 JTAG> >0x40 JTAG> >0x48 JTAG> >0x78 JTAG> >0x40 JTAG> >0x30 JTAG> >0x40 JTAG> >0x40 JTAG> >0x30 JTAG> >0x40 JTAG> >0x48 JTAG>Found Cortex-M4 r0p1, Little endian. -- CPU_WriteMem(4 bytes @ 0xE0002000) -- CPU_ReadMem(4 bytes @ 0xE000EDF0) -- CPU_ReadMem(4 bytes @ 0xE0002000)FPUnit: 6 code (BP) slots and 2 literal slots -- CPU_ReadMem(4 bytes @ 0xE000EDFC)
 -- CPU_ReadMem(4 bytes @ 0xE0001000) -- CPU_WriteMem(4 bytes @ 0xE0001000) -- CPU_ReadMem(4 bytes @ 0xE000ED88) -- CPU_WriteMem(4 bytes @ 0xE000ED88) -- CPU_ReadMem(4 bytes @ 0xE000ED88) -- CPU_WriteMem(4 bytes @ 0xE000ED88)CoreSight components:ROMTbl 0 @ E00FF000 -- CPU_ReadMem(16 bytes @ 0xE00FF000) -- CPU_ReadMem(16 bytes @ 0xE000EFF0) -- CPU_ReadMem(16 bytes @ 0xE000EFE0)ROMTbl 0 [0]: FFF0F000, CID: B105E00D, PID: 000BB000 SCS -- CPU_ReadMem(16 bytes @ 0xE0001FF0)
 -- CPU_ReadMem(16 bytes @ 0xE0001FE0)ROMTbl 0 [1]: FFF02000, CID: B105E00D, PID: 003BB002 DWT -- CPU_ReadMem(16 bytes @ 0xE0002FF0) -- CPU_ReadMem(16 bytes @ 0xE0002FE0)ROMTbl 0 [2]: FFF03000, CID: B105E00D, PID: 002BB003 FPB -- CPU_ReadMem(16 bytes @ 0xE0000FF0) -- CPU_ReadMem(16 bytes @ 0xE0000FE0)ROMTbl 0 [3]: FFF01000, CID: B105E00D, PID: 003BB001 ITM -- CPU_ReadMem(16 bytes @ 0xE00FF010) -- CPU_ReadMem(16 bytes @ 0xE0040FF0) -- CPU_ReadMem(16 bytes @ 0xE0040FE0)
ROMTbl 0 [4]: FFF41000, CID: B105900D, PID: 000BB9A1 TPIU ScanLen=4 NumDevices=1 aId[0]=0x4BA00477 aIrRead[0]=0 aScanLen[0]=0 aScanRead[0]=0 (0062ms, 54272ms total)
T16FC 5170:585 JLINK_ConfigJTAG(IRPre = 0, DRPre = 0) (0000ms, 54272ms total)
T16FC 5170:586 JLINK_SetSpeed(1000) (0000ms, 54272ms total)
T16FC 5170:586 JLINK_ResetPullsRESET(OFF) (0000ms, 54272ms total)
T16FC 5170:586 JLINK_Connect() >0x2F8 JTAG>TotalIRLen = 4, IRPrint = 0x01 >0x30 JTAG> >0x210 JTAG> >0x70 JTAG> >0x40 JTAG> >0x40 JTAG> >0x40 JTAG> >0x48 JTAG> >0x78 JTAG> >0x40 JTAG> >0x30 JTAG> >0x40 JTAG> >0x40 JTAG> >0x30 JTAG> >0x40 JTAG> >0x48 JTAG>Found Cortex-M4 r0p1, Little endian. -- CPU_WriteMem(4 bytes @ 0xE0002000) -- CPU_ReadMem(4 bytes @ 0xE000EDF0) -- CPU_ReadMem(4 bytes @ 0xE0002000)FPUnit: 6 code (BP) slots and 2 literal slots -- CPU_ReadMem(4 bytes @ 0xE000EDFC)
 -- CPU_ReadMem(4 bytes @ 0xE0001000) -- CPU_WriteMem(4 bytes @ 0xE0001000) -- CPU_ReadMem(4 bytes @ 0xE000ED88) -- CPU_WriteMem(4 bytes @ 0xE000ED88) -- CPU_ReadMem(4 bytes @ 0xE000ED88) -- CPU_WriteMem(4 bytes @ 0xE000ED88)CoreSight components:ROMTbl 0 @ E00FF000 -- CPU_ReadMem(16 bytes @ 0xE00FF000) -- CPU_ReadMem(16 bytes @ 0xE000EFF0) -- CPU_ReadMem(16 bytes @ 0xE000EFE0)ROMTbl 0 [0]: FFF0F000, CID: B105E00D, PID: 000BB000 SCS -- CPU_ReadMem(16 bytes @ 0xE0001FF0)
 -- CPU_ReadMem(16 bytes @ 0xE0001FE0)ROMTbl 0 [1]: FFF02000, CID: B105E00D, PID: 003BB002 DWT -- CPU_ReadMem(16 bytes @ 0xE0002FF0) -- CPU_ReadMem(16 bytes @ 0xE0002FE0)ROMTbl 0 [2]: FFF03000, CID: B105E00D, PID: 002BB003 FPB -- CPU_ReadMem(16 bytes @ 0xE0000FF0) -- CPU_ReadMem(16 bytes @ 0xE0000FE0)ROMTbl 0 [3]: FFF01000, CID: B105E00D, PID: 003BB001 ITM -- CPU_ReadMem(16 bytes @ 0xE00FF010) -- CPU_ReadMem(16 bytes @ 0xE0040FF0) -- CPU_ReadMem(16 bytes @ 0xE0040FE0)
ROMTbl 0 [4]: FFF41000, CID: B105900D, PID: 000BB9A1 TPIU  returns 0x00 (0058ms, 54330ms total)
T16FC 5170:645 JLINK_GetDebugInfo(0x100) -- Value=0xE00FF003  returns 0x00 (0001ms, 54331ms total)
T16FC 5170:646 JLINK_ReadMem (0xE00FFFF0, 0x0010 Bytes, ...) -- CPU is running -- CPU_ReadMem(16 bytes @ 0xE00FFFF0) - Data: 0D 00 00 00 10 00 00 00 05 00 00 00 B1 00 00 00  returns 0x00 (0003ms, 54334ms total)
T16FC 5170:649 JLINK_ReadMem (0xE00FFFD0, 0x0020 Bytes, ...) -- CPU is running -- CPU_ReadMem(32 bytes @ 0xE00FFFD0) - Data: 04 00 00 00 00 00 00 00 00 00 00 00 00 00 00 00 ...  returns 0x00 (0002ms, 54336ms total)
T16FC 5170:651 JLINK_ReadMemU32(0xE00FF000, 0x0001 Items, ...) -- CPU is running -- CPU_ReadMem(4 bytes @ 0xE00FF000) - Data: 03 F0 F0 FF  returns 0x01 (0001ms, 54337ms total)
T16FC 5170:652 JLINK_ReadMem (0xE000EFF0, 0x0010 Bytes, ...) -- CPU is running -- CPU_ReadMem(16 bytes @ 0xE000EFF0) - Data: 0D 00 00 00 E0 00 00 00 05 00 00 00 B1 00 00 00  returns 0x00 (0002ms, 54339ms total)
T16FC 5170:654 JLINK_ReadMem (0xE000EFD0, 0x0020 Bytes, ...) -- CPU is running -- CPU_ReadMem(32 bytes @ 0xE000EFD0) - Data: 04 00 00 00 00 00 00 00 00 00 00 00 00 00 00 00 ...  returns 0x00 (0003ms, 54342ms total)
T16FC 5170:657 JLINK_ReadMemU32(0xE00FF004, 0x0001 Items, ...) -- CPU is running -- CPU_ReadMem(4 bytes @ 0xE00FF004) - Data: 03 20 F0 FF  returns 0x01 (0002ms, 54344ms total)
T16FC 5170:659 JLINK_ReadMem (0xE0001FF0, 0x0010 Bytes, ...) -- CPU is running -- CPU_ReadMem(16 bytes @ 0xE0001FF0) - Data: 0D 00 00 00 E0 00 00 00 05 00 00 00 B1 00 00 00  returns 0x00 (0002ms, 54346ms total)
T16FC 5170:661 JLINK_ReadMem (0xE0001FD0, 0x0020 Bytes, ...) -- CPU is running -- CPU_ReadMem(32 bytes @ 0xE0001FD0) - Data: 04 00 00 00 00 00 00 00 00 00 00 00 00 00 00 00 ...  returns 0x00 (0002ms, 54348ms total)
T16FC 5170:663 JLINK_ReadMemU32(0xE00FF008, 0x0001 Items, ...) -- CPU is running -- CPU_ReadMem(4 bytes @ 0xE00FF008) - Data: 03 30 F0 FF  returns 0x01 (0001ms, 54349ms total)
T16FC 5170:664 JLINK_ReadMem (0xE0002FF0, 0x0010 Bytes, ...) -- CPU is running -- CPU_ReadMem(16 bytes @ 0xE0002FF0) - Data: 0D 00 00 00 E0 00 00 00 05 00 00 00 B1 00 00 00  returns 0x00 (0002ms, 54351ms total)
T16FC 5170:666 JLINK_ReadMem (0xE0002FD0, 0x0020 Bytes, ...) -- CPU is running -- CPU_ReadMem(32 bytes @ 0xE0002FD0) - Data: 04 00 00 00 00 00 00 00 00 00 00 00 00 00 00 00 ...  returns 0x00 (0003ms, 54354ms total)
T16FC 5170:669 JLINK_ReadMemU32(0xE00FF00C, 0x0001 Items, ...) -- CPU is running -- CPU_ReadMem(4 bytes @ 0xE00FF00C) - Data: 03 10 F0 FF  returns 0x01 (0001ms, 54355ms total)
T16FC 5170:670 JLINK_ReadMem (0xE0000FF0, 0x0010 Bytes, ...) -- CPU is running -- CPU_ReadMem(16 bytes @ 0xE0000FF0) - Data: 0D 00 00 00 E0 00 00 00 05 00 00 00 B1 00 00 00  returns 0x00 (0002ms, 54357ms total)
T16FC 5170:673 JLINK_ReadMem (0xE0000FD0, 0x0020 Bytes, ...) -- CPU is running -- CPU_ReadMem(32 bytes @ 0xE0000FD0) - Data: 04 00 00 00 00 00 00 00 00 00 00 00 00 00 00 00 ...  returns 0x00 (0002ms, 54359ms total)
T16FC 5170:675 JLINK_ReadMemU32(0xE00FF010, 0x0001 Items, ...) -- CPU is running -- CPU_ReadMem(4 bytes @ 0xE00FF010) - Data: 03 10 F4 FF  returns 0x01 (0001ms, 54360ms total)
T16FC 5170:676 JLINK_ReadMem (0xE0040FF0, 0x0010 Bytes, ...) -- CPU is running -- CPU_ReadMem(16 bytes @ 0xE0040FF0) - Data: 0D 00 00 00 90 00 00 00 05 00 00 00 B1 00 00 00  returns 0x00 (0002ms, 54362ms total)
T16FC 5170:678 JLINK_ReadMem (0xE0040FD0, 0x0020 Bytes, ...) -- CPU is running -- CPU_ReadMem(32 bytes @ 0xE0040FD0) - Data: 04 00 00 00 00 00 00 00 00 00 00 00 00 00 00 00 ...  returns 0x00 (0002ms, 54364ms total)
T16FC 5170:680 JLINK_ReadMemU32(0xE00FF014, 0x0001 Items, ...) -- CPU is running -- CPU_ReadMem(4 bytes @ 0xE00FF014) - Data: 02 20 F4 FF  returns 0x01 (0002ms, 54366ms total)
T16FC 5170:682 JLINK_ReadMemU32(0xE00FF018, 0x0001 Items, ...) -- CPU is running -- CPU_ReadMem(4 bytes @ 0xE00FF018) - Data: 00 00 00 00  returns 0x01 (0002ms, 54368ms total)
T16FC 5170:684 JLINK_ReadMem (0xE0001000, 0x0004 Bytes, ...) -- CPU is running -- CPU_ReadMem(4 bytes @ 0xE0001000) - Data: 01 00 00 40  returns 0x00 (0001ms, 54369ms total)
T16FC 5170:685 JLINK_ReadMem (0xE0001000, 0x0004 Bytes, ...) -- CPU is running -- CPU_ReadMem(4 bytes @ 0xE0001000) - Data: 01 00 00 40  returns 0x00 (0002ms, 54371ms total)
T16FC 5170:687 JLINK_ReadMem (0xE0001028, 0x0004 Bytes, ...) -- CPU is running -- CPU_ReadMem(4 bytes @ 0xE0001028) - Data: 00 00 00 00  returns 0x00 (0001ms, 54372ms total)
T16FC 5170:688 JLINK_WriteMem(0xE0001028, 0x0004 Bytes, ...) - Data: 00 01 00 00 -- CPU is running -- CPU_WriteMem(4 bytes @ 0xE0001028)  returns 0x04 (0002ms, 54374ms total)
T16FC 5170:690 JLINK_ReadMem (0xE0001028, 0x0004 Bytes, ...) -- CPU is running -- CPU_ReadMem(4 bytes @ 0xE0001028) - Data: 00 00 00 00  returns 0x00 (0001ms, 54375ms total)
T16FC 5170:691 JLINK_ReadMem (0xE0001038, 0x0004 Bytes, ...) -- CPU is running -- CPU_ReadMem(4 bytes @ 0xE0001038) - Data: 00 02 00 00  returns 0x00 (0002ms, 54377ms total)
T16FC 5170:693 JLINK_WriteMem(0xE0001038, 0x0004 Bytes, ...) - Data: 00 03 00 00 -- CPU is running -- CPU_WriteMem(4 bytes @ 0xE0001038)  returns 0x04 (0001ms, 54378ms total)
T16FC 5170:695 JLINK_ReadMem (0xE0001038, 0x0004 Bytes, ...) -- CPU is running -- CPU_ReadMem(4 bytes @ 0xE0001038) - Data: 00 03 00 00  returns 0x00 (0001ms, 54379ms total)
T16FC 5170:696 JLINK_ReadMem (0xE0001048, 0x0004 Bytes, ...) -- CPU is running -- CPU_ReadMem(4 bytes @ 0xE0001048) - Data: 00 00 00 00  returns 0x00 (0002ms, 54381ms total)
T16FC 5170:698 JLINK_WriteMem(0xE0001048, 0x0004 Bytes, ...) - Data: 00 01 00 00 -- CPU is running -- CPU_WriteMem(4 bytes @ 0xE0001048)  returns 0x04 (0002ms, 54383ms total)
T16FC 5170:700 JLINK_ReadMem (0xE0001048, 0x0004 Bytes, ...) -- CPU is running -- CPU_ReadMem(4 bytes @ 0xE0001048) - Data: 00 00 00 00  returns 0x00 (0002ms, 54385ms total)
T16FC 5170:702 JLINK_ReadMem (0xE0001058, 0x0004 Bytes, ...) -- CPU is running -- CPU_ReadMem(4 bytes @ 0xE0001058) - Data: 00 00 00 00  returns 0x00 (0001ms, 54386ms total)
T16FC 5170:703 JLINK_WriteMem(0xE0001058, 0x0004 Bytes, ...) - Data: 00 01 00 00 -- CPU is running -- CPU_WriteMem(4 bytes @ 0xE0001058)  returns 0x04 (0002ms, 54388ms total)
T16FC 5170:705 JLINK_ReadMem (0xE0001058, 0x0004 Bytes, ...) -- CPU is running -- CPU_ReadMem(4 bytes @ 0xE0001058) - Data: 00 00 00 00  returns 0x00 (0002ms, 54390ms total)
T16FC 5170:707 JLINK_ReadMem (0xE0001024, 0x0004 Bytes, ...) -- CPU is running -- CPU_ReadMem(4 bytes @ 0xE0001024) - Data: 00 00 00 00  returns 0x00 (0002ms, 54392ms total)
T16FC 5170:709 JLINK_WriteMem(0xE0001024, 0x0004 Bytes, ...) - Data: 1F 00 00 00 -- CPU is running -- CPU_WriteMem(4 bytes @ 0xE0001024)  returns 0x04 (0001ms, 54393ms total)
T16FC 5170:710 JLINK_ReadMem (0xE0001024, 0x0004 Bytes, ...) -- CPU is running -- CPU_ReadMem(4 bytes @ 0xE0001024) - Data: 0F 00 00 00  returns 0x00 (0002ms, 54395ms total)
T16FC 5170:712 JLINK_ReadMem (0xE0001034, 0x0004 Bytes, ...) -- CPU is running -- CPU_ReadMem(4 bytes @ 0xE0001034) - Data: 00 00 00 00  returns 0x00 (0002ms, 54397ms total)
T16FC 5170:714 JLINK_WriteMem(0xE0001034, 0x0004 Bytes, ...) - Data: 1F 00 00 00 -- CPU is running -- CPU_WriteMem(4 bytes @ 0xE0001034)  returns 0x04 (0001ms, 54398ms total)
T16FC 5170:715 JLINK_ReadMem (0xE0001034, 0x0004 Bytes, ...) -- CPU is running -- CPU_ReadMem(4 bytes @ 0xE0001034) - Data: 0F 00 00 00  returns 0x00 (0002ms, 54400ms total)
T16FC 5170:717 JLINK_ReadMem (0xE0001044, 0x0004 Bytes, ...) -- CPU is running -- CPU_ReadMem(4 bytes @ 0xE0001044) - Data: 00 00 00 00  returns 0x00 (0002ms, 54402ms total)
T16FC 5170:719 JLINK_WriteMem(0xE0001044, 0x0004 Bytes, ...) - Data: 1F 00 00 00 -- CPU is running -- CPU_WriteMem(4 bytes @ 0xE0001044)  returns 0x04 (0001ms, 54403ms total)
T16FC 5170:720 JLINK_ReadMem (0xE0001044, 0x0004 Bytes, ...) -- CPU is running -- CPU_ReadMem(4 bytes @ 0xE0001044) - Data: 0F 00 00 00  returns 0x00 (0002ms, 54405ms total)
T16FC 5170:722 JLINK_ReadMem (0xE0001054, 0x0004 Bytes, ...) -- CPU is running -- CPU_ReadMem(4 bytes @ 0xE0001054) - Data: 00 00 00 00  returns 0x00 (0002ms, 54407ms total)
T16FC 5170:724 JLINK_WriteMem(0xE0001054, 0x0004 Bytes, ...) - Data: 1F 00 00 00 -- CPU is running -- CPU_WriteMem(4 bytes @ 0xE0001054)  returns 0x04 (0001ms, 54408ms total)
T16FC 5170:726 JLINK_ReadMem (0xE0001054, 0x0004 Bytes, ...) -- CPU is running -- CPU_ReadMem(4 bytes @ 0xE0001054) - Data: 0F 00 00 00  returns 0x00 (0001ms, 54409ms total)
T16FC 5170:727 JLINK_ReadMem (0xE0001028, 0x0004 Bytes, ...) -- CPU is running -- CPU_ReadMem(4 bytes @ 0xE0001028) - Data: 00 00 00 00  returns 0x00 (0002ms, 54411ms total)
T16FC 5170:729 JLINK_ReadMem (0xE0001038, 0x0004 Bytes, ...) -- CPU is running -- CPU_ReadMem(4 bytes @ 0xE0001038) - Data: 00 03 00 00  returns 0x00 (0001ms, 54412ms total)
T16FC 5170:730 JLINK_ReadMem (0xE0001048, 0x0004 Bytes, ...) -- CPU is running -- CPU_ReadMem(4 bytes @ 0xE0001048) - Data: 00 00 00 00  returns 0x00 (0002ms, 54414ms total)
T16FC 5170:732 JLINK_ReadMem (0xE0001058, 0x0004 Bytes, ...) -- CPU is running -- CPU_ReadMem(4 bytes @ 0xE0001058) - Data: 00 00 00 00  returns 0x00 (0002ms, 54416ms total)
T16FC 5170:734 JLINK_WriteMem(0xE0001020, 0x0004 Bytes, ...) - Data: 00 00 00 00 -- CPU is running -- CPU_WriteMem(4 bytes @ 0xE0001020)  returns 0x04 (0002ms, 54418ms total)
T16FC 5170:736 JLINK_WriteMem(0xE0001024, 0x0004 Bytes, ...) - Data: 00 00 00 00 -- CPU is running -- CPU_WriteMem(4 bytes @ 0xE0001024)  returns 0x04 (0001ms, 54419ms total)
T16FC 5170:737 JLINK_WriteMem(0xE0001028, 0x0004 Bytes, ...) - Data: 00 00 00 00 -- CPU is running -- CPU_WriteMem(4 bytes @ 0xE0001028)  returns 0x04 (0002ms, 54421ms total)
T16FC 5170:739 JLINK_WriteMem(0xE0001030, 0x0004 Bytes, ...) - Data: 00 00 00 00 -- CPU is running -- CPU_WriteMem(4 bytes @ 0xE0001030)  returns 0x04 (0002ms, 54423ms total)
T16FC 5170:741 JLINK_WriteMem(0xE0001034, 0x0004 Bytes, ...) - Data: 00 00 00 00 -- CPU is running -- CPU_WriteMem(4 bytes @ 0xE0001034)  returns 0x04 (0002ms, 54425ms total)
T16FC 5170:743 JLINK_WriteMem(0xE0001038, 0x0004 Bytes, ...) - Data: 00 00 00 00 -- CPU is running -- CPU_WriteMem(4 bytes @ 0xE0001038)  returns 0x04 (0002ms, 54427ms total)
T16FC 5170:745 JLINK_WriteMem(0xE0001040, 0x0004 Bytes, ...) - Data: 00 00 00 00 -- CPU is running -- CPU_WriteMem(4 bytes @ 0xE0001040)  returns 0x04 (0002ms, 54429ms total)
T16FC 5170:747 JLINK_WriteMem(0xE0001044, 0x0004 Bytes, ...) - Data: 00 00 00 00 -- CPU is running -- CPU_WriteMem(4 bytes @ 0xE0001044)  returns 0x04 (0002ms, 54431ms total)
T16FC 5170:749 JLINK_WriteMem(0xE0001048, 0x0004 Bytes, ...) - Data: 00 00 00 00 -- CPU is running -- CPU_WriteMem(4 bytes @ 0xE0001048)  returns 0x04 (0002ms, 54433ms total)
T16FC 5170:751 JLINK_WriteMem(0xE0001050, 0x0004 Bytes, ...) - Data: 00 00 00 00 -- CPU is running -- CPU_WriteMem(4 bytes @ 0xE0001050)  returns 0x04 (0002ms, 54435ms total)
T16FC 5170:753 JLINK_WriteMem(0xE0001054, 0x0004 Bytes, ...) - Data: 00 00 00 00 -- CPU is running -- CPU_WriteMem(4 bytes @ 0xE0001054)  returns 0x04 (0002ms, 54437ms total)
T16FC 5170:755 JLINK_WriteMem(0xE0001058, 0x0004 Bytes, ...) - Data: 00 00 00 00 -- CPU is running -- CPU_WriteMem(4 bytes @ 0xE0001058)  returns 0x04 (0002ms, 54439ms total)
T16FC 5170:757 JLINK_Halt()  returns 0x00 (0010ms, 54449ms total)
T16FC 5170:767 JLINK_WriteMem(0x400E0A04, 0x0004 Bytes, ...) - Data: 0B 01 00 5A -- CPU_WriteMem(4 bytes @ 0x400E0A04)  returns 0x04 (0002ms, 54451ms total)
T16FC 5170:769 JLINK_ReadMem (0x400E0A08, 0x0004 Bytes, ...) -- CPU_ReadMem(4 bytes @ 0x400E0A08) - Data: 01 00 00 00  returns 0x00 (0002ms, 54453ms total)
T16FC 5170:771 JLINK_WriteMem(0x400E0A04, 0x0004 Bytes, ...) - Data: 0C 02 00 5A -- CPU_WriteMem(4 bytes @ 0x400E0A04)  returns 0x04 (0002ms, 54455ms total)
T16FC 5170:773 JLINK_ReadMem (0x400E0A08, 0x0004 Bytes, ...) -- CPU_ReadMem(4 bytes @ 0x400E0A08) - Data: 01 00 00 00  returns 0x00 (0001ms, 54456ms total)
T16FC 5170:774 JLINK_Reset() -- CPU_ReadMem(16 bytes @ 0x20000000) -- CPU_WriteMem(16 bytes @ 0x20000000) -- CPU_ReadMem(4 bytes @ 0xE000EDFC) -- CPU_WriteMem(4 bytes @ 0xE000EDFC) -- CPU_ReadMem(4 bytes @ 0xE0001000) -- CPU_WriteMem(4 bytes @ 0xE000EDFC) -- CPU_WriteMem(16 bytes @ 0x20000000) -- CPU_WriteMem(4 bytes @ 0xE0002000) -- CPU_ReadMem(4 bytes @ 0xE000EDFC) -- CPU_ReadMem(4 bytes @ 0xE0001000) (0045ms, 54501ms total)
T16FC 5170:821 JLINK_JTAG_GetDeviceID(DeviceIndex = 0)  returns 0x4BA00477 (0000ms, 54501ms total)
T16FC 5170:821 JLINK_ReadMemU32(0x400E0740, 0x0001 Items, ...) -- CPU_ReadMem(4 bytes @ 0x400E0740) - Data: E0 0E A7 29  returns 0x01 (0002ms, 54503ms total)
T16FC 5170:823 JLINK_ReadMemU32(0x400E0744, 0x0001 Items, ...) -- CPU_ReadMem(4 bytes @ 0x400E0744) - Data: 00 00 00 00  returns 0x01 (0001ms, 54504ms total)
T16FC 5170:824 JLINK_WriteMem(0x400E0A04, 0x0004 Bytes, ...) - Data: 05 00 00 5A -- CPU_WriteMem(4 bytes @ 0x400E0A04)  returns 0x04 (0002ms, 54506ms total)
T16FC 5170:826 JLINK_WriteMem(0x400E0C04, 0x0004 Bytes, ...) - Data: 05 00 00 5A -- CPU_WriteMem(4 bytes @ 0x400E0C04)  returns 0x04 (0001ms, 54507ms total)
T16FC 5170:827 JLINK_ReadMem (0x400E0A08, 0x0004 Bytes, ...) -- CPU_ReadMem(4 bytes @ 0x400E0A08) - Data: 00 00 00 00  returns 0x00 (0001ms, 54508ms total)
T16FC 5170:830 JLINK_ReadMem (0x400E0A08, 0x0004 Bytes, ...) -- CPU_ReadMem(4 bytes @ 0x400E0A08) - Data: 00 00 00 00  returns 0x00 (0001ms, 54509ms total)
T064C 5170:831 JLINK_IsHalted()  returns TRUE (0000ms, 54509ms total)
T064C 5170:831 JLINK_GetMOEs(...) -- CPU_ReadMem(4 bytes @ 0xE000ED30) -- CPU_WriteMem(4 bytes @ 0xE000ED30)  returns 0x01 (0003ms, 54512ms total)
T064C 5170:834 JLINK_ReadReg(R15 (PC))  returns 0x00400328 (0000ms, 54512ms total)
T16FC 5170:836 JLINK_ReadMem (0x400E0A08, 0x0004 Bytes, ...) -- CPU_ReadMem(4 bytes @ 0x400E0A08) - Data: 00 00 00 00  returns 0x00 (0001ms, 54513ms total)
T16FC 5170:854 JLINK_ReadMem (0x400E0A08, 0x0004 Bytes, ...) -- CPU_ReadMem(4 bytes @ 0x400E0A08) - Data: 00 00 00 00  returns 0x00 (0001ms, 54514ms total)
T16FC 5170:920 JLINK_ReadMem (0x400E0A08, 0x0004 Bytes, ...) -- CPU_ReadMem(4 bytes @ 0x400E0A08) - Data: 00 00 00 00  returns 0x00 (0001ms, 54515ms total)
T064C 5171:035 JLINK_IsHalted()  returns TRUE (0000ms, 54515ms total)
T16FC 5171:177 JLINK_ReadMem (0x400E0A08, 0x0004 Bytes, ...) -- CPU_ReadMem(4 bytes @ 0x400E0A08) - Data: 00 00 00 00  returns 0x00 (0001ms, 54516ms total)
T064C 5171:235 JLINK_IsHalted()  returns TRUE (0000ms, 54516ms total)
T064C 5171:435 JLINK_IsHalted()  returns TRUE (0001ms, 54517ms total)
T064C 5171:636 JLINK_IsHalted()  returns TRUE (0000ms, 54516ms total)
T064C 5171:836 JLINK_IsHalted()  returns TRUE (0001ms, 54517ms total)
T064C 5172:037 JLINK_IsHalted()  returns TRUE (0001ms, 54517ms total)
T16FC 5172:178 JLINK_ReadMem (0x400E0A08, 0x0004 Bytes, ...) -- CPU_ReadMem(4 bytes @ 0x400E0A08) - Data: 00 00 00 00  returns 0x00 (0001ms, 54517ms total)
T16FC 5172:179 JLINK_ReadMem (0x400E0C08, 0x0004 Bytes, ...) -- CPU_ReadMem(4 bytes @ 0x400E0C08) - Data: 00 00 00 00  returns 0x00 (0001ms, 54518ms total)
T16FC 5172:182 JLINK_ReadMem (0x400E0C08, 0x0004 Bytes, ...) -- CPU_ReadMem(4 bytes @ 0x400E0C08) - Data: 00 00 00 00  returns 0x00 (0001ms, 54519ms total)
T16FC 5172:188 JLINK_ReadMem (0x400E0C08, 0x0004 Bytes, ...) -- CPU_ReadMem(4 bytes @ 0x400E0C08) - Data: 00 00 00 00  returns 0x00 (0001ms, 54520ms total)
T16FC 5172:206 JLINK_ReadMem (0x400E0C08, 0x0004 Bytes, ...) -- CPU_ReadMem(4 bytes @ 0x400E0C08) - Data: 00 00 00 00  returns 0x00 (0001ms, 54521ms total)
T064C 5172:238 JLINK_IsHalted()  returns TRUE (0000ms, 54521ms total)
T16FC 5172:271 JLINK_ReadMem (0x400E0C08, 0x0004 Bytes, ...) -- CPU_ReadMem(4 bytes @ 0x400E0C08) - Data: 00 00 00 00  returns 0x00 (0001ms, 54522ms total)
T064C 5172:438 JLINK_IsHalted()  returns TRUE (0000ms, 54522ms total)
T16FC 5172:528 JLINK_ReadMem (0x400E0C08, 0x0004 Bytes, ...) -- CPU_ReadMem(4 bytes @ 0x400E0C08) - Data: 00 00 00 00  returns 0x00 (0001ms, 54523ms total)
T064C 5172:639 JLINK_IsHalted()  returns TRUE (0001ms, 54524ms total)
T064C 5172:840 JLINK_IsHalted()  returns TRUE (0001ms, 54524ms total)
T064C 5173:042 JLINK_IsHalted()  returns TRUE (0000ms, 54523ms total)
T064C 5173:243 JLINK_IsHalted()  returns TRUE (0001ms, 54524ms total)
T064C 5173:444 JLINK_IsHalted()  returns TRUE (0000ms, 54523ms total)
T16FC 5173:529 JLINK_ReadMem (0x400E0C08, 0x0004 Bytes, ...) -- CPU_ReadMem(4 bytes @ 0x400E0C08) - Data: 00 00 00 00  returns 0x00 (0001ms, 54524ms total)
T16FC 5173:530 JLINK_ReadMem (0x400E0A08, 0x0004 Bytes, ...) -- CPU_ReadMem(4 bytes @ 0x400E0A08) - Data: 00 00 00 00  returns 0x00 (0001ms, 54525ms total)
T16FC 5173:533 JLINK_ReadMem (0x400E0A08, 0x0004 Bytes, ...) -- CPU_ReadMem(4 bytes @ 0x400E0A08) - Data: 00 00 00 00  returns 0x00 (0001ms, 54526ms total)
T16FC 5173:539 JLINK_ReadMem (0x400E0A08, 0x0004 Bytes, ...) -- CPU_ReadMem(4 bytes @ 0x400E0A08) - Data: 00 00 00 00  returns 0x00 (0001ms, 54527ms total)
T16FC 5173:557 JLINK_ReadMem (0x400E0A08, 0x0004 Bytes, ...) -- CPU_ReadMem(4 bytes @ 0x400E0A08) - Data: 00 00 00 00  returns 0x00 (0001ms, 54528ms total)
T16FC 5173:622 JLINK_ReadMem (0x400E0A08, 0x0004 Bytes, ...) -- CPU_ReadMem(4 bytes @ 0x400E0A08) - Data: 00 00 00 00  returns 0x00 (0001ms, 54529ms total)
T064C 5173:644 JLINK_IsHalted()  returns TRUE (0000ms, 54529ms total)
T064C 5173:844 JLINK_IsHalted()  returns TRUE (0002ms, 54531ms total)
T16FC 5173:879 JLINK_ReadMem (0x400E0A08, 0x0004 Bytes, ...) -- CPU_ReadMem(4 bytes @ 0x400E0A08) - Data: 00 00 00 00  returns 0x00 (0001ms, 54530ms total)
T064C 5174:046 JLINK_IsHalted()  returns TRUE (0000ms, 54530ms total)
T064C 5174:246 JLINK_IsHalted()  returns TRUE (0000ms, 54530ms total)
T064C 5174:446 JLINK_IsHalted()  returns TRUE (0001ms, 54531ms total)
T064C 5174:647 JLINK_IsHalted()  returns TRUE (0000ms, 54530ms total)
T064C 5174:848 JLINK_IsHalted()  returns TRUE (0001ms, 54531ms total)
T16FC 5174:880 JLINK_ReadMem (0x400E0A08, 0x0004 Bytes, ...) -- CPU_ReadMem(4 bytes @ 0x400E0A08) - Data: 00 00 00 00  returns 0x00 (0001ms, 54531ms total)
T16FC 5174:881 JLINK_ReadMem (0x400E0C08, 0x0004 Bytes, ...) -- CPU_ReadMem(4 bytes @ 0x400E0C08) - Data: 00 00 00 00  returns 0x00 (0002ms, 54533ms total)
T16FC 5174:885 JLINK_ReadMem (0x400E0C08, 0x0004 Bytes, ...) -- CPU_ReadMem(4 bytes @ 0x400E0C08) - Data: 00 00 00 00  returns 0x00 (0001ms, 54534ms total)
T16FC 5174:891 JLINK_ReadMem (0x400E0C08, 0x0004 Bytes, ...) -- CPU_ReadMem(4 bytes @ 0x400E0C08) - Data: 00 00 00 00  returns 0x00 (0001ms, 54535ms total)
T16FC 5174:909 JLINK_ReadMem (0x400E0C08, 0x0004 Bytes, ...) -- CPU_ReadMem(4 bytes @ 0x400E0C08) - Data: 00 00 00 00  returns 0x00 (0002ms, 54537ms total)
T16FC 5174:975 JLINK_ReadMem (0x400E0C08, 0x0004 Bytes, ...) -- CPU_ReadMem(4 bytes @ 0x400E0C08) - Data: 00 00 00 00  returns 0x00 (0002ms, 54539ms total)
T064C 5175:049 JLINK_IsHalted()  returns TRUE (0001ms, 54540ms total)
T16FC 5175:233 JLINK_ReadMem (0x400E0C08, 0x0004 Bytes, ...) -- CPU_ReadMem(4 bytes @ 0x400E0C08) - Data: 00 00 00 00  returns 0x00 (0001ms, 54540ms total)
T064C 5175:250 JLINK_IsHalted()  returns TRUE (0000ms, 54540ms total)
T064C 5175:450 JLINK_IsHalted()  returns TRUE (0000ms, 54540ms total)
T064C 5175:650 JLINK_IsHalted()  returns TRUE (0001ms, 54541ms total)
T064C 5175:851 JLINK_IsHalted()  returns TRUE (0001ms, 54541ms total)
T064C 5176:052 JLINK_IsHalted()  returns TRUE (0000ms, 54540ms total)
T16FC 5176:234 JLINK_ReadMem (0x400E0C08, 0x0004 Bytes, ...) -- CPU_ReadMem(4 bytes @ 0x400E0C08) - Data: 00 00 00 00  returns 0x00 (0002ms, 54542ms total)
T16FC 5176:236 JLINK_ReadMem (0x400E0A08, 0x0004 Bytes, ...) -- CPU_ReadMem(4 bytes @ 0x400E0A08) - Data: 01 00 00 00  returns 0x00 (0001ms, 54543ms total)
T16FC 5176:237 JLINK_ReadMem (0x400E0C08, 0x0004 Bytes, ...) -- CPU_ReadMem(4 bytes @ 0x400E0C08) - Data: 00 00 00 00  returns 0x00 (0001ms, 54544ms total)
T16FC 5176:240 JLINK_ReadMem (0x400E0C08, 0x0004 Bytes, ...) -- CPU_ReadMem(4 bytes @ 0x400E0C08) - Data: 00 00 00 00  returns 0x00 (0001ms, 54545ms total)
T16FC 5176:246 JLINK_ReadMem (0x400E0C08, 0x0004 Bytes, ...) -- CPU_ReadMem(4 bytes @ 0x400E0C08) - Data: 00 00 00 00  returns 0x00 (0002ms, 54547ms total)
T064C 5176:253 JLINK_IsHalted()  returns TRUE (0001ms, 54548ms total)
T16FC 5176:265 JLINK_ReadMem (0x400E0C08, 0x0004 Bytes, ...) -- CPU_ReadMem(4 bytes @ 0x400E0C08) - Data: 00 00 00 00  returns 0x00 (0002ms, 54549ms total)
T16FC 5176:331 JLINK_ReadMem (0x400E0C08, 0x0004 Bytes, ...) -- CPU_ReadMem(4 bytes @ 0x400E0C08) - Data: 00 00 00 00  returns 0x00 (0001ms, 54550ms total)
T064C 5176:454 JLINK_IsHalted()  returns TRUE (0000ms, 54550ms total)
T16FC 5176:588 JLINK_ReadMem (0x400E0C08, 0x0004 Bytes, ...) -- CPU_ReadMem(4 bytes @ 0x400E0C08) - Data: 00 00 00 00  returns 0x00 (0001ms, 54551ms total)
T064C 5176:655 JLINK_IsHalted()  returns TRUE (0000ms, 54551ms total)
T064C 5176:855 JLINK_IsHalted()  returns TRUE (0001ms, 54552ms total)
T064C 5177:057 JLINK_IsHalted()  returns TRUE (0000ms, 54551ms total)
T064C 5177:258 JLINK_IsHalted()  returns TRUE (0000ms, 54551ms total)
T064C 5177:458 JLINK_IsHalted()  returns TRUE (0001ms, 54552ms total)
T16FC 5177:589 JLINK_ReadMem (0x400E0C08, 0x0004 Bytes, ...) -- CPU_ReadMem(4 bytes @ 0x400E0C08) - Data: 01 00 00 00  returns 0x00 (0001ms, 54552ms total)
T064C 5177:659 JLINK_IsHalted()  returns TRUE (0000ms, 54552ms total)
T16FC 5177:660 JLINK_ResetPullsRESET(ON) (0000ms, 54552ms total)
T16FC 5177:660 JLINK_ResetNoHalt() >0x2F8 JTAG>TotalIRLen = 4, IRPrint = 0x01 >0x30 JTAG> >0x210 JTAG> >0x70 JTAG> >0x40 JTAG> >0x40 JTAG> >0x40 JTAG> >0x48 JTAG> >0x78 JTAG> >0x40 JTAG> >0x30 JTAG> >0x40 JTAG> >0x40 JTAG> >0x30 JTAG> >0x40 JTAG> >0x48 JTAG>Found Cortex-M4 r0p1, Little endian. -- CPU_WriteMem(4 bytes @ 0xE0002000) -- CPU_ReadMem(4 bytes @ 0xE000EDF0) -- CPU_ReadMem(4 bytes @ 0xE0002000)FPUnit: 6 code (BP) slots and 2 literal slots -- CPU_ReadMem(4 bytes @ 0xE000EDFC)
 -- CPU_ReadMem(4 bytes @ 0xE0001000) -- CPU_ReadMem(4 bytes @ 0xE000ED88) -- CPU_WriteMem(4 bytes @ 0xE000ED88) -- CPU_ReadMem(4 bytes @ 0xE000ED88) -- CPU_WriteMem(4 bytes @ 0xE000ED88)CoreSight components:ROMTbl 0 @ E00FF000 -- CPU_ReadMem(16 bytes @ 0xE00FF000) -- CPU_ReadMem(16 bytes @ 0xE000EFF0) -- CPU_ReadMem(16 bytes @ 0xE000EFE0)ROMTbl 0 [0]: FFF0F000, CID: B105E00D, PID: 000BB000 SCS -- CPU_WriteMem(4 bytes @ 0xE0001000) -- CPU_ReadMem(16 bytes @ 0xE0001FF0)
 -- CPU_ReadMem(16 bytes @ 0xE0001FE0)ROMTbl 0 [1]: FFF02000, CID: B105E00D, PID: 003BB002 DWT -- CPU_ReadMem(16 bytes @ 0xE0002FF0) -- CPU_ReadMem(16 bytes @ 0xE0002FE0)ROMTbl 0 [2]: FFF03000, CID: B105E00D, PID: 002BB003 FPB -- CPU_ReadMem(16 bytes @ 0xE0000FF0) -- CPU_ReadMem(16 bytes @ 0xE0000FE0)ROMTbl 0 [3]: FFF01000, CID: B105E00D, PID: 003BB001 ITM -- CPU_ReadMem(16 bytes @ 0xE00FF010) -- CPU_ReadMem(16 bytes @ 0xE0040FF0) -- CPU_ReadMem(16 bytes @ 0xE0040FE0)
ROMTbl 0 [4]: FFF41000, CID: B105900D, PID: 000BB9A1 TPIU
                JLINK_Reset() -- CPU_ReadMem(16 bytes @ 0x20000000) -- CPU_WriteMem(16 bytes @ 0x20000000) -- CPU_ReadMem(4 bytes @ 0xE000EDFC) -- CPU_WriteMem(4 bytes @ 0xE000EDFC) -- CPU_ReadMem(4 bytes @ 0xE0001000) -- CPU_WriteMem(4 bytes @ 0xE0001004) -- CPU_WriteMem(4 bytes @ 0xE000EDFC) -- CPU_WriteMem(16 bytes @ 0x20000000) -- CPU_WriteMem(4 bytes @ 0xE0002000) -- CPU_ReadMem(4 bytes @ 0xE000EDFC) -- CPU_ReadMem(4 bytes @ 0xE0001000) (0045ms, 0045ms total)
                JLINK_Go() -- CPU_ReadMem(4 bytes @ 0xE0001000) -- CPU_WriteMem(4 bytes @ 0xE0001004) (0004ms, 0049ms total)
               (0097ms, 54649ms total)
T16FC 5177:758 JLINK_ExecCommand("ProjectFile = C:\Users\Lucas\Desktop\Microcontroladores\GPIO_REGISTRADORES_LED\IOPORT_EXAMPLE31\jlink.config", ...)  returns 0x00 (0000ms, 54649ms total)
T16FC 5177:790 JLINK_ExecCommand("Device = AT91SAM4SD32C", ...)Device "ATSAM4SD32C" selected.  returns 0x00 (0001ms, 54650ms total)
T16FC 5177:791 JLINK_TIF_Select(JLINKARM_TIF_JTAG)  returns 0x00 (0000ms, 54650ms total)
T16FC 5177:791 JLINK_GetIdData(...) ScanLen=4 NumDevices=1 aId[0]=0x4BA00477 aIrRead[0]=0 aScanLen[0]=0 aScanRead[0]=0 (0000ms, 54650ms total)
T16FC 5177:791 JLINK_ConfigJTAG(IRPre = 0, DRPre = 0) (0000ms, 54650ms total)
T16FC 5177:791 JLINK_SetSpeed(4000) (0002ms, 54652ms total)
T16FC 5177:793 JLINK_ResetPullsRESET(OFF) (0000ms, 54652ms total)
T16FC 5177:793 JLINK_Connect() >0x2F8 JTAG>TotalIRLen = 4, IRPrint = 0x01 >0x30 JTAG> >0x210 JTAG> >0x70 JTAG> >0x40 JTAG> >0x40 JTAG> >0x40 JTAG> >0x48 JTAG> >0x78 JTAG> >0x40 JTAG> >0x30 JTAG> >0x40 JTAG> >0x40 JTAG> >0x30 JTAG> >0x40 JTAG> >0x48 JTAG>Found Cortex-M4 r0p1, Little endian. -- CPU_WriteMem(4 bytes @ 0xE0002000) -- CPU_ReadMem(4 bytes @ 0xE000EDF0) -- CPU_ReadMem(4 bytes @ 0xE0002000)FPUnit: 6 code (BP) slots and 2 literal slots -- CPU_ReadMem(4 bytes @ 0xE000EDFC)
 -- CPU_ReadMem(4 bytes @ 0xE0001000) -- CPU_WriteMem(4 bytes @ 0xE0001000) -- CPU_ReadMem(4 bytes @ 0xE000ED88) -- CPU_WriteMem(4 bytes @ 0xE000ED88) -- CPU_ReadMem(4 bytes @ 0xE000ED88) -- CPU_WriteMem(4 bytes @ 0xE000ED88)CoreSight components:ROMTbl 0 @ E00FF000 -- CPU_ReadMem(16 bytes @ 0xE00FF000) -- CPU_ReadMem(16 bytes @ 0xE000EFF0) -- CPU_ReadMem(16 bytes @ 0xE000EFE0)ROMTbl 0 [0]: FFF0F000, CID: B105E00D, PID: 000BB000 SCS -- CPU_ReadMem(16 bytes @ 0xE0001FF0)
 -- CPU_ReadMem(16 bytes @ 0xE0001FE0)ROMTbl 0 [1]: FFF02000, CID: B105E00D, PID: 003BB002 DWT -- CPU_ReadMem(16 bytes @ 0xE0002FF0) -- CPU_ReadMem(16 bytes @ 0xE0002FE0)ROMTbl 0 [2]: FFF03000, CID: B105E00D, PID: 002BB003 FPB -- CPU_ReadMem(16 bytes @ 0xE0000FF0) -- CPU_ReadMem(16 bytes @ 0xE0000FE0)ROMTbl 0 [3]: FFF01000, CID: B105E00D, PID: 003BB001 ITM -- CPU_ReadMem(16 bytes @ 0xE00FF010) -- CPU_ReadMem(16 bytes @ 0xE0040FF0) -- CPU_ReadMem(16 bytes @ 0xE0040FE0)
ROMTbl 0 [4]: FFF41000, CID: B105900D, PID: 000BB9A1 TPIU  returns 0x00 (0038ms, 54690ms total)
T16FC 5177:831 JLINK_WriteMem(0xE0001020, 0x0004 Bytes, ...) - Data: 00 00 00 00 -- CPU is running -- CPU_WriteMem(4 bytes @ 0xE0001020)  returns 0x04 (0001ms, 54691ms total)
T16FC 5177:832 JLINK_WriteMem(0xE0001024, 0x0004 Bytes, ...) - Data: 00 00 00 00 -- CPU is running -- CPU_WriteMem(4 bytes @ 0xE0001024)  returns 0x04 (0001ms, 54692ms total)
T16FC 5177:833 JLINK_WriteMem(0xE0001028, 0x0004 Bytes, ...) - Data: 00 00 00 00 -- CPU is running -- CPU_WriteMem(4 bytes @ 0xE0001028)  returns 0x04 (0001ms, 54693ms total)
T16FC 5177:834 JLINK_WriteMem(0xE0001030, 0x0004 Bytes, ...) - Data: 00 00 00 00 -- CPU is running -- CPU_WriteMem(4 bytes @ 0xE0001030)  returns 0x04 (0001ms, 54694ms total)
T16FC 5177:835 JLINK_WriteMem(0xE0001034, 0x0004 Bytes, ...) - Data: 00 00 00 00 -- CPU is running -- CPU_WriteMem(4 bytes @ 0xE0001034)  returns 0x04 (0000ms, 54694ms total)
T16FC 5177:835 JLINK_WriteMem(0xE0001038, 0x0004 Bytes, ...) - Data: 00 00 00 00 -- CPU is running -- CPU_WriteMem(4 bytes @ 0xE0001038)  returns 0x04 (0001ms, 54695ms total)
T16FC 5177:836 JLINK_WriteMem(0xE0001040, 0x0004 Bytes, ...) - Data: 00 00 00 00 -- CPU is running -- CPU_WriteMem(4 bytes @ 0xE0001040)  returns 0x04 (0001ms, 54696ms total)
T16FC 5177:837 JLINK_WriteMem(0xE0001044, 0x0004 Bytes, ...) - Data: 00 00 00 00 -- CPU is running -- CPU_WriteMem(4 bytes @ 0xE0001044)  returns 0x04 (0001ms, 54697ms total)
T16FC 5177:838 JLINK_WriteMem(0xE0001048, 0x0004 Bytes, ...) - Data: 00 00 00 00 -- CPU is running -- CPU_WriteMem(4 bytes @ 0xE0001048)  returns 0x04 (0001ms, 54698ms total)
T16FC 5177:839 JLINK_WriteMem(0xE0001050, 0x0004 Bytes, ...) - Data: 00 00 00 00 -- CPU is running -- CPU_WriteMem(4 bytes @ 0xE0001050)  returns 0x04 (0000ms, 54698ms total)
T16FC 5177:839 JLINK_WriteMem(0xE0001054, 0x0004 Bytes, ...) - Data: 00 00 00 00 -- CPU is running -- CPU_WriteMem(4 bytes @ 0xE0001054)  returns 0x04 (0001ms, 54699ms total)
T16FC 5177:840 JLINK_WriteMem(0xE0001058, 0x0004 Bytes, ...) - Data: 00 00 00 00 -- CPU is running -- CPU_WriteMem(4 bytes @ 0xE0001058)  returns 0x04 (0001ms, 54700ms total)
T16FC 5177:841 JLINK_Halt()  returns 0x00 (0004ms, 54704ms total)
T16FC 5177:845 JLINK_WriteMem(0x400E0A04, 0x0004 Bytes, ...) - Data: 0B 01 00 5A -- CPU_WriteMem(4 bytes @ 0x400E0A04)  returns 0x04 (0001ms, 54705ms total)
T16FC 5177:846 JLINK_ReadMem (0x400E0A08, 0x0004 Bytes, ...) -- CPU_ReadMem(4 bytes @ 0x400E0A08) - Data: 01 00 00 00  returns 0x00 (0001ms, 54706ms total)
T16FC 5177:847 JLINK_WriteMem(0x400E0A04, 0x0004 Bytes, ...) - Data: 0C 02 00 5A -- CPU_WriteMem(4 bytes @ 0x400E0A04)  returns 0x04 (0001ms, 54707ms total)
T16FC 5177:848 JLINK_ReadMem (0x400E0A08, 0x0004 Bytes, ...) -- CPU_ReadMem(4 bytes @ 0x400E0A08) - Data: 01 00 00 00  returns 0x00 (0001ms, 54708ms total)
T16FC 5177:849 JLINK_Reset() -- CPU_ReadMem(16 bytes @ 0x20000000) -- CPU_WriteMem(16 bytes @ 0x20000000) -- CPU_ReadMem(4 bytes @ 0xE000EDFC) -- CPU_WriteMem(4 bytes @ 0xE000EDFC) -- CPU_ReadMem(4 bytes @ 0xE0001000) -- CPU_WriteMem(4 bytes @ 0xE000EDFC) -- CPU_WriteMem(16 bytes @ 0x20000000) -- CPU_WriteMem(4 bytes @ 0xE0002000) -- CPU_ReadMem(4 bytes @ 0xE000EDFC) -- CPU_ReadMem(4 bytes @ 0xE0001000) (0028ms, 54736ms total)
T16FC 5177:880 JLINK_JTAG_GetDeviceID(DeviceIndex = 0)  returns 0x4BA00477 (0000ms, 54736ms total)
T16FC 5177:880 JLINK_ReadMemU32(0x400E0740, 0x0001 Items, ...) -- CPU_ReadMem(4 bytes @ 0x400E0740) - Data: E0 0E A7 29  returns 0x01 (0001ms, 54737ms total)
T16FC 5177:881 JLINK_ReadMemU32(0x400E0744, 0x0001 Items, ...) -- CPU_ReadMem(4 bytes @ 0x400E0744) - Data: 00 00 00 00  returns 0x01 (0001ms, 54738ms total)
T16FC 5177:885 JLINK_BeginDownload(Flags = 0x00) (0000ms, 54738ms total)
T16FC 5177:885 JLINK_WriteMem(0x00400000, 0x0A18 Bytes, ...) - Data: C8 34 00 20 E1 05 40 00 DD 05 40 00 DD 05 40 00 ...  returns 0xA18 (0000ms, 54738ms total)
T16FC 5177:885 JLINK_WriteMem(0x00400A18, 0x0430 Bytes, ...) - Data: 00 09 3D 00 00 00 00 00 00 00 00 00 F4 02 00 20 ...  returns 0x430 (0000ms, 54738ms total)
T0A04 5177:889 JLINK_IsHalted()  returns TRUE (0000ms, 54738ms total)
T0A04 5177:889 JLINK_GetMOEs(...) -- CPU_ReadMem(4 bytes @ 0xE000ED30) -- CPU_WriteMem(4 bytes @ 0xE000ED30)  returns 0x01 (0002ms, 54740ms total)
T0A04 5177:891 JLINK_ReadReg(R15 (PC)) -- -------------------------------------- -- Start of determining dirty areas in flash cache -- End of determining dirty areas -- Start of preparing flash programming -- Calculating RAM usage -- RAM usage = 2884 Bytes -- Preserving registers -- Preparing memory -- Determining CPU clock frequency -- CPU clock frequency: 4251 kHz -- CPU frequency = 4251 kHz -- Preparing target -- Downloading RAMCode -- Using alternate TurboMode RAMCode -- Checking target RAM
 -- Preparing RAMCode -- End of preparing flash programmingCPU is running at low speed (4251 kHz). -- CPU is running at 4251 kHz. -- Start of comparing flash -- Read back was estimated as fastest method -- Comparing range 0x400000 - 0x400FFF (8 Sectors, 4 KB), using multi-block CRC calculation -- CPU is running -- CPU_ReadMem(512 bytes @ 0x00400000) -- CPU is running -- CPU_ReadMem(512 bytes @ 0x00400200) -- CPU is running -- CPU_ReadMem(512 bytes @ 0x00400400) -- CPU is running
 -- CPU_ReadMem(512 bytes @ 0x00400600) -- CPU is running -- CPU_ReadMem(512 bytes @ 0x00400800) -- CPU is running -- CPU_ReadMem(512 bytes @ 0x00400A00) -- CPU is running -- CPU_ReadMem(512 bytes @ 0x00400C00) -- CPU is running -- CPU_ReadMem(512 bytes @ 0x00400E00) -- CRC does not match for sectors 0-7 -- End of comparing flash -- Start of erasing sectors -- End of erasing sectors -- Start of flash programming -- Programming range 0x00400000 - 0x00400FFF (008 Sectors, 4 KB) -- End of flash programming
 -- Flash programming performed for 1 range (4096 bytes) -- 0x400000 - 0x400FFF (008 Sectors, 4 KB) -- Start of verifying flash -- Checksum calculation was estimated as fastest method -- End of verifying flash -- Start of restoring -- Restore RAMCode -- Restore content of target memory -- Restore target -- Restore memory -- Restore content of registers -- End of restoring -- Total time needed: 0.268s (Prepare: 0.156s, Compare: 0.039s, Erase: 0.000s, Program: 0.064s, Verify: 0.002s, Restore: 0.006s)
  returns 0xFFFFFFFE (0276ms, 55016ms total)
T1AA0 5178:294 JLINK_Halt()  returns 0x00 (0000ms, 55016ms total)
T1AA0 5178:294 JLINK_ReadReg(R15 (PC))  returns 0xFFFFFFFE (0001ms, 55017ms total)
T1AA0 5178:295 JLINK_ReadReg(R13 (SP))  returns 0xFFFFFFFC (0002ms, 55019ms total)
T0A04 5178:367 JLINK_IsHalted()  returns TRUE (0000ms, 55019ms total)
T1AA0 5178:441 JLINK_ReadReg(R0)  returns 0x400E1400 (0001ms, 55020ms total)
T1AA0 5178:442 JLINK_ReadReg(R1)  returns 0x40C00000 (0000ms, 55020ms total)
T1AA0 5178:442 JLINK_ReadReg(R2)  returns 0xA5000005 (0001ms, 55021ms total)
T1AA0 5178:443 JLINK_ReadReg(R3)  returns 0x0000608D (0000ms, 55021ms total)
T1AA0 5178:443 JLINK_ReadReg(R4)  returns 0x400E0E00 (0000ms, 55021ms total)
T1AA0 5178:443 JLINK_ReadReg(R5)  returns 0x20000001 (0000ms, 55021ms total)
T1AA0 5178:443 JLINK_ReadReg(R6)  returns 0x000D1437 (0000ms, 55021ms total)
T1AA0 5178:443 JLINK_ReadReg(R7)  returns 0x400E1200 (0000ms, 55021ms total)
T1AA0 5178:443 JLINK_ReadReg(R8)  returns 0x20000010 (0000ms, 55021ms total)
T1AA0 5178:443 JLINK_ReadReg(R9)  returns 0x00100000 (0000ms, 55021ms total)
T1AA0 5178:443 JLINK_ReadReg(R10)  returns 0x00080000 (0000ms, 55021ms total)
T1AA0 5178:443 JLINK_ReadReg(R11)  returns 0x400E1000 (0000ms, 55021ms total)
T1AA0 5178:443 JLINK_ReadReg(R12)  returns 0x7DBEDA78 (0000ms, 55021ms total)
T1AA0 5178:443 JLINK_ReadReg(R13 (SP))  returns 0xFFFFFFFC (0000ms, 55021ms total)
T1AA0 5178:443 JLINK_ReadReg(R14)  returns 0xFFFFFFFF (0000ms, 55021ms total)
T1AA0 5178:443 JLINK_ReadReg(R15 (PC))  returns 0xFFFFFFFE (0000ms, 55021ms total)
T1AA0 5178:443 JLINK_ReadReg(XPSR)  returns 0x01000000 (0000ms, 55021ms total)
T1AA0 5178:443 JLINK_ReadReg(MSP)  returns 0xFFFFFFFC (0000ms, 55021ms total)
T1AA0 5178:443 JLINK_ReadReg(PSP)  returns 0x7050AD78 (0001ms, 55022ms total)
T1AA0 5178:444 JLINK_ReadReg(PRIMASK)  returns 0x00000000 (0000ms, 55022ms total)
T1AA0 5178:444 JLINK_ReadReg(BASEPRI)  returns 0x00000000 (0000ms, 55022ms total)
T1AA0 5178:444 JLINK_ReadReg(FAULTMASK)  returns 0x00000000 (0000ms, 55022ms total)
T1AA0 5178:444 JLINK_ReadReg(CONTROL)  returns 0x00000000 (0000ms, 55022ms total)
T1AA0 5178:501 JLINK_EndDownload()  returns 0x00 (0000ms, 55022ms total)
T1AA0 5178:501 JLINK_Reset() -- CPU_ReadMem(16 bytes @ 0x20000000) -- CPU_WriteMem(16 bytes @ 0x20000000) -- CPU_ReadMem(4 bytes @ 0xE000EDFC) -- CPU_WriteMem(4 bytes @ 0xE000EDFC) -- CPU_ReadMem(4 bytes @ 0xE0001000) -- CPU_WriteMem(4 bytes @ 0xE000EDFC) -- CPU_WriteMem(16 bytes @ 0x20000000) -- CPU_WriteMem(4 bytes @ 0xE0002000) -- CPU_ReadMem(4 bytes @ 0xE000EDFC) -- CPU_ReadMem(4 bytes @ 0xE0001000) (0033ms, 55055ms total)
T0A04 5178:534 JLINK_IsHalted()  returns TRUE (0000ms, 55055ms total)
T0A04 5178:534 JLINK_GetMOEs(...) -- CPU_ReadMem(4 bytes @ 0xE000ED30) -- CPU_WriteMem(4 bytes @ 0xE000ED30)  returns 0x01 (0001ms, 55056ms total)
T0A04 5178:535 JLINK_ReadReg(R15 (PC))  returns 0x004005E0 (0000ms, 55056ms total)
T1AA0 5178:544 JLINK_ReadReg(R15 (PC))  returns 0x004005E0 (0000ms, 55056ms total)
T1AA0 5178:544 JLINK_ReadReg(R13 (SP))  returns 0x200034C8 (0000ms, 55056ms total)
T1AA0 5178:556 JLINK_ReadMemHW(0x004005E0, 0x0004 Bytes, ...) -- CPU_ReadMem(4 bytes @ 0x004005E0) - Data: 08 B5 20 4B  returns 0x00 (0001ms, 55057ms total)
T1AA0 5178:707 JLINK_ReadMemHW(0x00400838, 0x0001 Bytes, ...) -- CPU_ReadMem(1 bytes @ 0x00400838) - Data: 08  returns 0x00 (0001ms, 55058ms total)
T0A04 5178:736 JLINK_IsHalted()  returns TRUE (0000ms, 55058ms total)
T1AA0 5178:753 JLINK_ReadReg(R15 (PC))  returns 0x004005E0 (0000ms, 55058ms total)
T1AA0 5178:753 JLINK_GetNumBPUnits(Type = 0xFFFFFF02)  returns 0x06 (0000ms, 55058ms total)
T1AA0 5178:753 JLINK_SetBPEx(Addr = 0x00400838, Type = 0xFFFFFF02)  returns 0x00000001 (0000ms, 55058ms total)
T1AA0 5178:753 JLINK_GetBPInfo(BPHandle = 1)  returns 0x00 (0000ms, 55058ms total)
T1AA0 5178:753 JLINK_Go() -- CPU_ReadMem(4 bytes @ 0xE0001000) -- CPU_WriteMem(4 bytes @ 0xE0002008) -- CPU_WriteMem(4 bytes @ 0xE000200C) -- CPU_WriteMem(4 bytes @ 0xE0002010) -- CPU_WriteMem(4 bytes @ 0xE0002014) -- CPU_WriteMem(4 bytes @ 0xE0002018) -- CPU_WriteMem(4 bytes @ 0xE000201C) -- CPU_WriteMem(4 bytes @ 0xE0001004) (0005ms, 55063ms total)
T0A04 5178:758 JLINK_IsHalted()  returns TRUE (0005ms, 55068ms total)
T0A04 5178:763 JLINK_GetMOEs(...) -- CPU_ReadMem(4 bytes @ 0xE000ED30) -- CPU_WriteMem(4 bytes @ 0xE000ED30)  returns 0x01 (0001ms, 55064ms total)
T0A04 5178:764 JLINK_ReadReg(R15 (PC))  returns 0x00400838 (0000ms, 55064ms total)
T0A04 5178:764 JLINK_GetBPInfo(BPHandle = 1)  returns 0x00 (0000ms, 55064ms total)
T0A04 5178:764 JLINK_ClrBPEx(BPHandle = 0x00000001)  returns 0x00 (0000ms, 55064ms total)
T1AA0 5178:769 JLINK_ReadReg(R15 (PC))  returns 0x00400838 (0000ms, 55064ms total)
T1AA0 5178:769 JLINK_ReadReg(R13 (SP))  returns 0x200034C0 (0000ms, 55064ms total)
T1AA0 5178:769 JLINK_ReadMemHW(0x00400838, 0x0004 Bytes, ...) -- CPU_ReadMem(4 bytes @ 0x00400838) - Data: 08 B5 18 4B  returns 0x00 (0001ms, 55065ms total)
T1AA0 5178:783 JLINK_ReadReg(R15 (PC))  returns 0x00400838 (0000ms, 55065ms total)
T1AA0 5178:783 JLINK_Go() -- CPU_ReadMem(4 bytes @ 0xE0001000) -- CPU_WriteMem(4 bytes @ 0xE0002008) (0002ms, 55067ms total)
T0A04 5178:785 JLINK_IsHalted()  returns FALSE (0001ms, 55068ms total)
T0A04 5178:826 JLINK_IsHalted()  returns FALSE (0001ms, 55068ms total)
T0A04 5178:988 JLINK_IsHalted()  returns FALSE (0000ms, 55067ms total)
T0A04 5179:629 JLINK_IsHalted()  returns FALSE (0000ms, 55067ms total)
T0A04 5180:270 JLINK_IsHalted()  returns FALSE (0000ms, 55067ms total)
T0A04 5180:911 JLINK_IsHalted()  returns FALSE (0001ms, 55068ms total)
T0A04 5181:552 JLINK_IsHalted()  returns FALSE (0001ms, 55068ms total)
T0A04 5182:193 JLINK_IsHalted()  returns FALSE (0001ms, 55068ms total)
T0A04 5182:834 JLINK_IsHalted()  returns FALSE (0002ms, 55069ms total)
T0A04 5183:476 JLINK_IsHalted()  returns FALSE (0001ms, 55068ms total)
T0A04 5184:117 JLINK_IsHalted()  returns FALSE (0001ms, 55068ms total)
T0A04 5184:758 JLINK_IsHalted()  returns FALSE (0001ms, 55068ms total)
T0A04 5185:399 JLINK_IsHalted()  returns FALSE (0001ms, 55068ms total)
T0A04 5186:040 JLINK_IsHalted()  returns FALSE (0000ms, 55067ms total)
T0A04 5186:680 JLINK_IsHalted()  returns FALSE (0001ms, 55068ms total)
T0A04 5187:321 JLINK_IsHalted()  returns FALSE (0001ms, 55068ms total)
T0A04 5187:962 JLINK_IsHalted()  returns FALSE (0001ms, 55068ms total)
T0A04 5188:603 JLINK_IsHalted()  returns FALSE (0000ms, 55067ms total)
T0A04 5189:243 JLINK_IsHalted()  returns FALSE (0001ms, 55068ms total)
T0A04 5189:884 JLINK_IsHalted()  returns FALSE (0000ms, 55067ms total)
T0A04 5190:524 JLINK_IsHalted()  returns FALSE (0001ms, 55068ms total)
T0A04 5191:165 JLINK_IsHalted()  returns FALSE (0001ms, 55068ms total)
T0A04 5191:806 JLINK_IsHalted()  returns FALSE (0001ms, 55068ms total)
T0A04 5192:447 JLINK_IsHalted()  returns FALSE (0001ms, 55068ms total)
T0A04 5193:089 JLINK_IsHalted()  returns FALSE (0001ms, 55068ms total)
T0A04 5193:730 JLINK_IsHalted()  returns FALSE (0001ms, 55068ms total)
T0A04 5194:371 JLINK_IsHalted()  returns FALSE (0001ms, 55068ms total)
T0A04 5195:012 JLINK_IsHalted()  returns FALSE (0001ms, 55068ms total)
T0A04 5195:653 JLINK_IsHalted()  returns FALSE (0001ms, 55068ms total)
T0A04 5196:295 JLINK_IsHalted()  returns FALSE (0000ms, 55067ms total)
T0A04 5196:936 JLINK_IsHalted()  returns FALSE (0000ms, 55067ms total)
T0A04 5197:577 JLINK_IsHalted()  returns FALSE (0000ms, 55067ms total)
T0A04 5198:218 JLINK_IsHalted()  returns FALSE (0000ms, 55067ms total)
T0A04 5198:859 JLINK_IsHalted()  returns FALSE (0001ms, 55068ms total)
T0A04 5199:500 JLINK_IsHalted()  returns FALSE (0001ms, 55068ms total)
T0A04 5200:141 JLINK_IsHalted()  returns FALSE (0001ms, 55068ms total)
T0A04 5200:782 JLINK_IsHalted()  returns FALSE (0001ms, 55068ms total)
T0A04 5201:423 JLINK_IsHalted()  returns FALSE (0001ms, 55068ms total)
T0A04 5202:064 JLINK_IsHalted()  returns FALSE (0002ms, 55069ms total)
T0A04 5202:706 JLINK_IsHalted()  returns FALSE (0001ms, 55068ms total)
T0A04 5203:347 JLINK_IsHalted()  returns FALSE (0001ms, 55068ms total)
T0A04 5203:988 JLINK_IsHalted()  returns FALSE (0001ms, 55068ms total)
T0A04 5204:629 JLINK_IsHalted()  returns FALSE (0002ms, 55069ms total)
T0A04 5205:271 JLINK_IsHalted()  returns FALSE (0001ms, 55068ms total)
T0A04 5205:912 JLINK_IsHalted()  returns FALSE (0001ms, 55068ms total)
T0A04 5206:553 JLINK_IsHalted()  returns FALSE (0001ms, 55068ms total)
T0A04 5207:195 JLINK_IsHalted()  returns FALSE (0001ms, 55068ms total)
T0A04 5207:836 JLINK_IsHalted()  returns FALSE (0001ms, 55068ms total)
T0A04 5208:477 JLINK_IsHalted()  returns FALSE (0002ms, 55069ms total)
T0A04 5209:119 JLINK_IsHalted()  returns FALSE (0001ms, 55068ms total)
T0A04 5209:760 JLINK_IsHalted()  returns FALSE (0001ms, 55068ms total)
T0A04 5210:401 JLINK_IsHalted()  returns FALSE (0001ms, 55068ms total)
T0A04 5211:042 JLINK_IsHalted()  returns FALSE (0001ms, 55068ms total)
T0A04 5211:683 JLINK_IsHalted()  returns FALSE (0001ms, 55068ms total)
T0A04 5212:324 JLINK_IsHalted()  returns FALSE (0001ms, 55068ms total)
T0A04 5212:965 JLINK_IsHalted()  returns FALSE (0001ms, 55068ms total)
T0A04 5213:607 JLINK_IsHalted()  returns FALSE (0000ms, 55067ms total)
T0A04 5214:248 JLINK_IsHalted()  returns FALSE (0000ms, 55067ms total)
T0A04 5214:889 JLINK_IsHalted()  returns FALSE (0000ms, 55067ms total)
T0A04 5215:529 JLINK_IsHalted()  returns FALSE (0000ms, 55067ms total)
T0A04 5216:170 JLINK_IsHalted()  returns FALSE (0000ms, 55067ms total)
T0A04 5216:811 JLINK_IsHalted()  returns FALSE (0001ms, 55068ms total)
T0A04 5217:452 JLINK_IsHalted()  returns FALSE (0001ms, 55068ms total)
T0A04 5218:093 JLINK_IsHalted()  returns FALSE (0001ms, 55068ms total)
T0A04 5218:734 JLINK_IsHalted()  returns FALSE (0001ms, 55068ms total)
T0A04 5219:375 JLINK_IsHalted()  returns FALSE (0001ms, 55068ms total)
T0A04 5220:016 JLINK_IsHalted()  returns FALSE (0001ms, 55068ms total)
T0A04 5220:657 JLINK_IsHalted()  returns FALSE (0001ms, 55068ms total)
T0A04 5221:298 JLINK_IsHalted()  returns FALSE (0001ms, 55068ms total)
T0A04 5221:939 JLINK_IsHalted()  returns FALSE (0001ms, 55068ms total)
T0A04 5222:580 JLINK_IsHalted()  returns FALSE (0001ms, 55068ms total)
T0A04 5223:221 JLINK_IsHalted()  returns FALSE (0001ms, 55068ms total)
T0A04 5223:862 JLINK_IsHalted()  returns FALSE (0001ms, 55068ms total)
T0A04 5224:503 JLINK_IsHalted()  returns FALSE (0001ms, 55068ms total)
T0A04 5225:144 JLINK_IsHalted()  returns FALSE (0001ms, 55068ms total)
T0A04 5225:785 JLINK_IsHalted()  returns FALSE (0001ms, 55068ms total)
T0A04 5226:426 JLINK_IsHalted()  returns FALSE (0001ms, 55068ms total)
T0A04 5227:067 JLINK_IsHalted()  returns FALSE (0001ms, 55068ms total)
T0A04 5227:708 JLINK_IsHalted()  returns FALSE (0001ms, 55068ms total)
T0A04 5228:349 JLINK_IsHalted()  returns FALSE (0001ms, 55068ms total)
T0A04 5228:990 JLINK_IsHalted()  returns FALSE (0003ms, 55070ms total)
T0A04 5229:633 JLINK_IsHalted()  returns FALSE (0001ms, 55068ms total)
T0A04 5230:274 JLINK_IsHalted()  returns FALSE (0002ms, 55069ms total)
T0A04 5230:916 JLINK_IsHalted()  returns FALSE (0000ms, 55067ms total)
T0A04 5231:557 JLINK_IsHalted()  returns FALSE (0001ms, 55068ms total)
T0A04 5232:199 JLINK_IsHalted()  returns FALSE (0000ms, 55067ms total)
T0A04 5232:839 JLINK_IsHalted()  returns FALSE (0002ms, 55069ms total)
T0A04 5233:482 JLINK_IsHalted()  returns FALSE (0001ms, 55068ms total)
T0A04 5234:123 JLINK_IsHalted()  returns FALSE (0001ms, 55068ms total)
T0A04 5234:764 JLINK_IsHalted()  returns FALSE (0001ms, 55068ms total)
T0A04 5235:405 JLINK_IsHalted()  returns FALSE (0001ms, 55068ms total)
T0A04 5236:046 JLINK_IsHalted()  returns FALSE (0001ms, 55068ms total)
T0A04 5236:687 JLINK_IsHalted()  returns FALSE (0001ms, 55068ms total)
T0A04 5237:328 JLINK_IsHalted()  returns FALSE (0001ms, 55068ms total)
T0A04 5237:969 JLINK_IsHalted()  returns FALSE (0002ms, 55069ms total)
T0A04 5238:611 JLINK_IsHalted()  returns FALSE (0001ms, 55068ms total)
T0A04 5239:252 JLINK_IsHalted()  returns FALSE (0002ms, 55069ms total)
T0A04 5239:894 JLINK_IsHalted()  returns FALSE (0001ms, 55068ms total)
T0A04 5240:535 JLINK_IsHalted()  returns FALSE (0001ms, 55068ms total)
T0A04 5241:176 JLINK_IsHalted()  returns FALSE (0001ms, 55068ms total)
T0A04 5241:817 JLINK_IsHalted()  returns FALSE (0001ms, 55068ms total)
T0A04 5242:458 JLINK_IsHalted()  returns FALSE (0001ms, 55068ms total)
T0A04 5243:099 JLINK_IsHalted()  returns FALSE (0001ms, 55068ms total)
T0A04 5243:740 JLINK_IsHalted()  returns FALSE (0001ms, 55068ms total)
T0A04 5244:381 JLINK_IsHalted()  returns FALSE (0001ms, 55068ms total)
T0A04 5245:022 JLINK_IsHalted()  returns FALSE (0001ms, 55068ms total)
T0A04 5245:663 JLINK_IsHalted()  returns FALSE (0001ms, 55068ms total)
T0A04 5246:304 JLINK_IsHalted()  returns FALSE (0001ms, 55068ms total)
T0A04 5246:945 JLINK_IsHalted()  returns FALSE (0001ms, 55068ms total)
T0A04 5247:586 JLINK_IsHalted()  returns FALSE (0001ms, 55068ms total)
T0A04 5248:227 JLINK_IsHalted()  returns FALSE (0001ms, 55068ms total)
T0A04 5248:868 JLINK_IsHalted()  returns FALSE (0001ms, 55068ms total)
T0A04 5249:510 JLINK_IsHalted()  returns FALSE (0000ms, 55067ms total)
T0A04 5250:150 JLINK_IsHalted()  returns FALSE (0000ms, 55067ms total)
T0A04 5250:791 JLINK_IsHalted()  returns FALSE (0000ms, 55067ms total)
T0A04 5251:432 JLINK_IsHalted()  returns FALSE (0001ms, 55068ms total)
T0A04 5252:073 JLINK_IsHalted()  returns FALSE (0001ms, 55068ms total)
T0A04 5252:714 JLINK_IsHalted()  returns FALSE (0001ms, 55068ms total)
T0A04 5253:355 JLINK_IsHalted()  returns FALSE (0001ms, 55068ms total)
T0A04 5253:996 JLINK_IsHalted()  returns FALSE (0001ms, 55068ms total)
T0A04 5254:637 JLINK_IsHalted()  returns FALSE (0002ms, 55069ms total)
T0A04 5255:279 JLINK_IsHalted()  returns FALSE (0000ms, 55067ms total)
T0A04 5255:919 JLINK_IsHalted()  returns FALSE (0001ms, 55068ms total)
T0A04 5256:560 JLINK_IsHalted()  returns FALSE (0001ms, 55068ms total)
T0A04 5257:201 JLINK_IsHalted()  returns FALSE (0001ms, 55068ms total)
T0A04 5257:842 JLINK_IsHalted()  returns FALSE (0001ms, 55068ms total)
T0A04 5258:483 JLINK_IsHalted()  returns FALSE (0002ms, 55069ms total)
T0A04 5259:125 JLINK_IsHalted()  returns FALSE (0001ms, 55068ms total)
T0A04 5259:766 JLINK_IsHalted()  returns FALSE (0001ms, 55068ms total)
T0A04 5260:407 JLINK_IsHalted()  returns FALSE (0001ms, 55068ms total)
T0A04 5261:048 JLINK_IsHalted()  returns FALSE (0002ms, 55069ms total)
T0A04 5261:690 JLINK_IsHalted()  returns FALSE (0000ms, 55067ms total)
T0A04 5262:330 JLINK_IsHalted()  returns FALSE (0001ms, 55068ms total)
T0A04 5262:971 JLINK_IsHalted()  returns FALSE (0001ms, 55068ms total)
T1AA0 5263:042 JLINK_Halt()  returns 0x00 (0005ms, 55072ms total)
T0A04 5263:612 JLINK_IsHalted()  returns TRUE (0001ms, 55073ms total)
T0A04 5263:613 JLINK_GetMOEs(...) -- CPU_ReadMem(4 bytes @ 0xE000ED30) -- CPU_WriteMem(4 bytes @ 0xE000ED30)  returns 0x01 (0001ms, 55073ms total)
T0A04 5263:614 JLINK_ReadReg(R15 (PC))  returns 0x0040088E (0000ms, 55073ms total)
T16FC 5263:615 JLINK_ResetPullsRESET(ON) (0000ms, 55073ms total)
T16FC 5263:615 JLINK_ResetNoHalt() >0x2F8 JTAG>TotalIRLen = 4, IRPrint = 0x01 >0x30 JTAG> >0x210 JTAG> >0x70 JTAG> >0x40 JTAG> >0x40 JTAG> >0x40 JTAG> >0x48 JTAG> >0x78 JTAG> >0x40 JTAG> >0x30 JTAG> >0x40 JTAG> >0x40 JTAG> >0x30 JTAG> >0x40 JTAG> >0x48 JTAG>Found Cortex-M4 r0p1, Little endian. -- CPU_WriteMem(4 bytes @ 0xE0002000) -- CPU_ReadMem(4 bytes @ 0xE000EDF0) -- CPU_ReadMem(4 bytes @ 0xE0002000)FPUnit: 6 code (BP) slots and 2 literal slots -- CPU_ReadMem(4 bytes @ 0xE000EDFC)
 -- CPU_ReadMem(4 bytes @ 0xE0001000) -- CPU_ReadMem(4 bytes @ 0xE000ED88) -- CPU_WriteMem(4 bytes @ 0xE000ED88) -- CPU_ReadMem(4 bytes @ 0xE000ED88) -- CPU_WriteMem(4 bytes @ 0xE000ED88)CoreSight components:ROMTbl 0 @ E00FF000 -- CPU_ReadMem(16 bytes @ 0xE00FF000) -- CPU_ReadMem(16 bytes @ 0xE000EFF0) -- CPU_ReadMem(16 bytes @ 0xE000EFE0)ROMTbl 0 [0]: FFF0F000, CID: B105E00D, PID: 000BB000 SCS -- CPU_WriteMem(4 bytes @ 0xE0001000) -- CPU_ReadMem(16 bytes @ 0xE0001FF0)
 -- CPU_ReadMem(16 bytes @ 0xE0001FE0)ROMTbl 0 [1]: FFF02000, CID: B105E00D, PID: 003BB002 DWT -- CPU_ReadMem(16 bytes @ 0xE0002FF0) -- CPU_ReadMem(16 bytes @ 0xE0002FE0)ROMTbl 0 [2]: FFF03000, CID: B105E00D, PID: 002BB003 FPB -- CPU_ReadMem(16 bytes @ 0xE0000FF0) -- CPU_ReadMem(16 bytes @ 0xE0000FE0)ROMTbl 0 [3]: FFF01000, CID: B105E00D, PID: 003BB001 ITM -- CPU_ReadMem(16 bytes @ 0xE00FF010) -- CPU_ReadMem(16 bytes @ 0xE0040FF0) -- CPU_ReadMem(16 bytes @ 0xE0040FE0)
ROMTbl 0 [4]: FFF41000, CID: B105900D, PID: 000BB9A1 TPIU
                JLINK_Reset() -- CPU_ReadMem(16 bytes @ 0x20000000) -- CPU_WriteMem(16 bytes @ 0x20000000) -- CPU_ReadMem(4 bytes @ 0xE000EDFC) -- CPU_WriteMem(4 bytes @ 0xE000EDFC) -- CPU_ReadMem(4 bytes @ 0xE0001000) -- CPU_WriteMem(4 bytes @ 0xE000EDFC) -- CPU_WriteMem(16 bytes @ 0x20000000) -- CPU_WriteMem(4 bytes @ 0xE0002000) -- CPU_ReadMem(4 bytes @ 0xE000EDFC) -- CPU_ReadMem(4 bytes @ 0xE0001000) (0036ms, 0036ms total)
                JLINK_Go() -- CPU_ReadMem(4 bytes @ 0xE0001000) -- CPU_WriteMem(4 bytes @ 0xE0002008) -- CPU_WriteMem(4 bytes @ 0xE000200C) -- CPU_WriteMem(4 bytes @ 0xE0002010) -- CPU_WriteMem(4 bytes @ 0xE0002014) -- CPU_WriteMem(4 bytes @ 0xE0002018) -- CPU_WriteMem(4 bytes @ 0xE000201C) -- CPU_WriteMem(4 bytes @ 0xE0001004) (0005ms, 0041ms total)
               (0078ms, 55151ms total)
T16FC 5263:704 JLINK_Close() -- CPU is running -- CPU_WriteMem(4 bytes @ 0xE0002008) -- CPU is running -- CPU_WriteMem(4 bytes @ 0xE000200C) -- CPU is running -- CPU_WriteMem(4 bytes @ 0xE0002010) -- CPU is running -- CPU_WriteMem(4 bytes @ 0xE0002014) -- CPU is running -- CPU_WriteMem(4 bytes @ 0xE0002018) -- CPU is running -- CPU_WriteMem(4 bytes @ 0xE000201C) >0x78 JTAG> >0x08 JTAG> (0011ms, 55162ms total)
T16FC 5263:704  (0011ms, 55162ms total)
T16FC 5263:704 Closed (0011ms, 55162ms total)
