T1F04 1122:141 SEGGER J-Link V4.98e Log File (0000ms, 20330ms total)
T1F04 1122:141 DLL Compiled: May  5 2015 11:00:52 (0000ms, 20330ms total)
T1F04 1122:141 Logging started @ 2016-03-09 17:36 (0000ms, 20330ms total)
T1F04 1122:149 JLINK_ExecCommand("Device = AT91SAM4SD32C", ...)Device "ATSAM4SD32C" selected.  returns 0x00 (0000ms, 20330ms total)
T1F04 1122:242 JLINK_ExecCommand("ProjectFile = T:\Entregas\t\GETTING-STARTED2\GETTING-STARTED2\jlink.config", ...)  returns 0x00 (0000ms, 20330ms total)
T1F04 1122:250 JLINK_ExecCommand("Device = AT91SAM4SD32C", ...)Device "ATSAM4SD32C" selected.  returns 0x00 (0000ms, 20330ms total)
T1F04 1122:250 JLINK_TIF_Select(JLINKARM_TIF_JTAG)  returns 0x00 (0006ms, 20336ms total)
T1F04 1122:256 JLINK_GetIdData(...) >0x2F8 JTAG>TotalIRLen = 4, IRPrint = 0x01 >0x30 JTAG> >0x210 JTAG> >0x70 JTAG> >0x40 JTAG> >0x40 JTAG> >0x40 JTAG> >0x48 JTAG> >0x78 JTAG> >0x40 JTAG> >0x30 JTAG> >0x40 JTAG> >0x40 JTAG> >0x30 JTAG> >0x40 JTAG> >0x48 JTAG>Found Cortex-M4 r0p1, Little endian. -- CPU_WriteMem(4 bytes @ 0xE0002000) -- CPU_ReadMem(4 bytes @ 0xE000EDF0) -- CPU_ReadMem(4 bytes @ 0xE0002000)FPUnit: 6 code (BP) slots and 2 literal slots -- CPU_ReadMem(4 bytes @ 0xE000EDFC)
 -- CPU_ReadMem(4 bytes @ 0xE0001000) -- CPU_WriteMem(4 bytes @ 0xE0001000) -- CPU_ReadMem(4 bytes @ 0xE000ED88) -- CPU_WriteMem(4 bytes @ 0xE000ED88) -- CPU_ReadMem(4 bytes @ 0xE000ED88) -- CPU_WriteMem(4 bytes @ 0xE000ED88)CoreSight components:ROMTbl 0 @ E00FF000 -- CPU_ReadMem(16 bytes @ 0xE00FF000) -- CPU_ReadMem(16 bytes @ 0xE000EFF0) -- CPU_ReadMem(16 bytes @ 0xE000EFE0)ROMTbl 0 [0]: FFF0F000, CID: B105E00D, PID: 000BB000 SCS -- CPU_ReadMem(16 bytes @ 0xE0001FF0)
 -- CPU_ReadMem(16 bytes @ 0xE0001FE0)ROMTbl 0 [1]: FFF02000, CID: B105E00D, PID: 003BB002 DWT -- CPU_ReadMem(16 bytes @ 0xE0002FF0) -- CPU_ReadMem(16 bytes @ 0xE0002FE0)ROMTbl 0 [2]: FFF03000, CID: B105E00D, PID: 002BB003 FPB -- CPU_ReadMem(16 bytes @ 0xE0000FF0) -- CPU_ReadMem(16 bytes @ 0xE0000FE0)ROMTbl 0 [3]: FFF01000, CID: B105E00D, PID: 003BB001 ITM -- CPU_ReadMem(16 bytes @ 0xE00FF010) -- CPU_ReadMem(16 bytes @ 0xE0040FF0) -- CPU_ReadMem(16 bytes @ 0xE0040FE0)
ROMTbl 0 [4]: FFF41000, CID: B105900D, PID: 000BB9A1 TPIU ScanLen=4 NumDevices=1 aId[0]=0x4BA00477 aIrRead[0]=0 aScanLen[0]=0 aScanRead[0]=0 (0048ms, 20384ms total)
T1F04 1122:304 JLINK_ConfigJTAG(IRPre = 0, DRPre = 0) (0000ms, 20384ms total)
T1F04 1122:304 JLINK_SetSpeed(1000) (0001ms, 20385ms total)
T1F04 1122:305 JLINK_ResetPullsRESET(OFF) (0000ms, 20385ms total)
T1F04 1122:305 JLINK_Connect() >0x2F8 JTAG>TotalIRLen = 4, IRPrint = 0x01 >0x30 JTAG> >0x210 JTAG> >0x70 JTAG> >0x40 JTAG> >0x40 JTAG> >0x40 JTAG> >0x48 JTAG> >0x78 JTAG> >0x40 JTAG> >0x30 JTAG> >0x40 JTAG> >0x40 JTAG> >0x30 JTAG> >0x40 JTAG> >0x48 JTAG>Found Cortex-M4 r0p1, Little endian. -- CPU_WriteMem(4 bytes @ 0xE0002000) -- CPU_ReadMem(4 bytes @ 0xE000EDF0) -- CPU_ReadMem(4 bytes @ 0xE0002000)FPUnit: 6 code (BP) slots and 2 literal slots -- CPU_ReadMem(4 bytes @ 0xE000EDFC)
 -- CPU_ReadMem(4 bytes @ 0xE0001000) -- CPU_WriteMem(4 bytes @ 0xE0001000) -- CPU_ReadMem(4 bytes @ 0xE000ED88) -- CPU_WriteMem(4 bytes @ 0xE000ED88) -- CPU_ReadMem(4 bytes @ 0xE000ED88) -- CPU_WriteMem(4 bytes @ 0xE000ED88)CoreSight components:ROMTbl 0 @ E00FF000 -- CPU_ReadMem(16 bytes @ 0xE00FF000) -- CPU_ReadMem(16 bytes @ 0xE000EFF0) -- CPU_ReadMem(16 bytes @ 0xE000EFE0)ROMTbl 0 [0]: FFF0F000, CID: B105E00D, PID: 000BB000 SCS -- CPU_ReadMem(16 bytes @ 0xE0001FF0)
 -- CPU_ReadMem(16 bytes @ 0xE0001FE0)ROMTbl 0 [1]: FFF02000, CID: B105E00D, PID: 003BB002 DWT -- CPU_ReadMem(16 bytes @ 0xE0002FF0) -- CPU_ReadMem(16 bytes @ 0xE0002FE0)ROMTbl 0 [2]: FFF03000, CID: B105E00D, PID: 002BB003 FPB -- CPU_ReadMem(16 bytes @ 0xE0000FF0) -- CPU_ReadMem(16 bytes @ 0xE0000FE0)ROMTbl 0 [3]: FFF01000, CID: B105E00D, PID: 003BB001 ITM -- CPU_ReadMem(16 bytes @ 0xE00FF010) -- CPU_ReadMem(16 bytes @ 0xE0040FF0) -- CPU_ReadMem(16 bytes @ 0xE0040FE0)
ROMTbl 0 [4]: FFF41000, CID: B105900D, PID: 000BB9A1 TPIU  returns 0x00 (0042ms, 20427ms total)
T1F04 1122:347 JLINK_GetDebugInfo(0x100) -- Value=0xE00FF003  returns 0x00 (0001ms, 20428ms total)
T1F04 1122:348 JLINK_ReadMem (0xE00FFFF0, 0x0010 Bytes, ...) -- CPU is running -- CPU_ReadMem(16 bytes @ 0xE00FFFF0) - Data: 0D 00 00 00 10 00 00 00 05 00 00 00 B1 00 00 00  returns 0x00 (0003ms, 20431ms total)
T1F04 1122:351 JLINK_ReadMem (0xE00FFFD0, 0x0020 Bytes, ...) -- CPU is running -- CPU_ReadMem(32 bytes @ 0xE00FFFD0) - Data: 04 00 00 00 00 00 00 00 00 00 00 00 00 00 00 00 ...  returns 0x00 (0002ms, 20433ms total)
T1F04 1122:353 JLINK_ReadMemU32(0xE00FF000, 0x0001 Items, ...) -- CPU is running -- CPU_ReadMem(4 bytes @ 0xE00FF000) - Data: 03 F0 F0 FF  returns 0x01 (0001ms, 20434ms total)
T1F04 1122:354 JLINK_ReadMem (0xE000EFF0, 0x0010 Bytes, ...) -- CPU is running -- CPU_ReadMem(16 bytes @ 0xE000EFF0) - Data: 0D 00 00 00 E0 00 00 00 05 00 00 00 B1 00 00 00  returns 0x00 (0001ms, 20435ms total)
T1F04 1122:355 JLINK_ReadMem (0xE000EFD0, 0x0020 Bytes, ...) -- CPU is running -- CPU_ReadMem(32 bytes @ 0xE000EFD0) - Data: 04 00 00 00 00 00 00 00 00 00 00 00 00 00 00 00 ...  returns 0x00 (0002ms, 20437ms total)
T1F04 1122:357 JLINK_ReadMemU32(0xE00FF004, 0x0001 Items, ...) -- CPU is running -- CPU_ReadMem(4 bytes @ 0xE00FF004) - Data: 03 20 F0 FF  returns 0x01 (0001ms, 20438ms total)
T1F04 1122:358 JLINK_ReadMem (0xE0001FF0, 0x0010 Bytes, ...) -- CPU is running -- CPU_ReadMem(16 bytes @ 0xE0001FF0) - Data: 0D 00 00 00 E0 00 00 00 05 00 00 00 B1 00 00 00  returns 0x00 (0001ms, 20439ms total)
T1F04 1122:359 JLINK_ReadMem (0xE0001FD0, 0x0020 Bytes, ...) -- CPU is running -- CPU_ReadMem(32 bytes @ 0xE0001FD0) - Data: 04 00 00 00 00 00 00 00 00 00 00 00 00 00 00 00 ...  returns 0x00 (0002ms, 20441ms total)
T1F04 1122:361 JLINK_ReadMemU32(0xE00FF008, 0x0001 Items, ...) -- CPU is running -- CPU_ReadMem(4 bytes @ 0xE00FF008) - Data: 03 30 F0 FF  returns 0x01 (0001ms, 20442ms total)
T1F04 1122:362 JLINK_ReadMem (0xE0002FF0, 0x0010 Bytes, ...) -- CPU is running -- CPU_ReadMem(16 bytes @ 0xE0002FF0) - Data: 0D 00 00 00 E0 00 00 00 05 00 00 00 B1 00 00 00  returns 0x00 (0001ms, 20443ms total)
T1F04 1122:363 JLINK_ReadMem (0xE0002FD0, 0x0020 Bytes, ...) -- CPU is running -- CPU_ReadMem(32 bytes @ 0xE0002FD0) - Data: 04 00 00 00 00 00 00 00 00 00 00 00 00 00 00 00 ...  returns 0x00 (0002ms, 20445ms total)
T1F04 1122:365 JLINK_ReadMemU32(0xE00FF00C, 0x0001 Items, ...) -- CPU is running -- CPU_ReadMem(4 bytes @ 0xE00FF00C) - Data: 03 10 F0 FF  returns 0x01 (0001ms, 20446ms total)
T1F04 1122:366 JLINK_ReadMem (0xE0000FF0, 0x0010 Bytes, ...) -- CPU is running -- CPU_ReadMem(16 bytes @ 0xE0000FF0) - Data: 0D 00 00 00 E0 00 00 00 05 00 00 00 B1 00 00 00  returns 0x00 (0001ms, 20447ms total)
T1F04 1122:367 JLINK_ReadMem (0xE0000FD0, 0x0020 Bytes, ...) -- CPU is running -- CPU_ReadMem(32 bytes @ 0xE0000FD0) - Data: 04 00 00 00 00 00 00 00 00 00 00 00 00 00 00 00 ...  returns 0x00 (0002ms, 20449ms total)
T1F04 1122:369 JLINK_ReadMemU32(0xE00FF010, 0x0001 Items, ...) -- CPU is running -- CPU_ReadMem(4 bytes @ 0xE00FF010) - Data: 03 10 F4 FF  returns 0x01 (0001ms, 20450ms total)
T1F04 1122:370 JLINK_ReadMem (0xE0040FF0, 0x0010 Bytes, ...) -- CPU is running -- CPU_ReadMem(16 bytes @ 0xE0040FF0) - Data: 0D 00 00 00 90 00 00 00 05 00 00 00 B1 00 00 00  returns 0x00 (0001ms, 20451ms total)
T1F04 1122:371 JLINK_ReadMem (0xE0040FD0, 0x0020 Bytes, ...) -- CPU is running -- CPU_ReadMem(32 bytes @ 0xE0040FD0) - Data: 04 00 00 00 00 00 00 00 00 00 00 00 00 00 00 00 ...  returns 0x00 (0002ms, 20453ms total)
T1F04 1122:373 JLINK_ReadMemU32(0xE00FF014, 0x0001 Items, ...) -- CPU is running -- CPU_ReadMem(4 bytes @ 0xE00FF014) - Data: 02 20 F4 FF  returns 0x01 (0001ms, 20454ms total)
T1F04 1122:374 JLINK_ReadMemU32(0xE00FF018, 0x0001 Items, ...) -- CPU is running -- CPU_ReadMem(4 bytes @ 0xE00FF018) - Data: 00 00 00 00  returns 0x01 (0001ms, 20455ms total)
T1F04 1122:375 JLINK_ReadMem (0xE0001000, 0x0004 Bytes, ...) -- CPU is running -- CPU_ReadMem(4 bytes @ 0xE0001000) - Data: 01 00 00 40  returns 0x00 (0001ms, 20456ms total)
T1F04 1122:376 JLINK_ReadMem (0xE0001000, 0x0004 Bytes, ...) -- CPU is running -- CPU_ReadMem(4 bytes @ 0xE0001000) - Data: 01 00 00 40  returns 0x00 (0001ms, 20457ms total)
T1F04 1122:377 JLINK_ReadMem (0xE0001028, 0x0004 Bytes, ...) -- CPU is running -- CPU_ReadMem(4 bytes @ 0xE0001028) - Data: 00 00 00 00  returns 0x00 (0001ms, 20458ms total)
T1F04 1122:378 JLINK_WriteMem(0xE0001028, 0x0004 Bytes, ...) - Data: 00 01 00 00 -- CPU is running -- CPU_WriteMem(4 bytes @ 0xE0001028)  returns 0x04 (0001ms, 20459ms total)
T1F04 1122:379 JLINK_ReadMem (0xE0001028, 0x0004 Bytes, ...) -- CPU is running -- CPU_ReadMem(4 bytes @ 0xE0001028) - Data: 00 00 00 00  returns 0x00 (0001ms, 20460ms total)
T1F04 1122:380 JLINK_ReadMem (0xE0001038, 0x0004 Bytes, ...) -- CPU is running -- CPU_ReadMem(4 bytes @ 0xE0001038) - Data: 00 02 00 00  returns 0x00 (0001ms, 20461ms total)
T1F04 1122:381 JLINK_WriteMem(0xE0001038, 0x0004 Bytes, ...) - Data: 00 03 00 00 -- CPU is running -- CPU_WriteMem(4 bytes @ 0xE0001038)  returns 0x04 (0001ms, 20462ms total)
T1F04 1122:382 JLINK_ReadMem (0xE0001038, 0x0004 Bytes, ...) -- CPU is running -- CPU_ReadMem(4 bytes @ 0xE0001038) - Data: 00 03 00 00  returns 0x00 (0001ms, 20463ms total)
T1F04 1122:383 JLINK_ReadMem (0xE0001048, 0x0004 Bytes, ...) -- CPU is running -- CPU_ReadMem(4 bytes @ 0xE0001048) - Data: 00 00 00 00  returns 0x00 (0001ms, 20464ms total)
T1F04 1122:384 JLINK_WriteMem(0xE0001048, 0x0004 Bytes, ...) - Data: 00 01 00 00 -- CPU is running -- CPU_WriteMem(4 bytes @ 0xE0001048)  returns 0x04 (0001ms, 20465ms total)
T1F04 1122:385 JLINK_ReadMem (0xE0001048, 0x0004 Bytes, ...) -- CPU is running -- CPU_ReadMem(4 bytes @ 0xE0001048) - Data: 00 00 00 00  returns 0x00 (0001ms, 20466ms total)
T1F04 1122:386 JLINK_ReadMem (0xE0001058, 0x0004 Bytes, ...) -- CPU is running -- CPU_ReadMem(4 bytes @ 0xE0001058) - Data: 00 00 00 00  returns 0x00 (0001ms, 20467ms total)
T1F04 1122:387 JLINK_WriteMem(0xE0001058, 0x0004 Bytes, ...) - Data: 00 01 00 00 -- CPU is running -- CPU_WriteMem(4 bytes @ 0xE0001058)  returns 0x04 (0001ms, 20468ms total)
T1F04 1122:388 JLINK_ReadMem (0xE0001058, 0x0004 Bytes, ...) -- CPU is running -- CPU_ReadMem(4 bytes @ 0xE0001058) - Data: 00 00 00 00  returns 0x00 (0001ms, 20469ms total)
T1F04 1122:389 JLINK_ReadMem (0xE0001024, 0x0004 Bytes, ...) -- CPU is running -- CPU_ReadMem(4 bytes @ 0xE0001024) - Data: 00 00 00 00  returns 0x00 (0001ms, 20470ms total)
T1F04 1122:390 JLINK_WriteMem(0xE0001024, 0x0004 Bytes, ...) - Data: 1F 00 00 00 -- CPU is running -- CPU_WriteMem(4 bytes @ 0xE0001024)  returns 0x04 (0001ms, 20471ms total)
T1F04 1122:391 JLINK_ReadMem (0xE0001024, 0x0004 Bytes, ...) -- CPU is running -- CPU_ReadMem(4 bytes @ 0xE0001024) - Data: 0F 00 00 00  returns 0x00 (0001ms, 20472ms total)
T1F04 1122:392 JLINK_ReadMem (0xE0001034, 0x0004 Bytes, ...) -- CPU is running -- CPU_ReadMem(4 bytes @ 0xE0001034) - Data: 00 00 00 00  returns 0x00 (0001ms, 20473ms total)
T1F04 1122:393 JLINK_WriteMem(0xE0001034, 0x0004 Bytes, ...) - Data: 1F 00 00 00 -- CPU is running -- CPU_WriteMem(4 bytes @ 0xE0001034)  returns 0x04 (0001ms, 20474ms total)
T1F04 1122:394 JLINK_ReadMem (0xE0001034, 0x0004 Bytes, ...) -- CPU is running -- CPU_ReadMem(4 bytes @ 0xE0001034) - Data: 0F 00 00 00  returns 0x00 (0001ms, 20475ms total)
T1F04 1122:395 JLINK_ReadMem (0xE0001044, 0x0004 Bytes, ...) -- CPU is running -- CPU_ReadMem(4 bytes @ 0xE0001044) - Data: 00 00 00 00  returns 0x00 (0001ms, 20476ms total)
T1F04 1122:396 JLINK_WriteMem(0xE0001044, 0x0004 Bytes, ...) - Data: 1F 00 00 00 -- CPU is running -- CPU_WriteMem(4 bytes @ 0xE0001044)  returns 0x04 (0001ms, 20477ms total)
T1F04 1122:397 JLINK_ReadMem (0xE0001044, 0x0004 Bytes, ...) -- CPU is running -- CPU_ReadMem(4 bytes @ 0xE0001044) - Data: 0F 00 00 00  returns 0x00 (0001ms, 20478ms total)
T1F04 1122:398 JLINK_ReadMem (0xE0001054, 0x0004 Bytes, ...) -- CPU is running -- CPU_ReadMem(4 bytes @ 0xE0001054) - Data: 00 00 00 00  returns 0x00 (0001ms, 20479ms total)
T1F04 1122:399 JLINK_WriteMem(0xE0001054, 0x0004 Bytes, ...) - Data: 1F 00 00 00 -- CPU is running -- CPU_WriteMem(4 bytes @ 0xE0001054)  returns 0x04 (0001ms, 20480ms total)
T1F04 1122:400 JLINK_ReadMem (0xE0001054, 0x0004 Bytes, ...) -- CPU is running -- CPU_ReadMem(4 bytes @ 0xE0001054) - Data: 0F 00 00 00  returns 0x00 (0001ms, 20481ms total)
T1F04 1122:401 JLINK_ReadMem (0xE0001028, 0x0004 Bytes, ...) -- CPU is running -- CPU_ReadMem(4 bytes @ 0xE0001028) - Data: 00 00 00 00  returns 0x00 (0001ms, 20482ms total)
T1F04 1122:402 JLINK_ReadMem (0xE0001038, 0x0004 Bytes, ...) -- CPU is running -- CPU_ReadMem(4 bytes @ 0xE0001038) - Data: 00 03 00 00  returns 0x00 (0001ms, 20483ms total)
T1F04 1122:403 JLINK_ReadMem (0xE0001048, 0x0004 Bytes, ...) -- CPU is running -- CPU_ReadMem(4 bytes @ 0xE0001048) - Data: 00 00 00 00  returns 0x00 (0001ms, 20484ms total)
T1F04 1122:404 JLINK_ReadMem (0xE0001058, 0x0004 Bytes, ...) -- CPU is running -- CPU_ReadMem(4 bytes @ 0xE0001058) - Data: 00 00 00 00  returns 0x00 (0001ms, 20485ms total)
T1F04 1122:405 JLINK_WriteMem(0xE0001020, 0x0004 Bytes, ...) - Data: 00 00 00 00 -- CPU is running -- CPU_WriteMem(4 bytes @ 0xE0001020)  returns 0x04 (0001ms, 20486ms total)
T1F04 1122:406 JLINK_WriteMem(0xE0001024, 0x0004 Bytes, ...) - Data: 00 00 00 00 -- CPU is running -- CPU_WriteMem(4 bytes @ 0xE0001024)  returns 0x04 (0001ms, 20487ms total)
T1F04 1122:407 JLINK_WriteMem(0xE0001028, 0x0004 Bytes, ...) - Data: 00 00 00 00 -- CPU is running -- CPU_WriteMem(4 bytes @ 0xE0001028)  returns 0x04 (0001ms, 20488ms total)
T1F04 1122:408 JLINK_WriteMem(0xE0001030, 0x0004 Bytes, ...) - Data: 00 00 00 00 -- CPU is running -- CPU_WriteMem(4 bytes @ 0xE0001030)  returns 0x04 (0001ms, 20489ms total)
T1F04 1122:409 JLINK_WriteMem(0xE0001034, 0x0004 Bytes, ...) - Data: 00 00 00 00 -- CPU is running -- CPU_WriteMem(4 bytes @ 0xE0001034)  returns 0x04 (0001ms, 20490ms total)
T1F04 1122:410 JLINK_WriteMem(0xE0001038, 0x0004 Bytes, ...) - Data: 00 00 00 00 -- CPU is running -- CPU_WriteMem(4 bytes @ 0xE0001038)  returns 0x04 (0001ms, 20491ms total)
T1F04 1122:411 JLINK_WriteMem(0xE0001040, 0x0004 Bytes, ...) - Data: 00 00 00 00 -- CPU is running -- CPU_WriteMem(4 bytes @ 0xE0001040)  returns 0x04 (0001ms, 20492ms total)
T1F04 1122:412 JLINK_WriteMem(0xE0001044, 0x0004 Bytes, ...) - Data: 00 00 00 00 -- CPU is running -- CPU_WriteMem(4 bytes @ 0xE0001044)  returns 0x04 (0001ms, 20493ms total)
T1F04 1122:413 JLINK_WriteMem(0xE0001048, 0x0004 Bytes, ...) - Data: 00 00 00 00 -- CPU is running -- CPU_WriteMem(4 bytes @ 0xE0001048)  returns 0x04 (0001ms, 20494ms total)
T1F04 1122:414 JLINK_WriteMem(0xE0001050, 0x0004 Bytes, ...) - Data: 00 00 00 00 -- CPU is running -- CPU_WriteMem(4 bytes @ 0xE0001050)  returns 0x04 (0001ms, 20495ms total)
T1F04 1122:415 JLINK_WriteMem(0xE0001054, 0x0004 Bytes, ...) - Data: 00 00 00 00 -- CPU is running -- CPU_WriteMem(4 bytes @ 0xE0001054)  returns 0x04 (0001ms, 20496ms total)
T1F04 1122:416 JLINK_WriteMem(0xE0001058, 0x0004 Bytes, ...) - Data: 00 00 00 00 -- CPU is running -- CPU_WriteMem(4 bytes @ 0xE0001058)  returns 0x04 (0001ms, 20497ms total)
T1F04 1122:417 JLINK_Halt()  returns 0x00 (0008ms, 20505ms total)
T1F04 1122:425 JLINK_WriteMem(0x400E0A04, 0x0004 Bytes, ...) - Data: 0B 01 00 5A -- CPU_WriteMem(4 bytes @ 0x400E0A04)  returns 0x04 (0001ms, 20506ms total)
T1F04 1122:426 JLINK_ReadMem (0x400E0A08, 0x0004 Bytes, ...) -- CPU_ReadMem(4 bytes @ 0x400E0A08) - Data: 01 00 00 00  returns 0x00 (0001ms, 20507ms total)
T1F04 1122:427 JLINK_WriteMem(0x400E0A04, 0x0004 Bytes, ...) - Data: 0C 02 00 5A -- CPU_WriteMem(4 bytes @ 0x400E0A04)  returns 0x04 (0001ms, 20508ms total)
T1F04 1122:428 JLINK_ReadMem (0x400E0A08, 0x0004 Bytes, ...) -- CPU_ReadMem(4 bytes @ 0x400E0A08) - Data: 01 00 00 00  returns 0x00 (0001ms, 20509ms total)
T1F04 1122:429 JLINK_Reset() -- CPU_ReadMem(16 bytes @ 0x20000000) -- CPU_WriteMem(16 bytes @ 0x20000000) -- CPU_ReadMem(4 bytes @ 0xE000EDFC) -- CPU_WriteMem(4 bytes @ 0xE000EDFC) -- CPU_ReadMem(4 bytes @ 0xE0001000) -- CPU_WriteMem(4 bytes @ 0xE000EDFC) -- CPU_WriteMem(16 bytes @ 0x20000000) -- CPU_WriteMem(4 bytes @ 0xE0002000) -- CPU_ReadMem(4 bytes @ 0xE000EDFC) -- CPU_ReadMem(4 bytes @ 0xE0001000) (0039ms, 20548ms total)
T1F04 1122:469 JLINK_JTAG_GetDeviceID(DeviceIndex = 0)  returns 0x4BA00477 (0000ms, 20548ms total)
T1F04 1122:469 JLINK_ReadMemU32(0x400E0740, 0x0001 Items, ...) -- CPU_ReadMem(4 bytes @ 0x400E0740) - Data: E0 0E A7 29  returns 0x01 (0001ms, 20549ms total)
T1F04 1122:470 JLINK_ReadMemU32(0x400E0744, 0x0001 Items, ...) -- CPU_ReadMem(4 bytes @ 0x400E0744) - Data: 00 00 00 00  returns 0x01 (0001ms, 20550ms total)
T1F04 1122:471 JLINK_WriteMem(0x400E0A04, 0x0004 Bytes, ...) - Data: 05 00 00 5A -- CPU_WriteMem(4 bytes @ 0x400E0A04)  returns 0x04 (0001ms, 20551ms total)
T1F04 1122:472 JLINK_WriteMem(0x400E0C04, 0x0004 Bytes, ...) - Data: 05 00 00 5A -- CPU_WriteMem(4 bytes @ 0x400E0C04)  returns 0x04 (0001ms, 20552ms total)
T1F04 1122:473 JLINK_ReadMem (0x400E0A08, 0x0004 Bytes, ...) -- CPU_ReadMem(4 bytes @ 0x400E0A08) - Data: 00 00 00 00  returns 0x00 (0001ms, 20553ms total)
T1F04 1122:475 JLINK_ReadMem (0x400E0A08, 0x0004 Bytes, ...) -- CPU_ReadMem(4 bytes @ 0x400E0A08) - Data: 00 00 00 00  returns 0x00 (0001ms, 20554ms total)
T18D4 1122:479 JLINK_IsHalted()  returns TRUE (0000ms, 20554ms total)
T18D4 1122:479 JLINK_GetMOEs(...) -- CPU_ReadMem(4 bytes @ 0xE000ED30) -- CPU_WriteMem(4 bytes @ 0xE000ED30)  returns 0x01 (0002ms, 20556ms total)
T1F04 1122:481 JLINK_ReadMem (0x400E0A08, 0x0004 Bytes, ...) -- CPU_ReadMem(4 bytes @ 0x400E0A08) - Data: 00 00 00 00  returns 0x00 (0001ms, 20557ms total)
T18D4 1122:482 JLINK_ReadReg(R15 (PC))  returns 0x004009B4 (0000ms, 20557ms total)
T1F04 1122:498 JLINK_ReadMem (0x400E0A08, 0x0004 Bytes, ...) -- CPU_ReadMem(4 bytes @ 0x400E0A08) - Data: 00 00 00 00  returns 0x00 (0001ms, 20558ms total)
T1F04 1122:563 JLINK_ReadMem (0x400E0A08, 0x0004 Bytes, ...) -- CPU_ReadMem(4 bytes @ 0x400E0A08) - Data: 00 00 00 00  returns 0x00 (0001ms, 20559ms total)
T18D4 1122:682 JLINK_IsHalted()  returns TRUE (0000ms, 20559ms total)
T1F04 1122:820 JLINK_ReadMem (0x400E0A08, 0x0004 Bytes, ...) -- CPU_ReadMem(4 bytes @ 0x400E0A08) - Data: 00 00 00 00  returns 0x00 (0001ms, 20560ms total)
T18D4 1122:882 JLINK_IsHalted()  returns TRUE (0000ms, 20560ms total)
T18D4 1123:082 JLINK_IsHalted()  returns TRUE (0001ms, 20561ms total)
T18D4 1123:283 JLINK_IsHalted()  returns TRUE (0000ms, 20560ms total)
T18D4 1123:483 JLINK_IsHalted()  returns TRUE (0001ms, 20561ms total)
T18D4 1123:684 JLINK_IsHalted()  returns TRUE (0001ms, 20561ms total)
T1F04 1123:821 JLINK_ReadMem (0x400E0A08, 0x0004 Bytes, ...) -- CPU_ReadMem(4 bytes @ 0x400E0A08) - Data: 00 00 00 00  returns 0x00 (0001ms, 20561ms total)
T1F04 1123:822 JLINK_ReadMem (0x400E0C08, 0x0004 Bytes, ...) -- CPU_ReadMem(4 bytes @ 0x400E0C08) - Data: 00 00 00 00  returns 0x00 (0001ms, 20562ms total)
T1F04 1123:824 JLINK_ReadMem (0x400E0C08, 0x0004 Bytes, ...) -- CPU_ReadMem(4 bytes @ 0x400E0C08) - Data: 00 00 00 00  returns 0x00 (0001ms, 20563ms total)
T1F04 1123:829 JLINK_ReadMem (0x400E0C08, 0x0004 Bytes, ...) -- CPU_ReadMem(4 bytes @ 0x400E0C08) - Data: 00 00 00 00  returns 0x00 (0001ms, 20564ms total)
T1F04 1123:846 JLINK_ReadMem (0x400E0C08, 0x0004 Bytes, ...) -- CPU_ReadMem(4 bytes @ 0x400E0C08) - Data: 00 00 00 00  returns 0x00 (0001ms, 20565ms total)
T18D4 1123:885 JLINK_IsHalted()  returns TRUE (0000ms, 20565ms total)
T1F04 1123:911 JLINK_ReadMem (0x400E0C08, 0x0004 Bytes, ...) -- CPU_ReadMem(4 bytes @ 0x400E0C08) - Data: 00 00 00 00  returns 0x00 (0001ms, 20566ms total)
T18D4 1124:085 JLINK_IsHalted()  returns TRUE (0000ms, 20566ms total)
T1F04 1124:168 JLINK_ReadMem (0x400E0C08, 0x0004 Bytes, ...) -- CPU_ReadMem(4 bytes @ 0x400E0C08) - Data: 00 00 00 00  returns 0x00 (0001ms, 20567ms total)
T18D4 1124:285 JLINK_IsHalted()  returns TRUE (0001ms, 20568ms total)
T18D4 1124:486 JLINK_IsHalted()  returns TRUE (0001ms, 20568ms total)
T18D4 1124:687 JLINK_IsHalted()  returns TRUE (0000ms, 20567ms total)
T18D4 1124:887 JLINK_IsHalted()  returns TRUE (0001ms, 20568ms total)
T18D4 1125:088 JLINK_IsHalted()  returns TRUE (0000ms, 20567ms total)
T1F04 1125:169 JLINK_ReadMem (0x400E0C08, 0x0004 Bytes, ...) -- CPU_ReadMem(4 bytes @ 0x400E0C08) - Data: 00 00 00 00  returns 0x00 (0001ms, 20568ms total)
T1F04 1125:170 JLINK_ReadMem (0x400E0A08, 0x0004 Bytes, ...) -- CPU_ReadMem(4 bytes @ 0x400E0A08) - Data: 00 00 00 00  returns 0x00 (0002ms, 20570ms total)
T1F04 1125:173 JLINK_ReadMem (0x400E0A08, 0x0004 Bytes, ...) -- CPU_ReadMem(4 bytes @ 0x400E0A08) - Data: 00 00 00 00  returns 0x00 (0001ms, 20571ms total)
T1F04 1125:178 JLINK_ReadMem (0x400E0A08, 0x0004 Bytes, ...) -- CPU_ReadMem(4 bytes @ 0x400E0A08) - Data: 00 00 00 00  returns 0x00 (0001ms, 20572ms total)
T1F04 1125:195 JLINK_ReadMem (0x400E0A08, 0x0004 Bytes, ...) -- CPU_ReadMem(4 bytes @ 0x400E0A08) - Data: 00 00 00 00  returns 0x00 (0001ms, 20573ms total)
T1F04 1125:260 JLINK_ReadMem (0x400E0A08, 0x0004 Bytes, ...) -- CPU_ReadMem(4 bytes @ 0x400E0A08) - Data: 00 00 00 00  returns 0x00 (0001ms, 20574ms total)
T18D4 1125:288 JLINK_IsHalted()  returns TRUE (0000ms, 20574ms total)
T18D4 1125:488 JLINK_IsHalted()  returns TRUE (0002ms, 20576ms total)
T1F04 1125:517 JLINK_ReadMem (0x400E0A08, 0x0004 Bytes, ...) -- CPU_ReadMem(4 bytes @ 0x400E0A08) - Data: 00 00 00 00  returns 0x00 (0001ms, 20575ms total)
T18D4 1125:690 JLINK_IsHalted()  returns TRUE (0000ms, 20575ms total)
T18D4 1125:890 JLINK_IsHalted()  returns TRUE (0000ms, 20575ms total)
T18D4 1126:090 JLINK_IsHalted()  returns TRUE (0001ms, 20576ms total)
T18D4 1126:291 JLINK_IsHalted()  returns TRUE (0000ms, 20575ms total)
T18D4 1126:491 JLINK_IsHalted()  returns TRUE (0001ms, 20576ms total)
T1F04 1126:518 JLINK_ReadMem (0x400E0A08, 0x0004 Bytes, ...) -- CPU_ReadMem(4 bytes @ 0x400E0A08) - Data: 00 00 00 00  returns 0x00 (0001ms, 20576ms total)
T1F04 1126:519 JLINK_ReadMem (0x400E0C08, 0x0004 Bytes, ...) -- CPU_ReadMem(4 bytes @ 0x400E0C08) - Data: 00 00 00 00  returns 0x00 (0001ms, 20577ms total)
T1F04 1126:521 JLINK_ReadMem (0x400E0C08, 0x0004 Bytes, ...) -- CPU_ReadMem(4 bytes @ 0x400E0C08) - Data: 00 00 00 00  returns 0x00 (0001ms, 20578ms total)
T1F04 1126:526 JLINK_ReadMem (0x400E0C08, 0x0004 Bytes, ...) -- CPU_ReadMem(4 bytes @ 0x400E0C08) - Data: 00 00 00 00  returns 0x00 (0001ms, 20579ms total)
T1F04 1126:543 JLINK_ReadMem (0x400E0C08, 0x0004 Bytes, ...) -- CPU_ReadMem(4 bytes @ 0x400E0C08) - Data: 00 00 00 00  returns 0x00 (0001ms, 20580ms total)
T1F04 1126:608 JLINK_ReadMem (0x400E0C08, 0x0004 Bytes, ...) -- CPU_ReadMem(4 bytes @ 0x400E0C08) - Data: 00 00 00 00  returns 0x00 (0001ms, 20581ms total)
T18D4 1126:692 JLINK_IsHalted()  returns TRUE (0001ms, 20582ms total)
T1F04 1126:865 JLINK_ReadMem (0x400E0C08, 0x0004 Bytes, ...) -- CPU_ReadMem(4 bytes @ 0x400E0C08) - Data: 00 00 00 00  returns 0x00 (0001ms, 20582ms total)
T18D4 1126:893 JLINK_IsHalted()  returns TRUE (0000ms, 20582ms total)
T18D4 1127:093 JLINK_IsHalted()  returns TRUE (0000ms, 20582ms total)
T18D4 1127:293 JLINK_IsHalted()  returns TRUE (0001ms, 20583ms total)
T18D4 1127:494 JLINK_IsHalted()  returns TRUE (0001ms, 20583ms total)
T18D4 1127:695 JLINK_IsHalted()  returns TRUE (0000ms, 20582ms total)
T1F04 1127:866 JLINK_ReadMem (0x400E0C08, 0x0004 Bytes, ...) -- CPU_ReadMem(4 bytes @ 0x400E0C08) - Data: 01 00 00 00  returns 0x00 (0001ms, 20583ms total)
T1F04 1127:867 JLINK_ReadMem (0x400E0A08, 0x0004 Bytes, ...) -- CPU_ReadMem(4 bytes @ 0x400E0A08) - Data: 01 00 00 00  returns 0x00 (0001ms, 20584ms total)
T18D4 1127:895 JLINK_IsHalted()  returns TRUE (0001ms, 20585ms total)
T1F04 1127:896 JLINK_ResetPullsRESET(ON) (0000ms, 20584ms total)
T1F04 1127:896 JLINK_ResetNoHalt() >0x2F8 JTAG>TotalIRLen = 4, IRPrint = 0x01 >0x30 JTAG> >0x210 JTAG> >0x70 JTAG> >0x40 JTAG> >0x40 JTAG> >0x40 JTAG> >0x48 JTAG> >0x78 JTAG> >0x40 JTAG> >0x30 JTAG> >0x40 JTAG> >0x40 JTAG> >0x30 JTAG> >0x40 JTAG> >0x48 JTAG>Found Cortex-M4 r0p1, Little endian. -- CPU_WriteMem(4 bytes @ 0xE0002000) -- CPU_ReadMem(4 bytes @ 0xE000EDF0) -- CPU_ReadMem(4 bytes @ 0xE0002000)FPUnit: 6 code (BP) slots and 2 literal slots -- CPU_ReadMem(4 bytes @ 0xE000EDFC)
 -- CPU_ReadMem(4 bytes @ 0xE0001000) -- CPU_ReadMem(4 bytes @ 0xE000ED88) -- CPU_WriteMem(4 bytes @ 0xE000ED88) -- CPU_ReadMem(4 bytes @ 0xE000ED88) -- CPU_WriteMem(4 bytes @ 0xE000ED88)CoreSight components:ROMTbl 0 @ E00FF000 -- CPU_ReadMem(16 bytes @ 0xE00FF000) -- CPU_ReadMem(16 bytes @ 0xE000EFF0) -- CPU_ReadMem(16 bytes @ 0xE000EFE0)ROMTbl 0 [0]: FFF0F000, CID: B105E00D, PID: 000BB000 SCS -- CPU_WriteMem(4 bytes @ 0xE0001000) -- CPU_ReadMem(16 bytes @ 0xE0001FF0)
 -- CPU_ReadMem(16 bytes @ 0xE0001FE0)ROMTbl 0 [1]: FFF02000, CID: B105E00D, PID: 003BB002 DWT -- CPU_ReadMem(16 bytes @ 0xE0002FF0) -- CPU_ReadMem(16 bytes @ 0xE0002FE0)ROMTbl 0 [2]: FFF03000, CID: B105E00D, PID: 002BB003 FPB -- CPU_ReadMem(16 bytes @ 0xE0000FF0) -- CPU_ReadMem(16 bytes @ 0xE0000FE0)ROMTbl 0 [3]: FFF01000, CID: B105E00D, PID: 003BB001 ITM -- CPU_ReadMem(16 bytes @ 0xE00FF010) -- CPU_ReadMem(16 bytes @ 0xE0040FF0) -- CPU_ReadMem(16 bytes @ 0xE0040FE0)
ROMTbl 0 [4]: FFF41000, CID: B105900D, PID: 000BB9A1 TPIU
                JLINK_Reset() -- CPU_ReadMem(16 bytes @ 0x20000000) -- CPU_WriteMem(16 bytes @ 0x20000000) -- CPU_ReadMem(4 bytes @ 0xE000EDFC) -- CPU_WriteMem(4 bytes @ 0xE000EDFC) -- CPU_ReadMem(4 bytes @ 0xE0001000) -- CPU_WriteMem(4 bytes @ 0xE0001004) -- CPU_WriteMem(4 bytes @ 0xE000EDFC) -- CPU_WriteMem(16 bytes @ 0x20000000) -- CPU_WriteMem(4 bytes @ 0xE0002000) -- CPU_ReadMem(4 bytes @ 0xE000EDFC) -- CPU_ReadMem(4 bytes @ 0xE0001000) (0039ms, 0039ms total)
                JLINK_Go() -- CPU_ReadMem(4 bytes @ 0xE0001000) -- CPU_WriteMem(4 bytes @ 0xE0001004) (0003ms, 0042ms total)
               (0085ms, 20669ms total)
T1F04 1127:981 JLINK_ExecCommand("ProjectFile = T:\Entregas\t\GETTING-STARTED2\GETTING-STARTED2\jlink.config", ...)  returns 0x00 (0000ms, 20669ms total)
T1F04 1127:989 JLINK_ExecCommand("Device = AT91SAM4SD32C", ...)Device "ATSAM4SD32C" selected.  returns 0x00 (0001ms, 20670ms total)
T1F04 1127:990 JLINK_TIF_Select(JLINKARM_TIF_JTAG)  returns 0x00 (0000ms, 20670ms total)
T1F04 1127:990 JLINK_GetIdData(...) ScanLen=4 NumDevices=1 aId[0]=0x4BA00477 aIrRead[0]=0 aScanLen[0]=0 aScanRead[0]=0 (0000ms, 20670ms total)
T1F04 1127:990 JLINK_ConfigJTAG(IRPre = 0, DRPre = 0) (0000ms, 20670ms total)
T1F04 1127:990 JLINK_SetSpeed(4000) (0000ms, 20670ms total)
T1F04 1127:990 JLINK_ResetPullsRESET(OFF) (0000ms, 20670ms total)
T1F04 1127:990 JLINK_Connect() >0x2F8 JTAG>TotalIRLen = 4, IRPrint = 0x01 >0x30 JTAG> >0x210 JTAG> >0x70 JTAG> >0x40 JTAG> >0x40 JTAG> >0x40 JTAG> >0x48 JTAG> >0x78 JTAG> >0x40 JTAG> >0x30 JTAG> >0x40 JTAG> >0x40 JTAG> >0x30 JTAG> >0x40 JTAG> >0x48 JTAG>Found Cortex-M4 r0p1, Little endian. -- CPU_WriteMem(4 bytes @ 0xE0002000) -- CPU_ReadMem(4 bytes @ 0xE000EDF0) -- CPU_ReadMem(4 bytes @ 0xE0002000)FPUnit: 6 code (BP) slots and 2 literal slots -- CPU_ReadMem(4 bytes @ 0xE000EDFC)
 -- CPU_ReadMem(4 bytes @ 0xE0001000) -- CPU_WriteMem(4 bytes @ 0xE0001000) -- CPU_ReadMem(4 bytes @ 0xE000ED88) -- CPU_WriteMem(4 bytes @ 0xE000ED88) -- CPU_ReadMem(4 bytes @ 0xE000ED88) -- CPU_WriteMem(4 bytes @ 0xE000ED88)CoreSight components:ROMTbl 0 @ E00FF000 -- CPU_ReadMem(16 bytes @ 0xE00FF000) -- CPU_ReadMem(16 bytes @ 0xE000EFF0) -- CPU_ReadMem(16 bytes @ 0xE000EFE0)ROMTbl 0 [0]: FFF0F000, CID: B105E00D, PID: 000BB000 SCS -- CPU_ReadMem(16 bytes @ 0xE0001FF0)
 -- CPU_ReadMem(16 bytes @ 0xE0001FE0)ROMTbl 0 [1]: FFF02000, CID: B105E00D, PID: 003BB002 DWT -- CPU_ReadMem(16 bytes @ 0xE0002FF0) -- CPU_ReadMem(16 bytes @ 0xE0002FE0)ROMTbl 0 [2]: FFF03000, CID: B105E00D, PID: 002BB003 FPB -- CPU_ReadMem(16 bytes @ 0xE0000FF0) -- CPU_ReadMem(16 bytes @ 0xE0000FE0)ROMTbl 0 [3]: FFF01000, CID: B105E00D, PID: 003BB001 ITM -- CPU_ReadMem(16 bytes @ 0xE00FF010) -- CPU_ReadMem(16 bytes @ 0xE0040FF0) -- CPU_ReadMem(16 bytes @ 0xE0040FE0)
ROMTbl 0 [4]: FFF41000, CID: B105900D, PID: 000BB9A1 TPIU  returns 0x00 (0041ms, 20711ms total)
T1F04 1128:031 JLINK_WriteMem(0xE0001020, 0x0004 Bytes, ...) - Data: 00 00 00 00 -- CPU is running -- CPU_WriteMem(4 bytes @ 0xE0001020)  returns 0x04 (0002ms, 20713ms total)
T1F04 1128:033 JLINK_WriteMem(0xE0001024, 0x0004 Bytes, ...) - Data: 00 00 00 00 -- CPU is running -- CPU_WriteMem(4 bytes @ 0xE0001024)  returns 0x04 (0001ms, 20714ms total)
T1F04 1128:034 JLINK_WriteMem(0xE0001028, 0x0004 Bytes, ...) - Data: 00 00 00 00 -- CPU is running -- CPU_WriteMem(4 bytes @ 0xE0001028)  returns 0x04 (0001ms, 20715ms total)
T1F04 1128:035 JLINK_WriteMem(0xE0001030, 0x0004 Bytes, ...) - Data: 00 00 00 00 -- CPU is running -- CPU_WriteMem(4 bytes @ 0xE0001030)  returns 0x04 (0001ms, 20716ms total)
T1F04 1128:036 JLINK_WriteMem(0xE0001034, 0x0004 Bytes, ...) - Data: 00 00 00 00 -- CPU is running -- CPU_WriteMem(4 bytes @ 0xE0001034)  returns 0x04 (0001ms, 20717ms total)
T1F04 1128:037 JLINK_WriteMem(0xE0001038, 0x0004 Bytes, ...) - Data: 00 00 00 00 -- CPU is running -- CPU_WriteMem(4 bytes @ 0xE0001038)  returns 0x04 (0001ms, 20718ms total)
T1F04 1128:038 JLINK_WriteMem(0xE0001040, 0x0004 Bytes, ...) - Data: 00 00 00 00 -- CPU is running -- CPU_WriteMem(4 bytes @ 0xE0001040)  returns 0x04 (0001ms, 20719ms total)
T1F04 1128:039 JLINK_WriteMem(0xE0001044, 0x0004 Bytes, ...) - Data: 00 00 00 00 -- CPU is running -- CPU_WriteMem(4 bytes @ 0xE0001044)  returns 0x04 (0001ms, 20720ms total)
T1F04 1128:040 JLINK_WriteMem(0xE0001048, 0x0004 Bytes, ...) - Data: 00 00 00 00 -- CPU is running -- CPU_WriteMem(4 bytes @ 0xE0001048)  returns 0x04 (0001ms, 20721ms total)
T1F04 1128:041 JLINK_WriteMem(0xE0001050, 0x0004 Bytes, ...) - Data: 00 00 00 00 -- CPU is running -- CPU_WriteMem(4 bytes @ 0xE0001050)  returns 0x04 (0001ms, 20722ms total)
T1F04 1128:042 JLINK_WriteMem(0xE0001054, 0x0004 Bytes, ...) - Data: 00 00 00 00 -- CPU is running -- CPU_WriteMem(4 bytes @ 0xE0001054)  returns 0x04 (0001ms, 20723ms total)
T1F04 1128:043 JLINK_WriteMem(0xE0001058, 0x0004 Bytes, ...) - Data: 00 00 00 00 -- CPU is running -- CPU_WriteMem(4 bytes @ 0xE0001058)  returns 0x04 (0001ms, 20724ms total)
T1F04 1128:044 JLINK_Halt()  returns 0x00 (0004ms, 20728ms total)
T1F04 1128:048 JLINK_WriteMem(0x400E0A04, 0x0004 Bytes, ...) - Data: 0B 01 00 5A -- CPU_WriteMem(4 bytes @ 0x400E0A04)  returns 0x04 (0001ms, 20729ms total)
T1F04 1128:049 JLINK_ReadMem (0x400E0A08, 0x0004 Bytes, ...) -- CPU_ReadMem(4 bytes @ 0x400E0A08) - Data: 01 00 00 00  returns 0x00 (0001ms, 20730ms total)
T1F04 1128:050 JLINK_WriteMem(0x400E0A04, 0x0004 Bytes, ...) - Data: 0C 02 00 5A -- CPU_WriteMem(4 bytes @ 0x400E0A04)  returns 0x04 (0001ms, 20731ms total)
T1F04 1128:051 JLINK_ReadMem (0x400E0A08, 0x0004 Bytes, ...) -- CPU_ReadMem(4 bytes @ 0x400E0A08) - Data: 01 00 00 00  returns 0x00 (0001ms, 20732ms total)
T1F04 1128:052 JLINK_Reset() -- CPU_ReadMem(16 bytes @ 0x20000000) -- CPU_WriteMem(16 bytes @ 0x20000000) -- CPU_ReadMem(4 bytes @ 0xE000EDFC) -- CPU_WriteMem(4 bytes @ 0xE000EDFC) -- CPU_ReadMem(4 bytes @ 0xE0001000) -- CPU_WriteMem(4 bytes @ 0xE000EDFC) -- CPU_WriteMem(16 bytes @ 0x20000000) -- CPU_WriteMem(4 bytes @ 0xE0002000) -- CPU_ReadMem(4 bytes @ 0xE000EDFC) -- CPU_ReadMem(4 bytes @ 0xE0001000) (0029ms, 20761ms total)
T1F04 1128:082 JLINK_JTAG_GetDeviceID(DeviceIndex = 0)  returns 0x4BA00477 (0000ms, 20761ms total)
T1F04 1128:082 JLINK_ReadMemU32(0x400E0740, 0x0001 Items, ...) -- CPU_ReadMem(4 bytes @ 0x400E0740) - Data: E0 0E A7 29  returns 0x01 (0001ms, 20762ms total)
T1F04 1128:083 JLINK_ReadMemU32(0x400E0744, 0x0001 Items, ...) -- CPU_ReadMem(4 bytes @ 0x400E0744) - Data: 00 00 00 00  returns 0x01 (0001ms, 20763ms total)
T1F04 1128:085 JLINK_BeginDownload(Flags = 0x00) (0000ms, 20763ms total)
T1F04 1128:085 JLINK_WriteMem(0x00400000, 0x4000 Bytes, ...) - Data: 50 39 00 20 B5 09 40 00 B1 09 40 00 B1 09 40 00 ...  returns 0x4000 (0001ms, 20764ms total)
T1F04 1128:086 JLINK_WriteMem(0x00404000, 0x0254 Bytes, ...) - Data: 6C E7 C8 F1 20 04 01 FA 08 F3 05 FA 08 F5 20 FA ...  returns 0x254 (0000ms, 20764ms total)
T1F04 1128:086 JLINK_WriteMem(0x00404254, 0x0008 Bytes, ...) - Data: 60 F9 FF 7F 01 00 00 00  returns 0x08 (0000ms, 20764ms total)
T1F04 1128:086 JLINK_WriteMem(0x0040425C, 0x086C Bytes, ...) - Data: 00 09 3D 00 01 01 00 00 00 00 00 00 F4 02 00 20 ...  returns 0x86C (0000ms, 20764ms total)
T2194 1128:092 JLINK_IsHalted()  returns TRUE (0000ms, 20764ms total)
T2194 1128:092 JLINK_GetMOEs(...) -- CPU_ReadMem(4 bytes @ 0xE000ED30) -- CPU_WriteMem(4 bytes @ 0xE000ED30)  returns 0x01 (0002ms, 20766ms total)
T2194 1128:094 JLINK_ReadReg(R15 (PC)) -- -------------------------------------- -- Start of determining dirty areas in flash cache -- End of determining dirty areas -- Start of preparing flash programming -- Calculating RAM usage -- RAM usage = 3908 Bytes -- Preserving registers -- Preparing memory -- Determining CPU clock frequency -- CPU clock frequency: 4172 kHz -- CPU frequency = 4172 kHz -- Preparing target -- Downloading RAMCode -- Using alternate TurboMode RAMCode -- Checking target RAM
 -- Preparing RAMCode -- End of preparing flash programmingCPU is running at low speed (4172 kHz). -- CPU is running at 4172 kHz. -- Start of comparing flash -- Read back was estimated as fastest method -- Comparing range 0x400000 - 0x403FFF (32 Sectors, 16 KB), using multi-block CRC calculation -- CPU is running -- CPU_ReadMem(512 bytes @ 0x00400000) -- CPU is running -- CPU_ReadMem(512 bytes @ 0x00400200) -- CPU is running -- CPU_ReadMem(512 bytes @ 0x00400400) -- CPU is running
 -- CPU_ReadMem(512 bytes @ 0x00400600) -- CPU is running -- CPU_ReadMem(512 bytes @ 0x00400800) -- CPU is running -- CPU_ReadMem(512 bytes @ 0x00400A00) -- CPU is running -- CPU_ReadMem(512 bytes @ 0x00400C00) -- CPU is running -- CPU_ReadMem(512 bytes @ 0x00400E00) -- CPU is running -- CPU_ReadMem(512 bytes @ 0x00401000) -- CPU is running -- CPU_ReadMem(512 bytes @ 0x00401200) -- CPU is running -- CPU_ReadMem(512 bytes @ 0x00401400) -- CPU is running -- CPU_ReadMem(512 bytes @ 0x00401600)
 -- CPU is running -- CPU_ReadMem(512 bytes @ 0x00401800) -- CPU is running -- CPU_ReadMem(512 bytes @ 0x00401A00) -- CPU is running -- CPU_ReadMem(512 bytes @ 0x00401C00) -- CPU is running -- CPU_ReadMem(512 bytes @ 0x00401E00) -- CPU is running -- CPU_ReadMem(512 bytes @ 0x00402000) -- CPU is running -- CPU_ReadMem(512 bytes @ 0x00402200) -- CPU is running -- CPU_ReadMem(512 bytes @ 0x00402400) -- CPU is running -- CPU_ReadMem(512 bytes @ 0x00402600) -- CPU is running
 -- CPU_ReadMem(512 bytes @ 0x00402800) -- CPU is running -- CPU_ReadMem(512 bytes @ 0x00402A00) -- CPU is running -- CPU_ReadMem(512 bytes @ 0x00402C00) -- CPU is running -- CPU_ReadMem(512 bytes @ 0x00402E00) -- CPU is running -- CPU_ReadMem(512 bytes @ 0x00403000) -- CPU is running -- CPU_ReadMem(512 bytes @ 0x00403200) -- CPU is running -- CPU_ReadMem(512 bytes @ 0x00403400) -- CPU is running -- CPU_ReadMem(512 bytes @ 0x00403600) -- CPU is running -- CPU_ReadMem(512 bytes @ 0x00403800)
 -- CPU is running -- CPU_ReadMem(512 bytes @ 0x00403A00) -- CPU is running -- CPU_ReadMem(512 bytes @ 0x00403C00) -- CPU is running -- CPU_ReadMem(512 bytes @ 0x00403E00) -- CRC does not match for sectors 0-31 -- Comparing range 0x404000 - 0x404FFF (1 Sector, 4 KB), using multi-block CRC calculation -- CPU is running -- CPU_ReadMem(4096 bytes @ 0x00404000) -- CRC does not match for sector 0 -- End of comparing flash -- Start of erasing sectors -- End of erasing sectors -- Start of flash programming
 -- Programming range 0x00400000 - 0x00403FFF (032 Sectors, 16 KB) -- Programming range 0x00404000 - 0x00404FFF (001 Sector, 4 KB) -- End of flash programming -- Flash programming performed for 2 ranges (20480 bytes) -- 0x400000 - 0x403FFF (032 Sectors, 16 KB) -- 0x404000 - 0x404FFF (001 Sector, 4 KB) -- Start of verifying flash -- Checksum calculation was estimated as fastest method -- Checksum calculation was estimated as fastest method -- End of verifying flash -- Start of restoring -- Restore RAMCode
 -- Restore content of target memory -- Restore target -- Restore memory -- Restore content of registers -- End of restoring -- Total time needed: 0.492s (Prepare: 0.091s, Compare: 0.163s, Erase: 0.000s, Program: 0.216s, Verify: 0.014s, Restore: 0.006s)  returns 0xFFFFFFFE (0495ms, 21261ms total)
T2308 1128:643 JLINK_Halt()  returns 0x00 (0001ms, 21262ms total)
T2308 1128:644 JLINK_ReadReg(R15 (PC))  returns 0xFFFFFFFE (0000ms, 21262ms total)
T2308 1128:644 JLINK_ReadReg(R13 (SP))  returns 0xFFFFFFFC (0000ms, 21262ms total)
T2308 1128:720 JLINK_ReadReg(R0)  returns 0x400E1400 (0000ms, 21262ms total)
T2308 1128:720 JLINK_ReadReg(R1)  returns 0x40C00000 (0000ms, 21262ms total)
T2308 1128:720 JLINK_ReadReg(R2)  returns 0xA5000005 (0000ms, 21262ms total)
T2308 1128:720 JLINK_ReadReg(R3)  returns 0x0000006B (0000ms, 21262ms total)
T2308 1128:720 JLINK_ReadReg(R4)  returns 0x20000004 (0001ms, 21263ms total)
T2308 1128:721 JLINK_ReadReg(R5)  returns 0x20000904 (0000ms, 21263ms total)
T2308 1128:721 JLINK_ReadReg(R6)  returns 0x400E0E00 (0000ms, 21263ms total)
T2308 1128:721 JLINK_ReadReg(R7)  returns 0x004041D4 (0000ms, 21263ms total)
T2308 1128:721 JLINK_ReadReg(R8)  returns 0xE000E100 (0000ms, 21263ms total)
T2308 1128:721 JLINK_ReadReg(R9)  returns 0x00400635 (0000ms, 21263ms total)
T2308 1128:721 JLINK_ReadReg(R10)  returns 0x0040027D (0000ms, 21263ms total)
T2308 1128:721 JLINK_ReadReg(R11)  returns 0x0040081D (0000ms, 21263ms total)
T2308 1128:721 JLINK_ReadReg(R12)  returns 0x00000000 (0000ms, 21263ms total)
T2308 1128:721 JLINK_ReadReg(R13 (SP))  returns 0xFFFFFFFC (0000ms, 21263ms total)
T2308 1128:721 JLINK_ReadReg(R14)  returns 0xFFFFFFFF (0000ms, 21263ms total)
T2308 1128:721 JLINK_ReadReg(R15 (PC))  returns 0xFFFFFFFE (0000ms, 21263ms total)
T2308 1128:721 JLINK_ReadReg(XPSR)  returns 0x01000000 (0000ms, 21263ms total)
T2308 1128:721 JLINK_ReadReg(MSP)  returns 0xFFFFFFFC (0000ms, 21263ms total)
T2308 1128:721 JLINK_ReadReg(PSP)  returns 0x20001708 (0000ms, 21263ms total)
T2308 1128:721 JLINK_ReadReg(PRIMASK)  returns 0x00000000 (0000ms, 21263ms total)
T2308 1128:721 JLINK_ReadReg(BASEPRI)  returns 0x00000000 (0000ms, 21263ms total)
T2308 1128:721 JLINK_ReadReg(FAULTMASK)  returns 0x00000000 (0000ms, 21263ms total)
T2308 1128:721 JLINK_ReadReg(CONTROL)  returns 0x00000000 (0000ms, 21263ms total)
T2308 1128:741 JLINK_EndDownload()  returns 0x00 (0000ms, 21263ms total)
T2308 1128:741 JLINK_Reset() -- CPU_ReadMem(16 bytes @ 0x20000000) -- CPU_WriteMem(16 bytes @ 0x20000000) -- CPU_ReadMem(4 bytes @ 0xE000EDFC) -- CPU_WriteMem(4 bytes @ 0xE000EDFC) -- CPU_ReadMem(4 bytes @ 0xE0001000) -- CPU_WriteMem(4 bytes @ 0xE000EDFC) -- CPU_WriteMem(16 bytes @ 0x20000000) -- CPU_WriteMem(4 bytes @ 0xE0002000) -- CPU_ReadMem(4 bytes @ 0xE000EDFC) -- CPU_ReadMem(4 bytes @ 0xE0001000) (0030ms, 21293ms total)
T2194 1128:771 JLINK_IsHalted()  returns TRUE (0000ms, 21293ms total)
T2194 1128:771 JLINK_GetMOEs(...) -- CPU_ReadMem(4 bytes @ 0xE000ED30) -- CPU_WriteMem(4 bytes @ 0xE000ED30)  returns 0x01 (0002ms, 21295ms total)
T2194 1128:773 JLINK_ReadReg(R15 (PC))  returns 0x004009B4 (0000ms, 21295ms total)
T2308 1128:781 JLINK_ReadReg(R15 (PC))  returns 0x004009B4 (0000ms, 21295ms total)
T2308 1128:781 JLINK_ReadReg(R13 (SP))  returns 0x20003950 (0000ms, 21295ms total)
T2308 1128:786 JLINK_ReadMemHW(0x004009B4, 0x0004 Bytes, ...) -- CPU_ReadMem(4 bytes @ 0x004009B4) - Data: 08 B5 20 4B  returns 0x00 (0001ms, 21296ms total)
T2308 1128:828 JLINK_ReadMemHW(0x00400E3C, 0x0001 Bytes, ...) -- CPU_ReadMem(1 bytes @ 0x00400E3C) - Data: 2D  returns 0x00 (0001ms, 21297ms total)
T2308 1128:869 JLINK_ReadReg(R15 (PC))  returns 0x004009B4 (0000ms, 21297ms total)
T2308 1128:869 JLINK_GetNumBPUnits(Type = 0xFFFFFF02)  returns 0x06 (0000ms, 21297ms total)
T2308 1128:869 JLINK_SetBPEx(Addr = 0x00400E3C, Type = 0xFFFFFF02)  returns 0x00000001 (0000ms, 21297ms total)
T2308 1128:869 JLINK_GetBPInfo(BPHandle = 1)  returns 0x00 (0000ms, 21297ms total)
T2308 1128:869 JLINK_Go() -- CPU_ReadMem(4 bytes @ 0xE0001000) -- CPU_WriteMem(4 bytes @ 0xE0002008) -- CPU_WriteMem(4 bytes @ 0xE000200C) -- CPU_WriteMem(4 bytes @ 0xE0002010) -- CPU_WriteMem(4 bytes @ 0xE0002014) -- CPU_WriteMem(4 bytes @ 0xE0002018) -- CPU_WriteMem(4 bytes @ 0xE000201C) -- CPU_WriteMem(4 bytes @ 0xE0001004) (0009ms, 21306ms total)
T2194 1128:878 JLINK_IsHalted()  returns FALSE (0001ms, 21307ms total)
T2194 1128:899 JLINK_IsHalted()  returns TRUE (0003ms, 21309ms total)
T2194 1128:902 JLINK_GetMOEs(...) -- CPU_ReadMem(4 bytes @ 0xE000ED30) -- CPU_WriteMem(4 bytes @ 0xE000ED30)  returns 0x01 (0002ms, 21308ms total)
T2194 1128:904 JLINK_ReadReg(R15 (PC))  returns 0x00400E3C (0000ms, 21308ms total)
T2194 1128:904 JLINK_GetBPInfo(BPHandle = 1)  returns 0x00 (0000ms, 21308ms total)
T2194 1128:904 JLINK_ClrBPEx(BPHandle = 0x00000001)  returns 0x00 (0000ms, 21308ms total)
T2308 1128:908 JLINK_ReadReg(R15 (PC))  returns 0x00400E3C (0000ms, 21308ms total)
T2308 1128:908 JLINK_ReadReg(R13 (SP))  returns 0x20003948 (0000ms, 21308ms total)
T2308 1128:908 JLINK_ReadMemHW(0x00400E3C, 0x0004 Bytes, ...) -- CPU_ReadMem(4 bytes @ 0x00400E3C) - Data: 2D E9 80 48  returns 0x00 (0001ms, 21309ms total)
T1F04 1128:933 JLINK_ReadMemHW(0x00400D58, 0x00E4 Bytes, ...) -- CPU_ReadMem(228 bytes @ 0x00400D58) - Data: 00 40 02 40 85 09 40 00 00 80 02 40 0D 28 1E D1 ...  returns 0x00 (0003ms, 21312ms total)
T1F04 1128:946 JLINK_ReadMemHW(0x00400E3C, 0x0010 Bytes, ...) -- CPU_ReadMem(16 bytes @ 0x00400E3C) - Data: 2D E9 80 48 87 B0 66 4B 98 47 66 4B 98 47 08 20  returns 0x00 (0001ms, 21313ms total)
T1F04 1128:991 JLINK_ReadMem (0x40000000, 0x0384 Bytes, ...) -- CPU_ReadMem(900 bytes @ 0x40000000) - Data: 00 00 00 00 00 00 00 00 00 00 00 00 00 00 00 00 ...  returns 0x00 (0007ms, 21320ms total)
T1F04 1129:000 JLINK_ReadMem (0x40000000, 0x0384 Bytes, ...) -- CPU_ReadMem(900 bytes @ 0x40000000) - Data: 00 00 00 00 00 00 00 00 00 00 00 00 00 00 00 00 ...  returns 0x00 (0006ms, 21326ms total)
T1F04 1129:062 JLINK_GetDebugInfo(0x100) -- Value=0xE00FF003  returns 0x00 (0000ms, 21326ms total)
T1F04 1129:062 JLINK_ReadMem (0xE00FFFF0, 0x0010 Bytes, ...) -- CPU_ReadMem(16 bytes @ 0xE00FFFF0) - Data: 0D 00 00 00 10 00 00 00 05 00 00 00 B1 00 00 00  returns 0x00 (0001ms, 21327ms total)
T1F04 1129:063 JLINK_ReadMem (0xE00FFFD0, 0x0020 Bytes, ...) -- CPU_ReadMem(32 bytes @ 0xE00FFFD0) - Data: 04 00 00 00 00 00 00 00 00 00 00 00 00 00 00 00 ...  returns 0x00 (0001ms, 21328ms total)
T1F04 1129:064 JLINK_ReadMemU32(0xE00FF000, 0x0001 Items, ...) -- CPU_ReadMem(4 bytes @ 0xE00FF000) - Data: 03 F0 F0 FF  returns 0x01 (0001ms, 21329ms total)
T1F04 1129:065 JLINK_ReadMem (0xE000EFF0, 0x0010 Bytes, ...) -- CPU_ReadMem(16 bytes @ 0xE000EFF0) - Data: 0D 00 00 00 E0 00 00 00 05 00 00 00 B1 00 00 00  returns 0x00 (0001ms, 21330ms total)
T1F04 1129:066 JLINK_ReadMem (0xE000EFD0, 0x0020 Bytes, ...) -- CPU_ReadMem(32 bytes @ 0xE000EFD0) - Data: 04 00 00 00 00 00 00 00 00 00 00 00 00 00 00 00 ...  returns 0x00 (0001ms, 21331ms total)
T1F04 1129:067 JLINK_ReadMemU32(0xE00FF004, 0x0001 Items, ...) -- CPU_ReadMem(4 bytes @ 0xE00FF004) - Data: 03 20 F0 FF  returns 0x01 (0001ms, 21332ms total)
T1F04 1129:068 JLINK_ReadMem (0xE0001FF0, 0x0010 Bytes, ...) -- CPU_ReadMem(16 bytes @ 0xE0001FF0) - Data: 0D 00 00 00 E0 00 00 00 05 00 00 00 B1 00 00 00  returns 0x00 (0001ms, 21333ms total)
T1F04 1129:069 JLINK_ReadMem (0xE0001FD0, 0x0020 Bytes, ...) -- CPU_ReadMem(32 bytes @ 0xE0001FD0) - Data: 04 00 00 00 00 00 00 00 00 00 00 00 00 00 00 00 ...  returns 0x00 (0001ms, 21334ms total)
T1F04 1129:070 JLINK_ReadMemU32(0xE00FF008, 0x0001 Items, ...) -- CPU_ReadMem(4 bytes @ 0xE00FF008) - Data: 03 30 F0 FF  returns 0x01 (0001ms, 21335ms total)
T1F04 1129:071 JLINK_ReadMem (0xE0002FF0, 0x0010 Bytes, ...) -- CPU_ReadMem(16 bytes @ 0xE0002FF0) - Data: 0D 00 00 00 E0 00 00 00 05 00 00 00 B1 00 00 00  returns 0x00 (0001ms, 21336ms total)
T1F04 1129:072 JLINK_ReadMem (0xE0002FD0, 0x0020 Bytes, ...) -- CPU_ReadMem(32 bytes @ 0xE0002FD0) - Data: 04 00 00 00 00 00 00 00 00 00 00 00 00 00 00 00 ...  returns 0x00 (0001ms, 21337ms total)
T1F04 1129:073 JLINK_ReadMemU32(0xE00FF00C, 0x0001 Items, ...) -- CPU_ReadMem(4 bytes @ 0xE00FF00C) - Data: 03 10 F0 FF  returns 0x01 (0001ms, 21338ms total)
T1F04 1129:074 JLINK_ReadMem (0xE0000FF0, 0x0010 Bytes, ...) -- CPU_ReadMem(16 bytes @ 0xE0000FF0) - Data: 0D 00 00 00 E0 00 00 00 05 00 00 00 B1 00 00 00  returns 0x00 (0001ms, 21339ms total)
T1F04 1129:075 JLINK_ReadMem (0xE0000FD0, 0x0020 Bytes, ...) -- CPU_ReadMem(32 bytes @ 0xE0000FD0) - Data: 04 00 00 00 00 00 00 00 00 00 00 00 00 00 00 00 ...  returns 0x00 (0001ms, 21340ms total)
T1F04 1129:076 JLINK_ReadMemU32(0xE00FF010, 0x0001 Items, ...) -- CPU_ReadMem(4 bytes @ 0xE00FF010) - Data: 03 10 F4 FF  returns 0x01 (0001ms, 21341ms total)
T1F04 1129:077 JLINK_ReadMem (0xE0040FF0, 0x0010 Bytes, ...) -- CPU_ReadMem(16 bytes @ 0xE0040FF0) - Data: 0D 00 00 00 90 00 00 00 05 00 00 00 B1 00 00 00  returns 0x00 (0001ms, 21342ms total)
T1F04 1129:078 JLINK_ReadMem (0xE0040FD0, 0x0020 Bytes, ...) -- CPU_ReadMem(32 bytes @ 0xE0040FD0) - Data: 04 00 00 00 00 00 00 00 00 00 00 00 00 00 00 00 ...  returns 0x00 (0001ms, 21343ms total)
T1F04 1129:079 JLINK_ReadMemU32(0xE00FF014, 0x0001 Items, ...) -- CPU_ReadMem(4 bytes @ 0xE00FF014) - Data: 02 20 F4 FF  returns 0x01 (0001ms, 21344ms total)
T1F04 1129:080 JLINK_ReadMemU32(0xE00FF018, 0x0001 Items, ...) -- CPU_ReadMem(4 bytes @ 0xE00FF018) - Data: 00 00 00 00  returns 0x01 (0001ms, 21345ms total)
T1F04 1129:081 JLINK_GetDebugInfo(0x100) -- Value=0xE00FF003  returns 0x00 (0000ms, 21345ms total)
T1F04 1129:081 JLINK_ReadMem (0xE00FFFF0, 0x0010 Bytes, ...) -- CPU_ReadMem(16 bytes @ 0xE00FFFF0) - Data: 0D 00 00 00 10 00 00 00 05 00 00 00 B1 00 00 00  returns 0x00 (0001ms, 21346ms total)
T1F04 1129:082 JLINK_ReadMem (0xE00FFFD0, 0x0020 Bytes, ...) -- CPU_ReadMem(32 bytes @ 0xE00FFFD0) - Data: 04 00 00 00 00 00 00 00 00 00 00 00 00 00 00 00 ...  returns 0x00 (0001ms, 21347ms total)
T1F04 1129:083 JLINK_ReadMemU32(0xE00FF000, 0x0001 Items, ...) -- CPU_ReadMem(4 bytes @ 0xE00FF000) - Data: 03 F0 F0 FF  returns 0x01 (0001ms, 21348ms total)
T1F04 1129:084 JLINK_ReadMem (0xE000EFF0, 0x0010 Bytes, ...) -- CPU_ReadMem(16 bytes @ 0xE000EFF0) - Data: 0D 00 00 00 E0 00 00 00 05 00 00 00 B1 00 00 00  returns 0x00 (0001ms, 21349ms total)
T1F04 1129:085 JLINK_ReadMem (0xE000EFD0, 0x0020 Bytes, ...) -- CPU_ReadMem(32 bytes @ 0xE000EFD0) - Data: 04 00 00 00 00 00 00 00 00 00 00 00 00 00 00 00 ...  returns 0x00 (0001ms, 21350ms total)
T1F04 1129:086 JLINK_ReadMemU32(0xE00FF004, 0x0001 Items, ...) -- CPU_ReadMem(4 bytes @ 0xE00FF004) - Data: 03 20 F0 FF  returns 0x01 (0001ms, 21351ms total)
T1F04 1129:088 JLINK_ReadMem (0xE0001FF0, 0x0010 Bytes, ...) -- CPU_ReadMem(16 bytes @ 0xE0001FF0) - Data: 0D 00 00 00 E0 00 00 00 05 00 00 00 B1 00 00 00  returns 0x00 (0000ms, 21351ms total)
T1F04 1129:088 JLINK_ReadMem (0xE0001FD0, 0x0020 Bytes, ...) -- CPU_ReadMem(32 bytes @ 0xE0001FD0) - Data: 04 00 00 00 00 00 00 00 00 00 00 00 00 00 00 00 ...  returns 0x00 (0001ms, 21352ms total)
T1F04 1129:089 JLINK_ReadMemU32(0xE00FF008, 0x0001 Items, ...) -- CPU_ReadMem(4 bytes @ 0xE00FF008) - Data: 03 30 F0 FF  returns 0x01 (0001ms, 21353ms total)
T1F04 1129:090 JLINK_ReadMem (0xE0002FF0, 0x0010 Bytes, ...) -- CPU_ReadMem(16 bytes @ 0xE0002FF0) - Data: 0D 00 00 00 E0 00 00 00 05 00 00 00 B1 00 00 00  returns 0x00 (0001ms, 21354ms total)
T1F04 1129:091 JLINK_ReadMem (0xE0002FD0, 0x0020 Bytes, ...) -- CPU_ReadMem(32 bytes @ 0xE0002FD0) - Data: 04 00 00 00 00 00 00 00 00 00 00 00 00 00 00 00 ...  returns 0x00 (0001ms, 21355ms total)
T1F04 1129:092 JLINK_ReadMemU32(0xE00FF00C, 0x0001 Items, ...) -- CPU_ReadMem(4 bytes @ 0xE00FF00C) - Data: 03 10 F0 FF  returns 0x01 (0001ms, 21356ms total)
T1F04 1129:093 JLINK_ReadMem (0xE0000FF0, 0x0010 Bytes, ...) -- CPU_ReadMem(16 bytes @ 0xE0000FF0) - Data: 0D 00 00 00 E0 00 00 00 05 00 00 00 B1 00 00 00  returns 0x00 (0001ms, 21357ms total)
T1F04 1129:094 JLINK_ReadMem (0xE0000FD0, 0x0020 Bytes, ...) -- CPU_ReadMem(32 bytes @ 0xE0000FD0) - Data: 04 00 00 00 00 00 00 00 00 00 00 00 00 00 00 00 ...  returns 0x00 (0001ms, 21358ms total)
T1F04 1129:095 JLINK_ReadMemU32(0xE00FF010, 0x0001 Items, ...) -- CPU_ReadMem(4 bytes @ 0xE00FF010) - Data: 03 10 F4 FF  returns 0x01 (0001ms, 21359ms total)
T1F04 1129:096 JLINK_ReadMem (0xE0040FF0, 0x0010 Bytes, ...) -- CPU_ReadMem(16 bytes @ 0xE0040FF0) - Data: 0D 00 00 00 90 00 00 00 05 00 00 00 B1 00 00 00  returns 0x00 (0001ms, 21360ms total)
T1F04 1129:097 JLINK_ReadMem (0xE0040FD0, 0x0020 Bytes, ...) -- CPU_ReadMem(32 bytes @ 0xE0040FD0) - Data: 04 00 00 00 00 00 00 00 00 00 00 00 00 00 00 00 ...  returns 0x00 (0001ms, 21361ms total)
T1F04 1129:098 JLINK_ReadMemU32(0xE00FF014, 0x0001 Items, ...) -- CPU_ReadMem(4 bytes @ 0xE00FF014) - Data: 02 20 F4 FF  returns 0x01 (0001ms, 21362ms total)
T1F04 1129:099 JLINK_ReadMemU32(0xE00FF018, 0x0001 Items, ...) -- CPU_ReadMem(4 bytes @ 0xE00FF018) - Data: 00 00 00 00  returns 0x01 (0001ms, 21363ms total)
T1F04 1129:100 JLINK_GetDebugInfo(0x100) -- Value=0xE00FF003  returns 0x00 (0000ms, 21363ms total)
T1F04 1129:100 JLINK_ReadMem (0xE00FFFF0, 0x0010 Bytes, ...) -- CPU_ReadMem(16 bytes @ 0xE00FFFF0) - Data: 0D 00 00 00 10 00 00 00 05 00 00 00 B1 00 00 00  returns 0x00 (0001ms, 21364ms total)
T1F04 1129:101 JLINK_ReadMem (0xE00FFFD0, 0x0020 Bytes, ...) -- CPU_ReadMem(32 bytes @ 0xE00FFFD0) - Data: 04 00 00 00 00 00 00 00 00 00 00 00 00 00 00 00 ...  returns 0x00 (0001ms, 21365ms total)
T1F04 1129:102 JLINK_ReadMemU32(0xE00FF000, 0x0001 Items, ...) -- CPU_ReadMem(4 bytes @ 0xE00FF000) - Data: 03 F0 F0 FF  returns 0x01 (0001ms, 21366ms total)
T1F04 1129:103 JLINK_ReadMem (0xE000EFF0, 0x0010 Bytes, ...) -- CPU_ReadMem(16 bytes @ 0xE000EFF0) - Data: 0D 00 00 00 E0 00 00 00 05 00 00 00 B1 00 00 00  returns 0x00 (0001ms, 21367ms total)
T1F04 1129:104 JLINK_ReadMem (0xE000EFD0, 0x0020 Bytes, ...) -- CPU_ReadMem(32 bytes @ 0xE000EFD0) - Data: 04 00 00 00 00 00 00 00 00 00 00 00 00 00 00 00 ...  returns 0x00 (0001ms, 21368ms total)
T2194 1129:105 JLINK_IsHalted()  returns TRUE (0000ms, 21368ms total)
T1F04 1129:105 JLINK_ReadMemU32(0xE00FF004, 0x0001 Items, ...) -- CPU_ReadMem(4 bytes @ 0xE00FF004) - Data: 03 20 F0 FF  returns 0x01 (0001ms, 21369ms total)
T1F04 1129:106 JLINK_ReadMem (0xE0001FF0, 0x0010 Bytes, ...) -- CPU_ReadMem(16 bytes @ 0xE0001FF0) - Data: 0D 00 00 00 E0 00 00 00 05 00 00 00 B1 00 00 00  returns 0x00 (0001ms, 21370ms total)
T1F04 1129:107 JLINK_ReadMem (0xE0001FD0, 0x0020 Bytes, ...) -- CPU_ReadMem(32 bytes @ 0xE0001FD0) - Data: 04 00 00 00 00 00 00 00 00 00 00 00 00 00 00 00 ...  returns 0x00 (0001ms, 21371ms total)
T1F04 1129:108 JLINK_ReadMemU32(0xE00FF008, 0x0001 Items, ...) -- CPU_ReadMem(4 bytes @ 0xE00FF008) - Data: 03 30 F0 FF  returns 0x01 (0001ms, 21372ms total)
T1F04 1129:109 JLINK_ReadMem (0xE0002FF0, 0x0010 Bytes, ...) -- CPU_ReadMem(16 bytes @ 0xE0002FF0) - Data: 0D 00 00 00 E0 00 00 00 05 00 00 00 B1 00 00 00  returns 0x00 (0001ms, 21373ms total)
T1F04 1129:110 JLINK_ReadMem (0xE0002FD0, 0x0020 Bytes, ...) -- CPU_ReadMem(32 bytes @ 0xE0002FD0) - Data: 04 00 00 00 00 00 00 00 00 00 00 00 00 00 00 00 ...  returns 0x00 (0001ms, 21374ms total)
T1F04 1129:111 JLINK_ReadMemU32(0xE00FF00C, 0x0001 Items, ...) -- CPU_ReadMem(4 bytes @ 0xE00FF00C) - Data: 03 10 F0 FF  returns 0x01 (0001ms, 21375ms total)
T1F04 1129:112 JLINK_ReadMem (0xE0000FF0, 0x0010 Bytes, ...) -- CPU_ReadMem(16 bytes @ 0xE0000FF0) - Data: 0D 00 00 00 E0 00 00 00 05 00 00 00 B1 00 00 00  returns 0x00 (0001ms, 21376ms total)
T1F04 1129:113 JLINK_ReadMem (0xE0000FD0, 0x0020 Bytes, ...) -- CPU_ReadMem(32 bytes @ 0xE0000FD0) - Data: 04 00 00 00 00 00 00 00 00 00 00 00 00 00 00 00 ...  returns 0x00 (0001ms, 21377ms total)
T1F04 1129:114 JLINK_ReadMemU32(0xE00FF010, 0x0001 Items, ...) -- CPU_ReadMem(4 bytes @ 0xE00FF010) - Data: 03 10 F4 FF  returns 0x01 (0001ms, 21378ms total)
T1F04 1129:115 JLINK_ReadMem (0xE0040FF0, 0x0010 Bytes, ...) -- CPU_ReadMem(16 bytes @ 0xE0040FF0) - Data: 0D 00 00 00 90 00 00 00 05 00 00 00 B1 00 00 00  returns 0x00 (0001ms, 21379ms total)
T1F04 1129:116 JLINK_ReadMem (0xE0040FD0, 0x0020 Bytes, ...) -- CPU_ReadMem(32 bytes @ 0xE0040FD0) - Data: 04 00 00 00 00 00 00 00 00 00 00 00 00 00 00 00 ...  returns 0x00 (0001ms, 21380ms total)
T1F04 1129:117 JLINK_ReadMemU32(0xE00FF014, 0x0001 Items, ...) -- CPU_ReadMem(4 bytes @ 0xE00FF014) - Data: 02 20 F4 FF  returns 0x01 (0001ms, 21381ms total)
T1F04 1129:118 JLINK_ReadMemU32(0xE00FF018, 0x0001 Items, ...) -- CPU_ReadMem(4 bytes @ 0xE00FF018) - Data: 00 00 00 00  returns 0x01 (0001ms, 21382ms total)
T1F04 1129:119 JLINK_GetDebugInfo(0x100) -- Value=0xE00FF003  returns 0x00 (0000ms, 21382ms total)
T1F04 1129:119 JLINK_ReadMem (0xE00FFFF0, 0x0010 Bytes, ...) -- CPU_ReadMem(16 bytes @ 0xE00FFFF0) - Data: 0D 00 00 00 10 00 00 00 05 00 00 00 B1 00 00 00  returns 0x00 (0001ms, 21383ms total)
T1F04 1129:120 JLINK_ReadMem (0xE00FFFD0, 0x0020 Bytes, ...) -- CPU_ReadMem(32 bytes @ 0xE00FFFD0) - Data: 04 00 00 00 00 00 00 00 00 00 00 00 00 00 00 00 ...  returns 0x00 (0001ms, 21384ms total)
T1F04 1129:121 JLINK_ReadMemU32(0xE00FF000, 0x0001 Items, ...) -- CPU_ReadMem(4 bytes @ 0xE00FF000) - Data: 03 F0 F0 FF  returns 0x01 (0001ms, 21385ms total)
T1F04 1129:122 JLINK_ReadMem (0xE000EFF0, 0x0010 Bytes, ...) -- CPU_ReadMem(16 bytes @ 0xE000EFF0) - Data: 0D 00 00 00 E0 00 00 00 05 00 00 00 B1 00 00 00  returns 0x00 (0001ms, 21386ms total)
T1F04 1129:123 JLINK_ReadMem (0xE000EFD0, 0x0020 Bytes, ...) -- CPU_ReadMem(32 bytes @ 0xE000EFD0) - Data: 04 00 00 00 00 00 00 00 00 00 00 00 00 00 00 00 ...  returns 0x00 (0001ms, 21387ms total)
T1F04 1129:124 JLINK_ReadMemU32(0xE00FF004, 0x0001 Items, ...) -- CPU_ReadMem(4 bytes @ 0xE00FF004) - Data: 03 20 F0 FF  returns 0x01 (0001ms, 21388ms total)
T1F04 1129:125 JLINK_ReadMem (0xE0001FF0, 0x0010 Bytes, ...) -- CPU_ReadMem(16 bytes @ 0xE0001FF0) - Data: 0D 00 00 00 E0 00 00 00 05 00 00 00 B1 00 00 00  returns 0x00 (0001ms, 21389ms total)
T1F04 1129:126 JLINK_ReadMem (0xE0001FD0, 0x0020 Bytes, ...) -- CPU_ReadMem(32 bytes @ 0xE0001FD0) - Data: 04 00 00 00 00 00 00 00 00 00 00 00 00 00 00 00 ...  returns 0x00 (0001ms, 21390ms total)
T1F04 1129:127 JLINK_ReadMemU32(0xE00FF008, 0x0001 Items, ...) -- CPU_ReadMem(4 bytes @ 0xE00FF008) - Data: 03 30 F0 FF  returns 0x01 (0001ms, 21391ms total)
T1F04 1129:128 JLINK_ReadMem (0xE0002FF0, 0x0010 Bytes, ...) -- CPU_ReadMem(16 bytes @ 0xE0002FF0) - Data: 0D 00 00 00 E0 00 00 00 05 00 00 00 B1 00 00 00  returns 0x00 (0001ms, 21392ms total)
T1F04 1129:129 JLINK_ReadMem (0xE0002FD0, 0x0020 Bytes, ...) -- CPU_ReadMem(32 bytes @ 0xE0002FD0) - Data: 04 00 00 00 00 00 00 00 00 00 00 00 00 00 00 00 ...  returns 0x00 (0001ms, 21393ms total)
T1F04 1129:130 JLINK_ReadMemU32(0xE00FF00C, 0x0001 Items, ...) -- CPU_ReadMem(4 bytes @ 0xE00FF00C) - Data: 03 10 F0 FF  returns 0x01 (0001ms, 21394ms total)
T1F04 1129:131 JLINK_ReadMem (0xE0000FF0, 0x0010 Bytes, ...) -- CPU_ReadMem(16 bytes @ 0xE0000FF0) - Data: 0D 00 00 00 E0 00 00 00 05 00 00 00 B1 00 00 00  returns 0x00 (0001ms, 21395ms total)
T1F04 1129:132 JLINK_ReadMem (0xE0000FD0, 0x0020 Bytes, ...) -- CPU_ReadMem(32 bytes @ 0xE0000FD0) - Data: 04 00 00 00 00 00 00 00 00 00 00 00 00 00 00 00 ...  returns 0x00 (0001ms, 21396ms total)
T1F04 1129:133 JLINK_ReadMemU32(0xE00FF010, 0x0001 Items, ...) -- CPU_ReadMem(4 bytes @ 0xE00FF010) - Data: 03 10 F4 FF  returns 0x01 (0001ms, 21397ms total)
T1F04 1129:134 JLINK_ReadMem (0xE0040FF0, 0x0010 Bytes, ...) -- CPU_ReadMem(16 bytes @ 0xE0040FF0) - Data: 0D 00 00 00 90 00 00 00 05 00 00 00 B1 00 00 00  returns 0x00 (0001ms, 21398ms total)
T1F04 1129:135 JLINK_ReadMem (0xE0040FD0, 0x0020 Bytes, ...) -- CPU_ReadMem(32 bytes @ 0xE0040FD0) - Data: 04 00 00 00 00 00 00 00 00 00 00 00 00 00 00 00 ...  returns 0x00 (0001ms, 21399ms total)
T1F04 1129:136 JLINK_ReadMemU32(0xE00FF014, 0x0001 Items, ...) -- CPU_ReadMem(4 bytes @ 0xE00FF014) - Data: 02 20 F4 FF  returns 0x01 (0001ms, 21400ms total)
T1F04 1129:137 JLINK_ReadMemU32(0xE00FF018, 0x0001 Items, ...) -- CPU_ReadMem(4 bytes @ 0xE00FF018) - Data: 00 00 00 00  returns 0x01 (0001ms, 21401ms total)
T1F04 1129:138 JLINK_GetDebugInfo(0x100) -- Value=0xE00FF003  returns 0x00 (0000ms, 21401ms total)
T1F04 1129:138 JLINK_ReadMem (0xE00FFFF0, 0x0010 Bytes, ...) -- CPU_ReadMem(16 bytes @ 0xE00FFFF0) - Data: 0D 00 00 00 10 00 00 00 05 00 00 00 B1 00 00 00  returns 0x00 (0001ms, 21402ms total)
T1F04 1129:139 JLINK_ReadMem (0xE00FFFD0, 0x0020 Bytes, ...) -- CPU_ReadMem(32 bytes @ 0xE00FFFD0) - Data: 04 00 00 00 00 00 00 00 00 00 00 00 00 00 00 00 ...  returns 0x00 (0001ms, 21403ms total)
T1F04 1129:140 JLINK_ReadMemU32(0xE00FF000, 0x0001 Items, ...) -- CPU_ReadMem(4 bytes @ 0xE00FF000) - Data: 03 F0 F0 FF  returns 0x01 (0001ms, 21404ms total)
T1F04 1129:141 JLINK_ReadMem (0xE000EFF0, 0x0010 Bytes, ...) -- CPU_ReadMem(16 bytes @ 0xE000EFF0) - Data: 0D 00 00 00 E0 00 00 00 05 00 00 00 B1 00 00 00  returns 0x00 (0001ms, 21405ms total)
T1F04 1129:142 JLINK_ReadMem (0xE000EFD0, 0x0020 Bytes, ...) -- CPU_ReadMem(32 bytes @ 0xE000EFD0) - Data: 04 00 00 00 00 00 00 00 00 00 00 00 00 00 00 00 ...  returns 0x00 (0001ms, 21406ms total)
T1F04 1129:143 JLINK_ReadMemU32(0xE00FF004, 0x0001 Items, ...) -- CPU_ReadMem(4 bytes @ 0xE00FF004) - Data: 03 20 F0 FF  returns 0x01 (0001ms, 21407ms total)
T1F04 1129:144 JLINK_ReadMem (0xE0001FF0, 0x0010 Bytes, ...) -- CPU_ReadMem(16 bytes @ 0xE0001FF0) - Data: 0D 00 00 00 E0 00 00 00 05 00 00 00 B1 00 00 00  returns 0x00 (0001ms, 21408ms total)
T1F04 1129:145 JLINK_ReadMem (0xE0001FD0, 0x0020 Bytes, ...) -- CPU_ReadMem(32 bytes @ 0xE0001FD0) - Data: 04 00 00 00 00 00 00 00 00 00 00 00 00 00 00 00 ...  returns 0x00 (0001ms, 21409ms total)
T1F04 1129:146 JLINK_ReadMemU32(0xE00FF008, 0x0001 Items, ...) -- CPU_ReadMem(4 bytes @ 0xE00FF008) - Data: 03 30 F0 FF  returns 0x01 (0001ms, 21410ms total)
T1F04 1129:147 JLINK_ReadMem (0xE0002FF0, 0x0010 Bytes, ...) -- CPU_ReadMem(16 bytes @ 0xE0002FF0) - Data: 0D 00 00 00 E0 00 00 00 05 00 00 00 B1 00 00 00  returns 0x00 (0001ms, 21411ms total)
T1F04 1129:148 JLINK_ReadMem (0xE0002FD0, 0x0020 Bytes, ...) -- CPU_ReadMem(32 bytes @ 0xE0002FD0) - Data: 04 00 00 00 00 00 00 00 00 00 00 00 00 00 00 00 ...  returns 0x00 (0001ms, 21412ms total)
T1F04 1129:149 JLINK_ReadMemU32(0xE00FF00C, 0x0001 Items, ...) -- CPU_ReadMem(4 bytes @ 0xE00FF00C) - Data: 03 10 F0 FF  returns 0x01 (0001ms, 21413ms total)
T1F04 1129:150 JLINK_ReadMem (0xE0000FF0, 0x0010 Bytes, ...) -- CPU_ReadMem(16 bytes @ 0xE0000FF0) - Data: 0D 00 00 00 E0 00 00 00 05 00 00 00 B1 00 00 00  returns 0x00 (0001ms, 21414ms total)
T1F04 1129:151 JLINK_ReadMem (0xE0000FD0, 0x0020 Bytes, ...) -- CPU_ReadMem(32 bytes @ 0xE0000FD0) - Data: 04 00 00 00 00 00 00 00 00 00 00 00 00 00 00 00 ...  returns 0x00 (0001ms, 21415ms total)
T1F04 1129:152 JLINK_ReadMemU32(0xE00FF010, 0x0001 Items, ...) -- CPU_ReadMem(4 bytes @ 0xE00FF010) - Data: 03 10 F4 FF  returns 0x01 (0001ms, 21416ms total)
T1F04 1129:153 JLINK_ReadMem (0xE0040FF0, 0x0010 Bytes, ...) -- CPU_ReadMem(16 bytes @ 0xE0040FF0) - Data: 0D 00 00 00 90 00 00 00 05 00 00 00 B1 00 00 00  returns 0x00 (0001ms, 21417ms total)
T1F04 1129:154 JLINK_ReadMem (0xE0040FD0, 0x0020 Bytes, ...) -- CPU_ReadMem(32 bytes @ 0xE0040FD0) - Data: 04 00 00 00 00 00 00 00 00 00 00 00 00 00 00 00 ...  returns 0x00 (0001ms, 21418ms total)
T1F04 1129:155 JLINK_ReadMemU32(0xE00FF014, 0x0001 Items, ...) -- CPU_ReadMem(4 bytes @ 0xE00FF014) - Data: 02 20 F4 FF  returns 0x01 (0001ms, 21419ms total)
T1F04 1129:156 JLINK_ReadMemU32(0xE00FF018, 0x0001 Items, ...) -- CPU_ReadMem(4 bytes @ 0xE00FF018) - Data: 00 00 00 00  returns 0x01 (0001ms, 21420ms total)
T1F04 1129:157 JLINK_GetDebugInfo(0x100) -- Value=0xE00FF003  returns 0x00 (0000ms, 21420ms total)
T1F04 1129:157 JLINK_ReadMem (0xE00FFFF0, 0x0010 Bytes, ...) -- CPU_ReadMem(16 bytes @ 0xE00FFFF0) - Data: 0D 00 00 00 10 00 00 00 05 00 00 00 B1 00 00 00  returns 0x00 (0001ms, 21421ms total)
T1F04 1129:158 JLINK_ReadMem (0xE00FFFD0, 0x0020 Bytes, ...) -- CPU_ReadMem(32 bytes @ 0xE00FFFD0) - Data: 04 00 00 00 00 00 00 00 00 00 00 00 00 00 00 00 ...  returns 0x00 (0001ms, 21422ms total)
T1F04 1129:159 JLINK_ReadMemU32(0xE00FF000, 0x0001 Items, ...) -- CPU_ReadMem(4 bytes @ 0xE00FF000) - Data: 03 F0 F0 FF  returns 0x01 (0001ms, 21423ms total)
T1F04 1129:160 JLINK_ReadMem (0xE000EFF0, 0x0010 Bytes, ...) -- CPU_ReadMem(16 bytes @ 0xE000EFF0) - Data: 0D 00 00 00 E0 00 00 00 05 00 00 00 B1 00 00 00  returns 0x00 (0001ms, 21424ms total)
T1F04 1129:161 JLINK_ReadMem (0xE000EFD0, 0x0020 Bytes, ...) -- CPU_ReadMem(32 bytes @ 0xE000EFD0) - Data: 04 00 00 00 00 00 00 00 00 00 00 00 00 00 00 00 ...  returns 0x00 (0001ms, 21425ms total)
T1F04 1129:162 JLINK_ReadMemU32(0xE00FF004, 0x0001 Items, ...) -- CPU_ReadMem(4 bytes @ 0xE00FF004) - Data: 03 20 F0 FF  returns 0x01 (0001ms, 21426ms total)
T1F04 1129:163 JLINK_ReadMem (0xE0001FF0, 0x0010 Bytes, ...) -- CPU_ReadMem(16 bytes @ 0xE0001FF0) - Data: 0D 00 00 00 E0 00 00 00 05 00 00 00 B1 00 00 00  returns 0x00 (0001ms, 21427ms total)
T1F04 1129:164 JLINK_ReadMem (0xE0001FD0, 0x0020 Bytes, ...) -- CPU_ReadMem(32 bytes @ 0xE0001FD0) - Data: 04 00 00 00 00 00 00 00 00 00 00 00 00 00 00 00 ...  returns 0x00 (0001ms, 21428ms total)
T1F04 1129:165 JLINK_ReadMemU32(0xE00FF008, 0x0001 Items, ...) -- CPU_ReadMem(4 bytes @ 0xE00FF008) - Data: 03 30 F0 FF  returns 0x01 (0001ms, 21429ms total)
T1F04 1129:166 JLINK_ReadMem (0xE0002FF0, 0x0010 Bytes, ...) -- CPU_ReadMem(16 bytes @ 0xE0002FF0) - Data: 0D 00 00 00 E0 00 00 00 05 00 00 00 B1 00 00 00  returns 0x00 (0001ms, 21430ms total)
T1F04 1129:167 JLINK_ReadMem (0xE0002FD0, 0x0020 Bytes, ...) -- CPU_ReadMem(32 bytes @ 0xE0002FD0) - Data: 04 00 00 00 00 00 00 00 00 00 00 00 00 00 00 00 ...  returns 0x00 (0001ms, 21431ms total)
T1F04 1129:168 JLINK_ReadMemU32(0xE00FF00C, 0x0001 Items, ...) -- CPU_ReadMem(4 bytes @ 0xE00FF00C) - Data: 03 10 F0 FF  returns 0x01 (0001ms, 21432ms total)
T1F04 1129:169 JLINK_ReadMem (0xE0000FF0, 0x0010 Bytes, ...) -- CPU_ReadMem(16 bytes @ 0xE0000FF0) - Data: 0D 00 00 00 E0 00 00 00 05 00 00 00 B1 00 00 00  returns 0x00 (0001ms, 21433ms total)
T1F04 1129:170 JLINK_ReadMem (0xE0000FD0, 0x0020 Bytes, ...) -- CPU_ReadMem(32 bytes @ 0xE0000FD0) - Data: 04 00 00 00 00 00 00 00 00 00 00 00 00 00 00 00 ...  returns 0x00 (0001ms, 21434ms total)
T1F04 1129:171 JLINK_ReadMemU32(0xE00FF010, 0x0001 Items, ...) -- CPU_ReadMem(4 bytes @ 0xE00FF010) - Data: 03 10 F4 FF  returns 0x01 (0001ms, 21435ms total)
T1F04 1129:172 JLINK_ReadMem (0xE0040FF0, 0x0010 Bytes, ...) -- CPU_ReadMem(16 bytes @ 0xE0040FF0) - Data: 0D 00 00 00 90 00 00 00 05 00 00 00 B1 00 00 00  returns 0x00 (0001ms, 21436ms total)
T1F04 1129:173 JLINK_ReadMem (0xE0040FD0, 0x0020 Bytes, ...) -- CPU_ReadMem(32 bytes @ 0xE0040FD0) - Data: 04 00 00 00 00 00 00 00 00 00 00 00 00 00 00 00 ...  returns 0x00 (0001ms, 21437ms total)
T1F04 1129:174 JLINK_ReadMemU32(0xE00FF014, 0x0001 Items, ...) -- CPU_ReadMem(4 bytes @ 0xE00FF014) - Data: 02 20 F4 FF  returns 0x01 (0001ms, 21438ms total)
T1F04 1129:175 JLINK_ReadMemU32(0xE00FF018, 0x0001 Items, ...) -- CPU_ReadMem(4 bytes @ 0xE00FF018) - Data: 00 00 00 00  returns 0x01 (0001ms, 21439ms total)
T1F04 1129:176 JLINK_GetDebugInfo(0x100) -- Value=0xE00FF003  returns 0x00 (0000ms, 21439ms total)
T1F04 1129:176 JLINK_ReadMem (0xE00FFFF0, 0x0010 Bytes, ...) -- CPU_ReadMem(16 bytes @ 0xE00FFFF0) - Data: 0D 00 00 00 10 00 00 00 05 00 00 00 B1 00 00 00  returns 0x00 (0001ms, 21440ms total)
T1F04 1129:177 JLINK_ReadMem (0xE00FFFD0, 0x0020 Bytes, ...) -- CPU_ReadMem(32 bytes @ 0xE00FFFD0) - Data: 04 00 00 00 00 00 00 00 00 00 00 00 00 00 00 00 ...  returns 0x00 (0001ms, 21441ms total)
T1F04 1129:178 JLINK_ReadMemU32(0xE00FF000, 0x0001 Items, ...) -- CPU_ReadMem(4 bytes @ 0xE00FF000) - Data: 03 F0 F0 FF  returns 0x01 (0001ms, 21442ms total)
T1F04 1129:179 JLINK_ReadMem (0xE000EFF0, 0x0010 Bytes, ...) -- CPU_ReadMem(16 bytes @ 0xE000EFF0) - Data: 0D 00 00 00 E0 00 00 00 05 00 00 00 B1 00 00 00  returns 0x00 (0001ms, 21443ms total)
T1F04 1129:180 JLINK_ReadMem (0xE000EFD0, 0x0020 Bytes, ...) -- CPU_ReadMem(32 bytes @ 0xE000EFD0) - Data: 04 00 00 00 00 00 00 00 00 00 00 00 00 00 00 00 ...  returns 0x00 (0001ms, 21444ms total)
T1F04 1129:181 JLINK_ReadMemU32(0xE00FF004, 0x0001 Items, ...) -- CPU_ReadMem(4 bytes @ 0xE00FF004) - Data: 03 20 F0 FF  returns 0x01 (0001ms, 21445ms total)
T1F04 1129:182 JLINK_ReadMem (0xE0001FF0, 0x0010 Bytes, ...) -- CPU_ReadMem(16 bytes @ 0xE0001FF0) - Data: 0D 00 00 00 E0 00 00 00 05 00 00 00 B1 00 00 00  returns 0x00 (0001ms, 21446ms total)
T1F04 1129:183 JLINK_ReadMem (0xE0001FD0, 0x0020 Bytes, ...) -- CPU_ReadMem(32 bytes @ 0xE0001FD0) - Data: 04 00 00 00 00 00 00 00 00 00 00 00 00 00 00 00 ...  returns 0x00 (0001ms, 21447ms total)
T1F04 1129:184 JLINK_ReadMemU32(0xE00FF008, 0x0001 Items, ...) -- CPU_ReadMem(4 bytes @ 0xE00FF008) - Data: 03 30 F0 FF  returns 0x01 (0001ms, 21448ms total)
T1F04 1129:185 JLINK_ReadMem (0xE0002FF0, 0x0010 Bytes, ...) -- CPU_ReadMem(16 bytes @ 0xE0002FF0) - Data: 0D 00 00 00 E0 00 00 00 05 00 00 00 B1 00 00 00  returns 0x00 (0001ms, 21449ms total)
T1F04 1129:186 JLINK_ReadMem (0xE0002FD0, 0x0020 Bytes, ...) -- CPU_ReadMem(32 bytes @ 0xE0002FD0) - Data: 04 00 00 00 00 00 00 00 00 00 00 00 00 00 00 00 ...  returns 0x00 (0001ms, 21450ms total)
T1F04 1129:187 JLINK_ReadMemU32(0xE00FF00C, 0x0001 Items, ...) -- CPU_ReadMem(4 bytes @ 0xE00FF00C) - Data: 03 10 F0 FF  returns 0x01 (0001ms, 21451ms total)
T1F04 1129:188 JLINK_ReadMem (0xE0000FF0, 0x0010 Bytes, ...) -- CPU_ReadMem(16 bytes @ 0xE0000FF0) - Data: 0D 00 00 00 E0 00 00 00 05 00 00 00 B1 00 00 00  returns 0x00 (0001ms, 21452ms total)
T1F04 1129:189 JLINK_ReadMem (0xE0000FD0, 0x0020 Bytes, ...) -- CPU_ReadMem(32 bytes @ 0xE0000FD0) - Data: 04 00 00 00 00 00 00 00 00 00 00 00 00 00 00 00 ...  returns 0x00 (0001ms, 21453ms total)
T1F04 1129:190 JLINK_ReadMemU32(0xE00FF010, 0x0001 Items, ...) -- CPU_ReadMem(4 bytes @ 0xE00FF010) - Data: 03 10 F4 FF  returns 0x01 (0001ms, 21454ms total)
T1F04 1129:191 JLINK_ReadMem (0xE0040FF0, 0x0010 Bytes, ...) -- CPU_ReadMem(16 bytes @ 0xE0040FF0) - Data: 0D 00 00 00 90 00 00 00 05 00 00 00 B1 00 00 00  returns 0x00 (0001ms, 21455ms total)
T1F04 1129:192 JLINK_ReadMem (0xE0040FD0, 0x0020 Bytes, ...) -- CPU_ReadMem(32 bytes @ 0xE0040FD0) - Data: 04 00 00 00 00 00 00 00 00 00 00 00 00 00 00 00 ...  returns 0x00 (0001ms, 21456ms total)
T1F04 1129:193 JLINK_ReadMemU32(0xE00FF014, 0x0001 Items, ...) -- CPU_ReadMem(4 bytes @ 0xE00FF014) - Data: 02 20 F4 FF  returns 0x01 (0001ms, 21457ms total)
T1F04 1129:194 JLINK_ReadMemU32(0xE00FF018, 0x0001 Items, ...) -- CPU_ReadMem(4 bytes @ 0xE00FF018) - Data: 00 00 00 00  returns 0x01 (0001ms, 21458ms total)
T1F04 1129:195 JLINK_GetDebugInfo(0x100) -- Value=0xE00FF003  returns 0x00 (0000ms, 21458ms total)
T1F04 1129:195 JLINK_ReadMem (0xE00FFFF0, 0x0010 Bytes, ...) -- CPU_ReadMem(16 bytes @ 0xE00FFFF0) - Data: 0D 00 00 00 10 00 00 00 05 00 00 00 B1 00 00 00  returns 0x00 (0001ms, 21459ms total)
T1F04 1129:196 JLINK_ReadMem (0xE00FFFD0, 0x0020 Bytes, ...) -- CPU_ReadMem(32 bytes @ 0xE00FFFD0) - Data: 04 00 00 00 00 00 00 00 00 00 00 00 00 00 00 00 ...  returns 0x00 (0001ms, 21460ms total)
T1F04 1129:197 JLINK_ReadMemU32(0xE00FF000, 0x0001 Items, ...) -- CPU_ReadMem(4 bytes @ 0xE00FF000) - Data: 03 F0 F0 FF  returns 0x01 (0001ms, 21461ms total)
T1F04 1129:198 JLINK_ReadMem (0xE000EFF0, 0x0010 Bytes, ...) -- CPU_ReadMem(16 bytes @ 0xE000EFF0) - Data: 0D 00 00 00 E0 00 00 00 05 00 00 00 B1 00 00 00  returns 0x00 (0001ms, 21462ms total)
T1F04 1129:199 JLINK_ReadMem (0xE000EFD0, 0x0020 Bytes, ...) -- CPU_ReadMem(32 bytes @ 0xE000EFD0) - Data: 04 00 00 00 00 00 00 00 00 00 00 00 00 00 00 00 ...  returns 0x00 (0001ms, 21463ms total)
T1F04 1129:200 JLINK_ReadMemU32(0xE00FF004, 0x0001 Items, ...) -- CPU_ReadMem(4 bytes @ 0xE00FF004) - Data: 03 20 F0 FF  returns 0x01 (0001ms, 21464ms total)
T1F04 1129:201 JLINK_ReadMem (0xE0001FF0, 0x0010 Bytes, ...) -- CPU_ReadMem(16 bytes @ 0xE0001FF0) - Data: 0D 00 00 00 E0 00 00 00 05 00 00 00 B1 00 00 00  returns 0x00 (0001ms, 21465ms total)
T1F04 1129:202 JLINK_ReadMem (0xE0001FD0, 0x0020 Bytes, ...) -- CPU_ReadMem(32 bytes @ 0xE0001FD0) - Data: 04 00 00 00 00 00 00 00 00 00 00 00 00 00 00 00 ...  returns 0x00 (0001ms, 21466ms total)
T1F04 1129:203 JLINK_ReadMemU32(0xE00FF008, 0x0001 Items, ...) -- CPU_ReadMem(4 bytes @ 0xE00FF008) - Data: 03 30 F0 FF  returns 0x01 (0001ms, 21467ms total)
T1F04 1129:204 JLINK_ReadMem (0xE0002FF0, 0x0010 Bytes, ...) -- CPU_ReadMem(16 bytes @ 0xE0002FF0) - Data: 0D 00 00 00 E0 00 00 00 05 00 00 00 B1 00 00 00  returns 0x00 (0001ms, 21468ms total)
T1F04 1129:205 JLINK_ReadMem (0xE0002FD0, 0x0020 Bytes, ...) -- CPU_ReadMem(32 bytes @ 0xE0002FD0) - Data: 04 00 00 00 00 00 00 00 00 00 00 00 00 00 00 00 ...  returns 0x00 (0001ms, 21469ms total)
T1F04 1129:206 JLINK_ReadMemU32(0xE00FF00C, 0x0001 Items, ...) -- CPU_ReadMem(4 bytes @ 0xE00FF00C) - Data: 03 10 F0 FF  returns 0x01 (0001ms, 21470ms total)
T1F04 1129:207 JLINK_ReadMem (0xE0000FF0, 0x0010 Bytes, ...) -- CPU_ReadMem(16 bytes @ 0xE0000FF0) - Data: 0D 00 00 00 E0 00 00 00 05 00 00 00 B1 00 00 00  returns 0x00 (0001ms, 21471ms total)
T1F04 1129:208 JLINK_ReadMem (0xE0000FD0, 0x0020 Bytes, ...) -- CPU_ReadMem(32 bytes @ 0xE0000FD0) - Data: 04 00 00 00 00 00 00 00 00 00 00 00 00 00 00 00 ...  returns 0x00 (0001ms, 21472ms total)
T1F04 1129:209 JLINK_ReadMemU32(0xE00FF010, 0x0001 Items, ...) -- CPU_ReadMem(4 bytes @ 0xE00FF010) - Data: 03 10 F4 FF  returns 0x01 (0001ms, 21473ms total)
T1F04 1129:210 JLINK_ReadMem (0xE0040FF0, 0x0010 Bytes, ...) -- CPU_ReadMem(16 bytes @ 0xE0040FF0) - Data: 0D 00 00 00 90 00 00 00 05 00 00 00 B1 00 00 00  returns 0x00 (0001ms, 21474ms total)
T1F04 1129:211 JLINK_ReadMem (0xE0040FD0, 0x0020 Bytes, ...) -- CPU_ReadMem(32 bytes @ 0xE0040FD0) - Data: 04 00 00 00 00 00 00 00 00 00 00 00 00 00 00 00 ...  returns 0x00 (0001ms, 21475ms total)
T1F04 1129:212 JLINK_ReadMemU32(0xE00FF014, 0x0001 Items, ...) -- CPU_ReadMem(4 bytes @ 0xE00FF014) - Data: 02 20 F4 FF  returns 0x01 (0001ms, 21476ms total)
T1F04 1129:213 JLINK_ReadMemU32(0xE00FF018, 0x0001 Items, ...) -- CPU_ReadMem(4 bytes @ 0xE00FF018) - Data: 00 00 00 00  returns 0x01 (0001ms, 21477ms total)
T1F04 1129:214 JLINK_GetDebugInfo(0x100) -- Value=0xE00FF003  returns 0x00 (0000ms, 21477ms total)
T1F04 1129:214 JLINK_ReadMem (0xE00FFFF0, 0x0010 Bytes, ...) -- CPU_ReadMem(16 bytes @ 0xE00FFFF0) - Data: 0D 00 00 00 10 00 00 00 05 00 00 00 B1 00 00 00  returns 0x00 (0001ms, 21478ms total)
T1F04 1129:215 JLINK_ReadMem (0xE00FFFD0, 0x0020 Bytes, ...) -- CPU_ReadMem(32 bytes @ 0xE00FFFD0) - Data: 04 00 00 00 00 00 00 00 00 00 00 00 00 00 00 00 ...  returns 0x00 (0001ms, 21479ms total)
T1F04 1129:216 JLINK_ReadMemU32(0xE00FF000, 0x0001 Items, ...) -- CPU_ReadMem(4 bytes @ 0xE00FF000) - Data: 03 F0 F0 FF  returns 0x01 (0001ms, 21480ms total)
T1F04 1129:217 JLINK_ReadMem (0xE000EFF0, 0x0010 Bytes, ...) -- CPU_ReadMem(16 bytes @ 0xE000EFF0) - Data: 0D 00 00 00 E0 00 00 00 05 00 00 00 B1 00 00 00  returns 0x00 (0001ms, 21481ms total)
T1F04 1129:218 JLINK_ReadMem (0xE000EFD0, 0x0020 Bytes, ...) -- CPU_ReadMem(32 bytes @ 0xE000EFD0) - Data: 04 00 00 00 00 00 00 00 00 00 00 00 00 00 00 00 ...  returns 0x00 (0001ms, 21482ms total)
T1F04 1129:219 JLINK_ReadMemU32(0xE00FF004, 0x0001 Items, ...) -- CPU_ReadMem(4 bytes @ 0xE00FF004) - Data: 03 20 F0 FF  returns 0x01 (0001ms, 21483ms total)
T1F04 1129:220 JLINK_ReadMem (0xE0001FF0, 0x0010 Bytes, ...) -- CPU_ReadMem(16 bytes @ 0xE0001FF0) - Data: 0D 00 00 00 E0 00 00 00 05 00 00 00 B1 00 00 00  returns 0x00 (0001ms, 21484ms total)
T1F04 1129:221 JLINK_ReadMem (0xE0001FD0, 0x0020 Bytes, ...) -- CPU_ReadMem(32 bytes @ 0xE0001FD0) - Data: 04 00 00 00 00 00 00 00 00 00 00 00 00 00 00 00 ...  returns 0x00 (0001ms, 21485ms total)
T1F04 1129:222 JLINK_ReadMemU32(0xE00FF008, 0x0001 Items, ...) -- CPU_ReadMem(4 bytes @ 0xE00FF008) - Data: 03 30 F0 FF  returns 0x01 (0001ms, 21486ms total)
T1F04 1129:223 JLINK_ReadMem (0xE0002FF0, 0x0010 Bytes, ...) -- CPU_ReadMem(16 bytes @ 0xE0002FF0) - Data: 0D 00 00 00 E0 00 00 00 05 00 00 00 B1 00 00 00  returns 0x00 (0001ms, 21487ms total)
T1F04 1129:224 JLINK_ReadMem (0xE0002FD0, 0x0020 Bytes, ...) -- CPU_ReadMem(32 bytes @ 0xE0002FD0) - Data: 04 00 00 00 00 00 00 00 00 00 00 00 00 00 00 00 ...  returns 0x00 (0001ms, 21488ms total)
T1F04 1129:225 JLINK_ReadMemU32(0xE00FF00C, 0x0001 Items, ...) -- CPU_ReadMem(4 bytes @ 0xE00FF00C) - Data: 03 10 F0 FF  returns 0x01 (0001ms, 21489ms total)
T1F04 1129:226 JLINK_ReadMem (0xE0000FF0, 0x0010 Bytes, ...) -- CPU_ReadMem(16 bytes @ 0xE0000FF0) - Data: 0D 00 00 00 E0 00 00 00 05 00 00 00 B1 00 00 00  returns 0x00 (0001ms, 21490ms total)
T1F04 1129:227 JLINK_ReadMem (0xE0000FD0, 0x0020 Bytes, ...) -- CPU_ReadMem(32 bytes @ 0xE0000FD0) - Data: 04 00 00 00 00 00 00 00 00 00 00 00 00 00 00 00 ...  returns 0x00 (0001ms, 21491ms total)
T1F04 1129:228 JLINK_ReadMemU32(0xE00FF010, 0x0001 Items, ...) -- CPU_ReadMem(4 bytes @ 0xE00FF010) - Data: 03 10 F4 FF  returns 0x01 (0001ms, 21492ms total)
T1F04 1129:229 JLINK_ReadMem (0xE0040FF0, 0x0010 Bytes, ...) -- CPU_ReadMem(16 bytes @ 0xE0040FF0) - Data: 0D 00 00 00 90 00 00 00 05 00 00 00 B1 00 00 00  returns 0x00 (0001ms, 21493ms total)
T1F04 1129:230 JLINK_ReadMem (0xE0040FD0, 0x0020 Bytes, ...) -- CPU_ReadMem(32 bytes @ 0xE0040FD0) - Data: 04 00 00 00 00 00 00 00 00 00 00 00 00 00 00 00 ...  returns 0x00 (0001ms, 21494ms total)
T1F04 1129:231 JLINK_ReadMemU32(0xE00FF014, 0x0001 Items, ...) -- CPU_ReadMem(4 bytes @ 0xE00FF014) - Data: 02 20 F4 FF  returns 0x01 (0001ms, 21495ms total)
T1F04 1129:232 JLINK_ReadMemU32(0xE00FF018, 0x0001 Items, ...) -- CPU_ReadMem(4 bytes @ 0xE00FF018) - Data: 00 00 00 00  returns 0x01 (0001ms, 21496ms total)
T1F04 1129:233 JLINK_GetDebugInfo(0x100) -- Value=0xE00FF003  returns 0x00 (0000ms, 21496ms total)
T1F04 1129:233 JLINK_ReadMem (0xE00FFFF0, 0x0010 Bytes, ...) -- CPU_ReadMem(16 bytes @ 0xE00FFFF0) - Data: 0D 00 00 00 10 00 00 00 05 00 00 00 B1 00 00 00  returns 0x00 (0001ms, 21497ms total)
T1F04 1129:234 JLINK_ReadMem (0xE00FFFD0, 0x0020 Bytes, ...) -- CPU_ReadMem(32 bytes @ 0xE00FFFD0) - Data: 04 00 00 00 00 00 00 00 00 00 00 00 00 00 00 00 ...  returns 0x00 (0001ms, 21498ms total)
T1F04 1129:235 JLINK_ReadMemU32(0xE00FF000, 0x0001 Items, ...) -- CPU_ReadMem(4 bytes @ 0xE00FF000) - Data: 03 F0 F0 FF  returns 0x01 (0001ms, 21499ms total)
T1F04 1129:236 JLINK_ReadMem (0xE000EFF0, 0x0010 Bytes, ...) -- CPU_ReadMem(16 bytes @ 0xE000EFF0) - Data: 0D 00 00 00 E0 00 00 00 05 00 00 00 B1 00 00 00  returns 0x00 (0001ms, 21500ms total)
T1F04 1129:237 JLINK_ReadMem (0xE000EFD0, 0x0020 Bytes, ...) -- CPU_ReadMem(32 bytes @ 0xE000EFD0) - Data: 04 00 00 00 00 00 00 00 00 00 00 00 00 00 00 00 ...  returns 0x00 (0001ms, 21501ms total)
T1F04 1129:238 JLINK_ReadMemU32(0xE00FF004, 0x0001 Items, ...) -- CPU_ReadMem(4 bytes @ 0xE00FF004) - Data: 03 20 F0 FF  returns 0x01 (0001ms, 21502ms total)
T1F04 1129:239 JLINK_ReadMem (0xE0001FF0, 0x0010 Bytes, ...) -- CPU_ReadMem(16 bytes @ 0xE0001FF0) - Data: 0D 00 00 00 E0 00 00 00 05 00 00 00 B1 00 00 00  returns 0x00 (0001ms, 21503ms total)
T1F04 1129:240 JLINK_ReadMem (0xE0001FD0, 0x0020 Bytes, ...) -- CPU_ReadMem(32 bytes @ 0xE0001FD0) - Data: 04 00 00 00 00 00 00 00 00 00 00 00 00 00 00 00 ...  returns 0x00 (0001ms, 21504ms total)
T1F04 1129:241 JLINK_ReadMemU32(0xE00FF008, 0x0001 Items, ...) -- CPU_ReadMem(4 bytes @ 0xE00FF008) - Data: 03 30 F0 FF  returns 0x01 (0001ms, 21505ms total)
T1F04 1129:242 JLINK_ReadMem (0xE0002FF0, 0x0010 Bytes, ...) -- CPU_ReadMem(16 bytes @ 0xE0002FF0) - Data: 0D 00 00 00 E0 00 00 00 05 00 00 00 B1 00 00 00  returns 0x00 (0001ms, 21506ms total)
T1F04 1129:243 JLINK_ReadMem (0xE0002FD0, 0x0020 Bytes, ...) -- CPU_ReadMem(32 bytes @ 0xE0002FD0) - Data: 04 00 00 00 00 00 00 00 00 00 00 00 00 00 00 00 ...  returns 0x00 (0001ms, 21507ms total)
T1F04 1129:244 JLINK_ReadMemU32(0xE00FF00C, 0x0001 Items, ...) -- CPU_ReadMem(4 bytes @ 0xE00FF00C) - Data: 03 10 F0 FF  returns 0x01 (0001ms, 21508ms total)
T1F04 1129:245 JLINK_ReadMem (0xE0000FF0, 0x0010 Bytes, ...) -- CPU_ReadMem(16 bytes @ 0xE0000FF0) - Data: 0D 00 00 00 E0 00 00 00 05 00 00 00 B1 00 00 00  returns 0x00 (0001ms, 21509ms total)
T1F04 1129:246 JLINK_ReadMem (0xE0000FD0, 0x0020 Bytes, ...) -- CPU_ReadMem(32 bytes @ 0xE0000FD0) - Data: 04 00 00 00 00 00 00 00 00 00 00 00 00 00 00 00 ...  returns 0x00 (0001ms, 21510ms total)
T1F04 1129:247 JLINK_ReadMemU32(0xE00FF010, 0x0001 Items, ...) -- CPU_ReadMem(4 bytes @ 0xE00FF010) - Data: 03 10 F4 FF  returns 0x01 (0002ms, 21512ms total)
T1F04 1129:249 JLINK_ReadMem (0xE0040FF0, 0x0010 Bytes, ...) -- CPU_ReadMem(16 bytes @ 0xE0040FF0) - Data: 0D 00 00 00 90 00 00 00 05 00 00 00 B1 00 00 00  returns 0x00 (0000ms, 21512ms total)
T1F04 1129:249 JLINK_ReadMem (0xE0040FD0, 0x0020 Bytes, ...) -- CPU_ReadMem(32 bytes @ 0xE0040FD0) - Data: 04 00 00 00 00 00 00 00 00 00 00 00 00 00 00 00 ...  returns 0x00 (0001ms, 21513ms total)
T1F04 1129:250 JLINK_ReadMemU32(0xE00FF014, 0x0001 Items, ...) -- CPU_ReadMem(4 bytes @ 0xE00FF014) - Data: 02 20 F4 FF  returns 0x01 (0001ms, 21514ms total)
T1F04 1129:251 JLINK_ReadMemU32(0xE00FF018, 0x0001 Items, ...) -- CPU_ReadMem(4 bytes @ 0xE00FF018) - Data: 00 00 00 00  returns 0x01 (0001ms, 21515ms total)
T1F04 1129:252 JLINK_GetDebugInfo(0x100) -- Value=0xE00FF003  returns 0x00 (0000ms, 21515ms total)
T1F04 1129:252 JLINK_ReadMem (0xE00FFFF0, 0x0010 Bytes, ...) -- CPU_ReadMem(16 bytes @ 0xE00FFFF0) - Data: 0D 00 00 00 10 00 00 00 05 00 00 00 B1 00 00 00  returns 0x00 (0001ms, 21516ms total)
T1F04 1129:253 JLINK_ReadMem (0xE00FFFD0, 0x0020 Bytes, ...) -- CPU_ReadMem(32 bytes @ 0xE00FFFD0) - Data: 04 00 00 00 00 00 00 00 00 00 00 00 00 00 00 00 ...  returns 0x00 (0001ms, 21517ms total)
T1F04 1129:254 JLINK_ReadMemU32(0xE00FF000, 0x0001 Items, ...) -- CPU_ReadMem(4 bytes @ 0xE00FF000) - Data: 03 F0 F0 FF  returns 0x01 (0001ms, 21518ms total)
T1F04 1129:255 JLINK_ReadMem (0xE000EFF0, 0x0010 Bytes, ...) -- CPU_ReadMem(16 bytes @ 0xE000EFF0) - Data: 0D 00 00 00 E0 00 00 00 05 00 00 00 B1 00 00 00  returns 0x00 (0001ms, 21519ms total)
T1F04 1129:256 JLINK_ReadMem (0xE000EFD0, 0x0020 Bytes, ...) -- CPU_ReadMem(32 bytes @ 0xE000EFD0) - Data: 04 00 00 00 00 00 00 00 00 00 00 00 00 00 00 00 ...  returns 0x00 (0001ms, 21520ms total)
T1F04 1129:257 JLINK_ReadMemU32(0xE00FF004, 0x0001 Items, ...) -- CPU_ReadMem(4 bytes @ 0xE00FF004) - Data: 03 20 F0 FF  returns 0x01 (0001ms, 21521ms total)
T1F04 1129:258 JLINK_ReadMem (0xE0001FF0, 0x0010 Bytes, ...) -- CPU_ReadMem(16 bytes @ 0xE0001FF0) - Data: 0D 00 00 00 E0 00 00 00 05 00 00 00 B1 00 00 00  returns 0x00 (0001ms, 21522ms total)
T1F04 1129:259 JLINK_ReadMem (0xE0001FD0, 0x0020 Bytes, ...) -- CPU_ReadMem(32 bytes @ 0xE0001FD0) - Data: 04 00 00 00 00 00 00 00 00 00 00 00 00 00 00 00 ...  returns 0x00 (0001ms, 21523ms total)
T1F04 1129:260 JLINK_ReadMemU32(0xE00FF008, 0x0001 Items, ...) -- CPU_ReadMem(4 bytes @ 0xE00FF008) - Data: 03 30 F0 FF  returns 0x01 (0001ms, 21524ms total)
T1F04 1129:261 JLINK_ReadMem (0xE0002FF0, 0x0010 Bytes, ...) -- CPU_ReadMem(16 bytes @ 0xE0002FF0) - Data: 0D 00 00 00 E0 00 00 00 05 00 00 00 B1 00 00 00  returns 0x00 (0001ms, 21525ms total)
T1F04 1129:262 JLINK_ReadMem (0xE0002FD0, 0x0020 Bytes, ...) -- CPU_ReadMem(32 bytes @ 0xE0002FD0) - Data: 04 00 00 00 00 00 00 00 00 00 00 00 00 00 00 00 ...  returns 0x00 (0001ms, 21526ms total)
T1F04 1129:263 JLINK_ReadMemU32(0xE00FF00C, 0x0001 Items, ...) -- CPU_ReadMem(4 bytes @ 0xE00FF00C) - Data: 03 10 F0 FF  returns 0x01 (0001ms, 21527ms total)
T1F04 1129:264 JLINK_ReadMem (0xE0000FF0, 0x0010 Bytes, ...) -- CPU_ReadMem(16 bytes @ 0xE0000FF0) - Data: 0D 00 00 00 E0 00 00 00 05 00 00 00 B1 00 00 00  returns 0x00 (0001ms, 21528ms total)
T1F04 1129:265 JLINK_ReadMem (0xE0000FD0, 0x0020 Bytes, ...) -- CPU_ReadMem(32 bytes @ 0xE0000FD0) - Data: 04 00 00 00 00 00 00 00 00 00 00 00 00 00 00 00 ...  returns 0x00 (0001ms, 21529ms total)
T1F04 1129:266 JLINK_ReadMemU32(0xE00FF010, 0x0001 Items, ...) -- CPU_ReadMem(4 bytes @ 0xE00FF010) - Data: 03 10 F4 FF  returns 0x01 (0001ms, 21530ms total)
T1F04 1129:267 JLINK_ReadMem (0xE0040FF0, 0x0010 Bytes, ...) -- CPU_ReadMem(16 bytes @ 0xE0040FF0) - Data: 0D 00 00 00 90 00 00 00 05 00 00 00 B1 00 00 00  returns 0x00 (0001ms, 21531ms total)
T1F04 1129:268 JLINK_ReadMem (0xE0040FD0, 0x0020 Bytes, ...) -- CPU_ReadMem(32 bytes @ 0xE0040FD0) - Data: 04 00 00 00 00 00 00 00 00 00 00 00 00 00 00 00 ...  returns 0x00 (0001ms, 21532ms total)
T1F04 1129:269 JLINK_ReadMemU32(0xE00FF014, 0x0001 Items, ...) -- CPU_ReadMem(4 bytes @ 0xE00FF014) - Data: 02 20 F4 FF  returns 0x01 (0001ms, 21533ms total)
T1F04 1129:270 JLINK_ReadMemU32(0xE00FF018, 0x0001 Items, ...) -- CPU_ReadMem(4 bytes @ 0xE00FF018) - Data: 00 00 00 00  returns 0x01 (0001ms, 21534ms total)
T1F04 1129:278 JLINK_ReadMem (0x40000384, 0x00B4 Bytes, ...) -- CPU_ReadMem(180 bytes @ 0x40000384) - Data: 00 00 00 00 00 00 00 00 00 00 00 00 00 00 00 00 ...  returns 0x00 (0002ms, 21536ms total)
T1F04 1129:290 JLINK_ReadMem (0x40000438, 0x010E Bytes, ...) -- CPU_ReadMem(270 bytes @ 0x40000438) - Data: 00 00 00 00 00 00 00 00 00 00 00 00 00 00 00 00 ...  returns 0x00 (0003ms, 21539ms total)
T2194 1129:305 JLINK_IsHalted()  returns TRUE (0000ms, 21539ms total)
T1F04 1129:305 JLINK_ReadMemHW(0x00400E44, 0x0004 Bytes, ...) -- CPU_ReadMem(4 bytes @ 0x00400E44) - Data: 98 47 66 4B  returns 0x00 (0002ms, 21541ms total)
T1F04 1129:311 JLINK_ReadMemHW(0x00400E46, 0x0070 Bytes, ...) -- CPU_ReadMem(112 bytes @ 0x00400E46) - Data: 66 4B 98 47 08 20 65 4E B0 47 65 4D 66 4B 1D 60 ...  returns 0x00 (0002ms, 21543ms total)
T2194 1129:505 JLINK_IsHalted()  returns TRUE (0002ms, 21545ms total)
T2194 1129:707 JLINK_IsHalted()  returns TRUE (0000ms, 21543ms total)
T2194 1129:907 JLINK_IsHalted()  returns TRUE (0000ms, 21543ms total)
T2194 1130:107 JLINK_IsHalted()  returns TRUE (0001ms, 21544ms total)
T2194 1130:308 JLINK_IsHalted()  returns TRUE (0000ms, 21543ms total)
T2194 1130:508 JLINK_IsHalted()  returns TRUE (0000ms, 21543ms total)
T2194 1130:708 JLINK_IsHalted()  returns TRUE (0001ms, 21544ms total)
T2194 1130:909 JLINK_IsHalted()  returns TRUE (0000ms, 21543ms total)
T2194 1131:110 JLINK_IsHalted()  returns TRUE (0000ms, 21543ms total)
T2194 1131:310 JLINK_IsHalted()  returns TRUE (0001ms, 21544ms total)
T2194 1131:511 JLINK_IsHalted()  returns TRUE (0001ms, 21544ms total)
T2194 1131:712 JLINK_IsHalted()  returns TRUE (0000ms, 21543ms total)
T2194 1131:912 JLINK_IsHalted()  returns TRUE (0001ms, 21544ms total)
T2194 1132:113 JLINK_IsHalted()  returns TRUE (0000ms, 21543ms total)
T2194 1132:313 JLINK_IsHalted()  returns TRUE (0000ms, 21543ms total)
T2194 1132:513 JLINK_IsHalted()  returns TRUE (0002ms, 21545ms total)
T2194 1132:715 JLINK_IsHalted()  returns TRUE (0000ms, 21543ms total)
T2194 1132:915 JLINK_IsHalted()  returns TRUE (0000ms, 21543ms total)
T2194 1133:115 JLINK_IsHalted()  returns TRUE (0001ms, 21544ms total)
T2194 1133:316 JLINK_IsHalted()  returns TRUE (0000ms, 21543ms total)
T2194 1133:516 JLINK_IsHalted()  returns TRUE (0001ms, 21544ms total)
T2194 1133:717 JLINK_IsHalted()  returns TRUE (0000ms, 21543ms total)
T2194 1133:917 JLINK_IsHalted()  returns TRUE (0000ms, 21543ms total)
T2194 1134:117 JLINK_IsHalted()  returns TRUE (0000ms, 21543ms total)
T2194 1134:317 JLINK_IsHalted()  returns TRUE (0001ms, 21544ms total)
T2194 1134:518 JLINK_IsHalted()  returns TRUE (0001ms, 21544ms total)
T2194 1134:719 JLINK_IsHalted()  returns TRUE (0000ms, 21543ms total)
T2194 1134:919 JLINK_IsHalted()  returns TRUE (0001ms, 21544ms total)
T2194 1135:120 JLINK_IsHalted()  returns TRUE (0000ms, 21543ms total)
T2194 1135:320 JLINK_IsHalted()  returns TRUE (0000ms, 21543ms total)
T2194 1135:520 JLINK_IsHalted()  returns TRUE (0002ms, 21545ms total)
T2194 1135:722 JLINK_IsHalted()  returns TRUE (0000ms, 21543ms total)
T2194 1135:922 JLINK_IsHalted()  returns TRUE (0000ms, 21543ms total)
T2194 1136:122 JLINK_IsHalted()  returns TRUE (0001ms, 21544ms total)
T2194 1136:323 JLINK_IsHalted()  returns TRUE (0000ms, 21543ms total)
T2194 1136:523 JLINK_IsHalted()  returns TRUE (0001ms, 21544ms total)
T2194 1136:724 JLINK_IsHalted()  returns TRUE (0001ms, 21544ms total)
T2194 1136:925 JLINK_IsHalted()  returns TRUE (0000ms, 21543ms total)
T2194 1137:125 JLINK_IsHalted()  returns TRUE (0000ms, 21543ms total)
T2194 1137:325 JLINK_IsHalted()  returns TRUE (0001ms, 21544ms total)
T2194 1137:526 JLINK_IsHalted()  returns TRUE (0001ms, 21544ms total)
T2194 1137:727 JLINK_IsHalted()  returns TRUE (0000ms, 21543ms total)
T2194 1137:927 JLINK_IsHalted()  returns TRUE (0001ms, 21544ms total)
T2308 1137:931 JLINK_ReadReg(R0)  returns 0x0040425C (0000ms, 21543ms total)
T2308 1137:931 JLINK_ReadReg(R1)  returns 0x00000000 (0000ms, 21543ms total)
T2308 1137:931 JLINK_ReadReg(R2)  returns 0x00400000 (0000ms, 21543ms total)
T2308 1137:931 JLINK_ReadReg(R3)  returns 0x00400E3D (0000ms, 21543ms total)
T2308 1137:931 JLINK_ReadReg(R4)  returns 0x20000004 (0000ms, 21543ms total)
T2308 1137:931 JLINK_ReadReg(R5)  returns 0x20000904 (0000ms, 21543ms total)
T2308 1137:931 JLINK_ReadReg(R6)  returns 0x400E0E00 (0000ms, 21543ms total)
T2308 1137:931 JLINK_ReadReg(R7)  returns 0x004041D4 (0000ms, 21543ms total)
T2308 1137:931 JLINK_ReadReg(R8)  returns 0xE000E100 (0000ms, 21543ms total)
T2308 1137:931 JLINK_ReadReg(R9)  returns 0x00400635 (0000ms, 21543ms total)
T2308 1137:931 JLINK_ReadReg(R10)  returns 0x0040027D (0000ms, 21543ms total)
T2308 1137:931 JLINK_ReadReg(R11)  returns 0x0040081D (0000ms, 21543ms total)
T2308 1137:931 JLINK_ReadReg(R12)  returns 0x00000000 (0000ms, 21543ms total)
T2308 1137:931 JLINK_ReadReg(R13 (SP))  returns 0x20003948 (0000ms, 21543ms total)
T2308 1137:931 JLINK_ReadReg(R14)  returns 0x00400A37 (0000ms, 21543ms total)
T2308 1137:931 JLINK_ReadReg(R15 (PC))  returns 0x00400E3C (0000ms, 21543ms total)
T2308 1137:931 JLINK_ReadReg(XPSR)  returns 0x61000000 (0000ms, 21543ms total)
T2308 1137:931 JLINK_ReadReg(MSP)  returns 0x20003948 (0000ms, 21543ms total)
T2308 1137:931 JLINK_ReadReg(PSP)  returns 0x20001708 (0000ms, 21543ms total)
T2308 1137:931 JLINK_ReadReg(PRIMASK)  returns 0x00000000 (0000ms, 21543ms total)
T2308 1137:931 JLINK_ReadReg(BASEPRI)  returns 0x00000000 (0000ms, 21543ms total)
T2308 1137:931 JLINK_ReadReg(FAULTMASK)  returns 0x00000000 (0000ms, 21543ms total)
T2308 1137:931 JLINK_ReadReg(CONTROL)  returns 0x00000000 (0000ms, 21543ms total)
T1F04 1138:086 JLINK_ReadMemHW(0x00400E82, 0x0070 Bytes, ...) -- CPU_ReadMem(112 bytes @ 0x00400E82) - Data: 98 68 00 21 61 4D A8 47 3B 68 58 68 00 21 A8 47 ...  returns 0x00 (0002ms, 21545ms total)
T2194 1138:128 JLINK_IsHalted()  returns TRUE (0000ms, 21545ms total)
T2194 1138:328 JLINK_IsHalted()  returns TRUE (0000ms, 21545ms total)
T2194 1138:528 JLINK_IsHalted()  returns TRUE (0002ms, 21547ms total)
T2194 1138:730 JLINK_IsHalted()  returns TRUE (0000ms, 21545ms total)
T2194 1138:930 JLINK_IsHalted()  returns TRUE (0000ms, 21545ms total)
T2194 1139:130 JLINK_IsHalted()  returns TRUE (0001ms, 21546ms total)
T2194 1139:331 JLINK_IsHalted()  returns TRUE (0000ms, 21545ms total)
T2194 1139:531 JLINK_IsHalted()  returns TRUE (0001ms, 21546ms total)
T2194 1139:732 JLINK_IsHalted()  returns TRUE (0001ms, 21546ms total)
T2194 1139:933 JLINK_IsHalted()  returns TRUE (0000ms, 21545ms total)
T2194 1140:133 JLINK_IsHalted()  returns TRUE (0000ms, 21545ms total)
T2194 1140:333 JLINK_IsHalted()  returns TRUE (0001ms, 21546ms total)
T2194 1140:534 JLINK_IsHalted()  returns TRUE (0001ms, 21546ms total)
T2194 1140:735 JLINK_IsHalted()  returns TRUE (0000ms, 21545ms total)
T1F04 1140:743 JLINK_ReadMemHW(0x00400EBC, 0x0070 Bytes, ...) -- CPU_ReadMem(112 bytes @ 0x00400EBC) - Data: 04 20 21 46 02 AA 03 AB 59 4E B0 47 59 4E 30 46 ...  returns 0x00 (0001ms, 21546ms total)
T2194 1140:935 JLINK_IsHalted()  returns TRUE (0001ms, 21547ms total)
T2194 1141:136 JLINK_IsHalted()  returns TRUE (0000ms, 21546ms total)
T1F04 1141:150 JLINK_ReadMemHW(0x00400EFA, 0x0070 Bytes, ...) -- CPU_ReadMem(112 bytes @ 0x00400EFA) - Data: 52 4B 1B 78 13 F0 FF 0F 03 D0 30 46 29 46 4F 4B ...  returns 0x00 (0002ms, 21548ms total)
T2194 1141:336 JLINK_IsHalted()  returns TRUE (0000ms, 21548ms total)
T2194 1141:536 JLINK_IsHalted()  returns TRUE (0002ms, 21550ms total)
T2194 1141:738 JLINK_IsHalted()  returns TRUE (0000ms, 21548ms total)
T1F04 1141:806 JLINK_ReadMemHW(0x00400F3A, 0x0070 Bytes, ...) -- CPU_ReadMem(112 bytes @ 0x00400F3A) - Data: DF F8 00 81 4F F4 80 54 C8 F8 00 40 28 46 0C 21 ...  returns 0x00 (0002ms, 21550ms total)
T2194 1141:938 JLINK_IsHalted()  returns TRUE (0000ms, 21550ms total)
T2194 1142:138 JLINK_IsHalted()  returns TRUE (0001ms, 21551ms total)
T1F04 1142:182 JLINK_ReadMemHW(0x00400F7E, 0x0070 Bytes, ...) -- CPU_ReadMem(112 bytes @ 0x00400F7E) - Data: 28 46 0D 21 00 22 B8 47 28 46 21 46 B0 47 35 4D ...  returns 0x00 (0002ms, 21552ms total)
T2194 1142:339 JLINK_IsHalted()  returns TRUE (0000ms, 21552ms total)
T2194 1142:539 JLINK_IsHalted()  returns TRUE (0001ms, 21553ms total)
T2194 1142:740 JLINK_IsHalted()  returns TRUE (0001ms, 21553ms total)
T2194 1142:941 JLINK_IsHalted()  returns TRUE (0000ms, 21552ms total)
T2194 1143:142 JLINK_IsHalted()  returns TRUE (0000ms, 21552ms total)
T1F04 1143:288 JLINK_ReadMemHW(0x00400FBA, 0x0070 Bytes, ...) -- CPU_ReadMem(112 bytes @ 0x00400FBA) - Data: 13 F4 00 2F 4F F4 00 23 14 BF 73 63 33 63 38 46 ...  returns 0x00 (0001ms, 21553ms total)
T2194 1143:342 JLINK_IsHalted()  returns TRUE (0001ms, 21554ms total)
T2194 1143:543 JLINK_IsHalted()  returns TRUE (0001ms, 21554ms total)
T2194 1143:744 JLINK_IsHalted()  returns TRUE (0000ms, 21553ms total)
T1F04 1143:774 JLINK_ReadMemHW(0x00400FF8, 0x0070 Bytes, ...) -- CPU_ReadMem(112 bytes @ 0x00400FF8) - Data: 5D 0C 40 00 3C 09 00 20 00 0E 27 07 29 09 40 00 ...  returns 0x00 (0002ms, 21555ms total)
T2194 1143:944 JLINK_IsHalted()  returns TRUE (0001ms, 21556ms total)
T2194 1144:145 JLINK_IsHalted()  returns TRUE (0000ms, 21555ms total)
T2194 1144:345 JLINK_IsHalted()  returns TRUE (0000ms, 21555ms total)
T2194 1144:545 JLINK_IsHalted()  returns TRUE (0002ms, 21557ms total)
T2194 1144:747 JLINK_IsHalted()  returns TRUE (0000ms, 21555ms total)
T2194 1144:947 JLINK_IsHalted()  returns TRUE (0000ms, 21555ms total)
T2194 1145:147 JLINK_IsHalted()  returns TRUE (0001ms, 21556ms total)
T2194 1145:348 JLINK_IsHalted()  returns TRUE (0000ms, 21555ms total)
T2194 1145:548 JLINK_IsHalted()  returns TRUE (0001ms, 21556ms total)
T2194 1145:749 JLINK_IsHalted()  returns TRUE (0001ms, 21556ms total)
T2194 1145:950 JLINK_IsHalted()  returns TRUE (0000ms, 21555ms total)
T2194 1146:150 JLINK_IsHalted()  returns TRUE (0000ms, 21555ms total)
T2194 1146:350 JLINK_IsHalted()  returns TRUE (0001ms, 21556ms total)
T2194 1146:551 JLINK_IsHalted()  returns TRUE (0001ms, 21556ms total)
T2194 1146:752 JLINK_IsHalted()  returns TRUE (0000ms, 21555ms total)
T2194 1146:952 JLINK_IsHalted()  returns TRUE (0001ms, 21556ms total)
T2194 1147:153 JLINK_IsHalted()  returns TRUE (0000ms, 21555ms total)
T2194 1147:353 JLINK_IsHalted()  returns TRUE (0000ms, 21555ms total)
T2194 1147:553 JLINK_IsHalted()  returns TRUE (0002ms, 21557ms total)
T2194 1147:755 JLINK_IsHalted()  returns TRUE (0000ms, 21555ms total)
T2194 1147:955 JLINK_IsHalted()  returns TRUE (0000ms, 21555ms total)
T2194 1148:155 JLINK_IsHalted()  returns TRUE (0001ms, 21556ms total)
T2194 1148:356 JLINK_IsHalted()  returns TRUE (0000ms, 21555ms total)
T2194 1148:557 JLINK_IsHalted()  returns TRUE (0000ms, 21555ms total)
T2194 1148:757 JLINK_IsHalted()  returns TRUE (0001ms, 21556ms total)
T2194 1148:958 JLINK_IsHalted()  returns TRUE (0000ms, 21555ms total)
T2194 1149:158 JLINK_IsHalted()  returns TRUE (0000ms, 21555ms total)
T2194 1149:358 JLINK_IsHalted()  returns TRUE (0001ms, 21556ms total)
T2194 1149:559 JLINK_IsHalted()  returns TRUE (0001ms, 21556ms total)
T2194 1149:760 JLINK_IsHalted()  returns TRUE (0000ms, 21555ms total)
T2194 1149:960 JLINK_IsHalted()  returns TRUE (0001ms, 21556ms total)
T2194 1150:161 JLINK_IsHalted()  returns TRUE (0000ms, 21555ms total)
T2194 1150:361 JLINK_IsHalted()  returns TRUE (0000ms, 21555ms total)
T2194 1150:561 JLINK_IsHalted()  returns TRUE (0002ms, 21557ms total)
T2194 1150:763 JLINK_IsHalted()  returns TRUE (0000ms, 21555ms total)
T2194 1150:964 JLINK_IsHalted()  returns TRUE (0000ms, 21555ms total)
T2194 1151:164 JLINK_IsHalted()  returns TRUE (0001ms, 21556ms total)
T2194 1151:365 JLINK_IsHalted()  returns TRUE (0000ms, 21555ms total)
T2194 1151:565 JLINK_IsHalted()  returns TRUE (0001ms, 21556ms total)
T2194 1151:766 JLINK_IsHalted()  returns TRUE (0001ms, 21556ms total)
T2194 1151:967 JLINK_IsHalted()  returns TRUE (0000ms, 21555ms total)
T2194 1152:167 JLINK_IsHalted()  returns TRUE (0000ms, 21555ms total)
T2194 1152:367 JLINK_IsHalted()  returns TRUE (0001ms, 21556ms total)
T2194 1152:568 JLINK_IsHalted()  returns TRUE (0001ms, 21556ms total)
T2194 1152:769 JLINK_IsHalted()  returns TRUE (0000ms, 21555ms total)
T2194 1152:969 JLINK_IsHalted()  returns TRUE (0001ms, 21556ms total)
T2194 1153:170 JLINK_IsHalted()  returns TRUE (0000ms, 21555ms total)
T2194 1153:370 JLINK_IsHalted()  returns TRUE (0000ms, 21555ms total)
T2194 1153:570 JLINK_IsHalted()  returns TRUE (0002ms, 21557ms total)
T2194 1153:772 JLINK_IsHalted()  returns TRUE (0000ms, 21555ms total)
T2194 1153:972 JLINK_IsHalted()  returns TRUE (0000ms, 21555ms total)
T2194 1154:172 JLINK_IsHalted()  returns TRUE (0001ms, 21556ms total)
T2194 1154:373 JLINK_IsHalted()  returns TRUE (0000ms, 21555ms total)
T2194 1154:573 JLINK_IsHalted()  returns TRUE (0001ms, 21556ms total)
T2194 1154:774 JLINK_IsHalted()  returns TRUE (0001ms, 21556ms total)
T2194 1154:975 JLINK_IsHalted()  returns TRUE (0000ms, 21555ms total)
T2194 1155:175 JLINK_IsHalted()  returns TRUE (0000ms, 21555ms total)
T2308 1155:272 JLINK_ReadReg(R15 (PC))  returns 0x00400E3C (0000ms, 21555ms total)
T2308 1155:272 JLINK_Go() -- CPU_ReadMem(4 bytes @ 0xE0001000) -- CPU_WriteMem(4 bytes @ 0xE0002008) (0003ms, 21558ms total)
T2194 1155:276 JLINK_IsHalted()  returns FALSE (0001ms, 21559ms total)
T2194 1155:317 JLINK_IsHalted()  returns FALSE (0001ms, 21560ms total)
T2194 1155:478 JLINK_IsHalted()  returns FALSE (0001ms, 21560ms total)
T2194 1156:119 JLINK_IsHalted()  returns FALSE (0002ms, 21561ms total)
T2194 1156:761 JLINK_IsHalted()  returns FALSE (0001ms, 21560ms total)
T2194 1157:402 JLINK_IsHalted()  returns FALSE (0002ms, 21561ms total)
T2194 1158:044 JLINK_IsHalted()  returns FALSE (0001ms, 21560ms total)
T2194 1158:685 JLINK_IsHalted()  returns FALSE (0002ms, 21561ms total)
T2194 1159:327 JLINK_IsHalted()  returns FALSE (0001ms, 21560ms total)
T2194 1159:968 JLINK_IsHalted()  returns FALSE (0002ms, 21561ms total)
T2194 1160:610 JLINK_IsHalted()  returns FALSE (0001ms, 21560ms total)
T2194 1161:251 JLINK_IsHalted()  returns FALSE (0002ms, 21561ms total)
T2194 1161:893 JLINK_IsHalted()  returns FALSE (0001ms, 21560ms total)
T2194 1162:534 JLINK_IsHalted()  returns FALSE (0002ms, 21561ms total)
T2194 1163:176 JLINK_IsHalted()  returns FALSE (0001ms, 21560ms total)
T2194 1163:817 JLINK_IsHalted()  returns FALSE (0002ms, 21561ms total)
T2194 1164:459 JLINK_IsHalted()  returns FALSE (0001ms, 21560ms total)
T2194 1165:100 JLINK_IsHalted()  returns FALSE (0002ms, 21561ms total)
T2194 1165:742 JLINK_IsHalted()  returns FALSE (0001ms, 21560ms total)
T2194 1166:384 JLINK_IsHalted()  returns FALSE (0002ms, 21561ms total)
T2194 1167:026 JLINK_IsHalted()  returns FALSE (0001ms, 21560ms total)
T2194 1167:667 JLINK_IsHalted()  returns FALSE (0002ms, 21561ms total)
T2194 1168:309 JLINK_IsHalted()  returns FALSE (0000ms, 21559ms total)
T2194 1168:949 JLINK_IsHalted()  returns FALSE (0001ms, 21560ms total)
T2194 1169:590 JLINK_IsHalted()  returns FALSE (0001ms, 21560ms total)
T2194 1170:231 JLINK_IsHalted()  returns FALSE (0002ms, 21561ms total)
T2194 1170:873 JLINK_IsHalted()  returns FALSE (0001ms, 21560ms total)
T2194 1171:514 JLINK_IsHalted()  returns FALSE (0002ms, 21561ms total)
T2308 1171:963 JLINK_Halt()  returns 0x00 (0003ms, 21562ms total)
T2194 1172:156 JLINK_IsHalted()  returns TRUE (0001ms, 21563ms total)
T2194 1172:157 JLINK_GetMOEs(...) -- CPU_ReadMem(4 bytes @ 0xE000ED30) -- CPU_WriteMem(4 bytes @ 0xE000ED30)  returns 0x01 (0002ms, 21564ms total)
T2194 1172:159 JLINK_ReadReg(R15 (PC))  returns 0x00400FD2 (0000ms, 21564ms total)
T1F04 1172:159 JLINK_ResetPullsRESET(ON) (0000ms, 21564ms total)
T1F04 1172:159 JLINK_ResetNoHalt() >0x2F8 JTAG>TotalIRLen = 4, IRPrint = 0x01 >0x30 JTAG> >0x210 JTAG> >0x70 JTAG> >0x40 JTAG> >0x40 JTAG> >0x40 JTAG> >0x48 JTAG> >0x78 JTAG> >0x40 JTAG> >0x30 JTAG> >0x40 JTAG> >0x40 JTAG> >0x30 JTAG> >0x40 JTAG> >0x48 JTAG>Found Cortex-M4 r0p1, Little endian. -- CPU_WriteMem(4 bytes @ 0xE0002000) -- CPU_ReadMem(4 bytes @ 0xE000EDF0) -- CPU_ReadMem(4 bytes @ 0xE0002000)FPUnit: 6 code (BP) slots and 2 literal slots -- CPU_ReadMem(4 bytes @ 0xE000EDFC)
 -- CPU_ReadMem(4 bytes @ 0xE0001000) -- CPU_ReadMem(4 bytes @ 0xE000ED88) -- CPU_WriteMem(4 bytes @ 0xE000ED88) -- CPU_ReadMem(4 bytes @ 0xE000ED88) -- CPU_WriteMem(4 bytes @ 0xE000ED88)CoreSight components:ROMTbl 0 @ E00FF000 -- CPU_ReadMem(16 bytes @ 0xE00FF000) -- CPU_ReadMem(16 bytes @ 0xE000EFF0) -- CPU_ReadMem(16 bytes @ 0xE000EFE0)ROMTbl 0 [0]: FFF0F000, CID: B105E00D, PID: 000BB000 SCS -- CPU_WriteMem(4 bytes @ 0xE0001000) -- CPU_ReadMem(16 bytes @ 0xE0001FF0)
 -- CPU_ReadMem(16 bytes @ 0xE0001FE0)ROMTbl 0 [1]: FFF02000, CID: B105E00D, PID: 003BB002 DWT -- CPU_ReadMem(16 bytes @ 0xE0002FF0) -- CPU_ReadMem(16 bytes @ 0xE0002FE0)ROMTbl 0 [2]: FFF03000, CID: B105E00D, PID: 002BB003 FPB -- CPU_ReadMem(16 bytes @ 0xE0000FF0) -- CPU_ReadMem(16 bytes @ 0xE0000FE0)ROMTbl 0 [3]: FFF01000, CID: B105E00D, PID: 003BB001 ITM -- CPU_ReadMem(16 bytes @ 0xE00FF010) -- CPU_ReadMem(16 bytes @ 0xE0040FF0) -- CPU_ReadMem(16 bytes @ 0xE0040FE0)
ROMTbl 0 [4]: FFF41000, CID: B105900D, PID: 000BB9A1 TPIU
                JLINK_Reset() -- CPU_ReadMem(16 bytes @ 0x20000000) -- CPU_WriteMem(16 bytes @ 0x20000000) -- CPU_ReadMem(4 bytes @ 0xE000EDFC) -- CPU_WriteMem(4 bytes @ 0xE000EDFC) -- CPU_ReadMem(4 bytes @ 0xE0001000) -- CPU_WriteMem(4 bytes @ 0xE000EDFC) -- CPU_WriteMem(16 bytes @ 0x20000000) -- CPU_WriteMem(4 bytes @ 0xE0002000) -- CPU_ReadMem(4 bytes @ 0xE000EDFC) -- CPU_ReadMem(4 bytes @ 0xE0001000) (0030ms, 0030ms total)
                JLINK_Go() -- CPU_ReadMem(4 bytes @ 0xE0001000) -- CPU_WriteMem(4 bytes @ 0xE0002008) -- CPU_WriteMem(4 bytes @ 0xE000200C) -- CPU_WriteMem(4 bytes @ 0xE0002010) -- CPU_WriteMem(4 bytes @ 0xE0002014) -- CPU_WriteMem(4 bytes @ 0xE0002018) -- CPU_WriteMem(4 bytes @ 0xE000201C) -- CPU_WriteMem(4 bytes @ 0xE0001004) (0009ms, 0039ms total)
               (0080ms, 21644ms total)
T1F04 1172:243 JLINK_Close() -- CPU is running -- CPU_WriteMem(4 bytes @ 0xE0002008) -- CPU is running -- CPU_WriteMem(4 bytes @ 0xE000200C) -- CPU is running -- CPU_WriteMem(4 bytes @ 0xE0002010) -- CPU is running -- CPU_WriteMem(4 bytes @ 0xE0002014) -- CPU is running -- CPU_WriteMem(4 bytes @ 0xE0002018) -- CPU is running -- CPU_WriteMem(4 bytes @ 0xE000201C) >0x78 JTAG> >0x08 JTAG> (0012ms, 21656ms total)
T1F04 1172:243  (0012ms, 21656ms total)
T1F04 1172:243 Closed (0012ms, 21656ms total)
