T01D4 10384:721 SEGGER J-Link V4.98e Log File (0001ms, 34410ms total)
T01D4 10384:721 DLL Compiled: May  5 2015 11:00:52 (0001ms, 34410ms total)
T01D4 10384:721 Logging started @ 2016-04-19 22:14 (0001ms, 34410ms total)
T01D4 10384:736 JLINK_ExecCommand("Device = AT91SAM4SD32C", ...)Device "ATSAM4SD32C" selected.  returns 0x00 (0001ms, 34411ms total)
T01D4 10384:768 JLINK_ExecCommand("ProjectFile = C:\Users\rafa\Desktop\Driver\GPIO_REGISTRADORES_LED\jlink.config", ...)  returns 0x00 (0000ms, 34411ms total)
T01D4 10384:819 JLINK_ExecCommand("Device = AT91SAM4SD32C", ...)Device "ATSAM4SD32C" selected.  returns 0x00 (0002ms, 34413ms total)
T01D4 10384:821 JLINK_TIF_Select(JLINKARM_TIF_JTAG)  returns 0x00 (0171ms, 34584ms total)
T01D4 10384:992 JLINK_GetIdData(...) >0x2F8 JTAG>TotalIRLen = 4, IRPrint = 0x01 >0x30 JTAG> >0x210 JTAG> >0x70 JTAG> >0x40 JTAG> >0x40 JTAG> >0x40 JTAG> >0x48 JTAG> >0x78 JTAG> >0x40 JTAG> >0x30 JTAG> >0x40 JTAG> >0x40 JTAG> >0x30 JTAG> >0x40 JTAG> >0x48 JTAG>Found Cortex-M4 r0p1, Little endian. -- CPU_WriteMem(4 bytes @ 0xE0002000) -- CPU_ReadMem(4 bytes @ 0xE000EDF0) -- CPU_ReadMem(4 bytes @ 0xE0002000)FPUnit: 6 code (BP) slots and 2 literal slots -- CPU_ReadMem(4 bytes @ 0xE000EDFC)
 -- CPU_ReadMem(4 bytes @ 0xE0001000) -- CPU_WriteMem(4 bytes @ 0xE0001000) -- CPU_ReadMem(4 bytes @ 0xE000ED88) -- CPU_WriteMem(4 bytes @ 0xE000ED88) -- CPU_ReadMem(4 bytes @ 0xE000ED88) -- CPU_WriteMem(4 bytes @ 0xE000ED88)CoreSight components:ROMTbl 0 @ E00FF000 -- CPU_ReadMem(16 bytes @ 0xE00FF000) -- CPU_ReadMem(16 bytes @ 0xE000EFF0) -- CPU_ReadMem(16 bytes @ 0xE000EFE0)ROMTbl 0 [0]: FFF0F000, CID: B105E00D, PID: 000BB000 SCS -- CPU_ReadMem(16 bytes @ 0xE0001FF0)
 -- CPU_ReadMem(16 bytes @ 0xE0001FE0)ROMTbl 0 [1]: FFF02000, CID: B105E00D, PID: 003BB002 DWT -- CPU_ReadMem(16 bytes @ 0xE0002FF0) -- CPU_ReadMem(16 bytes @ 0xE0002FE0)ROMTbl 0 [2]: FFF03000, CID: B105E00D, PID: 002BB003 FPB -- CPU_ReadMem(16 bytes @ 0xE0000FF0) -- CPU_ReadMem(16 bytes @ 0xE0000FE0)ROMTbl 0 [3]: FFF01000, CID: B105E00D, PID: 003BB001 ITM -- CPU_ReadMem(16 bytes @ 0xE00FF010) -- CPU_ReadMem(16 bytes @ 0xE0040FF0) -- CPU_ReadMem(16 bytes @ 0xE0040FE0)
ROMTbl 0 [4]: FFF41000, CID: B105900D, PID: 000BB9A1 TPIU ScanLen=4 NumDevices=1 aId[0]=0x4BA00477 aIrRead[0]=0 aScanLen[0]=0 aScanRead[0]=0 (0670ms, 35254ms total)
T01D4 10385:665 JLINK_ConfigJTAG(IRPre = 0, DRPre = 0) (0000ms, 35254ms total)
T01D4 10385:665 JLINK_SetSpeed(1000) (0002ms, 35256ms total)
T01D4 10385:667 JLINK_ResetPullsRESET(OFF) (0000ms, 35256ms total)
T01D4 10385:667 JLINK_Connect() >0x2F8 JTAG>TotalIRLen = 4, IRPrint = 0x01 >0x30 JTAG> >0x210 JTAG> >0x70 JTAG> >0x40 JTAG> >0x40 JTAG> >0x40 JTAG> >0x48 JTAG> >0x78 JTAG> >0x40 JTAG> >0x30 JTAG> >0x40 JTAG> >0x40 JTAG> >0x30 JTAG> >0x40 JTAG> >0x48 JTAG>Found Cortex-M4 r0p1, Little endian. -- CPU_WriteMem(4 bytes @ 0xE0002000) -- CPU_ReadMem(4 bytes @ 0xE000EDF0) -- CPU_ReadMem(4 bytes @ 0xE0002000)FPUnit: 6 code (BP) slots and 2 literal slots -- CPU_ReadMem(4 bytes @ 0xE000EDFC)
 -- CPU_ReadMem(4 bytes @ 0xE0001000) -- CPU_WriteMem(4 bytes @ 0xE0001000) -- CPU_ReadMem(4 bytes @ 0xE000ED88) -- CPU_WriteMem(4 bytes @ 0xE000ED88) -- CPU_ReadMem(4 bytes @ 0xE000ED88) -- CPU_WriteMem(4 bytes @ 0xE000ED88)CoreSight components:ROMTbl 0 @ E00FF000 -- CPU_ReadMem(16 bytes @ 0xE00FF000) -- CPU_ReadMem(16 bytes @ 0xE000EFF0) -- CPU_ReadMem(16 bytes @ 0xE000EFE0)ROMTbl 0 [0]: FFF0F000, CID: B105E00D, PID: 000BB000 SCS -- CPU_ReadMem(16 bytes @ 0xE0001FF0)
 -- CPU_ReadMem(16 bytes @ 0xE0001FE0)ROMTbl 0 [1]: FFF02000, CID: B105E00D, PID: 003BB002 DWT -- CPU_ReadMem(16 bytes @ 0xE0002FF0) -- CPU_ReadMem(16 bytes @ 0xE0002FE0)ROMTbl 0 [2]: FFF03000, CID: B105E00D, PID: 002BB003 FPB -- CPU_ReadMem(16 bytes @ 0xE0000FF0) -- CPU_ReadMem(16 bytes @ 0xE0000FE0)ROMTbl 0 [3]: FFF01000, CID: B105E00D, PID: 003BB001 ITM -- CPU_ReadMem(16 bytes @ 0xE00FF010) -- CPU_ReadMem(16 bytes @ 0xE0040FF0) -- CPU_ReadMem(16 bytes @ 0xE0040FE0)
ROMTbl 0 [4]: FFF41000, CID: B105900D, PID: 000BB9A1 TPIU  returns 0x00 (0116ms, 35372ms total)
T01D4 10385:783 JLINK_GetDebugInfo(0x100) -- Value=0xE00FF003  returns 0x00 (0002ms, 35374ms total)
T01D4 10385:785 JLINK_ReadMem (0xE00FFFF0, 0x0010 Bytes, ...) -- CPU is running -- CPU_ReadMem(16 bytes @ 0xE00FFFF0) - Data: 0D 00 00 00 10 00 00 00 05 00 00 00 B1 00 00 00  returns 0x00 (0004ms, 35378ms total)
T01D4 10385:789 JLINK_ReadMem (0xE00FFFD0, 0x0020 Bytes, ...) -- CPU is running -- CPU_ReadMem(32 bytes @ 0xE00FFFD0) - Data: 04 00 00 00 00 00 00 00 00 00 00 00 00 00 00 00 ...  returns 0x00 (0003ms, 35381ms total)
T01D4 10385:792 JLINK_ReadMemU32(0xE00FF000, 0x0001 Items, ...) -- CPU is running -- CPU_ReadMem(4 bytes @ 0xE00FF000) - Data: 03 F0 F0 FF  returns 0x01 (0002ms, 35383ms total)
T01D4 10385:794 JLINK_ReadMem (0xE000EFF0, 0x0010 Bytes, ...) -- CPU is running -- CPU_ReadMem(16 bytes @ 0xE000EFF0) - Data: 0D 00 00 00 E0 00 00 00 05 00 00 00 B1 00 00 00  returns 0x00 (0002ms, 35385ms total)
T01D4 10385:796 JLINK_ReadMem (0xE000EFD0, 0x0020 Bytes, ...) -- CPU is running -- CPU_ReadMem(32 bytes @ 0xE000EFD0) - Data: 04 00 00 00 00 00 00 00 00 00 00 00 00 00 00 00 ...  returns 0x00 (0003ms, 35388ms total)
T01D4 10385:799 JLINK_ReadMemU32(0xE00FF004, 0x0001 Items, ...) -- CPU is running -- CPU_ReadMem(4 bytes @ 0xE00FF004) - Data: 03 20 F0 FF  returns 0x01 (0002ms, 35390ms total)
T01D4 10385:801 JLINK_ReadMem (0xE0001FF0, 0x0010 Bytes, ...) -- CPU is running -- CPU_ReadMem(16 bytes @ 0xE0001FF0) - Data: 0D 00 00 00 E0 00 00 00 05 00 00 00 B1 00 00 00  returns 0x00 (0002ms, 35392ms total)
T01D4 10385:803 JLINK_ReadMem (0xE0001FD0, 0x0020 Bytes, ...) -- CPU is running -- CPU_ReadMem(32 bytes @ 0xE0001FD0) - Data: 04 00 00 00 00 00 00 00 00 00 00 00 00 00 00 00 ...  returns 0x00 (0007ms, 35399ms total)
T01D4 10385:810 JLINK_ReadMemU32(0xE00FF008, 0x0001 Items, ...) -- CPU is running -- CPU_ReadMem(4 bytes @ 0xE00FF008) - Data: 03 30 F0 FF  returns 0x01 (0004ms, 35403ms total)
T01D4 10385:814 JLINK_ReadMem (0xE0002FF0, 0x0010 Bytes, ...) -- CPU is running -- CPU_ReadMem(16 bytes @ 0xE0002FF0) - Data: 0D 00 00 00 E0 00 00 00 05 00 00 00 B1 00 00 00  returns 0x00 (0002ms, 35405ms total)
T01D4 10385:816 JLINK_ReadMem (0xE0002FD0, 0x0020 Bytes, ...) -- CPU is running -- CPU_ReadMem(32 bytes @ 0xE0002FD0) - Data: 04 00 00 00 00 00 00 00 00 00 00 00 00 00 00 00 ...  returns 0x00 (0003ms, 35408ms total)
T01D4 10385:819 JLINK_ReadMemU32(0xE00FF00C, 0x0001 Items, ...) -- CPU is running -- CPU_ReadMem(4 bytes @ 0xE00FF00C) - Data: 03 10 F0 FF  returns 0x01 (0002ms, 35410ms total)
T01D4 10385:821 JLINK_ReadMem (0xE0000FF0, 0x0010 Bytes, ...) -- CPU is running -- CPU_ReadMem(16 bytes @ 0xE0000FF0) - Data: 0D 00 00 00 E0 00 00 00 05 00 00 00 B1 00 00 00  returns 0x00 (0002ms, 35412ms total)
T01D4 10385:823 JLINK_ReadMem (0xE0000FD0, 0x0020 Bytes, ...) -- CPU is running -- CPU_ReadMem(32 bytes @ 0xE0000FD0) - Data: 04 00 00 00 00 00 00 00 00 00 00 00 00 00 00 00 ...  returns 0x00 (0002ms, 35414ms total)
T01D4 10385:825 JLINK_ReadMemU32(0xE00FF010, 0x0001 Items, ...) -- CPU is running -- CPU_ReadMem(4 bytes @ 0xE00FF010) - Data: 03 10 F4 FF  returns 0x01 (0003ms, 35417ms total)
T01D4 10385:828 JLINK_ReadMem (0xE0040FF0, 0x0010 Bytes, ...) -- CPU is running -- CPU_ReadMem(16 bytes @ 0xE0040FF0) - Data: 0D 00 00 00 90 00 00 00 05 00 00 00 B1 00 00 00  returns 0x00 (0002ms, 35419ms total)
T01D4 10385:830 JLINK_ReadMem (0xE0040FD0, 0x0020 Bytes, ...) -- CPU is running -- CPU_ReadMem(32 bytes @ 0xE0040FD0) - Data: 04 00 00 00 00 00 00 00 00 00 00 00 00 00 00 00 ...  returns 0x00 (0002ms, 35421ms total)
T01D4 10385:832 JLINK_ReadMemU32(0xE00FF014, 0x0001 Items, ...) -- CPU is running -- CPU_ReadMem(4 bytes @ 0xE00FF014) - Data: 02 20 F4 FF  returns 0x01 (0003ms, 35424ms total)
T01D4 10385:835 JLINK_ReadMemU32(0xE00FF018, 0x0001 Items, ...) -- CPU is running -- CPU_ReadMem(4 bytes @ 0xE00FF018) - Data: 00 00 00 00  returns 0x01 (0003ms, 35427ms total)
T01D4 10385:838 JLINK_ReadMem (0xE0001000, 0x0004 Bytes, ...) -- CPU is running -- CPU_ReadMem(4 bytes @ 0xE0001000) - Data: 01 00 00 40  returns 0x00 (0002ms, 35429ms total)
T01D4 10385:840 JLINK_ReadMem (0xE0001000, 0x0004 Bytes, ...) -- CPU is running -- CPU_ReadMem(4 bytes @ 0xE0001000) - Data: 01 00 00 40  returns 0x00 (0002ms, 35431ms total)
T01D4 10385:842 JLINK_ReadMem (0xE0001028, 0x0004 Bytes, ...) -- CPU is running -- CPU_ReadMem(4 bytes @ 0xE0001028) - Data: 00 00 00 00  returns 0x00 (0002ms, 35433ms total)
T01D4 10385:844 JLINK_WriteMem(0xE0001028, 0x0004 Bytes, ...) - Data: 00 01 00 00 -- CPU is running -- CPU_WriteMem(4 bytes @ 0xE0001028)  returns 0x04 (0003ms, 35436ms total)
T01D4 10385:847 JLINK_ReadMem (0xE0001028, 0x0004 Bytes, ...) -- CPU is running -- CPU_ReadMem(4 bytes @ 0xE0001028) - Data: 00 00 00 00  returns 0x00 (0002ms, 35438ms total)
T01D4 10385:849 JLINK_ReadMem (0xE0001038, 0x0004 Bytes, ...) -- CPU is running -- CPU_ReadMem(4 bytes @ 0xE0001038) - Data: 00 02 00 00  returns 0x00 (0002ms, 35440ms total)
T01D4 10385:851 JLINK_WriteMem(0xE0001038, 0x0004 Bytes, ...) - Data: 00 03 00 00 -- CPU is running -- CPU_WriteMem(4 bytes @ 0xE0001038)  returns 0x04 (0002ms, 35442ms total)
T01D4 10385:853 JLINK_ReadMem (0xE0001038, 0x0004 Bytes, ...) -- CPU is running -- CPU_ReadMem(4 bytes @ 0xE0001038) - Data: 00 03 00 00  returns 0x00 (0002ms, 35444ms total)
T01D4 10385:855 JLINK_ReadMem (0xE0001048, 0x0004 Bytes, ...) -- CPU is running -- CPU_ReadMem(4 bytes @ 0xE0001048) - Data: 00 00 00 00  returns 0x00 (0005ms, 35449ms total)
T01D4 10385:860 JLINK_WriteMem(0xE0001048, 0x0004 Bytes, ...) - Data: 00 01 00 00 -- CPU is running -- CPU_WriteMem(4 bytes @ 0xE0001048)  returns 0x04 (0002ms, 35451ms total)
T01D4 10385:862 JLINK_ReadMem (0xE0001048, 0x0004 Bytes, ...) -- CPU is running -- CPU_ReadMem(4 bytes @ 0xE0001048) - Data: 00 00 00 00  returns 0x00 (0002ms, 35453ms total)
T01D4 10385:864 JLINK_ReadMem (0xE0001058, 0x0004 Bytes, ...) -- CPU is running -- CPU_ReadMem(4 bytes @ 0xE0001058) - Data: 00 00 00 00  returns 0x00 (0002ms, 35455ms total)
T01D4 10385:866 JLINK_WriteMem(0xE0001058, 0x0004 Bytes, ...) - Data: 00 01 00 00 -- CPU is running -- CPU_WriteMem(4 bytes @ 0xE0001058)  returns 0x04 (0002ms, 35457ms total)
T01D4 10385:868 JLINK_ReadMem (0xE0001058, 0x0004 Bytes, ...) -- CPU is running -- CPU_ReadMem(4 bytes @ 0xE0001058) - Data: 00 00 00 00  returns 0x00 (0002ms, 35459ms total)
T01D4 10385:870 JLINK_ReadMem (0xE0001024, 0x0004 Bytes, ...) -- CPU is running -- CPU_ReadMem(4 bytes @ 0xE0001024) - Data: 00 00 00 00  returns 0x00 (0002ms, 35461ms total)
T01D4 10385:872 JLINK_WriteMem(0xE0001024, 0x0004 Bytes, ...) - Data: 1F 00 00 00 -- CPU is running -- CPU_WriteMem(4 bytes @ 0xE0001024)  returns 0x04 (0002ms, 35463ms total)
T01D4 10385:874 JLINK_ReadMem (0xE0001024, 0x0004 Bytes, ...) -- CPU is running -- CPU_ReadMem(4 bytes @ 0xE0001024) - Data: 0F 00 00 00  returns 0x00 (0002ms, 35465ms total)
T01D4 10385:876 JLINK_ReadMem (0xE0001034, 0x0004 Bytes, ...) -- CPU is running -- CPU_ReadMem(4 bytes @ 0xE0001034) - Data: 00 00 00 00  returns 0x00 (0002ms, 35467ms total)
T01D4 10385:878 JLINK_WriteMem(0xE0001034, 0x0004 Bytes, ...) - Data: 1F 00 00 00 -- CPU is running -- CPU_WriteMem(4 bytes @ 0xE0001034)  returns 0x04 (0003ms, 35470ms total)
T01D4 10385:881 JLINK_ReadMem (0xE0001034, 0x0004 Bytes, ...) -- CPU is running -- CPU_ReadMem(4 bytes @ 0xE0001034) - Data: 0F 00 00 00  returns 0x00 (0002ms, 35472ms total)
T01D4 10385:883 JLINK_ReadMem (0xE0001044, 0x0004 Bytes, ...) -- CPU is running -- CPU_ReadMem(4 bytes @ 0xE0001044) - Data: 00 00 00 00  returns 0x00 (0002ms, 35474ms total)
T01D4 10385:885 JLINK_WriteMem(0xE0001044, 0x0004 Bytes, ...) - Data: 1F 00 00 00 -- CPU is running -- CPU_WriteMem(4 bytes @ 0xE0001044)  returns 0x04 (0003ms, 35477ms total)
T01D4 10385:888 JLINK_ReadMem (0xE0001044, 0x0004 Bytes, ...) -- CPU is running -- CPU_ReadMem(4 bytes @ 0xE0001044) - Data: 0F 00 00 00  returns 0x00 (0002ms, 35479ms total)
T01D4 10385:890 JLINK_ReadMem (0xE0001054, 0x0004 Bytes, ...) -- CPU is running -- CPU_ReadMem(4 bytes @ 0xE0001054) - Data: 00 00 00 00  returns 0x00 (0002ms, 35481ms total)
T01D4 10385:892 JLINK_WriteMem(0xE0001054, 0x0004 Bytes, ...) - Data: 1F 00 00 00 -- CPU is running -- CPU_WriteMem(4 bytes @ 0xE0001054)  returns 0x04 (0002ms, 35483ms total)
T01D4 10385:894 JLINK_ReadMem (0xE0001054, 0x0004 Bytes, ...) -- CPU is running -- CPU_ReadMem(4 bytes @ 0xE0001054) - Data: 0F 00 00 00  returns 0x00 (0002ms, 35485ms total)
T01D4 10385:896 JLINK_ReadMem (0xE0001028, 0x0004 Bytes, ...) -- CPU is running -- CPU_ReadMem(4 bytes @ 0xE0001028) - Data: 00 00 00 00  returns 0x00 (0002ms, 35487ms total)
T01D4 10385:898 JLINK_ReadMem (0xE0001038, 0x0004 Bytes, ...) -- CPU is running -- CPU_ReadMem(4 bytes @ 0xE0001038) - Data: 00 03 00 00  returns 0x00 (0002ms, 35489ms total)
T01D4 10385:900 JLINK_ReadMem (0xE0001048, 0x0004 Bytes, ...) -- CPU is running -- CPU_ReadMem(4 bytes @ 0xE0001048) - Data: 00 00 00 00  returns 0x00 (0002ms, 35491ms total)
T01D4 10385:902 JLINK_ReadMem (0xE0001058, 0x0004 Bytes, ...) -- CPU is running -- CPU_ReadMem(4 bytes @ 0xE0001058) - Data: 00 00 00 00  returns 0x00 (0002ms, 35493ms total)
T01D4 10385:904 JLINK_WriteMem(0xE0001020, 0x0004 Bytes, ...) - Data: 00 00 00 00 -- CPU is running -- CPU_WriteMem(4 bytes @ 0xE0001020)  returns 0x04 (0002ms, 35495ms total)
T01D4 10385:906 JLINK_WriteMem(0xE0001024, 0x0004 Bytes, ...) - Data: 00 00 00 00 -- CPU is running -- CPU_WriteMem(4 bytes @ 0xE0001024)  returns 0x04 (0004ms, 35499ms total)
T01D4 10385:910 JLINK_WriteMem(0xE0001028, 0x0004 Bytes, ...) - Data: 00 00 00 00 -- CPU is running -- CPU_WriteMem(4 bytes @ 0xE0001028)  returns 0x04 (0003ms, 35502ms total)
T01D4 10385:913 JLINK_WriteMem(0xE0001030, 0x0004 Bytes, ...) - Data: 00 00 00 00 -- CPU is running -- CPU_WriteMem(4 bytes @ 0xE0001030)  returns 0x04 (0002ms, 35504ms total)
T01D4 10385:915 JLINK_WriteMem(0xE0001034, 0x0004 Bytes, ...) - Data: 00 00 00 00 -- CPU is running -- CPU_WriteMem(4 bytes @ 0xE0001034)  returns 0x04 (0003ms, 35507ms total)
T01D4 10385:918 JLINK_WriteMem(0xE0001038, 0x0004 Bytes, ...) - Data: 00 00 00 00 -- CPU is running -- CPU_WriteMem(4 bytes @ 0xE0001038)  returns 0x04 (0002ms, 35509ms total)
T01D4 10385:920 JLINK_WriteMem(0xE0001040, 0x0004 Bytes, ...) - Data: 00 00 00 00 -- CPU is running -- CPU_WriteMem(4 bytes @ 0xE0001040)  returns 0x04 (0002ms, 35511ms total)
T01D4 10385:922 JLINK_WriteMem(0xE0001044, 0x0004 Bytes, ...) - Data: 00 00 00 00 -- CPU is running -- CPU_WriteMem(4 bytes @ 0xE0001044)  returns 0x04 (0002ms, 35513ms total)
T01D4 10385:924 JLINK_WriteMem(0xE0001048, 0x0004 Bytes, ...) - Data: 00 00 00 00 -- CPU is running -- CPU_WriteMem(4 bytes @ 0xE0001048)  returns 0x04 (0002ms, 35515ms total)
T01D4 10385:926 JLINK_WriteMem(0xE0001050, 0x0004 Bytes, ...) - Data: 00 00 00 00 -- CPU is running -- CPU_WriteMem(4 bytes @ 0xE0001050)  returns 0x04 (0004ms, 35519ms total)
T01D4 10385:930 JLINK_WriteMem(0xE0001054, 0x0004 Bytes, ...) - Data: 00 00 00 00 -- CPU is running -- CPU_WriteMem(4 bytes @ 0xE0001054)  returns 0x04 (0003ms, 35522ms total)
T01D4 10385:933 JLINK_WriteMem(0xE0001058, 0x0004 Bytes, ...) - Data: 00 00 00 00 -- CPU is running -- CPU_WriteMem(4 bytes @ 0xE0001058)  returns 0x04 (0002ms, 35524ms total)
T01D4 10385:935 JLINK_Halt()  returns 0x00 (0010ms, 35534ms total)
T01D4 10385:945 JLINK_WriteMem(0x400E0A04, 0x0004 Bytes, ...) - Data: 0B 01 00 5A -- CPU_WriteMem(4 bytes @ 0x400E0A04)  returns 0x04 (0002ms, 35536ms total)
T01D4 10385:947 JLINK_ReadMem (0x400E0A08, 0x0004 Bytes, ...) -- CPU_ReadMem(4 bytes @ 0x400E0A08) - Data: 01 00 00 00  returns 0x00 (0002ms, 35538ms total)
T01D4 10385:949 JLINK_WriteMem(0x400E0A04, 0x0004 Bytes, ...) - Data: 0C 02 00 5A -- CPU_WriteMem(4 bytes @ 0x400E0A04)  returns 0x04 (0002ms, 35540ms total)
T01D4 10385:951 JLINK_ReadMem (0x400E0A08, 0x0004 Bytes, ...) -- CPU_ReadMem(4 bytes @ 0x400E0A08) - Data: 01 00 00 00  returns 0x00 (0002ms, 35542ms total)
T01D4 10385:953 JLINK_Reset() -- CPU_ReadMem(16 bytes @ 0x20000000) -- CPU_WriteMem(16 bytes @ 0x20000000) -- CPU_ReadMem(4 bytes @ 0xE000EDFC) -- CPU_WriteMem(4 bytes @ 0xE000EDFC) -- CPU_ReadMem(4 bytes @ 0xE0001000) -- CPU_WriteMem(4 bytes @ 0xE000EDFC) -- CPU_WriteMem(16 bytes @ 0x20000000) -- CPU_WriteMem(4 bytes @ 0xE0002000) -- CPU_ReadMem(4 bytes @ 0xE000EDFC) -- CPU_ReadMem(4 bytes @ 0xE0001000) (0072ms, 35614ms total)
T01D4 10386:045 JLINK_JTAG_GetDeviceID(DeviceIndex = 0)  returns 0x4BA00477 (0000ms, 35614ms total)
T01D4 10386:045 JLINK_ReadMemU32(0x400E0740, 0x0001 Items, ...) -- CPU_ReadMem(4 bytes @ 0x400E0740) - Data: E0 0E A7 29  returns 0x01 (0004ms, 35618ms total)
T01D4 10386:049 JLINK_ReadMemU32(0x400E0744, 0x0001 Items, ...) -- CPU_ReadMem(4 bytes @ 0x400E0744) - Data: 00 00 00 00  returns 0x01 (0002ms, 35620ms total)
T01D4 10386:051 JLINK_WriteMem(0x400E0A04, 0x0004 Bytes, ...) - Data: 05 00 00 5A -- CPU_WriteMem(4 bytes @ 0x400E0A04)  returns 0x04 (0002ms, 35622ms total)
T01D4 10386:053 JLINK_WriteMem(0x400E0C04, 0x0004 Bytes, ...) - Data: 05 00 00 5A -- CPU_WriteMem(4 bytes @ 0x400E0C04)  returns 0x04 (0002ms, 35624ms total)
T01D4 10386:055 JLINK_ReadMem (0x400E0A08, 0x0004 Bytes, ...) -- CPU_ReadMem(4 bytes @ 0x400E0A08) - Data: 00 00 00 00  returns 0x00 (0005ms, 35629ms total)
T0C9C 10386:060 JLINK_IsHalted()  returns TRUE (0000ms, 35629ms total)
T0C9C 10386:060 JLINK_GetMOEs(...) -- CPU_ReadMem(4 bytes @ 0xE000ED30) -- CPU_WriteMem(4 bytes @ 0xE000ED30)  returns 0x01 (0004ms, 35633ms total)
T01D4 10386:064 JLINK_ReadMem (0x400E0A08, 0x0004 Bytes, ...) -- CPU_ReadMem(4 bytes @ 0x400E0A08) - Data: 00 00 00 00  returns 0x00 (0002ms, 35635ms total)
T0C9C 10386:066 JLINK_ReadReg(R15 (PC))  returns 0x00400AA0 (0000ms, 35635ms total)
T01D4 10386:070 JLINK_ReadMem (0x400E0A08, 0x0004 Bytes, ...) -- CPU_ReadMem(4 bytes @ 0x400E0A08) - Data: 00 00 00 00  returns 0x00 (0002ms, 35637ms total)
T01D4 10386:088 JLINK_ReadMem (0x400E0A08, 0x0004 Bytes, ...) -- CPU_ReadMem(4 bytes @ 0x400E0A08) - Data: 00 00 00 00  returns 0x00 (0002ms, 35639ms total)
T01D4 10386:154 JLINK_ReadMem (0x400E0A08, 0x0004 Bytes, ...) -- CPU_ReadMem(4 bytes @ 0x400E0A08) - Data: 00 00 00 00  returns 0x00 (0007ms, 35646ms total)
T0C9C 10386:268 JLINK_IsHalted()  returns TRUE (0000ms, 35646ms total)
T01D4 10386:420 JLINK_ReadMem (0x400E0A08, 0x0004 Bytes, ...) -- CPU_ReadMem(4 bytes @ 0x400E0A08) - Data: 00 00 00 00  returns 0x00 (0015ms, 35661ms total)
T0C9C 10386:468 JLINK_IsHalted()  returns TRUE (0000ms, 35661ms total)
T0C9C 10386:669 JLINK_IsHalted()  returns TRUE (0002ms, 35663ms total)
T0C9C 10386:871 JLINK_IsHalted()  returns TRUE (0013ms, 35674ms total)
T0C9C 10387:084 JLINK_IsHalted()  returns TRUE (0000ms, 35661ms total)
T0C9C 10387:285 JLINK_IsHalted()  returns TRUE (0016ms, 35677ms total)
T01D4 10387:435 JLINK_ReadMem (0x400E0A08, 0x0004 Bytes, ...) -- CPU_ReadMem(4 bytes @ 0x400E0A08) - Data: 00 00 00 00  returns 0x00 (0019ms, 35680ms total)
T01D4 10387:455 JLINK_ReadMem (0x400E0C08, 0x0004 Bytes, ...) -- CPU_ReadMem(4 bytes @ 0x400E0C08) - Data: 00 00 00 00  returns 0x00 (0002ms, 35682ms total)
T01D4 10387:458 JLINK_ReadMem (0x400E0C08, 0x0004 Bytes, ...) -- CPU_ReadMem(4 bytes @ 0x400E0C08) - Data: 00 00 00 00  returns 0x00 (0005ms, 35687ms total)
T01D4 10387:467 JLINK_ReadMem (0x400E0C08, 0x0004 Bytes, ...) -- CPU_ReadMem(4 bytes @ 0x400E0C08) - Data: 00 00 00 00  returns 0x00 (0002ms, 35689ms total)
T01D4 10387:485 JLINK_ReadMem (0x400E0C08, 0x0004 Bytes, ...) -- CPU_ReadMem(4 bytes @ 0x400E0C08) - Data: 00 00 00 00  returns 0x00 (0003ms, 35692ms total)
T0C9C 10387:503 JLINK_IsHalted()  returns TRUE (0000ms, 35692ms total)
T01D4 10387:553 JLINK_ReadMem (0x400E0C08, 0x0004 Bytes, ...) -- CPU_ReadMem(4 bytes @ 0x400E0C08) - Data: 00 00 00 00  returns 0x00 (0006ms, 35698ms total)
T0C9C 10387:705 JLINK_IsHalted()  returns TRUE (0000ms, 35698ms total)
T01D4 10387:818 JLINK_ReadMem (0x400E0C08, 0x0004 Bytes, ...) -- CPU_ReadMem(4 bytes @ 0x400E0C08) - Data: 00 00 00 00  returns 0x00 (0008ms, 35706ms total)
T0C9C 10387:906 JLINK_IsHalted()  returns TRUE (0012ms, 35718ms total)
T0C9C 10388:118 JLINK_IsHalted()  returns TRUE (0000ms, 35706ms total)
T0C9C 10388:319 JLINK_IsHalted()  returns TRUE (0000ms, 35706ms total)
T0C9C 10388:520 JLINK_IsHalted()  returns TRUE (0015ms, 35721ms total)
T0C9C 10388:735 JLINK_IsHalted()  returns TRUE (0000ms, 35706ms total)
T01D4 10388:826 JLINK_ReadMem (0x400E0C08, 0x0004 Bytes, ...) -- CPU_ReadMem(4 bytes @ 0x400E0C08) - Data: 00 00 00 00  returns 0x00 (0003ms, 35709ms total)
T01D4 10388:829 JLINK_ReadMem (0x400E0A08, 0x0004 Bytes, ...) -- CPU_ReadMem(4 bytes @ 0x400E0A08) - Data: 00 00 00 00  returns 0x00 (0003ms, 35712ms total)
T01D4 10388:833 JLINK_ReadMem (0x400E0A08, 0x0004 Bytes, ...) -- CPU_ReadMem(4 bytes @ 0x400E0A08) - Data: 00 00 00 00  returns 0x00 (0002ms, 35714ms total)
T01D4 10388:839 JLINK_ReadMem (0x400E0A08, 0x0004 Bytes, ...) -- CPU_ReadMem(4 bytes @ 0x400E0A08) - Data: 00 00 00 00  returns 0x00 (0002ms, 35716ms total)
T01D4 10388:857 JLINK_ReadMem (0x400E0A08, 0x0004 Bytes, ...) -- CPU_ReadMem(4 bytes @ 0x400E0A08) - Data: 00 00 00 00  returns 0x00 (0003ms, 35719ms total)
T01D4 10388:924 JLINK_ReadMem (0x400E0A08, 0x0004 Bytes, ...) -- CPU_ReadMem(4 bytes @ 0x400E0A08) - Data: 00 00 00 00  returns 0x00 (0008ms, 35727ms total)
T0C9C 10388:937 JLINK_IsHalted()  returns TRUE (0000ms, 35727ms total)
T0C9C 10389:138 JLINK_IsHalted()  returns TRUE (0010ms, 35737ms total)
T01D4 10389:189 JLINK_ReadMem (0x400E0A08, 0x0004 Bytes, ...) -- CPU_ReadMem(4 bytes @ 0x400E0A08) - Data: 00 00 00 00  returns 0x00 (0004ms, 35731ms total)
T0C9C 10389:348 JLINK_IsHalted()  returns TRUE (0000ms, 35731ms total)
T0C9C 10389:549 JLINK_IsHalted()  returns TRUE (0000ms, 35731ms total)
T0C9C 10389:750 JLINK_IsHalted()  returns TRUE (0018ms, 35749ms total)
T0C9C 10389:970 JLINK_IsHalted()  returns TRUE (0018ms, 35749ms total)
T0C9C 10390:189 JLINK_IsHalted()  returns TRUE (0000ms, 35731ms total)
T01D4 10390:194 JLINK_ReadMem (0x400E0A08, 0x0004 Bytes, ...) -- CPU_ReadMem(4 bytes @ 0x400E0A08) - Data: 00 00 00 00  returns 0x00 (0009ms, 35740ms total)
T01D4 10390:204 JLINK_ReadMem (0x400E0C08, 0x0004 Bytes, ...) -- CPU_ReadMem(4 bytes @ 0x400E0C08) - Data: 01 00 00 00  returns 0x00 (0003ms, 35743ms total)
T01D4 10390:207 JLINK_ReadMem (0x400E0A08, 0x0004 Bytes, ...) -- CPU_ReadMem(4 bytes @ 0x400E0A08) - Data: 00 00 00 00  returns 0x00 (0003ms, 35746ms total)
T01D4 10390:211 JLINK_ReadMem (0x400E0A08, 0x0004 Bytes, ...) -- CPU_ReadMem(4 bytes @ 0x400E0A08) - Data: 00 00 00 00  returns 0x00 (0002ms, 35748ms total)
T01D4 10390:219 JLINK_ReadMem (0x400E0A08, 0x0004 Bytes, ...) -- CPU_ReadMem(4 bytes @ 0x400E0A08) - Data: 00 00 00 00  returns 0x00 (0004ms, 35752ms total)
T01D4 10390:239 JLINK_ReadMem (0x400E0A08, 0x0004 Bytes, ...) -- CPU_ReadMem(4 bytes @ 0x400E0A08) - Data: 00 00 00 00  returns 0x00 (0003ms, 35755ms total)
T01D4 10390:306 JLINK_ReadMem (0x400E0A08, 0x0004 Bytes, ...) -- CPU_ReadMem(4 bytes @ 0x400E0A08) - Data: 00 00 00 00  returns 0x00 (0006ms, 35761ms total)
T0C9C 10390:390 JLINK_IsHalted()  returns TRUE (0009ms, 35770ms total)
T01D4 10390:569 JLINK_ReadMem (0x400E0A08, 0x0004 Bytes, ...) -- CPU_ReadMem(4 bytes @ 0x400E0A08) - Data: 01 00 00 00  returns 0x00 (0005ms, 35766ms total)
T0C9C 10390:599 JLINK_IsHalted()  returns TRUE (0000ms, 35766ms total)
T01D4 10390:602 JLINK_ResetPullsRESET(ON) (0003ms, 35769ms total)
T01D4 10390:605 JLINK_ResetNoHalt() >0x2F8 JTAG>TotalIRLen = 4, IRPrint = 0x01 >0x30 JTAG> >0x210 JTAG> >0x70 JTAG> >0x40 JTAG> >0x40 JTAG> >0x40 JTAG> >0x48 JTAG> >0x78 JTAG> >0x40 JTAG> >0x30 JTAG> >0x40 JTAG> >0x40 JTAG> >0x30 JTAG> >0x40 JTAG> >0x48 JTAG>Found Cortex-M4 r0p1, Little endian. -- CPU_WriteMem(4 bytes @ 0xE0002000) -- CPU_ReadMem(4 bytes @ 0xE000EDF0) -- CPU_ReadMem(4 bytes @ 0xE0002000)FPUnit: 6 code (BP) slots and 2 literal slots -- CPU_ReadMem(4 bytes @ 0xE000EDFC)
 -- CPU_ReadMem(4 bytes @ 0xE0001000) -- CPU_ReadMem(4 bytes @ 0xE000ED88) -- CPU_WriteMem(4 bytes @ 0xE000ED88) -- CPU_ReadMem(4 bytes @ 0xE000ED88) -- CPU_WriteMem(4 bytes @ 0xE000ED88)CoreSight components:ROMTbl 0 @ E00FF000 -- CPU_ReadMem(16 bytes @ 0xE00FF000) -- CPU_ReadMem(16 bytes @ 0xE000EFF0) -- CPU_ReadMem(16 bytes @ 0xE000EFE0)ROMTbl 0 [0]: FFF0F000, CID: B105E00D, PID: 000BB000 SCS -- CPU_WriteMem(4 bytes @ 0xE0001000) -- CPU_ReadMem(16 bytes @ 0xE0001FF0)
 -- CPU_ReadMem(16 bytes @ 0xE0001FE0)ROMTbl 0 [1]: FFF02000, CID: B105E00D, PID: 003BB002 DWT -- CPU_ReadMem(16 bytes @ 0xE0002FF0) -- CPU_ReadMem(16 bytes @ 0xE0002FE0)ROMTbl 0 [2]: FFF03000, CID: B105E00D, PID: 002BB003 FPB -- CPU_ReadMem(16 bytes @ 0xE0000FF0) -- CPU_ReadMem(16 bytes @ 0xE0000FE0)ROMTbl 0 [3]: FFF01000, CID: B105E00D, PID: 003BB001 ITM -- CPU_ReadMem(16 bytes @ 0xE00FF010) -- CPU_ReadMem(16 bytes @ 0xE0040FF0) -- CPU_ReadMem(16 bytes @ 0xE0040FE0)
ROMTbl 0 [4]: FFF41000, CID: B105900D, PID: 000BB9A1 TPIU
                JLINK_Reset() -- CPU_ReadMem(16 bytes @ 0x20000000) -- CPU_WriteMem(16 bytes @ 0x20000000) -- CPU_ReadMem(4 bytes @ 0xE000EDFC) -- CPU_WriteMem(4 bytes @ 0xE000EDFC) -- CPU_ReadMem(4 bytes @ 0xE0001000) -- CPU_WriteMem(4 bytes @ 0xE0001004) -- CPU_WriteMem(4 bytes @ 0xE000EDFC) -- CPU_WriteMem(16 bytes @ 0x20000000) -- CPU_WriteMem(4 bytes @ 0xE0002000) -- CPU_ReadMem(4 bytes @ 0xE000EDFC) -- CPU_ReadMem(4 bytes @ 0xE0001000) (0070ms, 0070ms total)
                JLINK_Go() -- CPU_ReadMem(4 bytes @ 0xE0001000) -- CPU_WriteMem(4 bytes @ 0xE0001004) (0008ms, 0078ms total)
               (0192ms, 35961ms total)
T01D4 10390:800 JLINK_ExecCommand("ProjectFile = C:\Users\rafa\Desktop\Driver\GPIO_REGISTRADORES_LED\jlink.config", ...)  returns 0x00 (0001ms, 35962ms total)
T01D4 10390:824 JLINK_ExecCommand("Device = AT91SAM4SD32C", ...)Device "ATSAM4SD32C" selected.  returns 0x00 (0003ms, 35965ms total)
T01D4 10390:827 JLINK_TIF_Select(JLINKARM_TIF_JTAG)  returns 0x00 (0001ms, 35966ms total)
T01D4 10390:828 JLINK_GetIdData(...) ScanLen=4 NumDevices=1 aId[0]=0x4BA00477 aIrRead[0]=0 aScanLen[0]=0 aScanRead[0]=0 (0000ms, 35966ms total)
T01D4 10390:828 JLINK_ConfigJTAG(IRPre = 0, DRPre = 0) (0000ms, 35966ms total)
T01D4 10390:828 JLINK_SetSpeed(1000) (0009ms, 35975ms total)
T01D4 10390:837 JLINK_ResetPullsRESET(OFF) (0000ms, 35975ms total)
T01D4 10390:837 JLINK_Connect() >0x2F8 JTAG>TotalIRLen = 4, IRPrint = 0x01 >0x30 JTAG> >0x210 JTAG> >0x70 JTAG> >0x40 JTAG> >0x40 JTAG> >0x40 JTAG> >0x48 JTAG> >0x78 JTAG> >0x40 JTAG> >0x30 JTAG> >0x40 JTAG> >0x40 JTAG> >0x30 JTAG> >0x40 JTAG> >0x48 JTAG>Found Cortex-M4 r0p1, Little endian. -- CPU_WriteMem(4 bytes @ 0xE0002000) -- CPU_ReadMem(4 bytes @ 0xE000EDF0) -- CPU_ReadMem(4 bytes @ 0xE0002000)FPUnit: 6 code (BP) slots and 2 literal slots -- CPU_ReadMem(4 bytes @ 0xE000EDFC)
 -- CPU_ReadMem(4 bytes @ 0xE0001000) -- CPU_WriteMem(4 bytes @ 0xE0001000) -- CPU_ReadMem(4 bytes @ 0xE000ED88) -- CPU_WriteMem(4 bytes @ 0xE000ED88) -- CPU_ReadMem(4 bytes @ 0xE000ED88) -- CPU_WriteMem(4 bytes @ 0xE000ED88)CoreSight components:ROMTbl 0 @ E00FF000 -- CPU_ReadMem(16 bytes @ 0xE00FF000) -- CPU_ReadMem(16 bytes @ 0xE000EFF0) -- CPU_ReadMem(16 bytes @ 0xE000EFE0)ROMTbl 0 [0]: FFF0F000, CID: B105E00D, PID: 000BB000 SCS -- CPU_ReadMem(16 bytes @ 0xE0001FF0)
 -- CPU_ReadMem(16 bytes @ 0xE0001FE0)ROMTbl 0 [1]: FFF02000, CID: B105E00D, PID: 003BB002 DWT -- CPU_ReadMem(16 bytes @ 0xE0002FF0) -- CPU_ReadMem(16 bytes @ 0xE0002FE0)ROMTbl 0 [2]: FFF03000, CID: B105E00D, PID: 002BB003 FPB -- CPU_ReadMem(16 bytes @ 0xE0000FF0) -- CPU_ReadMem(16 bytes @ 0xE0000FE0)ROMTbl 0 [3]: FFF01000, CID: B105E00D, PID: 003BB001 ITM -- CPU_ReadMem(16 bytes @ 0xE00FF010) -- CPU_ReadMem(16 bytes @ 0xE0040FF0) -- CPU_ReadMem(16 bytes @ 0xE0040FE0)
ROMTbl 0 [4]: FFF41000, CID: B105900D, PID: 000BB9A1 TPIU  returns 0x00 (0105ms, 36080ms total)
T01D4 10390:944 JLINK_WriteMem(0xE0001020, 0x0004 Bytes, ...) - Data: 00 00 00 00 -- CPU is running -- CPU_WriteMem(4 bytes @ 0xE0001020)  returns 0x04 (0005ms, 36085ms total)
T01D4 10390:949 JLINK_WriteMem(0xE0001024, 0x0004 Bytes, ...) - Data: 00 00 00 00 -- CPU is running -- CPU_WriteMem(4 bytes @ 0xE0001024)  returns 0x04 (0002ms, 36087ms total)
T01D4 10390:951 JLINK_WriteMem(0xE0001028, 0x0004 Bytes, ...) - Data: 00 00 00 00 -- CPU is running -- CPU_WriteMem(4 bytes @ 0xE0001028)  returns 0x04 (0006ms, 36093ms total)
T01D4 10390:957 JLINK_WriteMem(0xE0001030, 0x0004 Bytes, ...) - Data: 00 00 00 00 -- CPU is running -- CPU_WriteMem(4 bytes @ 0xE0001030)  returns 0x04 (0002ms, 36095ms total)
T01D4 10390:959 JLINK_WriteMem(0xE0001034, 0x0004 Bytes, ...) - Data: 00 00 00 00 -- CPU is running -- CPU_WriteMem(4 bytes @ 0xE0001034)  returns 0x04 (0002ms, 36097ms total)
T01D4 10390:961 JLINK_WriteMem(0xE0001038, 0x0004 Bytes, ...) - Data: 00 00 00 00 -- CPU is running -- CPU_WriteMem(4 bytes @ 0xE0001038)  returns 0x04 (0002ms, 36099ms total)
T01D4 10390:963 JLINK_WriteMem(0xE0001040, 0x0004 Bytes, ...) - Data: 00 00 00 00 -- CPU is running -- CPU_WriteMem(4 bytes @ 0xE0001040)  returns 0x04 (0002ms, 36101ms total)
T01D4 10390:965 JLINK_WriteMem(0xE0001044, 0x0004 Bytes, ...) - Data: 00 00 00 00 -- CPU is running -- CPU_WriteMem(4 bytes @ 0xE0001044)  returns 0x04 (0004ms, 36105ms total)
T01D4 10390:969 JLINK_WriteMem(0xE0001048, 0x0004 Bytes, ...) - Data: 00 00 00 00 -- CPU is running -- CPU_WriteMem(4 bytes @ 0xE0001048)  returns 0x04 (0003ms, 36108ms total)
T01D4 10390:972 JLINK_WriteMem(0xE0001050, 0x0004 Bytes, ...) - Data: 00 00 00 00 -- CPU is running -- CPU_WriteMem(4 bytes @ 0xE0001050)  returns 0x04 (0004ms, 36112ms total)
T01D4 10390:976 JLINK_WriteMem(0xE0001054, 0x0004 Bytes, ...) - Data: 00 00 00 00 -- CPU is running -- CPU_WriteMem(4 bytes @ 0xE0001054)  returns 0x04 (0003ms, 36115ms total)
T01D4 10390:979 JLINK_WriteMem(0xE0001058, 0x0004 Bytes, ...) - Data: 00 00 00 00 -- CPU is running -- CPU_WriteMem(4 bytes @ 0xE0001058)  returns 0x04 (0005ms, 36120ms total)
T01D4 10390:984 JLINK_Halt()  returns 0x00 (0011ms, 36131ms total)
T01D4 10390:995 JLINK_WriteMem(0x400E0A04, 0x0004 Bytes, ...) - Data: 0B 01 00 5A -- CPU_WriteMem(4 bytes @ 0x400E0A04)  returns 0x04 (0005ms, 36136ms total)
T01D4 10391:000 JLINK_ReadMem (0x400E0A08, 0x0004 Bytes, ...) -- CPU_ReadMem(4 bytes @ 0x400E0A08) - Data: 01 00 00 00  returns 0x00 (0002ms, 36138ms total)
T01D4 10391:002 JLINK_WriteMem(0x400E0A04, 0x0004 Bytes, ...) - Data: 0C 02 00 5A -- CPU_WriteMem(4 bytes @ 0x400E0A04)  returns 0x04 (0002ms, 36140ms total)
T01D4 10391:004 JLINK_ReadMem (0x400E0A08, 0x0004 Bytes, ...) -- CPU_ReadMem(4 bytes @ 0x400E0A08) - Data: 01 00 00 00  returns 0x00 (0003ms, 36143ms total)
T01D4 10391:007 JLINK_Reset() -- CPU_ReadMem(16 bytes @ 0x20000000) -- CPU_WriteMem(16 bytes @ 0x20000000) -- CPU_ReadMem(4 bytes @ 0xE000EDFC) -- CPU_WriteMem(4 bytes @ 0xE000EDFC) -- CPU_ReadMem(4 bytes @ 0xE0001000) -- CPU_WriteMem(4 bytes @ 0xE000EDFC) -- CPU_WriteMem(16 bytes @ 0x20000000) -- CPU_WriteMem(4 bytes @ 0xE0002000) -- CPU_ReadMem(4 bytes @ 0xE000EDFC) -- CPU_ReadMem(4 bytes @ 0xE0001000) (0058ms, 36201ms total)
T01D4 10391:092 JLINK_JTAG_GetDeviceID(DeviceIndex = 0)  returns 0x4BA00477 (0000ms, 36201ms total)
T01D4 10391:092 JLINK_ReadMemU32(0x400E0740, 0x0001 Items, ...) -- CPU_ReadMem(4 bytes @ 0x400E0740) - Data: E0 0E A7 29  returns 0x01 (0037ms, 36238ms total)
T01D4 10391:129 JLINK_ReadMemU32(0x400E0744, 0x0001 Items, ...) -- CPU_ReadMem(4 bytes @ 0x400E0744) - Data: 00 00 00 00  returns 0x01 (0018ms, 36256ms total)
T03F0 10391:147 JLINK_IsHalted()  returns TRUE (0000ms, 36256ms total)
T03F0 10391:147 JLINK_GetMOEs(...) -- CPU_ReadMem(4 bytes @ 0xE000ED30) -- CPU_WriteMem(4 bytes @ 0xE000ED30)  returns 0x01 (0005ms, 36261ms total)
T01D4 10391:152 JLINK_BeginDownload(Flags = 0x00) (0000ms, 36261ms total)
T03F0 10391:152 JLINK_ReadReg(R15 (PC))  returns 0xFFFFFFFE (0000ms, 36261ms total)
T01D4 10391:152 JLINK_WriteMem(0x00400000, 0x186C Bytes, ...) - Data: E0 34 00 20 A1 0A 40 00 69 0B 40 00 69 0B 40 00 ...  returns 0x186C (0001ms, 36262ms total)
T01D4 10391:153 JLINK_WriteMem(0x0040186C, 0x0008 Bytes, ...) - Data: 8C F9 FF 7F 01 00 00 00  returns 0x08 (0000ms, 36262ms total)
T01D4 10391:154 JLINK_WriteMem(0x00401874, 0x0448 Bytes, ...) - Data: 80 B4 83 B0 00 AF 78 60 BF F3 5F 8F 01 38 FB D1 ...  returns 0x448 (0000ms, 36262ms total)
T03F0 10391:353 JLINK_IsHalted()  returns TRUE (0000ms, 36262ms total)
T01D4 10391:375 JLINK_EndDownload() -- -------------------------------------- -- Start of determining dirty areas in flash cache -- End of determining dirty areas -- Start of preparing flash programming -- Calculating RAM usage -- RAM usage = 2884 Bytes -- Preserving registers -- Preparing memory -- Determining CPU clock frequency -- CPU clock frequency: 4137 kHz -- CPU frequency = 4137 kHz -- Preparing target -- Downloading RAMCode -- Using alternate TurboMode RAMCode -- Checking target RAM
 -- Preparing RAMCode -- End of preparing flash programmingCPU is running at low speed (4137 kHz). -- CPU is running at 4137 kHz. -- Start of comparing flash -- CRC check was estimated as fastest method -- Comparing range 0x400000 - 0x401DFF (15 Sectors, 7 KB), using multi-block CRC calculation -- CRC does not match for sectors 0-14 -- End of comparing flash -- Start of erasing sectors -- End of erasing sectors -- Start of flash programming -- Programming range 0x00400000 - 0x00401DFF (015 Sectors, 7 KB)
 -- End of flash programming -- Flash programming performed for 1 range (7680 bytes) -- 0x400000 - 0x401DFF (015 Sectors, 7 KB) -- Start of verifying flash -- Checksum calculation was estimated as fastest method -- End of verifying flash -- Start of restoring -- Restore RAMCode -- Restore content of target memory -- Restore target -- Restore memory -- Restore content of registers -- End of restoring
 -- Total time needed: 0.590s (Prepare: 0.210s, Compare: 0.015s, Erase: 0.000s, Program: 0.341s, Verify: 0.002s, Restore: 0.020s)  returns 0x1E00 (0608ms, 36870ms total)
T01D4 10391:983 JLINK_ResetPullsRESET(ON) (0000ms, 36870ms total)
T01D4 10391:983 JLINK_ResetNoHalt() >0x2F8 JTAG>TotalIRLen = 4, IRPrint = 0x01 >0x30 JTAG> >0x210 JTAG> >0x70 JTAG> >0x40 JTAG> >0x40 JTAG> >0x40 JTAG> >0x48 JTAG> >0x78 JTAG> >0x40 JTAG> >0x30 JTAG> >0x40 JTAG> >0x40 JTAG> >0x30 JTAG> >0x40 JTAG> >0x48 JTAG>Found Cortex-M4 r0p1, Little endian. -- CPU_WriteMem(4 bytes @ 0xE0002000) -- CPU_ReadMem(4 bytes @ 0xE000EDF0) -- CPU_ReadMem(4 bytes @ 0xE0002000)FPUnit: 6 code (BP) slots and 2 literal slots -- CPU_ReadMem(4 bytes @ 0xE000EDFC)
 -- CPU_ReadMem(4 bytes @ 0xE0001000) -- CPU_ReadMem(4 bytes @ 0xE000ED88) -- CPU_WriteMem(4 bytes @ 0xE000ED88) -- CPU_ReadMem(4 bytes @ 0xE000ED88) -- CPU_WriteMem(4 bytes @ 0xE000ED88)CoreSight components:ROMTbl 0 @ E00FF000 -- CPU_ReadMem(16 bytes @ 0xE00FF000) -- CPU_ReadMem(16 bytes @ 0xE000EFF0) -- CPU_ReadMem(16 bytes @ 0xE000EFE0)ROMTbl 0 [0]: FFF0F000, CID: B105E00D, PID: 000BB000 SCS -- CPU_WriteMem(4 bytes @ 0xE0001000) -- CPU_ReadMem(16 bytes @ 0xE0001FF0)
 -- CPU_ReadMem(16 bytes @ 0xE0001FE0)ROMTbl 0 [1]: FFF02000, CID: B105E00D, PID: 003BB002 DWT -- CPU_ReadMem(16 bytes @ 0xE0002FF0) -- CPU_ReadMem(16 bytes @ 0xE0002FE0)ROMTbl 0 [2]: FFF03000, CID: B105E00D, PID: 002BB003 FPB -- CPU_ReadMem(16 bytes @ 0xE0000FF0) -- CPU_ReadMem(16 bytes @ 0xE0000FE0)ROMTbl 0 [3]: FFF01000, CID: B105E00D, PID: 003BB001 ITM -- CPU_ReadMem(16 bytes @ 0xE00FF010) -- CPU_ReadMem(16 bytes @ 0xE0040FF0) -- CPU_ReadMem(16 bytes @ 0xE0040FE0)
ROMTbl 0 [4]: FFF41000, CID: B105900D, PID: 000BB9A1 TPIU
                JLINK_Reset() -- CPU_ReadMem(16 bytes @ 0x20000000) -- CPU_WriteMem(16 bytes @ 0x20000000) -- CPU_ReadMem(4 bytes @ 0xE000EDFC) -- CPU_WriteMem(4 bytes @ 0xE000EDFC) -- CPU_ReadMem(4 bytes @ 0xE0001000) -- CPU_WriteMem(4 bytes @ 0xE000EDFC) -- CPU_WriteMem(16 bytes @ 0x20000000) -- CPU_WriteMem(4 bytes @ 0xE0002000) -- CPU_ReadMem(4 bytes @ 0xE000EDFC) -- CPU_ReadMem(4 bytes @ 0xE0001000) (0087ms, 0087ms total)
                JLINK_Go() -- CPU_ReadMem(4 bytes @ 0xE0001000) -- CPU_WriteMem(4 bytes @ 0xE0001004) (0007ms, 0094ms total)
               (0200ms, 37070ms total)
T01D4 10392:227 JLINK_Close() >0x78 JTAG> >0x08 JTAG> (0015ms, 37085ms total)
T01D4 10392:227  (0015ms, 37085ms total)
T01D4 10392:227 Closed (0015ms, 37085ms total)
