
T2320 1790:250 SEGGER J-Link V4.98e Log File (0000ms, 0270ms total)
T2320 1790:250 DLL Compiled: May  5 2015 11:00:52 (0000ms, 0270ms total)
T2320 1790:250 Logging started @ 2016-08-24 17:03 (0000ms, 0270ms total)
T2320 1790:255 JLINK_ExecCommand("Device = AT91SAM4SD32C", ...)Device "ATSAM4SD32C" selected.  returns 0x00 (0000ms, 0270ms total)
T2320 1790:269 JLINK_ExecCommand("ProjectFile = T:\11012986\Entregas\15-DAC\LCD-Desenhos\jlink.config", ...)  returns 0x00 (0000ms, 0270ms total)
T2320 1790:274 JLINK_ExecCommand("Device = AT91SAM4SD32C", ...)Device "ATSAM4SD32C" selected.  returns 0x00 (0001ms, 0271ms total)
T2320 1790:275 JLINK_TIF_Select(JLINKARM_TIF_JTAG)  returns 0x00 (0006ms, 0277ms total)
T2320 1790:281 JLINK_GetIdData(...) >0x2F8 JTAG>TotalIRLen = 4, IRPrint = 0x01 >0x30 JTAG> >0x210 JTAG> >0x70 JTAG> >0x40 JTAG> >0x40 JTAG> >0x40 JTAG> >0x48 JTAG> >0x78 JTAG> >0x40 JTAG> >0x30 JTAG> >0x40 JTAG> >0x40 JTAG> >0x30 JTAG> >0x40 JTAG> >0x48 JTAG>Found Cortex-M4 r0p1, Little endian. -- CPU_WriteMem(4 bytes @ 0xE0002000) -- CPU_ReadMem(4 bytes @ 0xE000EDF0) -- CPU_ReadMem(4 bytes @ 0xE0002000)FPUnit: 6 code (BP) slots and 2 literal slots -- CPU_ReadMem(4 bytes @ 0xE000EDFC)
 -- CPU_ReadMem(4 bytes @ 0xE0001000) -- CPU_WriteMem(4 bytes @ 0xE0001000) -- CPU_ReadMem(4 bytes @ 0xE000ED88) -- CPU_WriteMem(4 bytes @ 0xE000ED88) -- CPU_ReadMem(4 bytes @ 0xE000ED88) -- CPU_WriteMem(4 bytes @ 0xE000ED88)CoreSight components:ROMTbl 0 @ E00FF000 -- CPU_ReadMem(16 bytes @ 0xE00FF000) -- CPU_ReadMem(16 bytes @ 0xE000EFF0) -- CPU_ReadMem(16 bytes @ 0xE000EFE0)ROMTbl 0 [0]: FFF0F000, CID: B105E00D, PID: 000BB000 SCS -- CPU_ReadMem(16 bytes @ 0xE0001FF0)
 -- CPU_ReadMem(16 bytes @ 0xE0001FE0)ROMTbl 0 [1]: FFF02000, CID: B105E00D, PID: 003BB002 DWT -- CPU_ReadMem(16 bytes @ 0xE0002FF0) -- CPU_ReadMem(16 bytes @ 0xE0002FE0)ROMTbl 0 [2]: FFF03000, CID: B105E00D, PID: 002BB003 FPB -- CPU_ReadMem(16 bytes @ 0xE0000FF0) -- CPU_ReadMem(16 bytes @ 0xE0000FE0)ROMTbl 0 [3]: FFF01000, CID: B105E00D, PID: 003BB001 ITM -- CPU_ReadMem(16 bytes @ 0xE00FF010) -- CPU_ReadMem(16 bytes @ 0xE0040FF0) -- CPU_ReadMem(16 bytes @ 0xE0040FE0)
ROMTbl 0 [4]: FFF41000, CID: B105900D, PID: 000BB9A1 TPIU ScanLen=4 NumDevices=1 aId[0]=0x4BA00477 aIrRead[0]=0 aScanLen[0]=0 aScanRead[0]=0 (0047ms, 0324ms total)
T2320 1790:328 JLINK_ConfigJTAG(IRPre = 0, DRPre = 0) (0000ms, 0324ms total)
T2320 1790:328 JLINK_SetSpeed(1000) (0001ms, 0325ms total)
T2320 1790:329 JLINK_ResetPullsRESET(OFF) (0000ms, 0325ms total)
T2320 1790:329 JLINK_Connect() >0x2F8 JTAG>TotalIRLen = 4, IRPrint = 0x01 >0x30 JTAG> >0x210 JTAG> >0x70 JTAG> >0x40 JTAG> >0x40 JTAG> >0x40 JTAG> >0x48 JTAG> >0x78 JTAG> >0x40 JTAG> >0x30 JTAG> >0x40 JTAG> >0x40 JTAG> >0x30 JTAG> >0x40 JTAG> >0x48 JTAG>Found Cortex-M4 r0p1, Little endian. -- CPU_WriteMem(4 bytes @ 0xE0002000) -- CPU_ReadMem(4 bytes @ 0xE000EDF0) -- CPU_ReadMem(4 bytes @ 0xE0002000)FPUnit: 6 code (BP) slots and 2 literal slots -- CPU_ReadMem(4 bytes @ 0xE000EDFC)
 -- CPU_ReadMem(4 bytes @ 0xE0001000) -- CPU_WriteMem(4 bytes @ 0xE0001000) -- CPU_ReadMem(4 bytes @ 0xE000ED88) -- CPU_WriteMem(4 bytes @ 0xE000ED88) -- CPU_ReadMem(4 bytes @ 0xE000ED88) -- CPU_WriteMem(4 bytes @ 0xE000ED88)CoreSight components:ROMTbl 0 @ E00FF000 -- CPU_ReadMem(16 bytes @ 0xE00FF000) -- CPU_ReadMem(16 bytes @ 0xE000EFF0) -- CPU_ReadMem(16 bytes @ 0xE000EFE0)ROMTbl 0 [0]: FFF0F000, CID: B105E00D, PID: 000BB000 SCS -- CPU_ReadMem(16 bytes @ 0xE0001FF0)
 -- CPU_ReadMem(16 bytes @ 0xE0001FE0)ROMTbl 0 [1]: FFF02000, CID: B105E00D, PID: 003BB002 DWT -- CPU_ReadMem(16 bytes @ 0xE0002FF0) -- CPU_ReadMem(16 bytes @ 0xE0002FE0)ROMTbl 0 [2]: FFF03000, CID: B105E00D, PID: 002BB003 FPB -- CPU_ReadMem(16 bytes @ 0xE0000FF0) -- CPU_ReadMem(16 bytes @ 0xE0000FE0)ROMTbl 0 [3]: FFF01000, CID: B105E00D, PID: 003BB001 ITM -- CPU_ReadMem(16 bytes @ 0xE00FF010) -- CPU_ReadMem(16 bytes @ 0xE0040FF0) -- CPU_ReadMem(16 bytes @ 0xE0040FE0)
ROMTbl 0 [4]: FFF41000, CID: B105900D, PID: 000BB9A1 TPIU  returns 0x00 (0044ms, 0369ms total)
T2320 1790:373 JLINK_GetDebugInfo(0x100) -- Value=0xE00FF003  returns 0x00 (0001ms, 0370ms total)
T2320 1790:374 JLINK_ReadMem (0xE00FFFF0, 0x0010 Bytes, ...) -- CPU is running -- CPU_ReadMem(16 bytes @ 0xE00FFFF0) - Data: 0D 00 00 00 10 00 00 00 05 00 00 00 B1 00 00 00  returns 0x00 (0002ms, 0372ms total)
T2320 1790:376 JLINK_ReadMem (0xE00FFFD0, 0x0020 Bytes, ...) -- CPU is running -- CPU_ReadMem(32 bytes @ 0xE00FFFD0) - Data: 04 00 00 00 00 00 00 00 00 00 00 00 00 00 00 00 ...  returns 0x00 (0002ms, 0374ms total)
T2320 1790:378 JLINK_ReadMemU32(0xE00FF000, 0x0001 Items, ...) -- CPU is running -- CPU_ReadMem(4 bytes @ 0xE00FF000) - Data: 03 F0 F0 FF  returns 0x01 (0001ms, 0375ms total)
T2320 1790:379 JLINK_ReadMem (0xE000EFF0, 0x0010 Bytes, ...) -- CPU is running -- CPU_ReadMem(16 bytes @ 0xE000EFF0) - Data: 0D 00 00 00 E0 00 00 00 05 00 00 00 B1 00 00 00  returns 0x00 (0002ms, 0377ms total)
T2320 1790:381 JLINK_ReadMem (0xE000EFD0, 0x0020 Bytes, ...) -- CPU is running -- CPU_ReadMem(32 bytes @ 0xE000EFD0) - Data: 04 00 00 00 00 00 00 00 00 00 00 00 00 00 00 00 ...  returns 0x00 (0002ms, 0379ms total)
T2320 1790:383 JLINK_ReadMemU32(0xE00FF004, 0x0001 Items, ...) -- CPU is running -- CPU_ReadMem(4 bytes @ 0xE00FF004) - Data: 03 20 F0 FF  returns 0x01 (0001ms, 0380ms total)
T2320 1790:384 JLINK_ReadMem (0xE0001FF0, 0x0010 Bytes, ...) -- CPU is running -- CPU_ReadMem(16 bytes @ 0xE0001FF0) - Data: 0D 00 00 00 E0 00 00 00 05 00 00 00 B1 00 00 00  returns 0x00 (0001ms, 0381ms total)
T2320 1790:385 JLINK_ReadMem (0xE0001FD0, 0x0020 Bytes, ...) -- CPU is running -- CPU_ReadMem(32 bytes @ 0xE0001FD0) - Data: 04 00 00 00 00 00 00 00 00 00 00 00 00 00 00 00 ...  returns 0x00 (0002ms, 0383ms total)
T2320 1790:387 JLINK_ReadMemU32(0xE00FF008, 0x0001 Items, ...) -- CPU is running -- CPU_ReadMem(4 bytes @ 0xE00FF008) - Data: 03 30 F0 FF  returns 0x01 (0001ms, 0384ms total)
T2320 1790:388 JLINK_ReadMem (0xE0002FF0, 0x0010 Bytes, ...) -- CPU is running -- CPU_ReadMem(16 bytes @ 0xE0002FF0) - Data: 0D 00 00 00 E0 00 00 00 05 00 00 00 B1 00 00 00  returns 0x00 (0001ms, 0385ms total)
T2320 1790:389 JLINK_ReadMem (0xE0002FD0, 0x0020 Bytes, ...) -- CPU is running -- CPU_ReadMem(32 bytes @ 0xE0002FD0) - Data: 04 00 00 00 00 00 00 00 00 00 00 00 00 00 00 00 ...  returns 0x00 (0002ms, 0387ms total)
T2320 1790:391 JLINK_ReadMemU32(0xE00FF00C, 0x0001 Items, ...) -- CPU is running -- CPU_ReadMem(4 bytes @ 0xE00FF00C) - Data: 03 10 F0 FF  returns 0x01 (0001ms, 0388ms total)
T2320 1790:392 JLINK_ReadMem (0xE0000FF0, 0x0010 Bytes, ...) -- CPU is running -- CPU_ReadMem(16 bytes @ 0xE0000FF0) - Data: 0D 00 00 00 E0 00 00 00 05 00 00 00 B1 00 00 00  returns 0x00 (0001ms, 0389ms total)
T2320 1790:393 JLINK_ReadMem (0xE0000FD0, 0x0020 Bytes, ...) -- CPU is running -- CPU_ReadMem(32 bytes @ 0xE0000FD0) - Data: 04 00 00 00 00 00 00 00 00 00 00 00 00 00 00 00 ...  returns 0x00 (0002ms, 0391ms total)
T2320 1790:395 JLINK_ReadMemU32(0xE00FF010, 0x0001 Items, ...) -- CPU is running -- CPU_ReadMem(4 bytes @ 0xE00FF010) - Data: 03 10 F4 FF  returns 0x01 (0001ms, 0392ms total)
T2320 1790:396 JLINK_ReadMem (0xE0040FF0, 0x0010 Bytes, ...) -- CPU is running -- CPU_ReadMem(16 bytes @ 0xE0040FF0) - Data: 0D 00 00 00 90 00 00 00 05 00 00 00 B1 00 00 00  returns 0x00 (0001ms, 0393ms total)
T2320 1790:397 JLINK_ReadMem (0xE0040FD0, 0x0020 Bytes, ...) -- CPU is running -- CPU_ReadMem(32 bytes @ 0xE0040FD0) - Data: 04 00 00 00 00 00 00 00 00 00 00 00 00 00 00 00 ...  returns 0x00 (0002ms, 0395ms total)
T2320 1790:399 JLINK_ReadMemU32(0xE00FF014, 0x0001 Items, ...) -- CPU is running -- CPU_ReadMem(4 bytes @ 0xE00FF014) - Data: 02 20 F4 FF  returns 0x01 (0001ms, 0396ms total)
T2320 1790:400 JLINK_ReadMemU32(0xE00FF018, 0x0001 Items, ...) -- CPU is running -- CPU_ReadMem(4 bytes @ 0xE00FF018) - Data: 00 00 00 00  returns 0x01 (0001ms, 0397ms total)
T2320 1790:401 JLINK_ReadMem (0xE0001000, 0x0004 Bytes, ...) -- CPU is running -- CPU_ReadMem(4 bytes @ 0xE0001000) - Data: 01 00 00 40  returns 0x00 (0001ms, 0398ms total)
T2320 1790:402 JLINK_ReadMem (0xE0001000, 0x0004 Bytes, ...) -- CPU is running -- CPU_ReadMem(4 bytes @ 0xE0001000) - Data: 01 00 00 40  returns 0x00 (0001ms, 0399ms total)
T2320 1790:403 JLINK_ReadMem (0xE0001028, 0x0004 Bytes, ...) -- CPU is running -- CPU_ReadMem(4 bytes @ 0xE0001028) - Data: 00 00 00 00  returns 0x00 (0001ms, 0400ms total)
T2320 1790:404 JLINK_WriteMem(0xE0001028, 0x0004 Bytes, ...) - Data: 00 01 00 00 -- CPU is running -- CPU_WriteMem(4 bytes @ 0xE0001028)  returns 0x04 (0001ms, 0401ms total)
T2320 1790:405 JLINK_ReadMem (0xE0001028, 0x0004 Bytes, ...) -- CPU is running -- CPU_ReadMem(4 bytes @ 0xE0001028) - Data: 00 00 00 00  returns 0x00 (0001ms, 0402ms total)
T2320 1790:406 JLINK_ReadMem (0xE0001038, 0x0004 Bytes, ...) -- CPU is running -- CPU_ReadMem(4 bytes @ 0xE0001038) - Data: 00 02 00 00  returns 0x00 (0001ms, 0403ms total)
T2320 1790:407 JLINK_WriteMem(0xE0001038, 0x0004 Bytes, ...) - Data: 00 03 00 00 -- CPU is running -- CPU_WriteMem(4 bytes @ 0xE0001038)  returns 0x04 (0001ms, 0404ms total)
T2320 1790:408 JLINK_ReadMem (0xE0001038, 0x0004 Bytes, ...) -- CPU is running -- CPU_ReadMem(4 bytes @ 0xE0001038) - Data: 00 03 00 00  returns 0x00 (0001ms, 0405ms total)
T2320 1790:409 JLINK_ReadMem (0xE0001048, 0x0004 Bytes, ...) -- CPU is running -- CPU_ReadMem(4 bytes @ 0xE0001048) - Data: 00 00 00 00  returns 0x00 (0001ms, 0406ms total)
T2320 1790:410 JLINK_WriteMem(0xE0001048, 0x0004 Bytes, ...) - Data: 00 01 00 00 -- CPU is running -- CPU_WriteMem(4 bytes @ 0xE0001048)  returns 0x04 (0001ms, 0407ms total)
T2320 1790:411 JLINK_ReadMem (0xE0001048, 0x0004 Bytes, ...) -- CPU is running -- CPU_ReadMem(4 bytes @ 0xE0001048) - Data: 00 00 00 00  returns 0x00 (0001ms, 0408ms total)
T2320 1790:412 JLINK_ReadMem (0xE0001058, 0x0004 Bytes, ...) -- CPU is running -- CPU_ReadMem(4 bytes @ 0xE0001058) - Data: 00 00 00 00  returns 0x00 (0001ms, 0409ms total)
T2320 1790:413 JLINK_WriteMem(0xE0001058, 0x0004 Bytes, ...) - Data: 00 01 00 00 -- CPU is running -- CPU_WriteMem(4 bytes @ 0xE0001058)  returns 0x04 (0001ms, 0410ms total)
T2320 1790:414 JLINK_ReadMem (0xE0001058, 0x0004 Bytes, ...) -- CPU is running -- CPU_ReadMem(4 bytes @ 0xE0001058) - Data: 00 00 00 00  returns 0x00 (0001ms, 0411ms total)
T2320 1790:415 JLINK_ReadMem (0xE0001024, 0x0004 Bytes, ...) -- CPU is running -- CPU_ReadMem(4 bytes @ 0xE0001024) - Data: 00 00 00 00  returns 0x00 (0001ms, 0412ms total)
T2320 1790:416 JLINK_WriteMem(0xE0001024, 0x0004 Bytes, ...) - Data: 1F 00 00 00 -- CPU is running -- CPU_WriteMem(4 bytes @ 0xE0001024)  returns 0x04 (0001ms, 0413ms total)
T2320 1790:417 JLINK_ReadMem (0xE0001024, 0x0004 Bytes, ...) -- CPU is running -- CPU_ReadMem(4 bytes @ 0xE0001024) - Data: 0F 00 00 00  returns 0x00 (0001ms, 0414ms total)
T2320 1790:418 JLINK_ReadMem (0xE0001034, 0x0004 Bytes, ...) -- CPU is running -- CPU_ReadMem(4 bytes @ 0xE0001034) - Data: 00 00 00 00  returns 0x00 (0001ms, 0415ms total)
T2320 1790:419 JLINK_WriteMem(0xE0001034, 0x0004 Bytes, ...) - Data: 1F 00 00 00 -- CPU is running -- CPU_WriteMem(4 bytes @ 0xE0001034)  returns 0x04 (0001ms, 0416ms total)
T2320 1790:420 JLINK_ReadMem (0xE0001034, 0x0004 Bytes, ...) -- CPU is running -- CPU_ReadMem(4 bytes @ 0xE0001034) - Data: 0F 00 00 00  returns 0x00 (0001ms, 0417ms total)
T2320 1790:421 JLINK_ReadMem (0xE0001044, 0x0004 Bytes, ...) -- CPU is running -- CPU_ReadMem(4 bytes @ 0xE0001044) - Data: 00 00 00 00  returns 0x00 (0001ms, 0418ms total)
T2320 1790:422 JLINK_WriteMem(0xE0001044, 0x0004 Bytes, ...) - Data: 1F 00 00 00 -- CPU is running -- CPU_WriteMem(4 bytes @ 0xE0001044)  returns 0x04 (0001ms, 0419ms total)
T2320 1790:423 JLINK_ReadMem (0xE0001044, 0x0004 Bytes, ...) -- CPU is running -- CPU_ReadMem(4 bytes @ 0xE0001044) - Data: 0F 00 00 00  returns 0x00 (0001ms, 0420ms total)
T2320 1790:424 JLINK_ReadMem (0xE0001054, 0x0004 Bytes, ...) -- CPU is running -- CPU_ReadMem(4 bytes @ 0xE0001054) - Data: 00 00 00 00  returns 0x00 (0001ms, 0421ms total)
T2320 1790:425 JLINK_WriteMem(0xE0001054, 0x0004 Bytes, ...) - Data: 1F 00 00 00 -- CPU is running -- CPU_WriteMem(4 bytes @ 0xE0001054)  returns 0x04 (0001ms, 0422ms total)
T2320 1790:426 JLINK_ReadMem (0xE0001054, 0x0004 Bytes, ...) -- CPU is running -- CPU_ReadMem(4 bytes @ 0xE0001054) - Data: 0F 00 00 00  returns 0x00 (0001ms, 0423ms total)
T2320 1790:427 JLINK_ReadMem (0xE0001028, 0x0004 Bytes, ...) -- CPU is running -- CPU_ReadMem(4 bytes @ 0xE0001028) - Data: 00 00 00 00  returns 0x00 (0001ms, 0424ms total)
T2320 1790:428 JLINK_ReadMem (0xE0001038, 0x0004 Bytes, ...) -- CPU is running -- CPU_ReadMem(4 bytes @ 0xE0001038) - Data: 00 03 00 00  returns 0x00 (0001ms, 0425ms total)
T2320 1790:429 JLINK_ReadMem (0xE0001048, 0x0004 Bytes, ...) -- CPU is running -- CPU_ReadMem(4 bytes @ 0xE0001048) - Data: 00 00 00 00  returns 0x00 (0001ms, 0426ms total)
T2320 1790:430 JLINK_ReadMem (0xE0001058, 0x0004 Bytes, ...) -- CPU is running -- CPU_ReadMem(4 bytes @ 0xE0001058) - Data: 00 00 00 00  returns 0x00 (0001ms, 0427ms total)
T2320 1790:431 JLINK_WriteMem(0xE0001020, 0x0004 Bytes, ...) - Data: 00 00 00 00 -- CPU is running -- CPU_WriteMem(4 bytes @ 0xE0001020)  returns 0x04 (0001ms, 0428ms total)
T2320 1790:432 JLINK_WriteMem(0xE0001024, 0x0004 Bytes, ...) - Data: 00 00 00 00 -- CPU is running -- CPU_WriteMem(4 bytes @ 0xE0001024)  returns 0x04 (0001ms, 0429ms total)
T2320 1790:433 JLINK_WriteMem(0xE0001028, 0x0004 Bytes, ...) - Data: 00 00 00 00 -- CPU is running -- CPU_WriteMem(4 bytes @ 0xE0001028)  returns 0x04 (0001ms, 0430ms total)
T2320 1790:434 JLINK_WriteMem(0xE0001030, 0x0004 Bytes, ...) - Data: 00 00 00 00 -- CPU is running -- CPU_WriteMem(4 bytes @ 0xE0001030)  returns 0x04 (0001ms, 0431ms total)
T2320 1790:435 JLINK_WriteMem(0xE0001034, 0x0004 Bytes, ...) - Data: 00 00 00 00 -- CPU is running -- CPU_WriteMem(4 bytes @ 0xE0001034)  returns 0x04 (0001ms, 0432ms total)
T2320 1790:436 JLINK_WriteMem(0xE0001038, 0x0004 Bytes, ...) - Data: 00 00 00 00 -- CPU is running -- CPU_WriteMem(4 bytes @ 0xE0001038)  returns 0x04 (0001ms, 0433ms total)
T2320 1790:437 JLINK_WriteMem(0xE0001040, 0x0004 Bytes, ...) - Data: 00 00 00 00 -- CPU is running -- CPU_WriteMem(4 bytes @ 0xE0001040)  returns 0x04 (0001ms, 0434ms total)
T2320 1790:438 JLINK_WriteMem(0xE0001044, 0x0004 Bytes, ...) - Data: 00 00 00 00 -- CPU is running -- CPU_WriteMem(4 bytes @ 0xE0001044)  returns 0x04 (0001ms, 0435ms total)
T2320 1790:439 JLINK_WriteMem(0xE0001048, 0x0004 Bytes, ...) - Data: 00 00 00 00 -- CPU is running -- CPU_WriteMem(4 bytes @ 0xE0001048)  returns 0x04 (0001ms, 0436ms total)
T2320 1790:440 JLINK_WriteMem(0xE0001050, 0x0004 Bytes, ...) - Data: 00 00 00 00 -- CPU is running -- CPU_WriteMem(4 bytes @ 0xE0001050)  returns 0x04 (0001ms, 0437ms total)
T2320 1790:441 JLINK_WriteMem(0xE0001054, 0x0004 Bytes, ...) - Data: 00 00 00 00 -- CPU is running -- CPU_WriteMem(4 bytes @ 0xE0001054)  returns 0x04 (0001ms, 0438ms total)
T2320 1790:442 JLINK_WriteMem(0xE0001058, 0x0004 Bytes, ...) - Data: 00 00 00 00 -- CPU is running -- CPU_WriteMem(4 bytes @ 0xE0001058)  returns 0x04 (0001ms, 0439ms total)
T2320 1790:443 JLINK_Halt()  returns 0x00 (0007ms, 0446ms total)
T2320 1790:450 JLINK_WriteMem(0x400E0A04, 0x0004 Bytes, ...) - Data: 0B 01 00 5A -- CPU_WriteMem(4 bytes @ 0x400E0A04)  returns 0x04 (0001ms, 0447ms total)
T2320 1790:451 JLINK_ReadMem (0x400E0A08, 0x0004 Bytes, ...) -- CPU_ReadMem(4 bytes @ 0x400E0A08) - Data: 01 00 00 00  returns 0x00 (0001ms, 0448ms total)
T2320 1790:452 JLINK_WriteMem(0x400E0A04, 0x0004 Bytes, ...) - Data: 0C 02 00 5A -- CPU_WriteMem(4 bytes @ 0x400E0A04)  returns 0x04 (0001ms, 0449ms total)
T2320 1790:453 JLINK_ReadMem (0x400E0A08, 0x0004 Bytes, ...) -- CPU_ReadMem(4 bytes @ 0x400E0A08) - Data: 01 00 00 00  returns 0x00 (0001ms, 0450ms total)
T2320 1790:454 JLINK_Reset() -- CPU_ReadMem(16 bytes @ 0x20000000) -- CPU_WriteMem(16 bytes @ 0x20000000) -- CPU_ReadMem(4 bytes @ 0xE000EDFC) -- CPU_WriteMem(4 bytes @ 0xE000EDFC) -- CPU_ReadMem(4 bytes @ 0xE0001000) -- CPU_WriteMem(4 bytes @ 0xE000EDFC) -- CPU_WriteMem(16 bytes @ 0x20000000) -- CPU_WriteMem(4 bytes @ 0xE0002000) -- CPU_ReadMem(4 bytes @ 0xE000EDFC) -- CPU_ReadMem(4 bytes @ 0xE0001000) (0038ms, 0488ms total)
T2320 1790:493 JLINK_JTAG_GetDeviceID(DeviceIndex = 0)  returns 0x4BA00477 (0000ms, 0488ms total)
T2320 1790:493 JLINK_ReadMemU32(0x400E0740, 0x0001 Items, ...) -- CPU_ReadMem(4 bytes @ 0x400E0740) - Data: E0 0E A7 29  returns 0x01 (0001ms, 0489ms total)
T2320 1790:494 JLINK_ReadMemU32(0x400E0744, 0x0001 Items, ...) -- CPU_ReadMem(4 bytes @ 0x400E0744) - Data: 00 00 00 00  returns 0x01 (0001ms, 0490ms total)
T2320 1790:495 JLINK_WriteMem(0x400E0A04, 0x0004 Bytes, ...) - Data: 05 00 00 5A -- CPU_WriteMem(4 bytes @ 0x400E0A04)  returns 0x04 (0001ms, 0491ms total)
T2320 1790:496 JLINK_WriteMem(0x400E0C04, 0x0004 Bytes, ...) - Data: 05 00 00 5A -- CPU_WriteMem(4 bytes @ 0x400E0C04)  returns 0x04 (0001ms, 0492ms total)
T2320 1790:497 JLINK_ReadMem (0x400E0A08, 0x0004 Bytes, ...) -- CPU_ReadMem(4 bytes @ 0x400E0A08) - Data: 00 00 00 00  returns 0x00 (0001ms, 0493ms total)
T2320 1790:499 JLINK_ReadMem (0x400E0A08, 0x0004 Bytes, ...) -- CPU_ReadMem(4 bytes @ 0x400E0A08) - Data: 00 00 00 00  returns 0x00 (0001ms, 0494ms total)
T1E5C 1790:503 JLINK_IsHalted()  returns TRUE (0000ms, 0494ms total)
T1E5C 1790:503 JLINK_GetMOEs(...) -- CPU_ReadMem(4 bytes @ 0xE000ED30) -- CPU_WriteMem(4 bytes @ 0xE000ED30)  returns 0x01 (0002ms, 0496ms total)
T2320 1790:505 JLINK_ReadMem (0x400E0A08, 0x0004 Bytes, ...) -- CPU_ReadMem(4 bytes @ 0x400E0A08) - Data: 00 00 00 00  returns 0x00 (0001ms, 0497ms total)
T1E5C 1790:506 JLINK_ReadReg(R15 (PC))  returns 0x004010E4 (0000ms, 0497ms total)
T2320 1790:522 JLINK_ReadMem (0x400E0A08, 0x0004 Bytes, ...) -- CPU_ReadMem(4 bytes @ 0x400E0A08) - Data: 00 00 00 00  returns 0x00 (0001ms, 0498ms total)
T2320 1790:587 JLINK_ReadMem (0x400E0A08, 0x0004 Bytes, ...) -- CPU_ReadMem(4 bytes @ 0x400E0A08) - Data: 00 00 00 00  returns 0x00 (0001ms, 0499ms total)
T1E5C 1790:706 JLINK_IsHalted()  returns TRUE (0000ms, 0499ms total)
T2320 1790:844 JLINK_ReadMem (0x400E0A08, 0x0004 Bytes, ...) -- CPU_ReadMem(4 bytes @ 0x400E0A08) - Data: 00 00 00 00  returns 0x00 (0001ms, 0500ms total)
T1E5C 1790:906 JLINK_IsHalted()  returns TRUE (0000ms, 0500ms total)
T1E5C 1791:106 JLINK_IsHalted()  returns TRUE (0001ms, 0501ms total)
T1E5C 1791:307 JLINK_IsHalted()  returns TRUE (0000ms, 0500ms total)
T1E5C 1791:507 JLINK_IsHalted()  returns TRUE (0001ms, 0501ms total)
T1E5C 1791:708 JLINK_IsHalted()  returns TRUE (0001ms, 0501ms total)
T2320 1791:845 JLINK_ReadMem (0x400E0A08, 0x0004 Bytes, ...) -- CPU_ReadMem(4 bytes @ 0x400E0A08) - Data: 00 00 00 00  returns 0x00 (0001ms, 0501ms total)
T2320 1791:846 JLINK_ReadMem (0x400E0C08, 0x0004 Bytes, ...) -- CPU_ReadMem(4 bytes @ 0x400E0C08) - Data: 00 00 00 00  returns 0x00 (0001ms, 0502ms total)
T2320 1791:848 JLINK_ReadMem (0x400E0C08, 0x0004 Bytes, ...) -- CPU_ReadMem(4 bytes @ 0x400E0C08) - Data: 00 00 00 00  returns 0x00 (0001ms, 0503ms total)
T2320 1791:853 JLINK_ReadMem (0x400E0C08, 0x0004 Bytes, ...) -- CPU_ReadMem(4 bytes @ 0x400E0C08) - Data: 00 00 00 00  returns 0x00 (0001ms, 0504ms total)
T2320 1791:870 JLINK_ReadMem (0x400E0C08, 0x0004 Bytes, ...) -- CPU_ReadMem(4 bytes @ 0x400E0C08) - Data: 00 00 00 00  returns 0x00 (0001ms, 0505ms total)
T1E5C 1791:909 JLINK_IsHalted()  returns TRUE (0000ms, 0505ms total)
T2320 1791:935 JLINK_ReadMem (0x400E0C08, 0x0004 Bytes, ...) -- CPU_ReadMem(4 bytes @ 0x400E0C08) - Data: 00 00 00 00  returns 0x00 (0001ms, 0506ms total)
T1E5C 1792:109 JLINK_IsHalted()  returns TRUE (0000ms, 0506ms total)
T2320 1792:192 JLINK_ReadMem (0x400E0C08, 0x0004 Bytes, ...) -- CPU_ReadMem(4 bytes @ 0x400E0C08) - Data: 00 00 00 00  returns 0x00 (0001ms, 0507ms total)
T1E5C 1792:309 JLINK_IsHalted()  returns TRUE (0001ms, 0508ms total)
T1E5C 1792:510 JLINK_IsHalted()  returns TRUE (0001ms, 0508ms total)
T1E5C 1792:711 JLINK_IsHalted()  returns TRUE (0000ms, 0507ms total)
T1E5C 1792:911 JLINK_IsHalted()  returns TRUE (0001ms, 0508ms total)
T1E5C 1793:112 JLINK_IsHalted()  returns TRUE (0000ms, 0507ms total)
T2320 1793:193 JLINK_ReadMem (0x400E0C08, 0x0004 Bytes, ...) -- CPU_ReadMem(4 bytes @ 0x400E0C08) - Data: 00 00 00 00  returns 0x00 (0001ms, 0508ms total)
T2320 1793:194 JLINK_ReadMem (0x400E0A08, 0x0004 Bytes, ...) -- CPU_ReadMem(4 bytes @ 0x400E0A08) - Data: 00 00 00 00  returns 0x00 (0001ms, 0509ms total)
T2320 1793:196 JLINK_ReadMem (0x400E0A08, 0x0004 Bytes, ...) -- CPU_ReadMem(4 bytes @ 0x400E0A08) - Data: 00 00 00 00  returns 0x00 (0001ms, 0510ms total)
T2320 1793:201 JLINK_ReadMem (0x400E0A08, 0x0004 Bytes, ...) -- CPU_ReadMem(4 bytes @ 0x400E0A08) - Data: 00 00 00 00  returns 0x00 (0001ms, 0511ms total)
T2320 1793:218 JLINK_ReadMem (0x400E0A08, 0x0004 Bytes, ...) -- CPU_ReadMem(4 bytes @ 0x400E0A08) - Data: 00 00 00 00  returns 0x00 (0001ms, 0512ms total)
T2320 1793:283 JLINK_ReadMem (0x400E0A08, 0x0004 Bytes, ...) -- CPU_ReadMem(4 bytes @ 0x400E0A08) - Data: 00 00 00 00  returns 0x00 (0001ms, 0513ms total)
T1E5C 1793:312 JLINK_IsHalted()  returns TRUE (0000ms, 0513ms total)
T1E5C 1793:512 JLINK_IsHalted()  returns TRUE (0002ms, 0515ms total)
T2320 1793:540 JLINK_ReadMem (0x400E0A08, 0x0004 Bytes, ...) -- CPU_ReadMem(4 bytes @ 0x400E0A08) - Data: 00 00 00 00  returns 0x00 (0001ms, 0514ms total)
T1E5C 1793:714 JLINK_IsHalted()  returns TRUE (0000ms, 0514ms total)
T1E5C 1793:914 JLINK_IsHalted()  returns TRUE (0000ms, 0514ms total)
T1E5C 1794:114 JLINK_IsHalted()  returns TRUE (0001ms, 0515ms total)
T1E5C 1794:315 JLINK_IsHalted()  returns TRUE (0000ms, 0514ms total)
T1E5C 1794:515 JLINK_IsHalted()  returns TRUE (0001ms, 0515ms total)
T2320 1794:541 JLINK_ReadMem (0x400E0A08, 0x0004 Bytes, ...) -- CPU_ReadMem(4 bytes @ 0x400E0A08) - Data: 01 00 00 00  returns 0x00 (0001ms, 0515ms total)
T2320 1794:542 JLINK_ReadMem (0x400E0C08, 0x0004 Bytes, ...) -- CPU_ReadMem(4 bytes @ 0x400E0C08) - Data: 00 00 00 00  returns 0x00 (0001ms, 0516ms total)
T2320 1794:544 JLINK_ReadMem (0x400E0C08, 0x0004 Bytes, ...) -- CPU_ReadMem(4 bytes @ 0x400E0C08) - Data: 00 00 00 00  returns 0x00 (0001ms, 0517ms total)
T2320 1794:549 JLINK_ReadMem (0x400E0C08, 0x0004 Bytes, ...) -- CPU_ReadMem(4 bytes @ 0x400E0C08) - Data: 00 00 00 00  returns 0x00 (0001ms, 0518ms total)
T2320 1794:566 JLINK_ReadMem (0x400E0C08, 0x0004 Bytes, ...) -- CPU_ReadMem(4 bytes @ 0x400E0C08) - Data: 00 00 00 00  returns 0x00 (0001ms, 0519ms total)
T2320 1794:631 JLINK_ReadMem (0x400E0C08, 0x0004 Bytes, ...) -- CPU_ReadMem(4 bytes @ 0x400E0C08) - Data: 01 00 00 00  returns 0x00 (0001ms, 0520ms total)
T1E5C 1794:716 JLINK_IsHalted()  returns TRUE (0001ms, 0521ms total)
T2320 1794:717 JLINK_ResetPullsRESET(ON) (0000ms, 0520ms total)
T2320 1794:717 JLINK_ResetNoHalt() >0x2F8 JTAG>TotalIRLen = 4, IRPrint = 0x01 >0x30 JTAG> >0x210 JTAG> >0x70 JTAG> >0x40 JTAG> >0x40 JTAG> >0x40 JTAG> >0x48 JTAG> >0x78 JTAG> >0x40 JTAG> >0x30 JTAG> >0x40 JTAG> >0x40 JTAG> >0x30 JTAG> >0x40 JTAG> >0x48 JTAG>Found Cortex-M4 r0p1, Little endian. -- CPU_WriteMem(4 bytes @ 0xE0002000) -- CPU_ReadMem(4 bytes @ 0xE000EDF0) -- CPU_ReadMem(4 bytes @ 0xE0002000)FPUnit: 6 code (BP) slots and 2 literal slots -- CPU_ReadMem(4 bytes @ 0xE000EDFC)
 -- CPU_ReadMem(4 bytes @ 0xE0001000) -- CPU_ReadMem(4 bytes @ 0xE000ED88) -- CPU_WriteMem(4 bytes @ 0xE000ED88) -- CPU_ReadMem(4 bytes @ 0xE000ED88) -- CPU_WriteMem(4 bytes @ 0xE000ED88)CoreSight components:ROMTbl 0 @ E00FF000 -- CPU_ReadMem(16 bytes @ 0xE00FF000) -- CPU_ReadMem(16 bytes @ 0xE000EFF0) -- CPU_ReadMem(16 bytes @ 0xE000EFE0)ROMTbl 0 [0]: FFF0F000, CID: B105E00D, PID: 000BB000 SCS -- CPU_WriteMem(4 bytes @ 0xE0001000) -- CPU_ReadMem(16 bytes @ 0xE0001FF0)
 -- CPU_ReadMem(16 bytes @ 0xE0001FE0)ROMTbl 0 [1]: FFF02000, CID: B105E00D, PID: 003BB002 DWT -- CPU_ReadMem(16 bytes @ 0xE0002FF0) -- CPU_ReadMem(16 bytes @ 0xE0002FE0)ROMTbl 0 [2]: FFF03000, CID: B105E00D, PID: 002BB003 FPB -- CPU_ReadMem(16 bytes @ 0xE0000FF0) -- CPU_ReadMem(16 bytes @ 0xE0000FE0)ROMTbl 0 [3]: FFF01000, CID: B105E00D, PID: 003BB001 ITM -- CPU_ReadMem(16 bytes @ 0xE00FF010) -- CPU_ReadMem(16 bytes @ 0xE0040FF0) -- CPU_ReadMem(16 bytes @ 0xE0040FE0)
ROMTbl 0 [4]: FFF41000, CID: B105900D, PID: 000BB9A1 TPIU
                JLINK_Reset() -- CPU_ReadMem(16 bytes @ 0x20000000) -- CPU_WriteMem(16 bytes @ 0x20000000) -- CPU_ReadMem(4 bytes @ 0xE000EDFC) -- CPU_WriteMem(4 bytes @ 0xE000EDFC) -- CPU_ReadMem(4 bytes @ 0xE0001000) -- CPU_WriteMem(4 bytes @ 0xE0001004) -- CPU_WriteMem(4 bytes @ 0xE000EDFC) -- CPU_WriteMem(16 bytes @ 0x20000000) -- CPU_WriteMem(4 bytes @ 0xE0002000) -- CPU_ReadMem(4 bytes @ 0xE000EDFC) -- CPU_ReadMem(4 bytes @ 0xE0001000) (0039ms, 0039ms total)
                JLINK_Go() -- CPU_ReadMem(4 bytes @ 0xE0001000) -- CPU_WriteMem(4 bytes @ 0xE0001004) (0003ms, 0042ms total)
               (0085ms, 0605ms total)
T2320 1794:802 JLINK_ExecCommand("ProjectFile = T:\11012986\Entregas\15-DAC\LCD-Desenhos\jlink.config", ...)  returns 0x00 (0000ms, 0605ms total)
T2320 1794:808 JLINK_ExecCommand("Device = AT91SAM4SD32C", ...)Device "ATSAM4SD32C" selected.  returns 0x00 (0000ms, 0605ms total)
T2320 1794:808 JLINK_TIF_Select(JLINKARM_TIF_JTAG)  returns 0x00 (0000ms, 0605ms total)
T2320 1794:808 JLINK_GetIdData(...) ScanLen=4 NumDevices=1 aId[0]=0x4BA00477 aIrRead[0]=0 aScanLen[0]=0 aScanRead[0]=0 (0000ms, 0605ms total)
T2320 1794:808 JLINK_ConfigJTAG(IRPre = 0, DRPre = 0) (0000ms, 0605ms total)
T2320 1794:808 JLINK_SetSpeed(4000) (0001ms, 0606ms total)
T2320 1794:809 JLINK_ResetPullsRESET(OFF) (0000ms, 0606ms total)
T2320 1794:809 JLINK_Connect() >0x2F8 JTAG>TotalIRLen = 4, IRPrint = 0x01 >0x30 JTAG> >0x210 JTAG> >0x70 JTAG> >0x40 JTAG> >0x40 JTAG> >0x40 JTAG> >0x48 JTAG> >0x78 JTAG> >0x40 JTAG> >0x30 JTAG> >0x40 JTAG> >0x40 JTAG> >0x30 JTAG> >0x40 JTAG> >0x48 JTAG>Found Cortex-M4 r0p1, Little endian. -- CPU_WriteMem(4 bytes @ 0xE0002000) -- CPU_ReadMem(4 bytes @ 0xE000EDF0) -- CPU_ReadMem(4 bytes @ 0xE0002000)FPUnit: 6 code (BP) slots and 2 literal slots -- CPU_ReadMem(4 bytes @ 0xE000EDFC)
 -- CPU_ReadMem(4 bytes @ 0xE0001000) -- CPU_WriteMem(4 bytes @ 0xE0001000) -- CPU_ReadMem(4 bytes @ 0xE000ED88) -- CPU_WriteMem(4 bytes @ 0xE000ED88) -- CPU_ReadMem(4 bytes @ 0xE000ED88) -- CPU_WriteMem(4 bytes @ 0xE000ED88)CoreSight components:ROMTbl 0 @ E00FF000 -- CPU_ReadMem(16 bytes @ 0xE00FF000) -- CPU_ReadMem(16 bytes @ 0xE000EFF0) -- CPU_ReadMem(16 bytes @ 0xE000EFE0)ROMTbl 0 [0]: FFF0F000, CID: B105E00D, PID: 000BB000 SCS -- CPU_ReadMem(16 bytes @ 0xE0001FF0)
 -- CPU_ReadMem(16 bytes @ 0xE0001FE0)ROMTbl 0 [1]: FFF02000, CID: B105E00D, PID: 003BB002 DWT -- CPU_ReadMem(16 bytes @ 0xE0002FF0) -- CPU_ReadMem(16 bytes @ 0xE0002FE0)ROMTbl 0 [2]: FFF03000, CID: B105E00D, PID: 002BB003 FPB -- CPU_ReadMem(16 bytes @ 0xE0000FF0) -- CPU_ReadMem(16 bytes @ 0xE0000FE0)ROMTbl 0 [3]: FFF01000, CID: B105E00D, PID: 003BB001 ITM -- CPU_ReadMem(16 bytes @ 0xE00FF010) -- CPU_ReadMem(16 bytes @ 0xE0040FF0) -- CPU_ReadMem(16 bytes @ 0xE0040FE0)
ROMTbl 0 [4]: FFF41000, CID: B105900D, PID: 000BB9A1 TPIU  returns 0x00 (0041ms, 0647ms total)
T2320 1794:850 JLINK_WriteMem(0xE0001020, 0x0004 Bytes, ...) - Data: 00 00 00 00 -- CPU is running -- CPU_WriteMem(4 bytes @ 0xE0001020)  returns 0x04 (0002ms, 0649ms total)
T2320 1794:852 JLINK_WriteMem(0xE0001024, 0x0004 Bytes, ...) - Data: 00 00 00 00 -- CPU is running -- CPU_WriteMem(4 bytes @ 0xE0001024)  returns 0x04 (0001ms, 0650ms total)
T2320 1794:853 JLINK_WriteMem(0xE0001028, 0x0004 Bytes, ...) - Data: 00 00 00 00 -- CPU is running -- CPU_WriteMem(4 bytes @ 0xE0001028)  returns 0x04 (0001ms, 0651ms total)
T2320 1794:854 JLINK_WriteMem(0xE0001030, 0x0004 Bytes, ...) - Data: 00 00 00 00 -- CPU is running -- CPU_WriteMem(4 bytes @ 0xE0001030)  returns 0x04 (0001ms, 0652ms total)
T2320 1794:855 JLINK_WriteMem(0xE0001034, 0x0004 Bytes, ...) - Data: 00 00 00 00 -- CPU is running -- CPU_WriteMem(4 bytes @ 0xE0001034)  returns 0x04 (0001ms, 0653ms total)
T2320 1794:856 JLINK_WriteMem(0xE0001038, 0x0004 Bytes, ...) - Data: 00 00 00 00 -- CPU is running -- CPU_WriteMem(4 bytes @ 0xE0001038)  returns 0x04 (0001ms, 0654ms total)
T2320 1794:857 JLINK_WriteMem(0xE0001040, 0x0004 Bytes, ...) - Data: 00 00 00 00 -- CPU is running -- CPU_WriteMem(4 bytes @ 0xE0001040)  returns 0x04 (0001ms, 0655ms total)
T2320 1794:858 JLINK_WriteMem(0xE0001044, 0x0004 Bytes, ...) - Data: 00 00 00 00 -- CPU is running -- CPU_WriteMem(4 bytes @ 0xE0001044)  returns 0x04 (0001ms, 0656ms total)
T2320 1794:859 JLINK_WriteMem(0xE0001048, 0x0004 Bytes, ...) - Data: 00 00 00 00 -- CPU is running -- CPU_WriteMem(4 bytes @ 0xE0001048)  returns 0x04 (0001ms, 0657ms total)
T2320 1794:860 JLINK_WriteMem(0xE0001050, 0x0004 Bytes, ...) - Data: 00 00 00 00 -- CPU is running -- CPU_WriteMem(4 bytes @ 0xE0001050)  returns 0x04 (0001ms, 0658ms total)
T2320 1794:861 JLINK_WriteMem(0xE0001054, 0x0004 Bytes, ...) - Data: 00 00 00 00 -- CPU is running -- CPU_WriteMem(4 bytes @ 0xE0001054)  returns 0x04 (0001ms, 0659ms total)
T2320 1794:862 JLINK_WriteMem(0xE0001058, 0x0004 Bytes, ...) - Data: 00 00 00 00 -- CPU is running -- CPU_WriteMem(4 bytes @ 0xE0001058)  returns 0x04 (0001ms, 0660ms total)
T2320 1794:863 JLINK_Halt()  returns 0x00 (0003ms, 0663ms total)
T2320 1794:866 JLINK_WriteMem(0x400E0A04, 0x0004 Bytes, ...) - Data: 0B 01 00 5A -- CPU_WriteMem(4 bytes @ 0x400E0A04)  returns 0x04 (0001ms, 0664ms total)
T2320 1794:867 JLINK_ReadMem (0x400E0A08, 0x0004 Bytes, ...) -- CPU_ReadMem(4 bytes @ 0x400E0A08) - Data: 01 00 00 00  returns 0x00 (0001ms, 0665ms total)
T2320 1794:868 JLINK_WriteMem(0x400E0A04, 0x0004 Bytes, ...) - Data: 0C 02 00 5A -- CPU_WriteMem(4 bytes @ 0x400E0A04)  returns 0x04 (0001ms, 0666ms total)
T2320 1794:869 JLINK_ReadMem (0x400E0A08, 0x0004 Bytes, ...) -- CPU_ReadMem(4 bytes @ 0x400E0A08) - Data: 01 00 00 00  returns 0x00 (0001ms, 0667ms total)
T2320 1794:870 JLINK_Reset() -- CPU_ReadMem(16 bytes @ 0x20000000) -- CPU_WriteMem(16 bytes @ 0x20000000) -- CPU_ReadMem(4 bytes @ 0xE000EDFC) -- CPU_WriteMem(4 bytes @ 0xE000EDFC) -- CPU_ReadMem(4 bytes @ 0xE0001000) -- CPU_WriteMem(4 bytes @ 0xE000EDFC) -- CPU_WriteMem(16 bytes @ 0x20000000) -- CPU_WriteMem(4 bytes @ 0xE0002000) -- CPU_ReadMem(4 bytes @ 0xE000EDFC) -- CPU_ReadMem(4 bytes @ 0xE0001000) (0029ms, 0696ms total)
T2320 1794:900 JLINK_JTAG_GetDeviceID(DeviceIndex = 0)  returns 0x4BA00477 (0000ms, 0696ms total)
T2320 1794:900 JLINK_ReadMemU32(0x400E0740, 0x0001 Items, ...) -- CPU_ReadMem(4 bytes @ 0x400E0740) - Data: E0 0E A7 29  returns 0x01 (0001ms, 0697ms total)
T2320 1794:901 JLINK_ReadMemU32(0x400E0744, 0x0001 Items, ...) -- CPU_ReadMem(4 bytes @ 0x400E0744) - Data: 00 00 00 00  returns 0x01 (0001ms, 0698ms total)
T2320 1794:904 JLINK_BeginDownload(Flags = 0x00) (0000ms, 0698ms total)
T2320 1794:904 JLINK_WriteMem(0x00400000, 0x4000 Bytes, ...) - Data: 40 3D 00 20 C5 14 40 00 C1 14 40 00 C1 14 40 00 ...  returns 0x4000 (0000ms, 0698ms total)
T2320 1794:904 JLINK_WriteMem(0x00404000, 0x1BB8C Bytes, ...) - Data: 04 32 4F F0 00 09 01 23 0E 92 4C E5 0A 93 23 4B ...  returns 0x1BB8C (0000ms, 0698ms total)
T2320 1794:905 JLINK_WriteMem(0x0041FB8C, 0x0008 Bytes, ...) - Data: F0 78 FE 7F 01 00 00 00  returns 0x08 (0000ms, 0698ms total)
T2320 1794:905 JLINK_WriteMem(0x0041FB94, 0x088C Bytes, ...) - Data: 01 00 00 00 F0 00 00 00 40 01 00 00 00 00 20 00 ...  returns 0x88C (0000ms, 0698ms total)
T1A70 1794:910 JLINK_IsHalted()  returns TRUE (0000ms, 0698ms total)
T1A70 1794:910 JLINK_GetMOEs(...) -- CPU_ReadMem(4 bytes @ 0xE000ED30) -- CPU_WriteMem(4 bytes @ 0xE000ED30)  returns 0x01 (0002ms, 0700ms total)
T1A70 1794:912 JLINK_ReadReg(R15 (PC)) -- -------------------------------------- -- Start of determining dirty areas in flash cache -- End of determining dirty areas -- Start of preparing flash programming -- Calculating RAM usage -- RAM usage = 5956 Bytes -- Preserving registers -- Preparing memory -- Determining CPU clock frequency -- CPU clock frequency: 4147 kHz -- CPU frequency = 4147 kHz -- Preparing target -- Downloading RAMCode -- Using alternate TurboMode RAMCode -- Checking target RAM
 -- Preparing RAMCode -- End of preparing flash programmingCPU is running at low speed (4147 kHz). -- CPU is running at 4147 kHz. -- Start of comparing flash -- Read back was estimated as fastest method -- Comparing range 0x400000 - 0x403FFF (32 Sectors, 16 KB), using multi-block CRC calculation -- CPU is running -- CPU_ReadMem(512 bytes @ 0x00400000) -- CPU is running -- CPU_ReadMem(512 bytes @ 0x00400200) -- CPU is running -- CPU_ReadMem(512 bytes @ 0x00400400) -- CPU is running
 -- CPU_ReadMem(512 bytes @ 0x00400600) -- CPU is running -- CPU_ReadMem(512 bytes @ 0x00400800) -- CPU is running -- CPU_ReadMem(512 bytes @ 0x00400A00) -- CPU is running -- CPU_ReadMem(512 bytes @ 0x00400C00) -- CPU is running -- CPU_ReadMem(512 bytes @ 0x00400E00) -- CPU is running -- CPU_ReadMem(512 bytes @ 0x00401000) -- CPU is running -- CPU_ReadMem(512 bytes @ 0x00401200) -- CPU is running -- CPU_ReadMem(512 bytes @ 0x00401400) -- CPU is running -- CPU_ReadMem(512 bytes @ 0x00401600)
 -- CPU is running -- CPU_ReadMem(512 bytes @ 0x00401800) -- CPU is running -- CPU_ReadMem(512 bytes @ 0x00401A00) -- CPU is running -- CPU_ReadMem(512 bytes @ 0x00401C00) -- CPU is running -- CPU_ReadMem(512 bytes @ 0x00401E00) -- CPU is running -- CPU_ReadMem(512 bytes @ 0x00402000) -- CPU is running -- CPU_ReadMem(512 bytes @ 0x00402200) -- CPU is running -- CPU_ReadMem(512 bytes @ 0x00402400) -- CPU is running -- CPU_ReadMem(512 bytes @ 0x00402600) -- CPU is running
 -- CPU_ReadMem(512 bytes @ 0x00402800) -- CPU is running -- CPU_ReadMem(512 bytes @ 0x00402A00) -- CPU is running -- CPU_ReadMem(512 bytes @ 0x00402C00) -- CPU is running -- CPU_ReadMem(512 bytes @ 0x00402E00) -- CPU is running -- CPU_ReadMem(512 bytes @ 0x00403000) -- CPU is running -- CPU_ReadMem(512 bytes @ 0x00403200) -- CPU is running -- CPU_ReadMem(512 bytes @ 0x00403400) -- CPU is running -- CPU_ReadMem(512 bytes @ 0x00403600) -- CPU is running -- CPU_ReadMem(512 bytes @ 0x00403800)
 -- CPU is running -- CPU_ReadMem(512 bytes @ 0x00403A00) -- CPU is running -- CPU_ReadMem(512 bytes @ 0x00403C00) -- CPU is running -- CPU_ReadMem(512 bytes @ 0x00403E00) -- CRC does not match for sectors 0-31 -- Comparing range 0x404000 - 0x413FFF (16 Sectors, 64 KB), using multi-block CRC calculation -- CPU is running -- CPU_ReadMem(4096 bytes @ 0x00404000) -- CPU is running -- CPU_ReadMem(4096 bytes @ 0x00405000) -- CPU is running -- CPU_ReadMem(4096 bytes @ 0x00406000) -- CPU is running
 -- CPU_ReadMem(4096 bytes @ 0x00407000) -- CPU is running -- CPU_ReadMem(4096 bytes @ 0x00408000) -- CPU is running -- CPU_ReadMem(4096 bytes @ 0x00409000) -- CPU is running -- CPU_ReadMem(4096 bytes @ 0x0040A000) -- CPU is running -- CPU_ReadMem(4096 bytes @ 0x0040B000) -- CPU is running -- CPU_ReadMem(4096 bytes @ 0x0040C000) -- CPU is running -- CPU_ReadMem(4096 bytes @ 0x0040D000) -- CPU is running -- CPU_ReadMem(4096 bytes @ 0x0040E000) -- CPU is running -- CPU_ReadMem(4096 bytes @ 0x0040F000)
 -- CPU is running -- CPU_ReadMem(4096 bytes @ 0x00410000) -- CPU is running -- CPU_ReadMem(4096 bytes @ 0x00411000) -- CPU is running -- CPU_ReadMem(4096 bytes @ 0x00412000) -- CPU is running -- CPU_ReadMem(4096 bytes @ 0x00413000) -- CRC does not match for sectors 0-15 -- Comparing range 0x414000 - 0x420FFF (13 Sectors, 52 KB), using multi-block CRC calculation -- CPU is running -- CPU_ReadMem(4096 bytes @ 0x00414000) -- CPU is running -- CPU_ReadMem(4096 bytes @ 0x00415000) -- CPU is running
 -- CPU_ReadMem(4096 bytes @ 0x00416000) -- CPU is running -- CPU_ReadMem(4096 bytes @ 0x00417000) -- CPU is running -- CPU_ReadMem(4096 bytes @ 0x00418000) -- CPU is running -- CPU_ReadMem(4096 bytes @ 0x00419000) -- CPU is running -- CPU_ReadMem(4096 bytes @ 0x0041A000) -- CPU is running -- CPU_ReadMem(4096 bytes @ 0x0041B000) -- CPU is running -- CPU_ReadMem(4096 bytes @ 0x0041C000) -- CPU is running -- CPU_ReadMem(4096 bytes @ 0x0041D000) -- CPU is running -- CPU_ReadMem(4096 bytes @ 0x0041E000)
 -- CPU is running -- CPU_ReadMem(4096 bytes @ 0x0041F000) -- CPU is running -- CPU_ReadMem(4096 bytes @ 0x00420000) -- CRC does not match for sectors 0-12 -- End of comparing flash -- Start of erasing sectors -- End of erasing sectors -- Start of flash programming -- Programming range 0x00400000 - 0x00403FFF (032 Sectors, 16 KB) -- Programming range 0x00404000 - 0x00407FFF (004 Sectors, 16 KB) -- Programming range 0x00408000 - 0x0040BFFF (004 Sectors, 16 KB)
 -- Programming range 0x0040C000 - 0x0040FFFF (004 Sectors, 16 KB) -- Programming range 0x00410000 - 0x00413FFF (004 Sectors, 16 KB) -- Programming range 0x00414000 - 0x00417FFF (004 Sectors, 16 KB) -- Programming range 0x00418000 - 0x0041BFFF (004 Sectors, 16 KB) -- Programming range 0x0041C000 - 0x0041FFFF (004 Sectors, 16 KB) -- Programming range 0x00420000 - 0x00420FFF (001 Sector, 4 KB) -- End of flash programming -- Flash programming performed for 2 ranges (135168 bytes)
 -- 0x400000 - 0x403FFF (032 Sectors, 16 KB) -- 0x404000 - 0x420FFF (029 Sectors, 116 KB) -- Start of verifying flash -- Checksum calculation was estimated as fastest method -- Checksum calculation was estimated as fastest method -- End of verifying flash -- Start of restoring -- Restore RAMCode -- Restore content of target memory -- Restore target -- Restore memory -- Restore content of registers -- End of restoring
 -- Total time needed: 2.349s (Prepare: 0.097s, Compare: 0.878s, Erase: 0.000s, Program: 1.283s, Verify: 0.083s, Restore: 0.006s)  returns 0xFFFFFFFE (2352ms, 3052ms total)
T1D84 1797:382 JLINK_Halt()  returns 0x00 (0001ms, 3053ms total)
T1D84 1797:383 JLINK_ReadReg(R15 (PC))  returns 0xFFFFFFFE (0000ms, 3053ms total)
T1D84 1797:383 JLINK_ReadReg(R13 (SP))  returns 0xFFFFFFFC (0000ms, 3053ms total)
T1D84 1797:399 JLINK_ReadReg(R0)  returns 0x400E1400 (0000ms, 3053ms total)
T1D84 1797:399 JLINK_ReadReg(R1)  returns 0x40C00000 (0000ms, 3053ms total)
T1D84 1797:399 JLINK_ReadReg(R2)  returns 0xA5000005 (0000ms, 3053ms total)
T1D84 1797:399 JLINK_ReadReg(R3)  returns 0x20000000 (0000ms, 3053ms total)
T1D84 1797:399 JLINK_ReadReg(R4)  returns 0x0040058D (0000ms, 3053ms total)
T1D84 1797:399 JLINK_ReadReg(R5)  returns 0x400E0600 (0000ms, 3053ms total)
T1D84 1797:399 JLINK_ReadReg(R6)  returns 0x0040125D (0000ms, 3053ms total)
T1D84 1797:399 JLINK_ReadReg(R7)  returns 0x20003428 (0000ms, 3053ms total)
T1D84 1797:399 JLINK_ReadReg(R8)  returns 0x66666666 (0000ms, 3053ms total)
T1D84 1797:399 JLINK_ReadReg(R9)  returns 0x3FF66666 (0000ms, 3053ms total)
T1D84 1797:399 JLINK_ReadReg(R10)  returns 0x400E0E00 (0000ms, 3053ms total)
T1D84 1797:399 JLINK_ReadReg(R11)  returns 0x400E1200 (0000ms, 3053ms total)
T1D84 1797:399 JLINK_ReadReg(R12)  returns 0x01010101 (0000ms, 3053ms total)
T1D84 1797:399 JLINK_ReadReg(R13 (SP))  returns 0xFFFFFFFC (0000ms, 3053ms total)
T1D84 1797:399 JLINK_ReadReg(R14)  returns 0xFFFFFFFF (0000ms, 3053ms total)
T1D84 1797:399 JLINK_ReadReg(R15 (PC))  returns 0xFFFFFFFE (0000ms, 3053ms total)
T1D84 1797:399 JLINK_ReadReg(XPSR)  returns 0x01000000 (0000ms, 3053ms total)
T1D84 1797:399 JLINK_ReadReg(MSP)  returns 0xFFFFFFFC (0000ms, 3053ms total)
T1D84 1797:399 JLINK_ReadReg(PSP)  returns 0x9A502D5C (0000ms, 3053ms total)
T1D84 1797:399 JLINK_ReadReg(PRIMASK)  returns 0x00000000 (0000ms, 3053ms total)
T1D84 1797:399 JLINK_ReadReg(BASEPRI)  returns 0x00000000 (0000ms, 3053ms total)
T1D84 1797:399 JLINK_ReadReg(FAULTMASK)  returns 0x00000000 (0000ms, 3053ms total)
T1D84 1797:399 JLINK_ReadReg(CONTROL)  returns 0x00000000 (0000ms, 3053ms total)
T1D84 1797:419 JLINK_EndDownload()  returns 0x00 (0000ms, 3053ms total)
T1D84 1797:419 JLINK_Reset() -- CPU_ReadMem(16 bytes @ 0x20000000) -- CPU_WriteMem(16 bytes @ 0x20000000) -- CPU_ReadMem(4 bytes @ 0xE000EDFC) -- CPU_WriteMem(4 bytes @ 0xE000EDFC) -- CPU_ReadMem(4 bytes @ 0xE0001000) -- CPU_WriteMem(4 bytes @ 0xE000EDFC) -- CPU_WriteMem(16 bytes @ 0x20000000) -- CPU_WriteMem(4 bytes @ 0xE0002000) -- CPU_ReadMem(4 bytes @ 0xE000EDFC) -- CPU_ReadMem(4 bytes @ 0xE0001000) (0030ms, 3083ms total)
T1A70 1797:449 JLINK_IsHalted()  returns TRUE (0000ms, 3083ms total)
T1A70 1797:449 JLINK_GetMOEs(...) -- CPU_ReadMem(4 bytes @ 0xE000ED30) -- CPU_WriteMem(4 bytes @ 0xE000ED30)  returns 0x01 (0002ms, 3085ms total)
T1A70 1797:451 JLINK_ReadReg(R15 (PC))  returns 0x004014C4 (0000ms, 3085ms total)
T1D84 1797:459 JLINK_ReadReg(R15 (PC))  returns 0x004014C4 (0000ms, 3085ms total)
T1D84 1797:459 JLINK_ReadReg(R13 (SP))  returns 0x20003D40 (0000ms, 3085ms total)
T1D84 1797:467 JLINK_ReadMemHW(0x004014C4, 0x0004 Bytes, ...) -- CPU_ReadMem(4 bytes @ 0x004014C4) - Data: 08 B5 20 4B  returns 0x00 (0001ms, 3086ms total)
T1D84 1797:489 JLINK_ReadMemHW(0x0040196C, 0x0001 Bytes, ...) -- CPU_ReadMem(1 bytes @ 0x0040196C) - Data: 80  returns 0x00 (0001ms, 3087ms total)
T1D84 1797:540 JLINK_ReadReg(R15 (PC))  returns 0x004014C4 (0000ms, 3087ms total)
T1D84 1797:540 JLINK_GetNumBPUnits(Type = 0xFFFFFF02)  returns 0x06 (0000ms, 3087ms total)
T1D84 1797:540 JLINK_SetBPEx(Addr = 0x0040196C, Type = 0xFFFFFF02)  returns 0x00000001 (0000ms, 3087ms total)
T1D84 1797:540 JLINK_GetBPInfo(BPHandle = 1)  returns 0x00 (0000ms, 3087ms total)
T1D84 1797:540 JLINK_Go() -- CPU_ReadMem(4 bytes @ 0xE0001000) -- CPU_WriteMem(4 bytes @ 0xE0002008) -- CPU_WriteMem(4 bytes @ 0xE000200C) -- CPU_WriteMem(4 bytes @ 0xE0002010) -- CPU_WriteMem(4 bytes @ 0xE0002014) -- CPU_WriteMem(4 bytes @ 0xE0002018) -- CPU_WriteMem(4 bytes @ 0xE000201C) -- CPU_WriteMem(4 bytes @ 0xE0001004) (0009ms, 3096ms total)
T1A70 1797:549 JLINK_IsHalted()  returns FALSE (0001ms, 3097ms total)
T1A70 1797:570 JLINK_IsHalted()  returns TRUE (0003ms, 3099ms total)
T1A70 1797:573 JLINK_GetMOEs(...) -- CPU_ReadMem(4 bytes @ 0xE000ED30) -- CPU_WriteMem(4 bytes @ 0xE000ED30)  returns 0x01 (0002ms, 3098ms total)
T1A70 1797:575 JLINK_ReadReg(R15 (PC))  returns 0x0040196C (0000ms, 3098ms total)
T1A70 1797:575 JLINK_GetBPInfo(BPHandle = 1)  returns 0x00 (0000ms, 3098ms total)
T1A70 1797:575 JLINK_ClrBPEx(BPHandle = 0x00000001)  returns 0x00 (0000ms, 3098ms total)
T1D84 1797:579 JLINK_ReadReg(R15 (PC))  returns 0x0040196C (0000ms, 3098ms total)
T1D84 1797:579 JLINK_ReadReg(R13 (SP))  returns 0x20003D38 (0000ms, 3098ms total)
T1D84 1797:579 JLINK_ReadMemHW(0x0040196C, 0x0004 Bytes, ...) -- CPU_ReadMem(4 bytes @ 0x0040196C) - Data: 80 B5 82 B0  returns 0x00 (0001ms, 3099ms total)
T1D84 1797:591 JLINK_ReadReg(R15 (PC))  returns 0x0040196C (0000ms, 3099ms total)
T1D84 1797:591 JLINK_Go() -- CPU_ReadMem(4 bytes @ 0xE0001000) -- CPU_WriteMem(4 bytes @ 0xE0002008) (0003ms, 3102ms total)
T1A70 1797:594 JLINK_IsHalted()  returns FALSE (0001ms, 3103ms total)
T1A70 1797:635 JLINK_IsHalted()  returns FALSE (0001ms, 3103ms total)
T1A70 1797:796 JLINK_IsHalted()  returns FALSE (0001ms, 3103ms total)
T1A70 1798:437 JLINK_IsHalted()  returns FALSE (0002ms, 3104ms total)
T1A70 1799:079 JLINK_IsHalted()  returns FALSE (0001ms, 3103ms total)
T1A70 1799:720 JLINK_IsHalted()  returns FALSE (0002ms, 3104ms total)
T1A70 1800:362 JLINK_IsHalted()  returns FALSE (0001ms, 3103ms total)
T1A70 1801:003 JLINK_IsHalted()  returns FALSE (0002ms, 3104ms total)
T1A70 1801:645 JLINK_IsHalted()  returns FALSE (0001ms, 3103ms total)
T1A70 1802:286 JLINK_IsHalted()  returns FALSE (0002ms, 3104ms total)
T1A70 1802:928 JLINK_IsHalted()  returns FALSE (0001ms, 3103ms total)
T1A70 1803:569 JLINK_IsHalted()  returns FALSE (0002ms, 3104ms total)
T1A70 1804:211 JLINK_IsHalted()  returns FALSE (0001ms, 3103ms total)
T1A70 1804:852 JLINK_IsHalted()  returns FALSE (0002ms, 3104ms total)
T1A70 1805:494 JLINK_IsHalted()  returns FALSE (0001ms, 3103ms total)
T1A70 1806:135 JLINK_IsHalted()  returns FALSE (0002ms, 3104ms total)
T1A70 1806:777 JLINK_IsHalted()  returns FALSE (0001ms, 3103ms total)
T1A70 1807:418 JLINK_IsHalted()  returns FALSE (0002ms, 3104ms total)
T1A70 1808:060 JLINK_IsHalted()  returns FALSE (0001ms, 3103ms total)
T1A70 1808:701 JLINK_IsHalted()  returns FALSE (0002ms, 3104ms total)
T1A70 1809:343 JLINK_IsHalted()  returns FALSE (0001ms, 3103ms total)
T1A70 1809:984 JLINK_IsHalted()  returns FALSE (0002ms, 3104ms total)
T1A70 1810:626 JLINK_IsHalted()  returns FALSE (0001ms, 3103ms total)
T1A70 1811:267 JLINK_IsHalted()  returns FALSE (0002ms, 3104ms total)
T1A70 1811:909 JLINK_IsHalted()  returns FALSE (0001ms, 3103ms total)
T1A70 1812:550 JLINK_IsHalted()  returns FALSE (0002ms, 3104ms total)
T1A70 1813:192 JLINK_IsHalted()  returns FALSE (0001ms, 3103ms total)
T1A70 1813:834 JLINK_IsHalted()  returns FALSE (0002ms, 3104ms total)
T1A70 1814:476 JLINK_IsHalted()  returns FALSE (0001ms, 3103ms total)
T1A70 1815:117 JLINK_IsHalted()  returns FALSE (0002ms, 3104ms total)
T1A70 1815:759 JLINK_IsHalted()  returns FALSE (0001ms, 3103ms total)
T1A70 1816:400 JLINK_IsHalted()  returns FALSE (0002ms, 3104ms total)
T1A70 1817:042 JLINK_IsHalted()  returns FALSE (0001ms, 3103ms total)
T1A70 1817:683 JLINK_IsHalted()  returns FALSE (0002ms, 3104ms total)
T1A70 1818:325 JLINK_IsHalted()  returns FALSE (0001ms, 3103ms total)
T1A70 1818:966 JLINK_IsHalted()  returns FALSE (0002ms, 3104ms total)
T1A70 1819:608 JLINK_IsHalted()  returns FALSE (0001ms, 3103ms total)
T1A70 1820:249 JLINK_IsHalted()  returns FALSE (0002ms, 3104ms total)
T1A70 1820:891 JLINK_IsHalted()  returns FALSE (0001ms, 3103ms total)
T1A70 1821:532 JLINK_IsHalted()  returns FALSE (0002ms, 3104ms total)
T1A70 1822:174 JLINK_IsHalted()  returns FALSE (0001ms, 3103ms total)
T1A70 1822:815 JLINK_IsHalted()  returns FALSE (0002ms, 3104ms total)
T1A70 1823:457 JLINK_IsHalted()  returns FALSE (0001ms, 3103ms total)
T1A70 1824:098 JLINK_IsHalted()  returns FALSE (0002ms, 3104ms total)
T1A70 1824:740 JLINK_IsHalted()  returns FALSE (0001ms, 3103ms total)
T1A70 1825:381 JLINK_IsHalted()  returns FALSE (0002ms, 3104ms total)
T1A70 1826:023 JLINK_IsHalted()  returns FALSE (0001ms, 3103ms total)
T1A70 1826:664 JLINK_IsHalted()  returns FALSE (0002ms, 3104ms total)
T1A70 1827:306 JLINK_IsHalted()  returns FALSE (0001ms, 3103ms total)
T1A70 1827:947 JLINK_IsHalted()  returns FALSE (0002ms, 3104ms total)
T1D84 1828:532 JLINK_Halt()  returns 0x00 (0004ms, 3106ms total)
T1A70 1828:589 JLINK_IsHalted()  returns TRUE (0001ms, 3107ms total)
T1A70 1828:590 JLINK_GetMOEs(...) -- CPU_ReadMem(4 bytes @ 0xE000ED30) -- CPU_WriteMem(4 bytes @ 0xE000ED30)  returns 0x01 (0002ms, 3108ms total)
T1A70 1828:592 JLINK_ReadReg(R15 (PC))  returns 0x0040123E (0000ms, 3108ms total)
T1A70 1828:792 JLINK_IsHalted()  returns TRUE (0000ms, 3108ms total)
T2320 1828:792 JLINK_ResetPullsRESET(ON) (0000ms, 3108ms total)
T2320 1828:792 JLINK_ResetNoHalt() >0x2F8 JTAG>TotalIRLen = 4, IRPrint = 0x01 >0x30 JTAG> >0x210 JTAG> >0x70 JTAG> >0x40 JTAG> >0x40 JTAG> >0x40 JTAG> >0x48 JTAG> >0x78 JTAG> >0x40 JTAG> >0x30 JTAG> >0x40 JTAG> >0x40 JTAG> >0x30 JTAG> >0x40 JTAG> >0x48 JTAG>Found Cortex-M4 r0p1, Little endian. -- CPU_WriteMem(4 bytes @ 0xE0002000) -- CPU_ReadMem(4 bytes @ 0xE000EDF0) -- CPU_ReadMem(4 bytes @ 0xE0002000)FPUnit: 6 code (BP) slots and 2 literal slots -- CPU_ReadMem(4 bytes @ 0xE000EDFC)
 -- CPU_ReadMem(4 bytes @ 0xE0001000) -- CPU_ReadMem(4 bytes @ 0xE000ED88) -- CPU_WriteMem(4 bytes @ 0xE000ED88) -- CPU_ReadMem(4 bytes @ 0xE000ED88) -- CPU_WriteMem(4 bytes @ 0xE000ED88)CoreSight components:ROMTbl 0 @ E00FF000 -- CPU_ReadMem(16 bytes @ 0xE00FF000) -- CPU_ReadMem(16 bytes @ 0xE000EFF0) -- CPU_ReadMem(16 bytes @ 0xE000EFE0)ROMTbl 0 [0]: FFF0F000, CID: B105E00D, PID: 000BB000 SCS -- CPU_WriteMem(4 bytes @ 0xE0001000) -- CPU_ReadMem(16 bytes @ 0xE0001FF0)
 -- CPU_ReadMem(16 bytes @ 0xE0001FE0)ROMTbl 0 [1]: FFF02000, CID: B105E00D, PID: 003BB002 DWT -- CPU_ReadMem(16 bytes @ 0xE0002FF0) -- CPU_ReadMem(16 bytes @ 0xE0002FE0)ROMTbl 0 [2]: FFF03000, CID: B105E00D, PID: 002BB003 FPB -- CPU_ReadMem(16 bytes @ 0xE0000FF0) -- CPU_ReadMem(16 bytes @ 0xE0000FE0)ROMTbl 0 [3]: FFF01000, CID: B105E00D, PID: 003BB001 ITM -- CPU_ReadMem(16 bytes @ 0xE00FF010) -- CPU_ReadMem(16 bytes @ 0xE0040FF0) -- CPU_ReadMem(16 bytes @ 0xE0040FE0)
ROMTbl 0 [4]: FFF41000, CID: B105900D, PID: 000BB9A1 TPIU
                JLINK_Reset() -- CPU_ReadMem(16 bytes @ 0x20000000) -- CPU_WriteMem(16 bytes @ 0x20000000) -- CPU_ReadMem(4 bytes @ 0xE000EDFC) -- CPU_WriteMem(4 bytes @ 0xE000EDFC) -- CPU_ReadMem(4 bytes @ 0xE0001000) -- CPU_WriteMem(4 bytes @ 0xE000EDFC) -- CPU_WriteMem(16 bytes @ 0x20000000) -- CPU_WriteMem(4 bytes @ 0xE0002000) -- CPU_ReadMem(4 bytes @ 0xE000EDFC) -- CPU_ReadMem(4 bytes @ 0xE0001000) (0032ms, 0032ms total)
                JLINK_Go() -- CPU_ReadMem(4 bytes @ 0xE0001000) -- CPU_WriteMem(4 bytes @ 0xE0002008) -- CPU_WriteMem(4 bytes @ 0xE000200C) -- CPU_WriteMem(4 bytes @ 0xE0002010) -- CPU_WriteMem(4 bytes @ 0xE0002014) -- CPU_WriteMem(4 bytes @ 0xE0002018) -- CPU_WriteMem(4 bytes @ 0xE000201C) -- CPU_WriteMem(4 bytes @ 0xE0001004) (0009ms, 0041ms total)
               (0082ms, 3190ms total)
T2320 1828:879 JLINK_Close() -- CPU is running -- CPU_WriteMem(4 bytes @ 0xE0002008) -- CPU is running -- CPU_WriteMem(4 bytes @ 0xE000200C) -- CPU is running -- CPU_WriteMem(4 bytes @ 0xE0002010) -- CPU is running -- CPU_WriteMem(4 bytes @ 0xE0002014) -- CPU is running -- CPU_WriteMem(4 bytes @ 0xE0002018) -- CPU is running -- CPU_WriteMem(4 bytes @ 0xE000201C) >0x78 JTAG> >0x08 JTAG> (0012ms, 3202ms total)
T2320 1828:879  (0012ms, 3202ms total)
T2320 1828:879 Closed (0012ms, 3202ms total)
