T23F0 7850:165 SEGGER J-Link V4.98e Log File (0000ms, 38751ms total)
T23F0 7850:165 DLL Compiled: May  5 2015 11:00:52 (0000ms, 38751ms total)
T23F0 7850:165 Logging started @ 2016-08-24 18:04 (0000ms, 38751ms total)
T23F0 7850:170 JLINK_ExecCommand("Device = AT91SAM4SD32C", ...)Device "ATSAM4SD32C" selected.  returns 0x00 (0001ms, 38752ms total)
T23F0 7850:280 JLINK_ExecCommand("ProjectFile = T:\11012986\Entregas\20 - UART\20-UART\jlink.config", ...)  returns 0x00 (0001ms, 38753ms total)
T23F0 7850:286 JLINK_ExecCommand("Device = AT91SAM4SD32C", ...)Device "ATSAM4SD32C" selected.  returns 0x00 (0000ms, 38753ms total)
T23F0 7850:286 JLINK_TIF_Select(JLINKARM_TIF_JTAG)  returns 0x00 (0006ms, 38759ms total)
T23F0 7850:292 JLINK_GetIdData(...) >0x2F8 JTAG>TotalIRLen = 4, IRPrint = 0x01 >0x30 JTAG> >0x210 JTAG> >0x70 JTAG> >0x40 JTAG> >0x40 JTAG> >0x40 JTAG> >0x48 JTAG> >0x78 JTAG> >0x40 JTAG> >0x30 JTAG> >0x40 JTAG> >0x40 JTAG> >0x30 JTAG> >0x40 JTAG> >0x48 JTAG>Found Cortex-M4 r0p1, Little endian. -- CPU_WriteMem(4 bytes @ 0xE0002000) -- CPU_ReadMem(4 bytes @ 0xE000EDF0) -- CPU_ReadMem(4 bytes @ 0xE0002000)FPUnit: 6 code (BP) slots and 2 literal slots -- CPU_ReadMem(4 bytes @ 0xE000EDFC)
 -- CPU_ReadMem(4 bytes @ 0xE0001000) -- CPU_WriteMem(4 bytes @ 0xE0001000) -- CPU_ReadMem(4 bytes @ 0xE000ED88) -- CPU_WriteMem(4 bytes @ 0xE000ED88) -- CPU_ReadMem(4 bytes @ 0xE000ED88) -- CPU_WriteMem(4 bytes @ 0xE000ED88)CoreSight components:ROMTbl 0 @ E00FF000 -- CPU_ReadMem(16 bytes @ 0xE00FF000) -- CPU_ReadMem(16 bytes @ 0xE000EFF0) -- CPU_ReadMem(16 bytes @ 0xE000EFE0)ROMTbl 0 [0]: FFF0F000, CID: B105E00D, PID: 000BB000 SCS -- CPU_ReadMem(16 bytes @ 0xE0001FF0)
 -- CPU_ReadMem(16 bytes @ 0xE0001FE0)ROMTbl 0 [1]: FFF02000, CID: B105E00D, PID: 003BB002 DWT -- CPU_ReadMem(16 bytes @ 0xE0002FF0) -- CPU_ReadMem(16 bytes @ 0xE0002FE0)ROMTbl 0 [2]: FFF03000, CID: B105E00D, PID: 002BB003 FPB -- CPU_ReadMem(16 bytes @ 0xE0000FF0) -- CPU_ReadMem(16 bytes @ 0xE0000FE0)ROMTbl 0 [3]: FFF01000, CID: B105E00D, PID: 003BB001 ITM -- CPU_ReadMem(16 bytes @ 0xE00FF010) -- CPU_ReadMem(16 bytes @ 0xE0040FF0) -- CPU_ReadMem(16 bytes @ 0xE0040FE0)
ROMTbl 0 [4]: FFF41000, CID: B105900D, PID: 000BB9A1 TPIU ScanLen=4 NumDevices=1 aId[0]=0x4BA00477 aIrRead[0]=0 aScanLen[0]=0 aScanRead[0]=0 (0051ms, 38810ms total)
T23F0 7850:343 JLINK_ConfigJTAG(IRPre = 0, DRPre = 0) (0000ms, 38810ms total)
T23F0 7850:343 JLINK_SetSpeed(1000) (0001ms, 38811ms total)
T23F0 7850:344 JLINK_ResetPullsRESET(OFF) (0000ms, 38811ms total)
T23F0 7850:344 JLINK_Connect() >0x2F8 JTAG>TotalIRLen = 4, IRPrint = 0x01 >0x30 JTAG> >0x210 JTAG> >0x70 JTAG> >0x40 JTAG> >0x40 JTAG> >0x40 JTAG> >0x48 JTAG> >0x78 JTAG> >0x40 JTAG> >0x30 JTAG> >0x40 JTAG> >0x40 JTAG> >0x30 JTAG> >0x40 JTAG> >0x48 JTAG>Found Cortex-M4 r0p1, Little endian. -- CPU_WriteMem(4 bytes @ 0xE0002000) -- CPU_ReadMem(4 bytes @ 0xE000EDF0) -- CPU_ReadMem(4 bytes @ 0xE0002000)FPUnit: 6 code (BP) slots and 2 literal slots -- CPU_ReadMem(4 bytes @ 0xE000EDFC)
 -- CPU_ReadMem(4 bytes @ 0xE0001000) -- CPU_WriteMem(4 bytes @ 0xE0001000) -- CPU_ReadMem(4 bytes @ 0xE000ED88) -- CPU_WriteMem(4 bytes @ 0xE000ED88) -- CPU_ReadMem(4 bytes @ 0xE000ED88) -- CPU_WriteMem(4 bytes @ 0xE000ED88)CoreSight components:ROMTbl 0 @ E00FF000 -- CPU_ReadMem(16 bytes @ 0xE00FF000) -- CPU_ReadMem(16 bytes @ 0xE000EFF0) -- CPU_ReadMem(16 bytes @ 0xE000EFE0)ROMTbl 0 [0]: FFF0F000, CID: B105E00D, PID: 000BB000 SCS -- CPU_ReadMem(16 bytes @ 0xE0001FF0)
 -- CPU_ReadMem(16 bytes @ 0xE0001FE0)ROMTbl 0 [1]: FFF02000, CID: B105E00D, PID: 003BB002 DWT -- CPU_ReadMem(16 bytes @ 0xE0002FF0) -- CPU_ReadMem(16 bytes @ 0xE0002FE0)ROMTbl 0 [2]: FFF03000, CID: B105E00D, PID: 002BB003 FPB -- CPU_ReadMem(16 bytes @ 0xE0000FF0) -- CPU_ReadMem(16 bytes @ 0xE0000FE0)ROMTbl 0 [3]: FFF01000, CID: B105E00D, PID: 003BB001 ITM -- CPU_ReadMem(16 bytes @ 0xE00FF010) -- CPU_ReadMem(16 bytes @ 0xE0040FF0) -- CPU_ReadMem(16 bytes @ 0xE0040FE0)
ROMTbl 0 [4]: FFF41000, CID: B105900D, PID: 000BB9A1 TPIU  returns 0x00 (0046ms, 38857ms total)
T23F0 7850:390 JLINK_GetDebugInfo(0x100) -- Value=0xE00FF003  returns 0x00 (0001ms, 38858ms total)
T23F0 7850:391 JLINK_ReadMem (0xE00FFFF0, 0x0010 Bytes, ...) -- CPU is running -- CPU_ReadMem(16 bytes @ 0xE00FFFF0) - Data: 0D 00 00 00 10 00 00 00 05 00 00 00 B1 00 00 00  returns 0x00 (0002ms, 38860ms total)
T23F0 7850:393 JLINK_ReadMem (0xE00FFFD0, 0x0020 Bytes, ...) -- CPU is running -- CPU_ReadMem(32 bytes @ 0xE00FFFD0) - Data: 04 00 00 00 00 00 00 00 00 00 00 00 00 00 00 00 ...  returns 0x00 (0002ms, 38862ms total)
T23F0 7850:395 JLINK_ReadMemU32(0xE00FF000, 0x0001 Items, ...) -- CPU is running -- CPU_ReadMem(4 bytes @ 0xE00FF000) - Data: 03 F0 F0 FF  returns 0x01 (0001ms, 38863ms total)
T23F0 7850:396 JLINK_ReadMem (0xE000EFF0, 0x0010 Bytes, ...) -- CPU is running -- CPU_ReadMem(16 bytes @ 0xE000EFF0) - Data: 0D 00 00 00 E0 00 00 00 05 00 00 00 B1 00 00 00  returns 0x00 (0001ms, 38864ms total)
T23F0 7850:397 JLINK_ReadMem (0xE000EFD0, 0x0020 Bytes, ...) -- CPU is running -- CPU_ReadMem(32 bytes @ 0xE000EFD0) - Data: 04 00 00 00 00 00 00 00 00 00 00 00 00 00 00 00 ...  returns 0x00 (0002ms, 38866ms total)
T23F0 7850:399 JLINK_ReadMemU32(0xE00FF004, 0x0001 Items, ...) -- CPU is running -- CPU_ReadMem(4 bytes @ 0xE00FF004) - Data: 03 20 F0 FF  returns 0x01 (0001ms, 38867ms total)
T23F0 7850:400 JLINK_ReadMem (0xE0001FF0, 0x0010 Bytes, ...) -- CPU is running -- CPU_ReadMem(16 bytes @ 0xE0001FF0) - Data: 0D 00 00 00 E0 00 00 00 05 00 00 00 B1 00 00 00  returns 0x00 (0001ms, 38868ms total)
T23F0 7850:401 JLINK_ReadMem (0xE0001FD0, 0x0020 Bytes, ...) -- CPU is running -- CPU_ReadMem(32 bytes @ 0xE0001FD0) - Data: 04 00 00 00 00 00 00 00 00 00 00 00 00 00 00 00 ...  returns 0x00 (0002ms, 38870ms total)
T23F0 7850:403 JLINK_ReadMemU32(0xE00FF008, 0x0001 Items, ...) -- CPU is running -- CPU_ReadMem(4 bytes @ 0xE00FF008) - Data: 03 30 F0 FF  returns 0x01 (0001ms, 38871ms total)
T23F0 7850:404 JLINK_ReadMem (0xE0002FF0, 0x0010 Bytes, ...) -- CPU is running -- CPU_ReadMem(16 bytes @ 0xE0002FF0) - Data: 0D 00 00 00 E0 00 00 00 05 00 00 00 B1 00 00 00  returns 0x00 (0001ms, 38872ms total)
T23F0 7850:405 JLINK_ReadMem (0xE0002FD0, 0x0020 Bytes, ...) -- CPU is running -- CPU_ReadMem(32 bytes @ 0xE0002FD0) - Data: 04 00 00 00 00 00 00 00 00 00 00 00 00 00 00 00 ...  returns 0x00 (0002ms, 38874ms total)
T23F0 7850:407 JLINK_ReadMemU32(0xE00FF00C, 0x0001 Items, ...) -- CPU is running -- CPU_ReadMem(4 bytes @ 0xE00FF00C) - Data: 03 10 F0 FF  returns 0x01 (0001ms, 38875ms total)
T23F0 7850:408 JLINK_ReadMem (0xE0000FF0, 0x0010 Bytes, ...) -- CPU is running -- CPU_ReadMem(16 bytes @ 0xE0000FF0) - Data: 0D 00 00 00 E0 00 00 00 05 00 00 00 B1 00 00 00  returns 0x00 (0001ms, 38876ms total)
T23F0 7850:409 JLINK_ReadMem (0xE0000FD0, 0x0020 Bytes, ...) -- CPU is running -- CPU_ReadMem(32 bytes @ 0xE0000FD0) - Data: 04 00 00 00 00 00 00 00 00 00 00 00 00 00 00 00 ...  returns 0x00 (0002ms, 38878ms total)
T23F0 7850:411 JLINK_ReadMemU32(0xE00FF010, 0x0001 Items, ...) -- CPU is running -- CPU_ReadMem(4 bytes @ 0xE00FF010) - Data: 03 10 F4 FF  returns 0x01 (0002ms, 38880ms total)
T23F0 7850:413 JLINK_ReadMem (0xE0040FF0, 0x0010 Bytes, ...) -- CPU is running -- CPU_ReadMem(16 bytes @ 0xE0040FF0) - Data: 0D 00 00 00 90 00 00 00 05 00 00 00 B1 00 00 00  returns 0x00 (0001ms, 38881ms total)
T23F0 7850:414 JLINK_ReadMem (0xE0040FD0, 0x0020 Bytes, ...) -- CPU is running -- CPU_ReadMem(32 bytes @ 0xE0040FD0) - Data: 04 00 00 00 00 00 00 00 00 00 00 00 00 00 00 00 ...  returns 0x00 (0002ms, 38883ms total)
T23F0 7850:416 JLINK_ReadMemU32(0xE00FF014, 0x0001 Items, ...) -- CPU is running -- CPU_ReadMem(4 bytes @ 0xE00FF014) - Data: 02 20 F4 FF  returns 0x01 (0001ms, 38884ms total)
T23F0 7850:417 JLINK_ReadMemU32(0xE00FF018, 0x0001 Items, ...) -- CPU is running -- CPU_ReadMem(4 bytes @ 0xE00FF018) - Data: 00 00 00 00  returns 0x01 (0001ms, 38885ms total)
T23F0 7850:418 JLINK_ReadMem (0xE0001000, 0x0004 Bytes, ...) -- CPU is running -- CPU_ReadMem(4 bytes @ 0xE0001000) - Data: 01 00 00 40  returns 0x00 (0001ms, 38886ms total)
T23F0 7850:419 JLINK_ReadMem (0xE0001000, 0x0004 Bytes, ...) -- CPU is running -- CPU_ReadMem(4 bytes @ 0xE0001000) - Data: 01 00 00 40  returns 0x00 (0001ms, 38887ms total)
T23F0 7850:420 JLINK_ReadMem (0xE0001028, 0x0004 Bytes, ...) -- CPU is running -- CPU_ReadMem(4 bytes @ 0xE0001028) - Data: 00 00 00 00  returns 0x00 (0001ms, 38888ms total)
T23F0 7850:421 JLINK_WriteMem(0xE0001028, 0x0004 Bytes, ...) - Data: 00 01 00 00 -- CPU is running -- CPU_WriteMem(4 bytes @ 0xE0001028)  returns 0x04 (0001ms, 38889ms total)
T23F0 7850:422 JLINK_ReadMem (0xE0001028, 0x0004 Bytes, ...) -- CPU is running -- CPU_ReadMem(4 bytes @ 0xE0001028) - Data: 00 00 00 00  returns 0x00 (0001ms, 38890ms total)
T23F0 7850:423 JLINK_ReadMem (0xE0001038, 0x0004 Bytes, ...) -- CPU is running -- CPU_ReadMem(4 bytes @ 0xE0001038) - Data: 00 02 00 00  returns 0x00 (0001ms, 38891ms total)
T23F0 7850:424 JLINK_WriteMem(0xE0001038, 0x0004 Bytes, ...) - Data: 00 03 00 00 -- CPU is running -- CPU_WriteMem(4 bytes @ 0xE0001038)  returns 0x04 (0001ms, 38892ms total)
T23F0 7850:425 JLINK_ReadMem (0xE0001038, 0x0004 Bytes, ...) -- CPU is running -- CPU_ReadMem(4 bytes @ 0xE0001038) - Data: 00 03 00 00  returns 0x00 (0001ms, 38893ms total)
T23F0 7850:426 JLINK_ReadMem (0xE0001048, 0x0004 Bytes, ...) -- CPU is running -- CPU_ReadMem(4 bytes @ 0xE0001048) - Data: 00 00 00 00  returns 0x00 (0001ms, 38894ms total)
T23F0 7850:427 JLINK_WriteMem(0xE0001048, 0x0004 Bytes, ...) - Data: 00 01 00 00 -- CPU is running -- CPU_WriteMem(4 bytes @ 0xE0001048)  returns 0x04 (0001ms, 38895ms total)
T23F0 7850:428 JLINK_ReadMem (0xE0001048, 0x0004 Bytes, ...) -- CPU is running -- CPU_ReadMem(4 bytes @ 0xE0001048) - Data: 00 00 00 00  returns 0x00 (0001ms, 38896ms total)
T23F0 7850:429 JLINK_ReadMem (0xE0001058, 0x0004 Bytes, ...) -- CPU is running -- CPU_ReadMem(4 bytes @ 0xE0001058) - Data: 00 00 00 00  returns 0x00 (0001ms, 38897ms total)
T23F0 7850:430 JLINK_WriteMem(0xE0001058, 0x0004 Bytes, ...) - Data: 00 01 00 00 -- CPU is running -- CPU_WriteMem(4 bytes @ 0xE0001058)  returns 0x04 (0001ms, 38898ms total)
T23F0 7850:431 JLINK_ReadMem (0xE0001058, 0x0004 Bytes, ...) -- CPU is running -- CPU_ReadMem(4 bytes @ 0xE0001058) - Data: 00 00 00 00  returns 0x00 (0001ms, 38899ms total)
T23F0 7850:432 JLINK_ReadMem (0xE0001024, 0x0004 Bytes, ...) -- CPU is running -- CPU_ReadMem(4 bytes @ 0xE0001024) - Data: 00 00 00 00  returns 0x00 (0001ms, 38900ms total)
T23F0 7850:433 JLINK_WriteMem(0xE0001024, 0x0004 Bytes, ...) - Data: 1F 00 00 00 -- CPU is running -- CPU_WriteMem(4 bytes @ 0xE0001024)  returns 0x04 (0001ms, 38901ms total)
T23F0 7850:434 JLINK_ReadMem (0xE0001024, 0x0004 Bytes, ...) -- CPU is running -- CPU_ReadMem(4 bytes @ 0xE0001024) - Data: 0F 00 00 00  returns 0x00 (0001ms, 38902ms total)
T23F0 7850:435 JLINK_ReadMem (0xE0001034, 0x0004 Bytes, ...) -- CPU is running -- CPU_ReadMem(4 bytes @ 0xE0001034) - Data: 00 00 00 00  returns 0x00 (0001ms, 38903ms total)
T23F0 7850:436 JLINK_WriteMem(0xE0001034, 0x0004 Bytes, ...) - Data: 1F 00 00 00 -- CPU is running -- CPU_WriteMem(4 bytes @ 0xE0001034)  returns 0x04 (0001ms, 38904ms total)
T23F0 7850:437 JLINK_ReadMem (0xE0001034, 0x0004 Bytes, ...) -- CPU is running -- CPU_ReadMem(4 bytes @ 0xE0001034) - Data: 0F 00 00 00  returns 0x00 (0001ms, 38905ms total)
T23F0 7850:438 JLINK_ReadMem (0xE0001044, 0x0004 Bytes, ...) -- CPU is running -- CPU_ReadMem(4 bytes @ 0xE0001044) - Data: 00 00 00 00  returns 0x00 (0001ms, 38906ms total)
T23F0 7850:439 JLINK_WriteMem(0xE0001044, 0x0004 Bytes, ...) - Data: 1F 00 00 00 -- CPU is running -- CPU_WriteMem(4 bytes @ 0xE0001044)  returns 0x04 (0001ms, 38907ms total)
T23F0 7850:440 JLINK_ReadMem (0xE0001044, 0x0004 Bytes, ...) -- CPU is running -- CPU_ReadMem(4 bytes @ 0xE0001044) - Data: 0F 00 00 00  returns 0x00 (0001ms, 38908ms total)
T23F0 7850:441 JLINK_ReadMem (0xE0001054, 0x0004 Bytes, ...) -- CPU is running -- CPU_ReadMem(4 bytes @ 0xE0001054) - Data: 00 00 00 00  returns 0x00 (0001ms, 38909ms total)
T23F0 7850:442 JLINK_WriteMem(0xE0001054, 0x0004 Bytes, ...) - Data: 1F 00 00 00 -- CPU is running -- CPU_WriteMem(4 bytes @ 0xE0001054)  returns 0x04 (0001ms, 38910ms total)
T23F0 7850:443 JLINK_ReadMem (0xE0001054, 0x0004 Bytes, ...) -- CPU is running -- CPU_ReadMem(4 bytes @ 0xE0001054) - Data: 0F 00 00 00  returns 0x00 (0001ms, 38911ms total)
T23F0 7850:444 JLINK_ReadMem (0xE0001028, 0x0004 Bytes, ...) -- CPU is running -- CPU_ReadMem(4 bytes @ 0xE0001028) - Data: 00 00 00 00  returns 0x00 (0001ms, 38912ms total)
T23F0 7850:445 JLINK_ReadMem (0xE0001038, 0x0004 Bytes, ...) -- CPU is running -- CPU_ReadMem(4 bytes @ 0xE0001038) - Data: 00 03 00 00  returns 0x00 (0001ms, 38913ms total)
T23F0 7850:446 JLINK_ReadMem (0xE0001048, 0x0004 Bytes, ...) -- CPU is running -- CPU_ReadMem(4 bytes @ 0xE0001048) - Data: 00 00 00 00  returns 0x00 (0001ms, 38914ms total)
T23F0 7850:447 JLINK_ReadMem (0xE0001058, 0x0004 Bytes, ...) -- CPU is running -- CPU_ReadMem(4 bytes @ 0xE0001058) - Data: 00 00 00 00  returns 0x00 (0001ms, 38915ms total)
T23F0 7850:448 JLINK_WriteMem(0xE0001020, 0x0004 Bytes, ...) - Data: 00 00 00 00 -- CPU is running -- CPU_WriteMem(4 bytes @ 0xE0001020)  returns 0x04 (0001ms, 38916ms total)
T23F0 7850:449 JLINK_WriteMem(0xE0001024, 0x0004 Bytes, ...) - Data: 00 00 00 00 -- CPU is running -- CPU_WriteMem(4 bytes @ 0xE0001024)  returns 0x04 (0001ms, 38917ms total)
T23F0 7850:450 JLINK_WriteMem(0xE0001028, 0x0004 Bytes, ...) - Data: 00 00 00 00 -- CPU is running -- CPU_WriteMem(4 bytes @ 0xE0001028)  returns 0x04 (0001ms, 38918ms total)
T23F0 7850:451 JLINK_WriteMem(0xE0001030, 0x0004 Bytes, ...) - Data: 00 00 00 00 -- CPU is running -- CPU_WriteMem(4 bytes @ 0xE0001030)  returns 0x04 (0001ms, 38919ms total)
T23F0 7850:452 JLINK_WriteMem(0xE0001034, 0x0004 Bytes, ...) - Data: 00 00 00 00 -- CPU is running -- CPU_WriteMem(4 bytes @ 0xE0001034)  returns 0x04 (0001ms, 38920ms total)
T23F0 7850:453 JLINK_WriteMem(0xE0001038, 0x0004 Bytes, ...) - Data: 00 00 00 00 -- CPU is running -- CPU_WriteMem(4 bytes @ 0xE0001038)  returns 0x04 (0001ms, 38921ms total)
T23F0 7850:454 JLINK_WriteMem(0xE0001040, 0x0004 Bytes, ...) - Data: 00 00 00 00 -- CPU is running -- CPU_WriteMem(4 bytes @ 0xE0001040)  returns 0x04 (0001ms, 38922ms total)
T23F0 7850:455 JLINK_WriteMem(0xE0001044, 0x0004 Bytes, ...) - Data: 00 00 00 00 -- CPU is running -- CPU_WriteMem(4 bytes @ 0xE0001044)  returns 0x04 (0001ms, 38923ms total)
T23F0 7850:456 JLINK_WriteMem(0xE0001048, 0x0004 Bytes, ...) - Data: 00 00 00 00 -- CPU is running -- CPU_WriteMem(4 bytes @ 0xE0001048)  returns 0x04 (0001ms, 38924ms total)
T23F0 7850:457 JLINK_WriteMem(0xE0001050, 0x0004 Bytes, ...) - Data: 00 00 00 00 -- CPU is running -- CPU_WriteMem(4 bytes @ 0xE0001050)  returns 0x04 (0001ms, 38925ms total)
T23F0 7850:458 JLINK_WriteMem(0xE0001054, 0x0004 Bytes, ...) - Data: 00 00 00 00 -- CPU is running -- CPU_WriteMem(4 bytes @ 0xE0001054)  returns 0x04 (0001ms, 38926ms total)
T23F0 7850:459 JLINK_WriteMem(0xE0001058, 0x0004 Bytes, ...) - Data: 00 00 00 00 -- CPU is running -- CPU_WriteMem(4 bytes @ 0xE0001058)  returns 0x04 (0001ms, 38927ms total)
T23F0 7850:460 JLINK_Halt()  returns 0x00 (0008ms, 38935ms total)
T23F0 7850:468 JLINK_WriteMem(0x400E0A04, 0x0004 Bytes, ...) - Data: 0B 01 00 5A -- CPU_WriteMem(4 bytes @ 0x400E0A04)  returns 0x04 (0001ms, 38936ms total)
T23F0 7850:469 JLINK_ReadMem (0x400E0A08, 0x0004 Bytes, ...) -- CPU_ReadMem(4 bytes @ 0x400E0A08) - Data: 01 00 00 00  returns 0x00 (0001ms, 38937ms total)
T23F0 7850:470 JLINK_WriteMem(0x400E0A04, 0x0004 Bytes, ...) - Data: 0C 02 00 5A -- CPU_WriteMem(4 bytes @ 0x400E0A04)  returns 0x04 (0001ms, 38938ms total)
T23F0 7850:471 JLINK_ReadMem (0x400E0A08, 0x0004 Bytes, ...) -- CPU_ReadMem(4 bytes @ 0x400E0A08) - Data: 01 00 00 00  returns 0x00 (0001ms, 38939ms total)
T23F0 7850:472 JLINK_Reset() -- CPU_ReadMem(16 bytes @ 0x20000000) -- CPU_WriteMem(16 bytes @ 0x20000000) -- CPU_ReadMem(4 bytes @ 0xE000EDFC) -- CPU_WriteMem(4 bytes @ 0xE000EDFC) -- CPU_ReadMem(4 bytes @ 0xE0001000) -- CPU_WriteMem(4 bytes @ 0xE000EDFC) -- CPU_WriteMem(16 bytes @ 0x20000000) -- CPU_WriteMem(4 bytes @ 0xE0002000) -- CPU_ReadMem(4 bytes @ 0xE000EDFC) -- CPU_ReadMem(4 bytes @ 0xE0001000) (0039ms, 38978ms total)
T23F0 7850:512 JLINK_JTAG_GetDeviceID(DeviceIndex = 0)  returns 0x4BA00477 (0000ms, 38978ms total)
T23F0 7850:512 JLINK_ReadMemU32(0x400E0740, 0x0001 Items, ...) -- CPU_ReadMem(4 bytes @ 0x400E0740) - Data: E0 0E A7 29  returns 0x01 (0001ms, 38979ms total)
T23F0 7850:513 JLINK_ReadMemU32(0x400E0744, 0x0001 Items, ...) -- CPU_ReadMem(4 bytes @ 0x400E0744) - Data: 00 00 00 00  returns 0x01 (0001ms, 38980ms total)
T23F0 7850:514 JLINK_WriteMem(0x400E0A04, 0x0004 Bytes, ...) - Data: 05 00 00 5A -- CPU_WriteMem(4 bytes @ 0x400E0A04)  returns 0x04 (0001ms, 38981ms total)
T23F0 7850:515 JLINK_WriteMem(0x400E0C04, 0x0004 Bytes, ...) - Data: 05 00 00 5A -- CPU_WriteMem(4 bytes @ 0x400E0C04)  returns 0x04 (0001ms, 38982ms total)
T23F0 7850:516 JLINK_ReadMem (0x400E0A08, 0x0004 Bytes, ...) -- CPU_ReadMem(4 bytes @ 0x400E0A08) - Data: 00 00 00 00  returns 0x00 (0001ms, 38983ms total)
T23F0 7850:518 JLINK_ReadMem (0x400E0A08, 0x0004 Bytes, ...) -- CPU_ReadMem(4 bytes @ 0x400E0A08) - Data: 00 00 00 00  returns 0x00 (0001ms, 38984ms total)
T30B0 7850:522 JLINK_IsHalted()  returns TRUE (0000ms, 38984ms total)
T30B0 7850:522 JLINK_GetMOEs(...) -- CPU_ReadMem(4 bytes @ 0xE000ED30) -- CPU_WriteMem(4 bytes @ 0xE000ED30)  returns 0x01 (0002ms, 38986ms total)
T23F0 7850:524 JLINK_ReadMem (0x400E0A08, 0x0004 Bytes, ...) -- CPU_ReadMem(4 bytes @ 0x400E0A08) - Data: 00 00 00 00  returns 0x00 (0001ms, 38987ms total)
T30B0 7850:525 JLINK_ReadReg(R15 (PC))  returns 0x00400844 (0000ms, 38987ms total)
T23F0 7850:541 JLINK_ReadMem (0x400E0A08, 0x0004 Bytes, ...) -- CPU_ReadMem(4 bytes @ 0x400E0A08) - Data: 00 00 00 00  returns 0x00 (0001ms, 38988ms total)
T23F0 7850:606 JLINK_ReadMem (0x400E0A08, 0x0004 Bytes, ...) -- CPU_ReadMem(4 bytes @ 0x400E0A08) - Data: 00 00 00 00  returns 0x00 (0001ms, 38989ms total)
T30B0 7850:725 JLINK_IsHalted()  returns TRUE (0000ms, 38989ms total)
T23F0 7850:863 JLINK_ReadMem (0x400E0A08, 0x0004 Bytes, ...) -- CPU_ReadMem(4 bytes @ 0x400E0A08) - Data: 00 00 00 00  returns 0x00 (0001ms, 38990ms total)
T30B0 7850:925 JLINK_IsHalted()  returns TRUE (0000ms, 38990ms total)
T30B0 7851:125 JLINK_IsHalted()  returns TRUE (0001ms, 38991ms total)
T30B0 7851:326 JLINK_IsHalted()  returns TRUE (0000ms, 38990ms total)
T30B0 7851:526 JLINK_IsHalted()  returns TRUE (0001ms, 38991ms total)
T30B0 7851:727 JLINK_IsHalted()  returns TRUE (0001ms, 38991ms total)
T23F0 7851:864 JLINK_ReadMem (0x400E0A08, 0x0004 Bytes, ...) -- CPU_ReadMem(4 bytes @ 0x400E0A08) - Data: 00 00 00 00  returns 0x00 (0001ms, 38991ms total)
T23F0 7851:865 JLINK_ReadMem (0x400E0C08, 0x0004 Bytes, ...) -- CPU_ReadMem(4 bytes @ 0x400E0C08) - Data: 00 00 00 00  returns 0x00 (0001ms, 38992ms total)
T23F0 7851:867 JLINK_ReadMem (0x400E0C08, 0x0004 Bytes, ...) -- CPU_ReadMem(4 bytes @ 0x400E0C08) - Data: 00 00 00 00  returns 0x00 (0001ms, 38993ms total)
T23F0 7851:872 JLINK_ReadMem (0x400E0C08, 0x0004 Bytes, ...) -- CPU_ReadMem(4 bytes @ 0x400E0C08) - Data: 00 00 00 00  returns 0x00 (0001ms, 38994ms total)
T23F0 7851:889 JLINK_ReadMem (0x400E0C08, 0x0004 Bytes, ...) -- CPU_ReadMem(4 bytes @ 0x400E0C08) - Data: 00 00 00 00  returns 0x00 (0001ms, 38995ms total)
T30B0 7851:928 JLINK_IsHalted()  returns TRUE (0000ms, 38995ms total)
T23F0 7851:954 JLINK_ReadMem (0x400E0C08, 0x0004 Bytes, ...) -- CPU_ReadMem(4 bytes @ 0x400E0C08) - Data: 00 00 00 00  returns 0x00 (0001ms, 38996ms total)
T30B0 7852:128 JLINK_IsHalted()  returns TRUE (0000ms, 38996ms total)
T23F0 7852:211 JLINK_ReadMem (0x400E0C08, 0x0004 Bytes, ...) -- CPU_ReadMem(4 bytes @ 0x400E0C08) - Data: 00 00 00 00  returns 0x00 (0001ms, 38997ms total)
T30B0 7852:328 JLINK_IsHalted()  returns TRUE (0001ms, 38998ms total)
T30B0 7852:529 JLINK_IsHalted()  returns TRUE (0001ms, 38998ms total)
T30B0 7852:730 JLINK_IsHalted()  returns TRUE (0000ms, 38997ms total)
T30B0 7852:930 JLINK_IsHalted()  returns TRUE (0001ms, 38998ms total)
T30B0 7853:131 JLINK_IsHalted()  returns TRUE (0000ms, 38997ms total)
T23F0 7853:212 JLINK_ReadMem (0x400E0C08, 0x0004 Bytes, ...) -- CPU_ReadMem(4 bytes @ 0x400E0C08) - Data: 00 00 00 00  returns 0x00 (0001ms, 38998ms total)
T23F0 7853:213 JLINK_ReadMem (0x400E0A08, 0x0004 Bytes, ...) -- CPU_ReadMem(4 bytes @ 0x400E0A08) - Data: 00 00 00 00  returns 0x00 (0001ms, 38999ms total)
T23F0 7853:215 JLINK_ReadMem (0x400E0A08, 0x0004 Bytes, ...) -- CPU_ReadMem(4 bytes @ 0x400E0A08) - Data: 00 00 00 00  returns 0x00 (0001ms, 39000ms total)
T23F0 7853:220 JLINK_ReadMem (0x400E0A08, 0x0004 Bytes, ...) -- CPU_ReadMem(4 bytes @ 0x400E0A08) - Data: 00 00 00 00  returns 0x00 (0001ms, 39001ms total)
T23F0 7853:237 JLINK_ReadMem (0x400E0A08, 0x0004 Bytes, ...) -- CPU_ReadMem(4 bytes @ 0x400E0A08) - Data: 00 00 00 00  returns 0x00 (0001ms, 39002ms total)
T23F0 7853:302 JLINK_ReadMem (0x400E0A08, 0x0004 Bytes, ...) -- CPU_ReadMem(4 bytes @ 0x400E0A08) - Data: 00 00 00 00  returns 0x00 (0001ms, 39003ms total)
T30B0 7853:331 JLINK_IsHalted()  returns TRUE (0000ms, 39003ms total)
T30B0 7853:531 JLINK_IsHalted()  returns TRUE (0002ms, 39005ms total)
T23F0 7853:559 JLINK_ReadMem (0x400E0A08, 0x0004 Bytes, ...) -- CPU_ReadMem(4 bytes @ 0x400E0A08) - Data: 00 00 00 00  returns 0x00 (0001ms, 39004ms total)
T30B0 7853:733 JLINK_IsHalted()  returns TRUE (0000ms, 39004ms total)
T30B0 7853:933 JLINK_IsHalted()  returns TRUE (0000ms, 39004ms total)
T30B0 7854:133 JLINK_IsHalted()  returns TRUE (0001ms, 39005ms total)
T30B0 7854:334 JLINK_IsHalted()  returns TRUE (0000ms, 39004ms total)
T30B0 7854:534 JLINK_IsHalted()  returns TRUE (0001ms, 39005ms total)
T23F0 7854:560 JLINK_ReadMem (0x400E0A08, 0x0004 Bytes, ...) -- CPU_ReadMem(4 bytes @ 0x400E0A08) - Data: 01 00 00 00  returns 0x00 (0001ms, 39005ms total)
T23F0 7854:561 JLINK_ReadMem (0x400E0C08, 0x0004 Bytes, ...) -- CPU_ReadMem(4 bytes @ 0x400E0C08) - Data: 00 00 00 00  returns 0x00 (0002ms, 39007ms total)
T23F0 7854:564 JLINK_ReadMem (0x400E0C08, 0x0004 Bytes, ...) -- CPU_ReadMem(4 bytes @ 0x400E0C08) - Data: 00 00 00 00  returns 0x00 (0001ms, 39008ms total)
T23F0 7854:569 JLINK_ReadMem (0x400E0C08, 0x0004 Bytes, ...) -- CPU_ReadMem(4 bytes @ 0x400E0C08) - Data: 00 00 00 00  returns 0x00 (0001ms, 39009ms total)
T23F0 7854:586 JLINK_ReadMem (0x400E0C08, 0x0004 Bytes, ...) -- CPU_ReadMem(4 bytes @ 0x400E0C08) - Data: 00 00 00 00  returns 0x00 (0001ms, 39010ms total)
T23F0 7854:651 JLINK_ReadMem (0x400E0C08, 0x0004 Bytes, ...) -- CPU_ReadMem(4 bytes @ 0x400E0C08) - Data: 01 00 00 00  returns 0x00 (0001ms, 39011ms total)
T30B0 7854:735 JLINK_IsHalted()  returns TRUE (0001ms, 39012ms total)
T23F0 7854:736 JLINK_ResetPullsRESET(ON) (0000ms, 39011ms total)
T23F0 7854:736 JLINK_ResetNoHalt() >0x2F8 JTAG>TotalIRLen = 4, IRPrint = 0x01 >0x30 JTAG> >0x210 JTAG> >0x70 JTAG> >0x40 JTAG> >0x40 JTAG> >0x40 JTAG> >0x48 JTAG> >0x78 JTAG> >0x40 JTAG> >0x30 JTAG> >0x40 JTAG> >0x40 JTAG> >0x30 JTAG> >0x40 JTAG> >0x48 JTAG>Found Cortex-M4 r0p1, Little endian. -- CPU_WriteMem(4 bytes @ 0xE0002000) -- CPU_ReadMem(4 bytes @ 0xE000EDF0) -- CPU_ReadMem(4 bytes @ 0xE0002000)FPUnit: 6 code (BP) slots and 2 literal slots -- CPU_ReadMem(4 bytes @ 0xE000EDFC)
 -- CPU_ReadMem(4 bytes @ 0xE0001000) -- CPU_ReadMem(4 bytes @ 0xE000ED88) -- CPU_WriteMem(4 bytes @ 0xE000ED88) -- CPU_ReadMem(4 bytes @ 0xE000ED88) -- CPU_WriteMem(4 bytes @ 0xE000ED88)CoreSight components:ROMTbl 0 @ E00FF000 -- CPU_ReadMem(16 bytes @ 0xE00FF000) -- CPU_ReadMem(16 bytes @ 0xE000EFF0) -- CPU_ReadMem(16 bytes @ 0xE000EFE0)ROMTbl 0 [0]: FFF0F000, CID: B105E00D, PID: 000BB000 SCS -- CPU_WriteMem(4 bytes @ 0xE0001000) -- CPU_ReadMem(16 bytes @ 0xE0001FF0)
 -- CPU_ReadMem(16 bytes @ 0xE0001FE0)ROMTbl 0 [1]: FFF02000, CID: B105E00D, PID: 003BB002 DWT -- CPU_ReadMem(16 bytes @ 0xE0002FF0) -- CPU_ReadMem(16 bytes @ 0xE0002FE0)ROMTbl 0 [2]: FFF03000, CID: B105E00D, PID: 002BB003 FPB -- CPU_ReadMem(16 bytes @ 0xE0000FF0) -- CPU_ReadMem(16 bytes @ 0xE0000FE0)ROMTbl 0 [3]: FFF01000, CID: B105E00D, PID: 003BB001 ITM -- CPU_ReadMem(16 bytes @ 0xE00FF010) -- CPU_ReadMem(16 bytes @ 0xE0040FF0) -- CPU_ReadMem(16 bytes @ 0xE0040FE0)
ROMTbl 0 [4]: FFF41000, CID: B105900D, PID: 000BB9A1 TPIU
                JLINK_Reset() -- CPU_ReadMem(16 bytes @ 0x20000000) -- CPU_WriteMem(16 bytes @ 0x20000000) -- CPU_ReadMem(4 bytes @ 0xE000EDFC) -- CPU_WriteMem(4 bytes @ 0xE000EDFC) -- CPU_ReadMem(4 bytes @ 0xE0001000) -- CPU_WriteMem(4 bytes @ 0xE0001004) -- CPU_WriteMem(4 bytes @ 0xE000EDFC) -- CPU_WriteMem(16 bytes @ 0x20000000) -- CPU_WriteMem(4 bytes @ 0xE0002000) -- CPU_ReadMem(4 bytes @ 0xE000EDFC) -- CPU_ReadMem(4 bytes @ 0xE0001000) (0039ms, 0039ms total)
                JLINK_Go() -- CPU_ReadMem(4 bytes @ 0xE0001000) -- CPU_WriteMem(4 bytes @ 0xE0001004) (0003ms, 0042ms total)
               (0087ms, 39098ms total)
T23F0 7854:823 JLINK_ExecCommand("ProjectFile = T:\11012986\Entregas\20 - UART\20-UART\jlink.config", ...)  returns 0x00 (0000ms, 39098ms total)
T23F0 7854:829 JLINK_ExecCommand("Device = AT91SAM4SD32C", ...)Device "ATSAM4SD32C" selected.  returns 0x00 (0001ms, 39099ms total)
T23F0 7854:830 JLINK_TIF_Select(JLINKARM_TIF_JTAG)  returns 0x00 (0000ms, 39099ms total)
T23F0 7854:830 JLINK_GetIdData(...) ScanLen=4 NumDevices=1 aId[0]=0x4BA00477 aIrRead[0]=0 aScanLen[0]=0 aScanRead[0]=0 (0000ms, 39099ms total)
T23F0 7854:830 JLINK_ConfigJTAG(IRPre = 0, DRPre = 0) (0000ms, 39099ms total)
T23F0 7854:830 JLINK_SetSpeed(4000) (0000ms, 39099ms total)
T23F0 7854:830 JLINK_ResetPullsRESET(OFF) (0000ms, 39099ms total)
T23F0 7854:830 JLINK_Connect() >0x2F8 JTAG>TotalIRLen = 4, IRPrint = 0x01 >0x30 JTAG> >0x210 JTAG> >0x70 JTAG> >0x40 JTAG> >0x40 JTAG> >0x40 JTAG> >0x48 JTAG> >0x78 JTAG> >0x40 JTAG> >0x30 JTAG> >0x40 JTAG> >0x40 JTAG> >0x30 JTAG> >0x40 JTAG> >0x48 JTAG>Found Cortex-M4 r0p1, Little endian. -- CPU_WriteMem(4 bytes @ 0xE0002000) -- CPU_ReadMem(4 bytes @ 0xE000EDF0) -- CPU_ReadMem(4 bytes @ 0xE0002000)FPUnit: 6 code (BP) slots and 2 literal slots -- CPU_ReadMem(4 bytes @ 0xE000EDFC)
 -- CPU_ReadMem(4 bytes @ 0xE0001000) -- CPU_WriteMem(4 bytes @ 0xE0001000) -- CPU_ReadMem(4 bytes @ 0xE000ED88) -- CPU_WriteMem(4 bytes @ 0xE000ED88) -- CPU_ReadMem(4 bytes @ 0xE000ED88) -- CPU_WriteMem(4 bytes @ 0xE000ED88)CoreSight components:ROMTbl 0 @ E00FF000 -- CPU_ReadMem(16 bytes @ 0xE00FF000) -- CPU_ReadMem(16 bytes @ 0xE000EFF0) -- CPU_ReadMem(16 bytes @ 0xE000EFE0)ROMTbl 0 [0]: FFF0F000, CID: B105E00D, PID: 000BB000 SCS -- CPU_ReadMem(16 bytes @ 0xE0001FF0)
 -- CPU_ReadMem(16 bytes @ 0xE0001FE0)ROMTbl 0 [1]: FFF02000, CID: B105E00D, PID: 003BB002 DWT -- CPU_ReadMem(16 bytes @ 0xE0002FF0) -- CPU_ReadMem(16 bytes @ 0xE0002FE0)ROMTbl 0 [2]: FFF03000, CID: B105E00D, PID: 002BB003 FPB -- CPU_ReadMem(16 bytes @ 0xE0000FF0) -- CPU_ReadMem(16 bytes @ 0xE0000FE0)ROMTbl 0 [3]: FFF01000, CID: B105E00D, PID: 003BB001 ITM -- CPU_ReadMem(16 bytes @ 0xE00FF010) -- CPU_ReadMem(16 bytes @ 0xE0040FF0) -- CPU_ReadMem(16 bytes @ 0xE0040FE0)
ROMTbl 0 [4]: FFF41000, CID: B105900D, PID: 000BB9A1 TPIU  returns 0x00 (0041ms, 39140ms total)
T23F0 7854:871 JLINK_WriteMem(0xE0001020, 0x0004 Bytes, ...) - Data: 00 00 00 00 -- CPU is running -- CPU_WriteMem(4 bytes @ 0xE0001020)  returns 0x04 (0002ms, 39142ms total)
T23F0 7854:873 JLINK_WriteMem(0xE0001024, 0x0004 Bytes, ...) - Data: 00 00 00 00 -- CPU is running -- CPU_WriteMem(4 bytes @ 0xE0001024)  returns 0x04 (0001ms, 39143ms total)
T23F0 7854:874 JLINK_WriteMem(0xE0001028, 0x0004 Bytes, ...) - Data: 00 00 00 00 -- CPU is running -- CPU_WriteMem(4 bytes @ 0xE0001028)  returns 0x04 (0001ms, 39144ms total)
T23F0 7854:875 JLINK_WriteMem(0xE0001030, 0x0004 Bytes, ...) - Data: 00 00 00 00 -- CPU is running -- CPU_WriteMem(4 bytes @ 0xE0001030)  returns 0x04 (0001ms, 39145ms total)
T23F0 7854:876 JLINK_WriteMem(0xE0001034, 0x0004 Bytes, ...) - Data: 00 00 00 00 -- CPU is running -- CPU_WriteMem(4 bytes @ 0xE0001034)  returns 0x04 (0001ms, 39146ms total)
T23F0 7854:877 JLINK_WriteMem(0xE0001038, 0x0004 Bytes, ...) - Data: 00 00 00 00 -- CPU is running -- CPU_WriteMem(4 bytes @ 0xE0001038)  returns 0x04 (0001ms, 39147ms total)
T23F0 7854:878 JLINK_WriteMem(0xE0001040, 0x0004 Bytes, ...) - Data: 00 00 00 00 -- CPU is running -- CPU_WriteMem(4 bytes @ 0xE0001040)  returns 0x04 (0001ms, 39148ms total)
T23F0 7854:879 JLINK_WriteMem(0xE0001044, 0x0004 Bytes, ...) - Data: 00 00 00 00 -- CPU is running -- CPU_WriteMem(4 bytes @ 0xE0001044)  returns 0x04 (0001ms, 39149ms total)
T23F0 7854:880 JLINK_WriteMem(0xE0001048, 0x0004 Bytes, ...) - Data: 00 00 00 00 -- CPU is running -- CPU_WriteMem(4 bytes @ 0xE0001048)  returns 0x04 (0001ms, 39150ms total)
T23F0 7854:881 JLINK_WriteMem(0xE0001050, 0x0004 Bytes, ...) - Data: 00 00 00 00 -- CPU is running -- CPU_WriteMem(4 bytes @ 0xE0001050)  returns 0x04 (0001ms, 39151ms total)
T23F0 7854:882 JLINK_WriteMem(0xE0001054, 0x0004 Bytes, ...) - Data: 00 00 00 00 -- CPU is running -- CPU_WriteMem(4 bytes @ 0xE0001054)  returns 0x04 (0001ms, 39152ms total)
T23F0 7854:883 JLINK_WriteMem(0xE0001058, 0x0004 Bytes, ...) - Data: 00 00 00 00 -- CPU is running -- CPU_WriteMem(4 bytes @ 0xE0001058)  returns 0x04 (0001ms, 39153ms total)
T23F0 7854:884 JLINK_Halt()  returns 0x00 (0003ms, 39156ms total)
T23F0 7854:887 JLINK_WriteMem(0x400E0A04, 0x0004 Bytes, ...) - Data: 0B 01 00 5A -- CPU_WriteMem(4 bytes @ 0x400E0A04)  returns 0x04 (0001ms, 39157ms total)
T23F0 7854:888 JLINK_ReadMem (0x400E0A08, 0x0004 Bytes, ...) -- CPU_ReadMem(4 bytes @ 0x400E0A08) - Data: 01 00 00 00  returns 0x00 (0001ms, 39158ms total)
T23F0 7854:889 JLINK_WriteMem(0x400E0A04, 0x0004 Bytes, ...) - Data: 0C 02 00 5A -- CPU_WriteMem(4 bytes @ 0x400E0A04)  returns 0x04 (0001ms, 39159ms total)
T23F0 7854:890 JLINK_ReadMem (0x400E0A08, 0x0004 Bytes, ...) -- CPU_ReadMem(4 bytes @ 0x400E0A08) - Data: 01 00 00 00  returns 0x00 (0001ms, 39160ms total)
T23F0 7854:891 JLINK_Reset() -- CPU_ReadMem(16 bytes @ 0x20000000) -- CPU_WriteMem(16 bytes @ 0x20000000) -- CPU_ReadMem(4 bytes @ 0xE000EDFC) -- CPU_WriteMem(4 bytes @ 0xE000EDFC) -- CPU_ReadMem(4 bytes @ 0xE0001000) -- CPU_WriteMem(4 bytes @ 0xE000EDFC) -- CPU_WriteMem(16 bytes @ 0x20000000) -- CPU_WriteMem(4 bytes @ 0xE0002000) -- CPU_ReadMem(4 bytes @ 0xE000EDFC) -- CPU_ReadMem(4 bytes @ 0xE0001000) (0029ms, 39189ms total)
T23F0 7854:921 JLINK_JTAG_GetDeviceID(DeviceIndex = 0)  returns 0x4BA00477 (0000ms, 39189ms total)
T23F0 7854:921 JLINK_ReadMemU32(0x400E0740, 0x0001 Items, ...) -- CPU_ReadMem(4 bytes @ 0x400E0740) - Data: E0 0E A7 29  returns 0x01 (0001ms, 39190ms total)
T23F0 7854:922 JLINK_ReadMemU32(0x400E0744, 0x0001 Items, ...) -- CPU_ReadMem(4 bytes @ 0x400E0744) - Data: 00 00 00 00  returns 0x01 (0001ms, 39191ms total)
T23F0 7854:924 JLINK_BeginDownload(Flags = 0x00) (0000ms, 39191ms total)
T23F0 7854:924 JLINK_WriteMem(0x00400000, 0x4000 Bytes, ...) - Data: 48 39 00 20 45 08 40 00 41 08 40 00 41 08 40 00 ...  returns 0x4000 (0001ms, 39192ms total)
T23F0 7854:925 JLINK_WriteMem(0x00404000, 0x0958 Bytes, ...) - Data: 08 46 11 46 1A 46 25 60 FC F7 DE F8 43 1C 00 D0 ...  returns 0x958 (0000ms, 39192ms total)
T23F0 7854:925 JLINK_WriteMem(0x00404958, 0x0008 Bytes, ...) - Data: 44 F9 FF 7F 01 00 00 00  returns 0x08 (0000ms, 39192ms total)
T23F0 7854:925 JLINK_WriteMem(0x00404960, 0x086C Bytes, ...) - Data: 00 09 3D 00 00 00 00 00 00 00 00 00 F4 02 00 20 ...  returns 0x86C (0000ms, 39192ms total)
T2050 7854:933 JLINK_IsHalted()  returns TRUE (0000ms, 39192ms total)
T2050 7854:933 JLINK_GetMOEs(...) -- CPU_ReadMem(4 bytes @ 0xE000ED30) -- CPU_WriteMem(4 bytes @ 0xE000ED30)  returns 0x01 (0003ms, 39195ms total)
T2050 7854:936 JLINK_ReadReg(R15 (PC)) -- -------------------------------------- -- Start of determining dirty areas in flash cache -- End of determining dirty areas -- Start of preparing flash programming -- Calculating RAM usage -- RAM usage = 3908 Bytes -- Preserving registers -- Preparing memory -- Determining CPU clock frequency -- CPU clock frequency: 4149 kHz -- CPU frequency = 4149 kHz -- Preparing target -- Downloading RAMCode -- Using alternate TurboMode RAMCode -- Checking target RAM
 -- Preparing RAMCode -- End of preparing flash programmingCPU is running at low speed (4149 kHz). -- CPU is running at 4149 kHz. -- Start of comparing flash -- Read back was estimated as fastest method -- Comparing range 0x400000 - 0x403FFF (32 Sectors, 16 KB), using multi-block CRC calculation -- CPU is running -- CPU_ReadMem(512 bytes @ 0x00400000) -- CPU is running -- CPU_ReadMem(512 bytes @ 0x00400200) -- CPU is running -- CPU_ReadMem(512 bytes @ 0x00400400) -- CPU is running
 -- CPU_ReadMem(512 bytes @ 0x00400600) -- CPU is running -- CPU_ReadMem(512 bytes @ 0x00400800) -- CPU is running -- CPU_ReadMem(512 bytes @ 0x00400A00) -- CPU is running -- CPU_ReadMem(512 bytes @ 0x00400C00) -- CPU is running -- CPU_ReadMem(512 bytes @ 0x00400E00) -- CPU is running -- CPU_ReadMem(512 bytes @ 0x00401000) -- CPU is running -- CPU_ReadMem(512 bytes @ 0x00401200) -- CPU is running -- CPU_ReadMem(512 bytes @ 0x00401400) -- CPU is running -- CPU_ReadMem(512 bytes @ 0x00401600)
 -- CPU is running -- CPU_ReadMem(512 bytes @ 0x00401800) -- CPU is running -- CPU_ReadMem(512 bytes @ 0x00401A00) -- CPU is running -- CPU_ReadMem(512 bytes @ 0x00401C00) -- CPU is running -- CPU_ReadMem(512 bytes @ 0x00401E00) -- CPU is running -- CPU_ReadMem(512 bytes @ 0x00402000) -- CPU is running -- CPU_ReadMem(512 bytes @ 0x00402200) -- CPU is running -- CPU_ReadMem(512 bytes @ 0x00402400) -- CPU is running -- CPU_ReadMem(512 bytes @ 0x00402600) -- CPU is running
 -- CPU_ReadMem(512 bytes @ 0x00402800) -- CPU is running -- CPU_ReadMem(512 bytes @ 0x00402A00) -- CPU is running -- CPU_ReadMem(512 bytes @ 0x00402C00) -- CPU is running -- CPU_ReadMem(512 bytes @ 0x00402E00) -- CPU is running -- CPU_ReadMem(512 bytes @ 0x00403000) -- CPU is running -- CPU_ReadMem(512 bytes @ 0x00403200) -- CPU is running -- CPU_ReadMem(512 bytes @ 0x00403400) -- CPU is running -- CPU_ReadMem(512 bytes @ 0x00403600) -- CPU is running -- CPU_ReadMem(512 bytes @ 0x00403800)
 -- CPU is running -- CPU_ReadMem(512 bytes @ 0x00403A00) -- CPU is running -- CPU_ReadMem(512 bytes @ 0x00403C00) -- CPU is running -- CPU_ReadMem(512 bytes @ 0x00403E00) -- CRC does not match for sectors 0-31 -- Comparing range 0x404000 - 0x405FFF (2 Sectors, 8 KB), using multi-block CRC calculation -- CPU is running -- CPU_ReadMem(4096 bytes @ 0x00404000) -- CPU is running -- CPU_ReadMem(4096 bytes @ 0x00405000) -- CRC does not match for sectors 0-1 -- End of comparing flash
 -- Start of erasing sectors -- End of erasing sectors -- Start of flash programming -- Programming range 0x00400000 - 0x00403FFF (032 Sectors, 16 KB) -- Programming range 0x00404000 - 0x00405FFF (002 Sectors, 8 KB) -- End of flash programming -- Flash programming performed for 2 ranges (24576 bytes) -- 0x400000 - 0x403FFF (032 Sectors, 16 KB) -- 0x404000 - 0x405FFF (002 Sectors, 8 KB) -- Start of verifying flash -- Checksum calculation was estimated as fastest method
 -- Checksum calculation was estimated as fastest method -- End of verifying flash -- Start of restoring -- Restore RAMCode -- Restore content of target memory -- Restore target -- Restore memory -- Restore content of registers -- End of restoring -- Total time needed: 0.538s (Prepare: 0.092s, Compare: 0.186s, Erase: 0.000s, Program: 0.235s, Verify: 0.017s, Restore: 0.006s)  returns 0xFFFFFFFE (0541ms, 39736ms total)
T3248 7855:543 JLINK_Halt()  returns 0x00 (0002ms, 39738ms total)
T3248 7855:545 JLINK_ReadReg(R15 (PC))  returns 0xFFFFFFFE (0000ms, 39738ms total)
T3248 7855:545 JLINK_ReadReg(R13 (SP))  returns 0xFFFFFFFC (0000ms, 39738ms total)
T3248 7855:661 JLINK_ReadReg(R0)  returns 0x400E1400 (0000ms, 39738ms total)
T3248 7855:661 JLINK_ReadReg(R1)  returns 0x40C00000 (0000ms, 39738ms total)
T3248 7855:661 JLINK_ReadReg(R2)  returns 0xA5000005 (0000ms, 39738ms total)
T3248 7855:661 JLINK_ReadReg(R3)  returns 0x40001A1A (0000ms, 39738ms total)
T3248 7855:661 JLINK_ReadReg(R4)  returns 0x00400801 (0000ms, 39738ms total)
T3248 7855:661 JLINK_ReadReg(R5)  returns 0x400E0600 (0000ms, 39738ms total)
T3248 7855:661 JLINK_ReadReg(R6)  returns 0x400E0E00 (0000ms, 39738ms total)
T3248 7855:661 JLINK_ReadReg(R7)  returns 0x40010000 (0000ms, 39738ms total)
T3248 7855:661 JLINK_ReadReg(R8)  returns 0x66666666 (0000ms, 39738ms total)
T3248 7855:661 JLINK_ReadReg(R9)  returns 0x3FF66666 (0000ms, 39738ms total)
T3248 7855:661 JLINK_ReadReg(R10)  returns 0x400E0E00 (0000ms, 39738ms total)
T3248 7855:661 JLINK_ReadReg(R11)  returns 0x400E1200 (0000ms, 39738ms total)
T3248 7855:661 JLINK_ReadReg(R12)  returns 0x01010101 (0000ms, 39738ms total)
T3248 7855:661 JLINK_ReadReg(R13 (SP))  returns 0xFFFFFFFC (0000ms, 39738ms total)
T3248 7855:661 JLINK_ReadReg(R14)  returns 0xFFFFFFFF (0000ms, 39738ms total)
T3248 7855:661 JLINK_ReadReg(R15 (PC))  returns 0xFFFFFFFE (0000ms, 39738ms total)
T3248 7855:661 JLINK_ReadReg(XPSR)  returns 0x01000000 (0000ms, 39738ms total)
T3248 7855:661 JLINK_ReadReg(MSP)  returns 0xFFFFFFFC (0000ms, 39738ms total)
T3248 7855:661 JLINK_ReadReg(PSP)  returns 0x9A502D5C (0000ms, 39738ms total)
T3248 7855:661 JLINK_ReadReg(PRIMASK)  returns 0x00000000 (0000ms, 39738ms total)
T3248 7855:661 JLINK_ReadReg(BASEPRI)  returns 0x00000000 (0000ms, 39738ms total)
T3248 7855:661 JLINK_ReadReg(FAULTMASK)  returns 0x00000000 (0000ms, 39738ms total)
T3248 7855:661 JLINK_ReadReg(CONTROL)  returns 0x00000000 (0000ms, 39738ms total)
T3248 7855:671 JLINK_EndDownload()  returns 0x00 (0000ms, 39738ms total)
T3248 7855:671 JLINK_Reset() -- CPU_ReadMem(16 bytes @ 0x20000000) -- CPU_WriteMem(16 bytes @ 0x20000000) -- CPU_ReadMem(4 bytes @ 0xE000EDFC) -- CPU_WriteMem(4 bytes @ 0xE000EDFC) -- CPU_ReadMem(4 bytes @ 0xE0001000) -- CPU_WriteMem(4 bytes @ 0xE000EDFC) -- CPU_WriteMem(16 bytes @ 0x20000000) -- CPU_WriteMem(4 bytes @ 0xE0002000) -- CPU_ReadMem(4 bytes @ 0xE000EDFC) -- CPU_ReadMem(4 bytes @ 0xE0001000) (0030ms, 39768ms total)
T2050 7855:701 JLINK_IsHalted()  returns TRUE (0000ms, 39768ms total)
T2050 7855:701 JLINK_GetMOEs(...) -- CPU_ReadMem(4 bytes @ 0xE000ED30) -- CPU_WriteMem(4 bytes @ 0xE000ED30)  returns 0x01 (0002ms, 39770ms total)
T2050 7855:703 JLINK_ReadReg(R15 (PC))  returns 0x00400844 (0000ms, 39770ms total)
T3248 7855:711 JLINK_ReadReg(R15 (PC))  returns 0x00400844 (0000ms, 39770ms total)
T3248 7855:711 JLINK_ReadReg(R13 (SP))  returns 0x20003948 (0000ms, 39770ms total)
T3248 7855:775 JLINK_ReadMemHW(0x00400844, 0x0004 Bytes, ...) -- CPU_ReadMem(4 bytes @ 0x00400844) - Data: 08 B5 20 4B  returns 0x00 (0001ms, 39771ms total)
T3248 7855:808 JLINK_ReadMemHW(0x00400D20, 0x0001 Bytes, ...) -- CPU_ReadMem(1 bytes @ 0x00400D20) - Data: 2D  returns 0x00 (0001ms, 39772ms total)
T3248 7855:849 JLINK_ReadReg(R15 (PC))  returns 0x00400844 (0000ms, 39772ms total)
T3248 7855:849 JLINK_GetNumBPUnits(Type = 0xFFFFFF02)  returns 0x06 (0000ms, 39772ms total)
T3248 7855:849 JLINK_SetBPEx(Addr = 0x00400D20, Type = 0xFFFFFF02)  returns 0x00000001 (0000ms, 39772ms total)
T3248 7855:849 JLINK_GetBPInfo(BPHandle = 1)  returns 0x00 (0000ms, 39772ms total)
T3248 7855:849 JLINK_Go() -- CPU_ReadMem(4 bytes @ 0xE0001000) -- CPU_WriteMem(4 bytes @ 0xE0002008) -- CPU_WriteMem(4 bytes @ 0xE000200C) -- CPU_WriteMem(4 bytes @ 0xE0002010) -- CPU_WriteMem(4 bytes @ 0xE0002014) -- CPU_WriteMem(4 bytes @ 0xE0002018) -- CPU_WriteMem(4 bytes @ 0xE000201C) -- CPU_WriteMem(4 bytes @ 0xE0001004) (0009ms, 39781ms total)
T2050 7855:858 JLINK_IsHalted()  returns TRUE (0004ms, 39785ms total)
T2050 7855:862 JLINK_GetMOEs(...) -- CPU_ReadMem(4 bytes @ 0xE000ED30) -- CPU_WriteMem(4 bytes @ 0xE000ED30)  returns 0x01 (0002ms, 39783ms total)
T2050 7855:864 JLINK_ReadReg(R15 (PC))  returns 0x00400D20 (0000ms, 39783ms total)
T2050 7855:864 JLINK_GetBPInfo(BPHandle = 1)  returns 0x00 (0000ms, 39783ms total)
T2050 7855:864 JLINK_ClrBPEx(BPHandle = 0x00000001)  returns 0x00 (0000ms, 39783ms total)
T3248 7855:868 JLINK_ReadReg(R15 (PC))  returns 0x00400D20 (0000ms, 39783ms total)
T3248 7855:868 JLINK_ReadReg(R13 (SP))  returns 0x20003940 (0000ms, 39783ms total)
T3248 7855:868 JLINK_ReadMemHW(0x00400D20, 0x0004 Bytes, ...) -- CPU_ReadMem(4 bytes @ 0x00400D20) - Data: 2D E9 F0 4F  returns 0x00 (0001ms, 39784ms total)
T3248 7855:909 JLINK_ReadReg(R15 (PC))  returns 0x00400D20 (0000ms, 39784ms total)
T3248 7855:909 JLINK_Go() -- CPU_ReadMem(4 bytes @ 0xE0001000) -- CPU_WriteMem(4 bytes @ 0xE0002008) (0003ms, 39787ms total)
T2050 7855:912 JLINK_IsHalted()  returns FALSE (0001ms, 39788ms total)
T2050 7855:953 JLINK_IsHalted()  returns FALSE (0001ms, 39788ms total)
T2050 7856:114 JLINK_IsHalted()  returns FALSE (0001ms, 39788ms total)
T2050 7856:755 JLINK_IsHalted()  returns FALSE (0002ms, 39789ms total)
T2050 7857:397 JLINK_IsHalted()  returns FALSE (0001ms, 39788ms total)
T2050 7858:038 JLINK_IsHalted()  returns FALSE (0002ms, 39789ms total)
T2050 7858:680 JLINK_IsHalted()  returns FALSE (0001ms, 39788ms total)
T2050 7859:321 JLINK_IsHalted()  returns FALSE (0002ms, 39789ms total)
T2050 7859:963 JLINK_IsHalted()  returns FALSE (0001ms, 39788ms total)
T2050 7860:604 JLINK_IsHalted()  returns FALSE (0002ms, 39789ms total)
T2050 7861:247 JLINK_IsHalted()  returns FALSE (0001ms, 39788ms total)
T2050 7861:888 JLINK_IsHalted()  returns FALSE (0002ms, 39789ms total)
T2050 7862:530 JLINK_IsHalted()  returns FALSE (0001ms, 39788ms total)
T2050 7863:171 JLINK_IsHalted()  returns FALSE (0002ms, 39789ms total)
T2050 7863:813 JLINK_IsHalted()  returns FALSE (0001ms, 39788ms total)
T2050 7864:454 JLINK_IsHalted()  returns FALSE (0002ms, 39789ms total)
T2050 7865:096 JLINK_IsHalted()  returns FALSE (0001ms, 39788ms total)
T2050 7865:737 JLINK_IsHalted()  returns FALSE (0002ms, 39789ms total)
T2050 7866:379 JLINK_IsHalted()  returns FALSE (0001ms, 39788ms total)
T2050 7867:020 JLINK_IsHalted()  returns FALSE (0002ms, 39789ms total)
T2050 7867:662 JLINK_IsHalted()  returns FALSE (0001ms, 39788ms total)
T2050 7868:303 JLINK_IsHalted()  returns FALSE (0002ms, 39789ms total)
T2050 7868:945 JLINK_IsHalted()  returns FALSE (0001ms, 39788ms total)
T2050 7869:586 JLINK_IsHalted()  returns FALSE (0002ms, 39789ms total)
T2050 7870:228 JLINK_IsHalted()  returns FALSE (0001ms, 39788ms total)
T2050 7870:869 JLINK_IsHalted()  returns FALSE (0002ms, 39789ms total)
T2050 7871:511 JLINK_IsHalted()  returns FALSE (0001ms, 39788ms total)
T2050 7872:152 JLINK_IsHalted()  returns FALSE (0002ms, 39789ms total)
T2050 7872:794 JLINK_IsHalted()  returns FALSE (0001ms, 39788ms total)
T2050 7873:435 JLINK_IsHalted()  returns FALSE (0002ms, 39789ms total)
T2050 7874:077 JLINK_IsHalted()  returns FALSE (0001ms, 39788ms total)
T2050 7874:718 JLINK_IsHalted()  returns FALSE (0002ms, 39789ms total)
T2050 7875:360 JLINK_IsHalted()  returns FALSE (0001ms, 39788ms total)
T2050 7876:001 JLINK_IsHalted()  returns FALSE (0002ms, 39789ms total)
T2050 7876:643 JLINK_IsHalted()  returns FALSE (0001ms, 39788ms total)
T2050 7877:284 JLINK_IsHalted()  returns FALSE (0002ms, 39789ms total)
T2050 7877:926 JLINK_IsHalted()  returns FALSE (0001ms, 39788ms total)
T2050 7878:568 JLINK_IsHalted()  returns FALSE (0002ms, 39789ms total)
T2050 7879:210 JLINK_IsHalted()  returns FALSE (0001ms, 39788ms total)
T2050 7879:851 JLINK_IsHalted()  returns FALSE (0002ms, 39789ms total)
T2050 7880:493 JLINK_IsHalted()  returns FALSE (0001ms, 39788ms total)
T2050 7881:134 JLINK_IsHalted()  returns FALSE (0002ms, 39789ms total)
T2050 7881:776 JLINK_IsHalted()  returns FALSE (0001ms, 39788ms total)
T2050 7882:417 JLINK_IsHalted()  returns FALSE (0002ms, 39789ms total)
T2050 7883:059 JLINK_IsHalted()  returns FALSE (0001ms, 39788ms total)
T3248 7883:121 JLINK_Halt()  returns 0x00 (0003ms, 39790ms total)
T2050 7883:700 JLINK_IsHalted()  returns TRUE (0002ms, 39792ms total)
T2050 7883:702 JLINK_GetMOEs(...) -- CPU_ReadMem(4 bytes @ 0xE000ED30) -- CPU_WriteMem(4 bytes @ 0xE000ED30)  returns 0x01 (0002ms, 39792ms total)
T2050 7883:704 JLINK_ReadReg(R15 (PC))  returns 0x00400DF8 (0000ms, 39792ms total)
T23F0 7883:704 JLINK_ResetPullsRESET(ON) (0000ms, 39792ms total)
T23F0 7883:704 JLINK_ResetNoHalt() >0x2F8 JTAG>TotalIRLen = 4, IRPrint = 0x01 >0x30 JTAG> >0x210 JTAG> >0x70 JTAG> >0x40 JTAG> >0x40 JTAG> >0x40 JTAG> >0x48 JTAG> >0x78 JTAG> >0x40 JTAG> >0x30 JTAG> >0x40 JTAG> >0x40 JTAG> >0x30 JTAG> >0x40 JTAG> >0x48 JTAG>Found Cortex-M4 r0p1, Little endian. -- CPU_WriteMem(4 bytes @ 0xE0002000) -- CPU_ReadMem(4 bytes @ 0xE000EDF0) -- CPU_ReadMem(4 bytes @ 0xE0002000)FPUnit: 6 code (BP) slots and 2 literal slots -- CPU_ReadMem(4 bytes @ 0xE000EDFC)
 -- CPU_ReadMem(4 bytes @ 0xE0001000) -- CPU_ReadMem(4 bytes @ 0xE000ED88) -- CPU_WriteMem(4 bytes @ 0xE000ED88) -- CPU_ReadMem(4 bytes @ 0xE000ED88) -- CPU_WriteMem(4 bytes @ 0xE000ED88)CoreSight components:ROMTbl 0 @ E00FF000 -- CPU_ReadMem(16 bytes @ 0xE00FF000) -- CPU_ReadMem(16 bytes @ 0xE000EFF0) -- CPU_ReadMem(16 bytes @ 0xE000EFE0)ROMTbl 0 [0]: FFF0F000, CID: B105E00D, PID: 000BB000 SCS -- CPU_WriteMem(4 bytes @ 0xE0001000) -- CPU_ReadMem(16 bytes @ 0xE0001FF0)
 -- CPU_ReadMem(16 bytes @ 0xE0001FE0)ROMTbl 0 [1]: FFF02000, CID: B105E00D, PID: 003BB002 DWT -- CPU_ReadMem(16 bytes @ 0xE0002FF0) -- CPU_ReadMem(16 bytes @ 0xE0002FE0)ROMTbl 0 [2]: FFF03000, CID: B105E00D, PID: 002BB003 FPB -- CPU_ReadMem(16 bytes @ 0xE0000FF0) -- CPU_ReadMem(16 bytes @ 0xE0000FE0)ROMTbl 0 [3]: FFF01000, CID: B105E00D, PID: 003BB001 ITM -- CPU_ReadMem(16 bytes @ 0xE00FF010) -- CPU_ReadMem(16 bytes @ 0xE0040FF0) -- CPU_ReadMem(16 bytes @ 0xE0040FE0)
ROMTbl 0 [4]: FFF41000, CID: B105900D, PID: 000BB9A1 TPIU
                JLINK_Reset() -- CPU_ReadMem(16 bytes @ 0x20000000) -- CPU_WriteMem(16 bytes @ 0x20000000) -- CPU_ReadMem(4 bytes @ 0xE000EDFC) -- CPU_WriteMem(4 bytes @ 0xE000EDFC) -- CPU_ReadMem(4 bytes @ 0xE0001000) -- CPU_WriteMem(4 bytes @ 0xE000EDFC) -- CPU_WriteMem(16 bytes @ 0x20000000) -- CPU_WriteMem(4 bytes @ 0xE0002000) -- CPU_ReadMem(4 bytes @ 0xE000EDFC) -- CPU_ReadMem(4 bytes @ 0xE0001000) (0030ms, 0030ms total)
                JLINK_Go() -- CPU_ReadMem(4 bytes @ 0xE0001000) -- CPU_WriteMem(4 bytes @ 0xE0002008) -- CPU_WriteMem(4 bytes @ 0xE000200C) -- CPU_WriteMem(4 bytes @ 0xE0002010) -- CPU_WriteMem(4 bytes @ 0xE0002014) -- CPU_WriteMem(4 bytes @ 0xE0002018) -- CPU_WriteMem(4 bytes @ 0xE000201C) -- CPU_WriteMem(4 bytes @ 0xE0001004) (0009ms, 0039ms total)
               (0080ms, 39872ms total)
T23F0 7883:787 JLINK_Close() -- CPU is running -- CPU_WriteMem(4 bytes @ 0xE0002008) -- CPU is running -- CPU_WriteMem(4 bytes @ 0xE000200C) -- CPU is running -- CPU_WriteMem(4 bytes @ 0xE0002010) -- CPU is running -- CPU_WriteMem(4 bytes @ 0xE0002014) -- CPU is running -- CPU_WriteMem(4 bytes @ 0xE0002018) -- CPU is running -- CPU_WriteMem(4 bytes @ 0xE000201C) >0x78 JTAG> >0x08 JTAG> (0012ms, 39884ms total)
T23F0 7883:787  (0012ms, 39884ms total)
T23F0 7883:787 Closed (0012ms, 39884ms total)
